Symlinking /home/zq/C-programe-practise/Driveless_PNC/Project_3_LQR_ROS1/devel/lib/libros_viz_tools.so
Symlinking /home/zq/C-programe-practise/Driveless_PNC/Project_3_LQR_ROS1/devel/lib/pkgconfig/ros_viz_tools.pc
Symlinking /home/zq/C-programe-practise/Driveless_PNC/Project_3_LQR_ROS1/devel/lib/ros_viz_tools/demo_node
Symlinking /home/zq/C-programe-practise/Driveless_PNC/Project_3_LQR_ROS1/devel/share/ros_viz_tools/cmake/ros_viz_toolsConfig-version.cmake
Symlinking /home/zq/C-programe-practise/Driveless_PNC/Project_3_LQR_ROS1/devel/share/ros_viz_tools/cmake/ros_viz_toolsConfig.cmake
Cleaning: (/home/zq/C-programe-practise/Driveless_PNC/Project_3_LQR ROS1/devel/.private/ros_viz_tools/cmake.lock, /home/zq/C-programe-practise/Driveless_PNC/Project_3_LQR ROS1/devel/./cmake.lock)
Cleaning: (/home/zq/C-programe-practise/Driveless_PNC/Project_3_LQR ROS1/devel/.private/ros_viz_tools/lib/libros_viz_tools.so, /home/zq/C-programe-practise/Driveless_PNC/Project_3_LQR ROS1/devel/lib/libros_viz_tools.so)
Cleaning: (/home/zq/C-programe-practise/Driveless_PNC/Project_3_LQR ROS1/devel/.private/ros_viz_tools/lib/pkgconfig/ros_viz_tools.pc, /home/zq/C-programe-practise/Driveless_PNC/Project_3_LQR ROS1/devel/lib/pkgconfig/ros_viz_tools.pc)
Cleaning: (/home/zq/C-programe-practise/Driveless_PNC/Project_3_LQR ROS1/devel/.private/ros_viz_tools/lib/ros_viz_tools/demo_node, /home/zq/C-programe-practise/Driveless_PNC/Project_3_LQR ROS1/devel/lib/ros_viz_tools/demo_node)
Cleaning: (/home/zq/C-programe-practise/Driveless_PNC/Project_3_LQR ROS1/devel/.private/ros_viz_tools/share/ros_viz_tools/cmake/ros_viz_toolsConfig-version.cmake, /home/zq/C-programe-practise/Driveless_PNC/Project_3_LQR ROS1/devel/share/ros_viz_tools/cmake/ros_viz_toolsConfig-version.cmake)
Cleaning: (/home/zq/C-programe-practise/Driveless_PNC/Project_3_LQR ROS1/devel/.private/ros_viz_tools/share/ros_viz_tools/cmake/ros_viz_toolsConfig.cmake, /home/zq/C-programe-practise/Driveless_PNC/Project_3_LQR ROS1/devel/share/ros_viz_tools/cmake/ros_viz_toolsConfig.cmake)
Unlinking: /home/zq/C-programe-practise/Driveless_PNC/Project_3_LQR ROS1/devel/lib/libros_viz_tools.so
Already unlinked: {}
Unlinking: /home/zq/C-programe-practise/Driveless_PNC/Project_3_LQR ROS1/devel/lib/pkgconfig/ros_viz_tools.pc
Already unlinked: {}
Unlinking: /home/zq/C-programe-practise/Driveless_PNC/Project_3_LQR ROS1/devel/lib/ros_viz_tools/demo_node
Already unlinked: {}
Unlinking: /home/zq/C-programe-practise/Driveless_PNC/Project_3_LQR ROS1/devel/share/ros_viz_tools/cmake/ros_viz_toolsConfig-version.cmake
Already unlinked: {}
Unlinking: /home/zq/C-programe-practise/Driveless_PNC/Project_3_LQR ROS1/devel/share/ros_viz_tools/cmake/ros_viz_toolsConfig.cmake
Already unlinked: {}
