Warning: Cannot symlink from /home/zq/C-programe-practise/Driveless_PNC/Project_1_PID_ROS1/devel/.private/carla_ros_scenario_runner_types/lib/pkgconfig/carla_ros_scenario_runner_types.pc to existing file /home/zq/C-programe-practise/Driveless_PNC/Project_1_PID_ROS1/devel/lib/pkgconfig/carla_ros_scenario_runner_types.pc
Warning: Source hash: 7ce200bb2a27d584cbe363e025f6b2c3
Warning: Dest hash: db88add9ff0b4af24fe77b178db31e1c
Warning: Cannot symlink from /home/zq/C-programe-practise/Driveless_PNC/Project_1_PID_ROS1/devel/.private/carla_ros_scenario_runner_types/share/carla_ros_scenario_runner_types/cmake/carla_ros_scenario_runner_types-msg-paths.cmake to existing file /home/zq/C-programe-practise/Driveless_PNC/Project_1_PID_ROS1/devel/share/carla_ros_scenario_runner_types/cmake/carla_ros_scenario_runner_types-msg-paths.cmake
Warning: Source hash: 4b78b46500d5e7e882dca5201e36f5f9
Warning: Dest hash: 57c3eb62539e6e85fc021fcf4d67eb35
Warning: Cannot symlink from /home/zq/C-programe-practise/Driveless_PNC/Project_1_PID_ROS1/devel/.private/carla_ros_scenario_runner_types/share/carla_ros_scenario_runner_types/cmake/carla_ros_scenario_runner_typesConfig.cmake to existing file /home/zq/C-programe-practise/Driveless_PNC/Project_1_PID_ROS1/devel/share/carla_ros_scenario_runner_types/cmake/carla_ros_scenario_runner_typesConfig.cmake
Warning: Source hash: 22901d14ed3b1aff9555e2fdd64d2997
Warning: Dest hash: a35023a4abab0219ae13e7da4a04c3ff
Warning: Cannot symlink from /home/zq/C-programe-practise/Driveless_PNC/Project_1_PID_ROS1/devel/.private/carla_ros_scenario_runner_types/share/carla_ros_scenario_runner_types/cmake/carla_ros_scenario_runner_types-msg-extras.cmake to existing file /home/zq/C-programe-practise/Driveless_PNC/Project_1_PID_ROS1/devel/share/carla_ros_scenario_runner_types/cmake/carla_ros_scenario_runner_types-msg-extras.cmake
Warning: Source hash: 5a00d8b4c30873e2b49a1efb6b16d671
Warning: Dest hash: d43eeeae3ac871782cca7e4a16e675a9
Cleaning: (/home/zq/C-programe-practise/Driveless_PNC/Lecture_Files/Project1 PID ROS1/Project_1_PID_ROS1/devel/.private/carla_ros_scenario_runner_types/cmake.lock, /home/zq/C-programe-practise/Driveless_PNC/Lecture_Files/Project1 PID ROS1/Project_1_PID_ROS1/devel/./cmake.lock)
Cleaning: (/home/zq/C-programe-practise/Driveless_PNC/Lecture_Files/Project1 PID ROS1/Project_1_PID_ROS1/devel/.private/carla_ros_scenario_runner_types/lib/pkgconfig/carla_ros_scenario_runner_types.pc, /home/zq/C-programe-practise/Driveless_PNC/Lecture_Files/Project1 PID ROS1/Project_1_PID_ROS1/devel/lib/pkgconfig/carla_ros_scenario_runner_types.pc)
Cleaning: (/home/zq/C-programe-practise/Driveless_PNC/Lecture_Files/Project1 PID ROS1/Project_1_PID_ROS1/devel/.private/carla_ros_scenario_runner_types/lib/python3/dist-packages/carla_ros_scenario_runner_types/__init__.py, /home/zq/C-programe-practise/Driveless_PNC/Lecture_Files/Project1 PID ROS1/Project_1_PID_ROS1/devel/lib/python3/dist-packages/carla_ros_scenario_runner_types/__init__.py)
Cleaning: (/home/zq/C-programe-practise/Driveless_PNC/Lecture_Files/Project1 PID ROS1/Project_1_PID_ROS1/devel/.private/carla_ros_scenario_runner_types/lib/python3/dist-packages/carla_ros_scenario_runner_types/srv/__init__.py, /home/zq/C-programe-practise/Driveless_PNC/Lecture_Files/Project1 PID ROS1/Project_1_PID_ROS1/devel/lib/python3/dist-packages/carla_ros_scenario_runner_types/srv/__init__.py)
Cleaning: (/home/zq/C-programe-practise/Driveless_PNC/Lecture_Files/Project1 PID ROS1/Project_1_PID_ROS1/devel/.private/carla_ros_scenario_runner_types/lib/python3/dist-packages/carla_ros_scenario_runner_types/srv/_ExecuteScenario.py, /home/zq/C-programe-practise/Driveless_PNC/Lecture_Files/Project1 PID ROS1/Project_1_PID_ROS1/devel/lib/python3/dist-packages/carla_ros_scenario_runner_types/srv/_ExecuteScenario.py)
Cleaning: (/home/zq/C-programe-practise/Driveless_PNC/Lecture_Files/Project1 PID ROS1/Project_1_PID_ROS1/devel/.private/carla_ros_scenario_runner_types/lib/python3/dist-packages/carla_ros_scenario_runner_types/msg/__init__.py, /home/zq/C-programe-practise/Driveless_PNC/Lecture_Files/Project1 PID ROS1/Project_1_PID_ROS1/devel/lib/python3/dist-packages/carla_ros_scenario_runner_types/msg/__init__.py)
Cleaning: (/home/zq/C-programe-practise/Driveless_PNC/Lecture_Files/Project1 PID ROS1/Project_1_PID_ROS1/devel/.private/carla_ros_scenario_runner_types/lib/python3/dist-packages/carla_ros_scenario_runner_types/msg/_CarlaScenarioList.py, /home/zq/C-programe-practise/Driveless_PNC/Lecture_Files/Project1 PID ROS1/Project_1_PID_ROS1/devel/lib/python3/dist-packages/carla_ros_scenario_runner_types/msg/_CarlaScenarioList.py)
Cleaning: (/home/zq/C-programe-practise/Driveless_PNC/Lecture_Files/Project1 PID ROS1/Project_1_PID_ROS1/devel/.private/carla_ros_scenario_runner_types/lib/python3/dist-packages/carla_ros_scenario_runner_types/msg/_CarlaScenarioRunnerStatus.py, /home/zq/C-programe-practise/Driveless_PNC/Lecture_Files/Project1 PID ROS1/Project_1_PID_ROS1/devel/lib/python3/dist-packages/carla_ros_scenario_runner_types/msg/_CarlaScenarioRunnerStatus.py)
Cleaning: (/home/zq/C-programe-practise/Driveless_PNC/Lecture_Files/Project1 PID ROS1/Project_1_PID_ROS1/devel/.private/carla_ros_scenario_runner_types/lib/python3/dist-packages/carla_ros_scenario_runner_types/msg/_CarlaScenario.py, /home/zq/C-programe-practise/Driveless_PNC/Lecture_Files/Project1 PID ROS1/Project_1_PID_ROS1/devel/lib/python3/dist-packages/carla_ros_scenario_runner_types/msg/_CarlaScenario.py)
Cleaning: (/home/zq/C-programe-practise/Driveless_PNC/Lecture_Files/Project1 PID ROS1/Project_1_PID_ROS1/devel/.private/carla_ros_scenario_runner_types/include/carla_ros_scenario_runner_types/CarlaScenarioRunnerStatus.h, /home/zq/C-programe-practise/Driveless_PNC/Lecture_Files/Project1 PID ROS1/Project_1_PID_ROS1/devel/include/carla_ros_scenario_runner_types/CarlaScenarioRunnerStatus.h)
Cleaning: (/home/zq/C-programe-practise/Driveless_PNC/Lecture_Files/Project1 PID ROS1/Project_1_PID_ROS1/devel/.private/carla_ros_scenario_runner_types/include/carla_ros_scenario_runner_types/ExecuteScenarioResponse.h, /home/zq/C-programe-practise/Driveless_PNC/Lecture_Files/Project1 PID ROS1/Project_1_PID_ROS1/devel/include/carla_ros_scenario_runner_types/ExecuteScenarioResponse.h)
Cleaning: (/home/zq/C-programe-practise/Driveless_PNC/Lecture_Files/Project1 PID ROS1/Project_1_PID_ROS1/devel/.private/carla_ros_scenario_runner_types/include/carla_ros_scenario_runner_types/ExecuteScenario.h, /home/zq/C-programe-practise/Driveless_PNC/Lecture_Files/Project1 PID ROS1/Project_1_PID_ROS1/devel/include/carla_ros_scenario_runner_types/ExecuteScenario.h)
Cleaning: (/home/zq/C-programe-practise/Driveless_PNC/Lecture_Files/Project1 PID ROS1/Project_1_PID_ROS1/devel/.private/carla_ros_scenario_runner_types/include/carla_ros_scenario_runner_types/ExecuteScenarioRequest.h, /home/zq/C-programe-practise/Driveless_PNC/Lecture_Files/Project1 PID ROS1/Project_1_PID_ROS1/devel/include/carla_ros_scenario_runner_types/ExecuteScenarioRequest.h)
Cleaning: (/home/zq/C-programe-practise/Driveless_PNC/Lecture_Files/Project1 PID ROS1/Project_1_PID_ROS1/devel/.private/carla_ros_scenario_runner_types/include/carla_ros_scenario_runner_types/CarlaScenarioList.h, /home/zq/C-programe-practise/Driveless_PNC/Lecture_Files/Project1 PID ROS1/Project_1_PID_ROS1/devel/include/carla_ros_scenario_runner_types/CarlaScenarioList.h)
Cleaning: (/home/zq/C-programe-practise/Driveless_PNC/Lecture_Files/Project1 PID ROS1/Project_1_PID_ROS1/devel/.private/carla_ros_scenario_runner_types/include/carla_ros_scenario_runner_types/CarlaScenario.h, /home/zq/C-programe-practise/Driveless_PNC/Lecture_Files/Project1 PID ROS1/Project_1_PID_ROS1/devel/include/carla_ros_scenario_runner_types/CarlaScenario.h)
Cleaning: (/home/zq/C-programe-practise/Driveless_PNC/Lecture_Files/Project1 PID ROS1/Project_1_PID_ROS1/devel/.private/carla_ros_scenario_runner_types/share/carla_ros_scenario_runner_types/cmake/carla_ros_scenario_runner_types-msg-paths.cmake, /home/zq/C-programe-practise/Driveless_PNC/Lecture_Files/Project1 PID ROS1/Project_1_PID_ROS1/devel/share/carla_ros_scenario_runner_types/cmake/carla_ros_scenario_runner_types-msg-paths.cmake)
Cleaning: (/home/zq/C-programe-practise/Driveless_PNC/Lecture_Files/Project1 PID ROS1/Project_1_PID_ROS1/devel/.private/carla_ros_scenario_runner_types/share/carla_ros_scenario_runner_types/cmake/carla_ros_scenario_runner_typesConfig.cmake, /home/zq/C-programe-practise/Driveless_PNC/Lecture_Files/Project1 PID ROS1/Project_1_PID_ROS1/devel/share/carla_ros_scenario_runner_types/cmake/carla_ros_scenario_runner_typesConfig.cmake)
Cleaning: (/home/zq/C-programe-practise/Driveless_PNC/Lecture_Files/Project1 PID ROS1/Project_1_PID_ROS1/devel/.private/carla_ros_scenario_runner_types/share/carla_ros_scenario_runner_types/cmake/carla_ros_scenario_runner_typesConfig-version.cmake, /home/zq/C-programe-practise/Driveless_PNC/Lecture_Files/Project1 PID ROS1/Project_1_PID_ROS1/devel/share/carla_ros_scenario_runner_types/cmake/carla_ros_scenario_runner_typesConfig-version.cmake)
Cleaning: (/home/zq/C-programe-practise/Driveless_PNC/Lecture_Files/Project1 PID ROS1/Project_1_PID_ROS1/devel/.private/carla_ros_scenario_runner_types/share/carla_ros_scenario_runner_types/cmake/carla_ros_scenario_runner_types-msg-extras.cmake, /home/zq/C-programe-practise/Driveless_PNC/Lecture_Files/Project1 PID ROS1/Project_1_PID_ROS1/devel/share/carla_ros_scenario_runner_types/cmake/carla_ros_scenario_runner_types-msg-extras.cmake)
Cleaning: (/home/zq/C-programe-practise/Driveless_PNC/Lecture_Files/Project1 PID ROS1/Project_1_PID_ROS1/devel/.private/carla_ros_scenario_runner_types/share/common-lisp/ros/carla_ros_scenario_runner_types/srv/_package_ExecuteScenario.lisp, /home/zq/C-programe-practise/Driveless_PNC/Lecture_Files/Project1 PID ROS1/Project_1_PID_ROS1/devel/share/common-lisp/ros/carla_ros_scenario_runner_types/srv/_package_ExecuteScenario.lisp)
Cleaning: (/home/zq/C-programe-practise/Driveless_PNC/Lecture_Files/Project1 PID ROS1/Project_1_PID_ROS1/devel/.private/carla_ros_scenario_runner_types/share/common-lisp/ros/carla_ros_scenario_runner_types/srv/ExecuteScenario.lisp, /home/zq/C-programe-practise/Driveless_PNC/Lecture_Files/Project1 PID ROS1/Project_1_PID_ROS1/devel/share/common-lisp/ros/carla_ros_scenario_runner_types/srv/ExecuteScenario.lisp)
Cleaning: (/home/zq/C-programe-practise/Driveless_PNC/Lecture_Files/Project1 PID ROS1/Project_1_PID_ROS1/devel/.private/carla_ros_scenario_runner_types/share/common-lisp/ros/carla_ros_scenario_runner_types/srv/carla_ros_scenario_runner_types-srv.asd, /home/zq/C-programe-practise/Driveless_PNC/Lecture_Files/Project1 PID ROS1/Project_1_PID_ROS1/devel/share/common-lisp/ros/carla_ros_scenario_runner_types/srv/carla_ros_scenario_runner_types-srv.asd)
Cleaning: (/home/zq/C-programe-practise/Driveless_PNC/Lecture_Files/Project1 PID ROS1/Project_1_PID_ROS1/devel/.private/carla_ros_scenario_runner_types/share/common-lisp/ros/carla_ros_scenario_runner_types/srv/_package.lisp, /home/zq/C-programe-practise/Driveless_PNC/Lecture_Files/Project1 PID ROS1/Project_1_PID_ROS1/devel/share/common-lisp/ros/carla_ros_scenario_runner_types/srv/_package.lisp)
Cleaning: (/home/zq/C-programe-practise/Driveless_PNC/Lecture_Files/Project1 PID ROS1/Project_1_PID_ROS1/devel/.private/carla_ros_scenario_runner_types/share/common-lisp/ros/carla_ros_scenario_runner_types/msg/_package_CarlaScenario.lisp, /home/zq/C-programe-practise/Driveless_PNC/Lecture_Files/Project1 PID ROS1/Project_1_PID_ROS1/devel/share/common-lisp/ros/carla_ros_scenario_runner_types/msg/_package_CarlaScenario.lisp)
Cleaning: (/home/zq/C-programe-practise/Driveless_PNC/Lecture_Files/Project1 PID ROS1/Project_1_PID_ROS1/devel/.private/carla_ros_scenario_runner_types/share/common-lisp/ros/carla_ros_scenario_runner_types/msg/_package_CarlaScenarioList.lisp, /home/zq/C-programe-practise/Driveless_PNC/Lecture_Files/Project1 PID ROS1/Project_1_PID_ROS1/devel/share/common-lisp/ros/carla_ros_scenario_runner_types/msg/_package_CarlaScenarioList.lisp)
Cleaning: (/home/zq/C-programe-practise/Driveless_PNC/Lecture_Files/Project1 PID ROS1/Project_1_PID_ROS1/devel/.private/carla_ros_scenario_runner_types/share/common-lisp/ros/carla_ros_scenario_runner_types/msg/_package_CarlaScenarioRunnerStatus.lisp, /home/zq/C-programe-practise/Driveless_PNC/Lecture_Files/Project1 PID ROS1/Project_1_PID_ROS1/devel/share/common-lisp/ros/carla_ros_scenario_runner_types/msg/_package_CarlaScenarioRunnerStatus.lisp)
Cleaning: (/home/zq/C-programe-practise/Driveless_PNC/Lecture_Files/Project1 PID ROS1/Project_1_PID_ROS1/devel/.private/carla_ros_scenario_runner_types/share/common-lisp/ros/carla_ros_scenario_runner_types/msg/CarlaScenarioList.lisp, /home/zq/C-programe-practise/Driveless_PNC/Lecture_Files/Project1 PID ROS1/Project_1_PID_ROS1/devel/share/common-lisp/ros/carla_ros_scenario_runner_types/msg/CarlaScenarioList.lisp)
Cleaning: (/home/zq/C-programe-practise/Driveless_PNC/Lecture_Files/Project1 PID ROS1/Project_1_PID_ROS1/devel/.private/carla_ros_scenario_runner_types/share/common-lisp/ros/carla_ros_scenario_runner_types/msg/CarlaScenarioRunnerStatus.lisp, /home/zq/C-programe-practise/Driveless_PNC/Lecture_Files/Project1 PID ROS1/Project_1_PID_ROS1/devel/share/common-lisp/ros/carla_ros_scenario_runner_types/msg/CarlaScenarioRunnerStatus.lisp)
Cleaning: (/home/zq/C-programe-practise/Driveless_PNC/Lecture_Files/Project1 PID ROS1/Project_1_PID_ROS1/devel/.private/carla_ros_scenario_runner_types/share/common-lisp/ros/carla_ros_scenario_runner_types/msg/CarlaScenario.lisp, /home/zq/C-programe-practise/Driveless_PNC/Lecture_Files/Project1 PID ROS1/Project_1_PID_ROS1/devel/share/common-lisp/ros/carla_ros_scenario_runner_types/msg/CarlaScenario.lisp)
Cleaning: (/home/zq/C-programe-practise/Driveless_PNC/Lecture_Files/Project1 PID ROS1/Project_1_PID_ROS1/devel/.private/carla_ros_scenario_runner_types/share/common-lisp/ros/carla_ros_scenario_runner_types/msg/carla_ros_scenario_runner_types-msg.asd, /home/zq/C-programe-practise/Driveless_PNC/Lecture_Files/Project1 PID ROS1/Project_1_PID_ROS1/devel/share/common-lisp/ros/carla_ros_scenario_runner_types/msg/carla_ros_scenario_runner_types-msg.asd)
Cleaning: (/home/zq/C-programe-practise/Driveless_PNC/Lecture_Files/Project1 PID ROS1/Project_1_PID_ROS1/devel/.private/carla_ros_scenario_runner_types/share/common-lisp/ros/carla_ros_scenario_runner_types/msg/_package.lisp, /home/zq/C-programe-practise/Driveless_PNC/Lecture_Files/Project1 PID ROS1/Project_1_PID_ROS1/devel/share/common-lisp/ros/carla_ros_scenario_runner_types/msg/_package.lisp)
Cleaning: (/home/zq/C-programe-practise/Driveless_PNC/Lecture_Files/Project1 PID ROS1/Project_1_PID_ROS1/devel/.private/carla_ros_scenario_runner_types/share/roseus/ros/carla_ros_scenario_runner_types/manifest.l, /home/zq/C-programe-practise/Driveless_PNC/Lecture_Files/Project1 PID ROS1/Project_1_PID_ROS1/devel/share/roseus/ros/carla_ros_scenario_runner_types/manifest.l)
Cleaning: (/home/zq/C-programe-practise/Driveless_PNC/Lecture_Files/Project1 PID ROS1/Project_1_PID_ROS1/devel/.private/carla_ros_scenario_runner_types/share/roseus/ros/carla_ros_scenario_runner_types/srv/ExecuteScenario.l, /home/zq/C-programe-practise/Driveless_PNC/Lecture_Files/Project1 PID ROS1/Project_1_PID_ROS1/devel/share/roseus/ros/carla_ros_scenario_runner_types/srv/ExecuteScenario.l)
Cleaning: (/home/zq/C-programe-practise/Driveless_PNC/Lecture_Files/Project1 PID ROS1/Project_1_PID_ROS1/devel/.private/carla_ros_scenario_runner_types/share/roseus/ros/carla_ros_scenario_runner_types/msg/CarlaScenarioRunnerStatus.l, /home/zq/C-programe-practise/Driveless_PNC/Lecture_Files/Project1 PID ROS1/Project_1_PID_ROS1/devel/share/roseus/ros/carla_ros_scenario_runner_types/msg/CarlaScenarioRunnerStatus.l)
Cleaning: (/home/zq/C-programe-practise/Driveless_PNC/Lecture_Files/Project1 PID ROS1/Project_1_PID_ROS1/devel/.private/carla_ros_scenario_runner_types/share/roseus/ros/carla_ros_scenario_runner_types/msg/CarlaScenario.l, /home/zq/C-programe-practise/Driveless_PNC/Lecture_Files/Project1 PID ROS1/Project_1_PID_ROS1/devel/share/roseus/ros/carla_ros_scenario_runner_types/msg/CarlaScenario.l)
Cleaning: (/home/zq/C-programe-practise/Driveless_PNC/Lecture_Files/Project1 PID ROS1/Project_1_PID_ROS1/devel/.private/carla_ros_scenario_runner_types/share/roseus/ros/carla_ros_scenario_runner_types/msg/CarlaScenarioList.l, /home/zq/C-programe-practise/Driveless_PNC/Lecture_Files/Project1 PID ROS1/Project_1_PID_ROS1/devel/share/roseus/ros/carla_ros_scenario_runner_types/msg/CarlaScenarioList.l)
Cleaning: (/home/zq/C-programe-practise/Driveless_PNC/Lecture_Files/Project1 PID ROS1/Project_1_PID_ROS1/devel/.private/carla_ros_scenario_runner_types/share/gennodejs/ros/carla_ros_scenario_runner_types/_index.js, /home/zq/C-programe-practise/Driveless_PNC/Lecture_Files/Project1 PID ROS1/Project_1_PID_ROS1/devel/share/gennodejs/ros/carla_ros_scenario_runner_types/_index.js)
Cleaning: (/home/zq/C-programe-practise/Driveless_PNC/Lecture_Files/Project1 PID ROS1/Project_1_PID_ROS1/devel/.private/carla_ros_scenario_runner_types/share/gennodejs/ros/carla_ros_scenario_runner_types/srv/ExecuteScenario.js, /home/zq/C-programe-practise/Driveless_PNC/Lecture_Files/Project1 PID ROS1/Project_1_PID_ROS1/devel/share/gennodejs/ros/carla_ros_scenario_runner_types/srv/ExecuteScenario.js)
Cleaning: (/home/zq/C-programe-practise/Driveless_PNC/Lecture_Files/Project1 PID ROS1/Project_1_PID_ROS1/devel/.private/carla_ros_scenario_runner_types/share/gennodejs/ros/carla_ros_scenario_runner_types/srv/_index.js, /home/zq/C-programe-practise/Driveless_PNC/Lecture_Files/Project1 PID ROS1/Project_1_PID_ROS1/devel/share/gennodejs/ros/carla_ros_scenario_runner_types/srv/_index.js)
Cleaning: (/home/zq/C-programe-practise/Driveless_PNC/Lecture_Files/Project1 PID ROS1/Project_1_PID_ROS1/devel/.private/carla_ros_scenario_runner_types/share/gennodejs/ros/carla_ros_scenario_runner_types/msg/CarlaScenarioList.js, /home/zq/C-programe-practise/Driveless_PNC/Lecture_Files/Project1 PID ROS1/Project_1_PID_ROS1/devel/share/gennodejs/ros/carla_ros_scenario_runner_types/msg/CarlaScenarioList.js)
Cleaning: (/home/zq/C-programe-practise/Driveless_PNC/Lecture_Files/Project1 PID ROS1/Project_1_PID_ROS1/devel/.private/carla_ros_scenario_runner_types/share/gennodejs/ros/carla_ros_scenario_runner_types/msg/CarlaScenarioRunnerStatus.js, /home/zq/C-programe-practise/Driveless_PNC/Lecture_Files/Project1 PID ROS1/Project_1_PID_ROS1/devel/share/gennodejs/ros/carla_ros_scenario_runner_types/msg/CarlaScenarioRunnerStatus.js)
Cleaning: (/home/zq/C-programe-practise/Driveless_PNC/Lecture_Files/Project1 PID ROS1/Project_1_PID_ROS1/devel/.private/carla_ros_scenario_runner_types/share/gennodejs/ros/carla_ros_scenario_runner_types/msg/CarlaScenario.js, /home/zq/C-programe-practise/Driveless_PNC/Lecture_Files/Project1 PID ROS1/Project_1_PID_ROS1/devel/share/gennodejs/ros/carla_ros_scenario_runner_types/msg/CarlaScenario.js)
Cleaning: (/home/zq/C-programe-practise/Driveless_PNC/Lecture_Files/Project1 PID ROS1/Project_1_PID_ROS1/devel/.private/carla_ros_scenario_runner_types/share/gennodejs/ros/carla_ros_scenario_runner_types/msg/_index.js, /home/zq/C-programe-practise/Driveless_PNC/Lecture_Files/Project1 PID ROS1/Project_1_PID_ROS1/devel/share/gennodejs/ros/carla_ros_scenario_runner_types/msg/_index.js)
Unlinking: /home/zq/C-programe-practise/Driveless_PNC/Lecture_Files/Project1 PID ROS1/Project_1_PID_ROS1/devel/lib/pkgconfig/carla_ros_scenario_runner_types.pc
Unlinking: /home/zq/C-programe-practise/Driveless_PNC/Lecture_Files/Project1 PID ROS1/Project_1_PID_ROS1/devel/lib/python3/dist-packages/carla_ros_scenario_runner_types/__init__.py
Unlinking: /home/zq/C-programe-practise/Driveless_PNC/Lecture_Files/Project1 PID ROS1/Project_1_PID_ROS1/devel/lib/python3/dist-packages/carla_ros_scenario_runner_types/srv/__init__.py
Unlinking: /home/zq/C-programe-practise/Driveless_PNC/Lecture_Files/Project1 PID ROS1/Project_1_PID_ROS1/devel/lib/python3/dist-packages/carla_ros_scenario_runner_types/srv/_ExecuteScenario.py
Unlinking: /home/zq/C-programe-practise/Driveless_PNC/Lecture_Files/Project1 PID ROS1/Project_1_PID_ROS1/devel/lib/python3/dist-packages/carla_ros_scenario_runner_types/msg/__init__.py
Unlinking: /home/zq/C-programe-practise/Driveless_PNC/Lecture_Files/Project1 PID ROS1/Project_1_PID_ROS1/devel/lib/python3/dist-packages/carla_ros_scenario_runner_types/msg/_CarlaScenarioList.py
Unlinking: /home/zq/C-programe-practise/Driveless_PNC/Lecture_Files/Project1 PID ROS1/Project_1_PID_ROS1/devel/lib/python3/dist-packages/carla_ros_scenario_runner_types/msg/_CarlaScenarioRunnerStatus.py
Unlinking: /home/zq/C-programe-practise/Driveless_PNC/Lecture_Files/Project1 PID ROS1/Project_1_PID_ROS1/devel/lib/python3/dist-packages/carla_ros_scenario_runner_types/msg/_CarlaScenario.py
Unlinking: /home/zq/C-programe-practise/Driveless_PNC/Lecture_Files/Project1 PID ROS1/Project_1_PID_ROS1/devel/include/carla_ros_scenario_runner_types/CarlaScenarioRunnerStatus.h
Unlinking: /home/zq/C-programe-practise/Driveless_PNC/Lecture_Files/Project1 PID ROS1/Project_1_PID_ROS1/devel/include/carla_ros_scenario_runner_types/ExecuteScenarioResponse.h
Unlinking: /home/zq/C-programe-practise/Driveless_PNC/Lecture_Files/Project1 PID ROS1/Project_1_PID_ROS1/devel/include/carla_ros_scenario_runner_types/ExecuteScenario.h
Unlinking: /home/zq/C-programe-practise/Driveless_PNC/Lecture_Files/Project1 PID ROS1/Project_1_PID_ROS1/devel/include/carla_ros_scenario_runner_types/ExecuteScenarioRequest.h
Unlinking: /home/zq/C-programe-practise/Driveless_PNC/Lecture_Files/Project1 PID ROS1/Project_1_PID_ROS1/devel/include/carla_ros_scenario_runner_types/CarlaScenarioList.h
Unlinking: /home/zq/C-programe-practise/Driveless_PNC/Lecture_Files/Project1 PID ROS1/Project_1_PID_ROS1/devel/include/carla_ros_scenario_runner_types/CarlaScenario.h
Unlinking: /home/zq/C-programe-practise/Driveless_PNC/Lecture_Files/Project1 PID ROS1/Project_1_PID_ROS1/devel/share/carla_ros_scenario_runner_types/cmake/carla_ros_scenario_runner_types-msg-paths.cmake
Unlinking: /home/zq/C-programe-practise/Driveless_PNC/Lecture_Files/Project1 PID ROS1/Project_1_PID_ROS1/devel/share/carla_ros_scenario_runner_types/cmake/carla_ros_scenario_runner_typesConfig.cmake
Unlinking: /home/zq/C-programe-practise/Driveless_PNC/Lecture_Files/Project1 PID ROS1/Project_1_PID_ROS1/devel/share/carla_ros_scenario_runner_types/cmake/carla_ros_scenario_runner_typesConfig-version.cmake
Unlinking: /home/zq/C-programe-practise/Driveless_PNC/Lecture_Files/Project1 PID ROS1/Project_1_PID_ROS1/devel/share/carla_ros_scenario_runner_types/cmake/carla_ros_scenario_runner_types-msg-extras.cmake
Unlinking: /home/zq/C-programe-practise/Driveless_PNC/Lecture_Files/Project1 PID ROS1/Project_1_PID_ROS1/devel/share/common-lisp/ros/carla_ros_scenario_runner_types/srv/_package_ExecuteScenario.lisp
Unlinking: /home/zq/C-programe-practise/Driveless_PNC/Lecture_Files/Project1 PID ROS1/Project_1_PID_ROS1/devel/share/common-lisp/ros/carla_ros_scenario_runner_types/srv/ExecuteScenario.lisp
Unlinking: /home/zq/C-programe-practise/Driveless_PNC/Lecture_Files/Project1 PID ROS1/Project_1_PID_ROS1/devel/share/common-lisp/ros/carla_ros_scenario_runner_types/srv/carla_ros_scenario_runner_types-srv.asd
Unlinking: /home/zq/C-programe-practise/Driveless_PNC/Lecture_Files/Project1 PID ROS1/Project_1_PID_ROS1/devel/share/common-lisp/ros/carla_ros_scenario_runner_types/srv/_package.lisp
Unlinking: /home/zq/C-programe-practise/Driveless_PNC/Lecture_Files/Project1 PID ROS1/Project_1_PID_ROS1/devel/share/common-lisp/ros/carla_ros_scenario_runner_types/msg/_package_CarlaScenario.lisp
Unlinking: /home/zq/C-programe-practise/Driveless_PNC/Lecture_Files/Project1 PID ROS1/Project_1_PID_ROS1/devel/share/common-lisp/ros/carla_ros_scenario_runner_types/msg/_package_CarlaScenarioList.lisp
Unlinking: /home/zq/C-programe-practise/Driveless_PNC/Lecture_Files/Project1 PID ROS1/Project_1_PID_ROS1/devel/share/common-lisp/ros/carla_ros_scenario_runner_types/msg/_package_CarlaScenarioRunnerStatus.lisp
Unlinking: /home/zq/C-programe-practise/Driveless_PNC/Lecture_Files/Project1 PID ROS1/Project_1_PID_ROS1/devel/share/common-lisp/ros/carla_ros_scenario_runner_types/msg/CarlaScenarioList.lisp
Unlinking: /home/zq/C-programe-practise/Driveless_PNC/Lecture_Files/Project1 PID ROS1/Project_1_PID_ROS1/devel/share/common-lisp/ros/carla_ros_scenario_runner_types/msg/CarlaScenarioRunnerStatus.lisp
Unlinking: /home/zq/C-programe-practise/Driveless_PNC/Lecture_Files/Project1 PID ROS1/Project_1_PID_ROS1/devel/share/common-lisp/ros/carla_ros_scenario_runner_types/msg/CarlaScenario.lisp
Unlinking: /home/zq/C-programe-practise/Driveless_PNC/Lecture_Files/Project1 PID ROS1/Project_1_PID_ROS1/devel/share/common-lisp/ros/carla_ros_scenario_runner_types/msg/carla_ros_scenario_runner_types-msg.asd
Unlinking: /home/zq/C-programe-practise/Driveless_PNC/Lecture_Files/Project1 PID ROS1/Project_1_PID_ROS1/devel/share/common-lisp/ros/carla_ros_scenario_runner_types/msg/_package.lisp
Unlinking: /home/zq/C-programe-practise/Driveless_PNC/Lecture_Files/Project1 PID ROS1/Project_1_PID_ROS1/devel/share/roseus/ros/carla_ros_scenario_runner_types/manifest.l
Unlinking: /home/zq/C-programe-practise/Driveless_PNC/Lecture_Files/Project1 PID ROS1/Project_1_PID_ROS1/devel/share/roseus/ros/carla_ros_scenario_runner_types/srv/ExecuteScenario.l
Unlinking: /home/zq/C-programe-practise/Driveless_PNC/Lecture_Files/Project1 PID ROS1/Project_1_PID_ROS1/devel/share/roseus/ros/carla_ros_scenario_runner_types/msg/CarlaScenarioRunnerStatus.l
Unlinking: /home/zq/C-programe-practise/Driveless_PNC/Lecture_Files/Project1 PID ROS1/Project_1_PID_ROS1/devel/share/roseus/ros/carla_ros_scenario_runner_types/msg/CarlaScenario.l
Unlinking: /home/zq/C-programe-practise/Driveless_PNC/Lecture_Files/Project1 PID ROS1/Project_1_PID_ROS1/devel/share/roseus/ros/carla_ros_scenario_runner_types/msg/CarlaScenarioList.l
Unlinking: /home/zq/C-programe-practise/Driveless_PNC/Lecture_Files/Project1 PID ROS1/Project_1_PID_ROS1/devel/share/gennodejs/ros/carla_ros_scenario_runner_types/_index.js
Unlinking: /home/zq/C-programe-practise/Driveless_PNC/Lecture_Files/Project1 PID ROS1/Project_1_PID_ROS1/devel/share/gennodejs/ros/carla_ros_scenario_runner_types/srv/ExecuteScenario.js
Unlinking: /home/zq/C-programe-practise/Driveless_PNC/Lecture_Files/Project1 PID ROS1/Project_1_PID_ROS1/devel/share/gennodejs/ros/carla_ros_scenario_runner_types/srv/_index.js
Unlinking: /home/zq/C-programe-practise/Driveless_PNC/Lecture_Files/Project1 PID ROS1/Project_1_PID_ROS1/devel/share/gennodejs/ros/carla_ros_scenario_runner_types/msg/CarlaScenarioList.js
Unlinking: /home/zq/C-programe-practise/Driveless_PNC/Lecture_Files/Project1 PID ROS1/Project_1_PID_ROS1/devel/share/gennodejs/ros/carla_ros_scenario_runner_types/msg/CarlaScenarioRunnerStatus.js
Unlinking: /home/zq/C-programe-practise/Driveless_PNC/Lecture_Files/Project1 PID ROS1/Project_1_PID_ROS1/devel/share/gennodejs/ros/carla_ros_scenario_runner_types/msg/CarlaScenario.js
Unlinking: /home/zq/C-programe-practise/Driveless_PNC/Lecture_Files/Project1 PID ROS1/Project_1_PID_ROS1/devel/share/gennodejs/ros/carla_ros_scenario_runner_types/msg/_index.js
