[  0%] Built target std_msgs_generate_messages_py
[  0%] Built target std_msgs_generate_messages_cpp
[  0%] Built target carla_msgs_generate_messages_py
[  0%] Built target carla_msgs_generate_messages_eus
[  0%] Built target std_msgs_generate_messages_eus
[  0%] Built target carla_msgs_generate_messages_cpp
[  0%] Built target std_msgs_generate_messages_nodejs
[  0%] Built target std_msgs_generate_messages_lisp
[  0%] Built target carla_msgs_generate_messages_lisp
[  0%] Built target carla_msgs_generate_messages_nodejs
[  0%] Built target _carla_ackermann_msgs_generate_messages_check_deps_EgoVehicleControlTarget
[  0%] Built target _carla_ackermann_msgs_generate_messages_check_deps_EgoVehicleControlCurrent
[  0%] Built target _carla_ackermann_msgs_generate_messages_check_deps_EgoVehicleControlInfo
[  0%] Built target _carla_ackermann_msgs_generate_messages_check_deps_EgoVehicleControlMaxima
[  0%] Built target _carla_ackermann_msgs_generate_messages_check_deps_EgoVehicleControlStatus
[ 22%] Built target carla_ackermann_msgs_generate_messages_py
[ 40%] Built target carla_ackermann_msgs_generate_messages_cpp
[ 62%] Built target carla_ackermann_msgs_generate_messages_eus
[ 81%] Built target carla_ackermann_msgs_generate_messages_lisp
[100%] Built target carla_ackermann_msgs_generate_messages_nodejs
[100%] Built target carla_ackermann_msgs_generate_messages
