Symlinking /home/zq/C-programe-practise/Driveless_PNC/Project_2_Stanley_ROS1/devel/lib/pkgconfig/carla_spawn_objects.pc
Symlinking /home/zq/C-programe-practise/Driveless_PNC/Project_2_Stanley_ROS1/devel/lib/python3/dist-packages/carla_spawn_objects/__init__.py
Symlinking /home/zq/C-programe-practise/Driveless_PNC/Project_2_Stanley_ROS1/devel/lib/carla_spawn_objects/set_initial_pose.py
Symlinking /home/zq/C-programe-practise/Driveless_PNC/Project_2_Stanley_ROS1/devel/lib/carla_spawn_objects/cmake.lock
Symlinking /home/zq/C-programe-practise/Driveless_PNC/Project_2_Stanley_ROS1/devel/lib/carla_spawn_objects/carla_spawn_objects.py
Symlinking /home/zq/C-programe-practise/Driveless_PNC/Project_2_Stanley_ROS1/devel/share/carla_spawn_objects/cmake/carla_spawn_objectsConfig-version.cmake
Symlinking /home/zq/C-programe-practise/Driveless_PNC/Project_2_Stanley_ROS1/devel/share/carla_spawn_objects/cmake/carla_spawn_objectsConfig.cmake
Cleaning: (/home/zq/C-programe-practise/Driveless_PNC/Project2_Stanley_ROS1/devel/.private/carla_spawn_objects/cmake.lock, /home/zq/C-programe-practise/Driveless_PNC/Project2_Stanley_ROS1/devel/./cmake.lock)
Cleaning: (/home/zq/C-programe-practise/Driveless_PNC/Project2_Stanley_ROS1/devel/.private/carla_spawn_objects/lib/pkgconfig/carla_spawn_objects.pc, /home/zq/C-programe-practise/Driveless_PNC/Project2_Stanley_ROS1/devel/lib/pkgconfig/carla_spawn_objects.pc)
Cleaning: (/home/zq/C-programe-practise/Driveless_PNC/Project2_Stanley_ROS1/devel/.private/carla_spawn_objects/lib/python3/dist-packages/carla_spawn_objects/__init__.py, /home/zq/C-programe-practise/Driveless_PNC/Project2_Stanley_ROS1/devel/lib/python3/dist-packages/carla_spawn_objects/__init__.py)
Cleaning: (/home/zq/C-programe-practise/Driveless_PNC/Project2_Stanley_ROS1/devel/.private/carla_spawn_objects/lib/carla_spawn_objects/set_initial_pose.py, /home/zq/C-programe-practise/Driveless_PNC/Project2_Stanley_ROS1/devel/lib/carla_spawn_objects/set_initial_pose.py)
Cleaning: (/home/zq/C-programe-practise/Driveless_PNC/Project2_Stanley_ROS1/devel/.private/carla_spawn_objects/lib/carla_spawn_objects/cmake.lock, /home/zq/C-programe-practise/Driveless_PNC/Project2_Stanley_ROS1/devel/lib/carla_spawn_objects/cmake.lock)
Cleaning: (/home/zq/C-programe-practise/Driveless_PNC/Project2_Stanley_ROS1/devel/.private/carla_spawn_objects/lib/carla_spawn_objects/carla_spawn_objects.py, /home/zq/C-programe-practise/Driveless_PNC/Project2_Stanley_ROS1/devel/lib/carla_spawn_objects/carla_spawn_objects.py)
Cleaning: (/home/zq/C-programe-practise/Driveless_PNC/Project2_Stanley_ROS1/devel/.private/carla_spawn_objects/share/carla_spawn_objects/cmake/carla_spawn_objectsConfig-version.cmake, /home/zq/C-programe-practise/Driveless_PNC/Project2_Stanley_ROS1/devel/share/carla_spawn_objects/cmake/carla_spawn_objectsConfig-version.cmake)
Cleaning: (/home/zq/C-programe-practise/Driveless_PNC/Project2_Stanley_ROS1/devel/.private/carla_spawn_objects/share/carla_spawn_objects/cmake/carla_spawn_objectsConfig.cmake, /home/zq/C-programe-practise/Driveless_PNC/Project2_Stanley_ROS1/devel/share/carla_spawn_objects/cmake/carla_spawn_objectsConfig.cmake)
Unlinking: /home/zq/C-programe-practise/Driveless_PNC/Project2_Stanley_ROS1/devel/lib/pkgconfig/carla_spawn_objects.pc
Already unlinked: {}
Unlinking: /home/zq/C-programe-practise/Driveless_PNC/Project2_Stanley_ROS1/devel/lib/python3/dist-packages/carla_spawn_objects/__init__.py
Already unlinked: {}
Unlinking: /home/zq/C-programe-practise/Driveless_PNC/Project2_Stanley_ROS1/devel/lib/carla_spawn_objects/set_initial_pose.py
Already unlinked: {}
Unlinking: /home/zq/C-programe-practise/Driveless_PNC/Project2_Stanley_ROS1/devel/lib/carla_spawn_objects/cmake.lock
Already unlinked: {}
Unlinking: /home/zq/C-programe-practise/Driveless_PNC/Project2_Stanley_ROS1/devel/lib/carla_spawn_objects/carla_spawn_objects.py
Already unlinked: {}
Unlinking: /home/zq/C-programe-practise/Driveless_PNC/Project2_Stanley_ROS1/devel/share/carla_spawn_objects/cmake/carla_spawn_objectsConfig-version.cmake
Already unlinked: {}
Unlinking: /home/zq/C-programe-practise/Driveless_PNC/Project2_Stanley_ROS1/devel/share/carla_spawn_objects/cmake/carla_spawn_objectsConfig.cmake
Already unlinked: {}
