Warning: Cannot symlink from /home/zq/C-programe-practise/Driveless_PNC/Project_1_PID_ROS1/devel/.private/rqt_carla_control/lib/pkgconfig/rqt_carla_control.pc to existing file /home/zq/C-programe-practise/Driveless_PNC/Project_1_PID_ROS1/devel/lib/pkgconfig/rqt_carla_control.pc
Warning: Source hash: 118b16c13ea1ccde1dee2ff0b5c3e7fe
Warning: Dest hash: bc56e3a466a597d41d63fd1e0cf1c969
Warning: Cannot symlink from /home/zq/C-programe-practise/Driveless_PNC/Project_1_PID_ROS1/devel/.private/rqt_carla_control/lib/python3/dist-packages/rqt_carla_control/__init__.py to existing file /home/zq/C-programe-practise/Driveless_PNC/Project_1_PID_ROS1/devel/lib/python3/dist-packages/rqt_carla_control/__init__.py
Warning: Source hash: 5bfa3892508c9ee0098f6f7f10de6c69
Warning: Dest hash: ca53c0382b7a02be80c2f201be5f9141
Warning: Cannot symlink from /home/zq/C-programe-practise/Driveless_PNC/Project_1_PID_ROS1/devel/.private/rqt_carla_control/lib/rqt_carla_control/rqt_carla_control.py to existing file /home/zq/C-programe-practise/Driveless_PNC/Project_1_PID_ROS1/devel/lib/rqt_carla_control/rqt_carla_control.py
Warning: Source hash: de5649c08c89b04f05da766c0922ce20
Warning: Dest hash: 6cc4961ca6f31268ca42b1548f7eb35e
Warning: Cannot symlink from /home/zq/C-programe-practise/Driveless_PNC/Project_1_PID_ROS1/devel/.private/rqt_carla_control/share/rqt_carla_control/cmake/rqt_carla_controlConfig.cmake to existing file /home/zq/C-programe-practise/Driveless_PNC/Project_1_PID_ROS1/devel/share/rqt_carla_control/cmake/rqt_carla_controlConfig.cmake
Warning: Source hash: eceb3d30256a5fe084ff67397923fe8b
Warning: Dest hash: 3b48176633aa9c0fa7ba5917a678ea21
Cleaning: (/home/zq/C-programe-practise/Driveless_PNC/Lecture_Files/Project1 PID ROS1/Project_1_PID_ROS1/devel/.private/rqt_carla_control/cmake.lock, /home/zq/C-programe-practise/Driveless_PNC/Lecture_Files/Project1 PID ROS1/Project_1_PID_ROS1/devel/./cmake.lock)
Cleaning: (/home/zq/C-programe-practise/Driveless_PNC/Lecture_Files/Project1 PID ROS1/Project_1_PID_ROS1/devel/.private/rqt_carla_control/lib/pkgconfig/rqt_carla_control.pc, /home/zq/C-programe-practise/Driveless_PNC/Lecture_Files/Project1 PID ROS1/Project_1_PID_ROS1/devel/lib/pkgconfig/rqt_carla_control.pc)
Cleaning: (/home/zq/C-programe-practise/Driveless_PNC/Lecture_Files/Project1 PID ROS1/Project_1_PID_ROS1/devel/.private/rqt_carla_control/lib/python3/dist-packages/rqt_carla_control/__init__.py, /home/zq/C-programe-practise/Driveless_PNC/Lecture_Files/Project1 PID ROS1/Project_1_PID_ROS1/devel/lib/python3/dist-packages/rqt_carla_control/__init__.py)
Cleaning: (/home/zq/C-programe-practise/Driveless_PNC/Lecture_Files/Project1 PID ROS1/Project_1_PID_ROS1/devel/.private/rqt_carla_control/lib/rqt_carla_control/cmake.lock, /home/zq/C-programe-practise/Driveless_PNC/Lecture_Files/Project1 PID ROS1/Project_1_PID_ROS1/devel/lib/rqt_carla_control/cmake.lock)
Cleaning: (/home/zq/C-programe-practise/Driveless_PNC/Lecture_Files/Project1 PID ROS1/Project_1_PID_ROS1/devel/.private/rqt_carla_control/lib/rqt_carla_control/rqt_carla_control.py, /home/zq/C-programe-practise/Driveless_PNC/Lecture_Files/Project1 PID ROS1/Project_1_PID_ROS1/devel/lib/rqt_carla_control/rqt_carla_control.py)
Cleaning: (/home/zq/C-programe-practise/Driveless_PNC/Lecture_Files/Project1 PID ROS1/Project_1_PID_ROS1/devel/.private/rqt_carla_control/share/rqt_carla_control/cmake/rqt_carla_controlConfig.cmake, /home/zq/C-programe-practise/Driveless_PNC/Lecture_Files/Project1 PID ROS1/Project_1_PID_ROS1/devel/share/rqt_carla_control/cmake/rqt_carla_controlConfig.cmake)
Cleaning: (/home/zq/C-programe-practise/Driveless_PNC/Lecture_Files/Project1 PID ROS1/Project_1_PID_ROS1/devel/.private/rqt_carla_control/share/rqt_carla_control/cmake/rqt_carla_controlConfig-version.cmake, /home/zq/C-programe-practise/Driveless_PNC/Lecture_Files/Project1 PID ROS1/Project_1_PID_ROS1/devel/share/rqt_carla_control/cmake/rqt_carla_controlConfig-version.cmake)
Unlinking: /home/zq/C-programe-practise/Driveless_PNC/Lecture_Files/Project1 PID ROS1/Project_1_PID_ROS1/devel/lib/pkgconfig/rqt_carla_control.pc
Unlinking: /home/zq/C-programe-practise/Driveless_PNC/Lecture_Files/Project1 PID ROS1/Project_1_PID_ROS1/devel/lib/python3/dist-packages/rqt_carla_control/__init__.py
Unlinking: /home/zq/C-programe-practise/Driveless_PNC/Lecture_Files/Project1 PID ROS1/Project_1_PID_ROS1/devel/lib/rqt_carla_control/cmake.lock
Unlinking: /home/zq/C-programe-practise/Driveless_PNC/Lecture_Files/Project1 PID ROS1/Project_1_PID_ROS1/devel/lib/rqt_carla_control/rqt_carla_control.py
Unlinking: /home/zq/C-programe-practise/Driveless_PNC/Lecture_Files/Project1 PID ROS1/Project_1_PID_ROS1/devel/share/rqt_carla_control/cmake/rqt_carla_controlConfig.cmake
Unlinking: /home/zq/C-programe-practise/Driveless_PNC/Lecture_Files/Project1 PID ROS1/Project_1_PID_ROS1/devel/share/rqt_carla_control/cmake/rqt_carla_controlConfig-version.cmake
