[  0%] Built target geometry_msgs_generate_messages_py
[  0%] Built target geometry_msgs_generate_messages_eus
[  0%] Built target geometry_msgs_generate_messages_nodejs
[  0%] Built target geometry_msgs_generate_messages_lisp
[  0%] Built target geometry_msgs_generate_messages_cpp
[  0%] Built target _carla_ros_scenario_runner_types_generate_messages_check_deps_CarlaScenarioList
[  0%] Built target _carla_ros_scenario_runner_types_generate_messages_check_deps_CarlaScenario
[  0%] Built target _carla_ros_scenario_runner_types_generate_messages_check_deps_ExecuteScenario
[  0%] Built target _carla_ros_scenario_runner_types_generate_messages_check_deps_CarlaScenarioRunnerStatus
[  4%] [34m[1mGenerating C++ code from carla_ros_scenario_runner_types/CarlaScenario.msg[0m
[ 13%] [34m[1mGenerating Python from MSG carla_ros_scenario_runner_types/CarlaScenario[0m
[ 13%] [34m[1mGenerating Python from MSG carla_ros_scenario_runner_types/CarlaScenarioList[0m
[ 17%] [34m[1mGenerating Python from MSG carla_ros_scenario_runner_types/CarlaScenarioRunnerStatus[0m
[ 21%] [34m[1mGenerating Lisp code from carla_ros_scenario_runner_types/CarlaScenario.msg[0m
[ 26%] [34m[1mGenerating C++ code from carla_ros_scenario_runner_types/CarlaScenarioList.msg[0m
[ 30%] [34m[1mGenerating Python code from SRV carla_ros_scenario_runner_types/ExecuteScenario[0m
[ 34%] [34m[1mGenerating Lisp code from carla_ros_scenario_runner_types/CarlaScenarioList.msg[0m
[ 39%] [34m[1mGenerating EusLisp code from carla_ros_scenario_runner_types/CarlaScenarioList.msg[0m
[ 43%] [34m[1mGenerating EusLisp code from carla_ros_scenario_runner_types/CarlaScenario.msg[0m
[ 47%] [34m[1mGenerating Javascript code from carla_ros_scenario_runner_types/CarlaScenario.msg[0m
[ 52%] [34m[1mGenerating C++ code from carla_ros_scenario_runner_types/CarlaScenarioRunnerStatus.msg[0m
[ 56%] [34m[1mGenerating C++ code from carla_ros_scenario_runner_types/ExecuteScenario.srv[0m
[ 60%] [34m[1mGenerating Lisp code from carla_ros_scenario_runner_types/CarlaScenarioRunnerStatus.msg[0m
[ 65%] [34m[1mGenerating Javascript code from carla_ros_scenario_runner_types/CarlaScenarioList.msg[0m
[ 69%] [34m[1mGenerating EusLisp code from carla_ros_scenario_runner_types/CarlaScenarioRunnerStatus.msg[0m
[ 73%] [34m[1mGenerating EusLisp code from carla_ros_scenario_runner_types/ExecuteScenario.srv[0m
[ 78%] [34m[1mGenerating Lisp code from carla_ros_scenario_runner_types/ExecuteScenario.srv[0m
[ 82%] [34m[1mGenerating Javascript code from carla_ros_scenario_runner_types/CarlaScenarioRunnerStatus.msg[0m
[ 86%] [34m[1mGenerating EusLisp manifest code for carla_ros_scenario_runner_types[0m
[ 91%] [34m[1mGenerating Javascript code from carla_ros_scenario_runner_types/ExecuteScenario.srv[0m
[ 91%] Built target carla_ros_scenario_runner_types_generate_messages_lisp
[ 91%] Built target carla_ros_scenario_runner_types_generate_messages_nodejs
[ 95%] [34m[1mGenerating Python srv __init__.py for carla_ros_scenario_runner_types[0m
[100%] [34m[1mGenerating Python msg __init__.py for carla_ros_scenario_runner_types[0m
[100%] Built target carla_ros_scenario_runner_types_generate_messages_cpp
[100%] Built target carla_ros_scenario_runner_types_generate_messages_py
[100%] Built target carla_ros_scenario_runner_types_generate_messages_eus
[100%] Built target carla_ros_scenario_runner_types_generate_messages
