Symlinking /home/zq/C-programe-practise/Driveless_PNC/Project2_Stanley_ROS1/devel/lib/pkgconfig/carla_waypoint_publisher.pc
Symlinking /home/zq/C-programe-practise/Driveless_PNC/Project2_Stanley_ROS1/devel/lib/python3/dist-packages/carla_waypoint_publisher/__init__.py
Symlinking /home/zq/C-programe-practise/Driveless_PNC/Project2_Stanley_ROS1/devel/lib/carla_waypoint_publisher/carla_waypoint_publisher.py
Symlinking /home/zq/C-programe-practise/Driveless_PNC/Project2_Stanley_ROS1/devel/lib/carla_waypoint_publisher/cmake.lock
Symlinking /home/zq/C-programe-practise/Driveless_PNC/Project2_Stanley_ROS1/devel/share/carla_waypoint_publisher/cmake/carla_waypoint_publisherConfig-version.cmake
Symlinking /home/zq/C-programe-practise/Driveless_PNC/Project2_Stanley_ROS1/devel/share/carla_waypoint_publisher/cmake/carla_waypoint_publisherConfig.cmake
Cleaning: (/home/zq/C-programe-practise/Driveless_PNC/Project2 Stanley ROS1/devel/.private/carla_waypoint_publisher/cmake.lock, /home/zq/C-programe-practise/Driveless_PNC/Project2 Stanley ROS1/devel/./cmake.lock)
Cleaning: (/home/zq/C-programe-practise/Driveless_PNC/Project2 Stanley ROS1/devel/.private/carla_waypoint_publisher/lib/pkgconfig/carla_waypoint_publisher.pc, /home/zq/C-programe-practise/Driveless_PNC/Project2 Stanley ROS1/devel/lib/pkgconfig/carla_waypoint_publisher.pc)
Cleaning: (/home/zq/C-programe-practise/Driveless_PNC/Project2 Stanley ROS1/devel/.private/carla_waypoint_publisher/lib/python3/dist-packages/carla_waypoint_publisher/__init__.py, /home/zq/C-programe-practise/Driveless_PNC/Project2 Stanley ROS1/devel/lib/python3/dist-packages/carla_waypoint_publisher/__init__.py)
Cleaning: (/home/zq/C-programe-practise/Driveless_PNC/Project2 Stanley ROS1/devel/.private/carla_waypoint_publisher/lib/carla_waypoint_publisher/carla_waypoint_publisher.py, /home/zq/C-programe-practise/Driveless_PNC/Project2 Stanley ROS1/devel/lib/carla_waypoint_publisher/carla_waypoint_publisher.py)
Cleaning: (/home/zq/C-programe-practise/Driveless_PNC/Project2 Stanley ROS1/devel/.private/carla_waypoint_publisher/lib/carla_waypoint_publisher/cmake.lock, /home/zq/C-programe-practise/Driveless_PNC/Project2 Stanley ROS1/devel/lib/carla_waypoint_publisher/cmake.lock)
Cleaning: (/home/zq/C-programe-practise/Driveless_PNC/Project2 Stanley ROS1/devel/.private/carla_waypoint_publisher/share/carla_waypoint_publisher/cmake/carla_waypoint_publisherConfig-version.cmake, /home/zq/C-programe-practise/Driveless_PNC/Project2 Stanley ROS1/devel/share/carla_waypoint_publisher/cmake/carla_waypoint_publisherConfig-version.cmake)
Cleaning: (/home/zq/C-programe-practise/Driveless_PNC/Project2 Stanley ROS1/devel/.private/carla_waypoint_publisher/share/carla_waypoint_publisher/cmake/carla_waypoint_publisherConfig.cmake, /home/zq/C-programe-practise/Driveless_PNC/Project2 Stanley ROS1/devel/share/carla_waypoint_publisher/cmake/carla_waypoint_publisherConfig.cmake)
Unlinking: /home/zq/C-programe-practise/Driveless_PNC/Project2 Stanley ROS1/devel/lib/pkgconfig/carla_waypoint_publisher.pc
Already unlinked: {}
Unlinking: /home/zq/C-programe-practise/Driveless_PNC/Project2 Stanley ROS1/devel/lib/python3/dist-packages/carla_waypoint_publisher/__init__.py
Already unlinked: {}
Unlinking: /home/zq/C-programe-practise/Driveless_PNC/Project2 Stanley ROS1/devel/lib/carla_waypoint_publisher/carla_waypoint_publisher.py
Already unlinked: {}
Unlinking: /home/zq/C-programe-practise/Driveless_PNC/Project2 Stanley ROS1/devel/lib/carla_waypoint_publisher/cmake.lock
Already unlinked: {}
Unlinking: /home/zq/C-programe-practise/Driveless_PNC/Project2 Stanley ROS1/devel/share/carla_waypoint_publisher/cmake/carla_waypoint_publisherConfig-version.cmake
Already unlinked: {}
Unlinking: /home/zq/C-programe-practise/Driveless_PNC/Project2 Stanley ROS1/devel/share/carla_waypoint_publisher/cmake/carla_waypoint_publisherConfig.cmake
Already unlinked: {}
