Warning: Cannot symlink from /home/zq/C-programe-practise/Driveless_PNC/Project_1_PID_ROS1/devel/.private/carla_twist_to_control/lib/pkgconfig/carla_twist_to_control.pc to existing file /home/zq/C-programe-practise/Driveless_PNC/Project_1_PID_ROS1/devel/lib/pkgconfig/carla_twist_to_control.pc
Warning: Source hash: 194e92845cacdd18c5744af84ba4bf78
Warning: Dest hash: cf78330669d44424a6cf211d30c375fa
Warning: Cannot symlink from /home/zq/C-programe-practise/Driveless_PNC/Project_1_PID_ROS1/devel/.private/carla_twist_to_control/lib/python3/dist-packages/carla_twist_to_control/__init__.py to existing file /home/zq/C-programe-practise/Driveless_PNC/Project_1_PID_ROS1/devel/lib/python3/dist-packages/carla_twist_to_control/__init__.py
Warning: Source hash: e4f0f2458d6a8f7e30c3a703aa9fda00
Warning: Dest hash: 1d24a38a4032ecb6c4bce77beb40ae35
Warning: Cannot symlink from /home/zq/C-programe-practise/Driveless_PNC/Project_1_PID_ROS1/devel/.private/carla_twist_to_control/lib/carla_twist_to_control/carla_twist_to_control.py to existing file /home/zq/C-programe-practise/Driveless_PNC/Project_1_PID_ROS1/devel/lib/carla_twist_to_control/carla_twist_to_control.py
Warning: Source hash: 8335c4df79cdeb69811d057e6c24f97e
Warning: Dest hash: 20ef2ae6426cd462aeb3d16ed76d235d
Warning: Cannot symlink from /home/zq/C-programe-practise/Driveless_PNC/Project_1_PID_ROS1/devel/.private/carla_twist_to_control/share/carla_twist_to_control/cmake/carla_twist_to_controlConfig.cmake to existing file /home/zq/C-programe-practise/Driveless_PNC/Project_1_PID_ROS1/devel/share/carla_twist_to_control/cmake/carla_twist_to_controlConfig.cmake
Warning: Source hash: cdde39d657799ff7b30a727e5002ee13
Warning: Dest hash: bbf4ede6609bab3695cf1288bcf35b3c
Cleaning: (/home/zq/C-programe-practise/Driveless_PNC/Lecture_Files/Project1 PID ROS1/Project_1_PID_ROS1/devel/.private/carla_twist_to_control/cmake.lock, /home/zq/C-programe-practise/Driveless_PNC/Lecture_Files/Project1 PID ROS1/Project_1_PID_ROS1/devel/./cmake.lock)
Cleaning: (/home/zq/C-programe-practise/Driveless_PNC/Lecture_Files/Project1 PID ROS1/Project_1_PID_ROS1/devel/.private/carla_twist_to_control/lib/pkgconfig/carla_twist_to_control.pc, /home/zq/C-programe-practise/Driveless_PNC/Lecture_Files/Project1 PID ROS1/Project_1_PID_ROS1/devel/lib/pkgconfig/carla_twist_to_control.pc)
Cleaning: (/home/zq/C-programe-practise/Driveless_PNC/Lecture_Files/Project1 PID ROS1/Project_1_PID_ROS1/devel/.private/carla_twist_to_control/lib/python3/dist-packages/carla_twist_to_control/__init__.py, /home/zq/C-programe-practise/Driveless_PNC/Lecture_Files/Project1 PID ROS1/Project_1_PID_ROS1/devel/lib/python3/dist-packages/carla_twist_to_control/__init__.py)
Cleaning: (/home/zq/C-programe-practise/Driveless_PNC/Lecture_Files/Project1 PID ROS1/Project_1_PID_ROS1/devel/.private/carla_twist_to_control/lib/carla_twist_to_control/cmake.lock, /home/zq/C-programe-practise/Driveless_PNC/Lecture_Files/Project1 PID ROS1/Project_1_PID_ROS1/devel/lib/carla_twist_to_control/cmake.lock)
Cleaning: (/home/zq/C-programe-practise/Driveless_PNC/Lecture_Files/Project1 PID ROS1/Project_1_PID_ROS1/devel/.private/carla_twist_to_control/lib/carla_twist_to_control/carla_twist_to_control.py, /home/zq/C-programe-practise/Driveless_PNC/Lecture_Files/Project1 PID ROS1/Project_1_PID_ROS1/devel/lib/carla_twist_to_control/carla_twist_to_control.py)
Cleaning: (/home/zq/C-programe-practise/Driveless_PNC/Lecture_Files/Project1 PID ROS1/Project_1_PID_ROS1/devel/.private/carla_twist_to_control/share/carla_twist_to_control/cmake/carla_twist_to_controlConfig-version.cmake, /home/zq/C-programe-practise/Driveless_PNC/Lecture_Files/Project1 PID ROS1/Project_1_PID_ROS1/devel/share/carla_twist_to_control/cmake/carla_twist_to_controlConfig-version.cmake)
Cleaning: (/home/zq/C-programe-practise/Driveless_PNC/Lecture_Files/Project1 PID ROS1/Project_1_PID_ROS1/devel/.private/carla_twist_to_control/share/carla_twist_to_control/cmake/carla_twist_to_controlConfig.cmake, /home/zq/C-programe-practise/Driveless_PNC/Lecture_Files/Project1 PID ROS1/Project_1_PID_ROS1/devel/share/carla_twist_to_control/cmake/carla_twist_to_controlConfig.cmake)
Unlinking: /home/zq/C-programe-practise/Driveless_PNC/Lecture_Files/Project1 PID ROS1/Project_1_PID_ROS1/devel/lib/pkgconfig/carla_twist_to_control.pc
Unlinking: /home/zq/C-programe-practise/Driveless_PNC/Lecture_Files/Project1 PID ROS1/Project_1_PID_ROS1/devel/lib/python3/dist-packages/carla_twist_to_control/__init__.py
Unlinking: /home/zq/C-programe-practise/Driveless_PNC/Lecture_Files/Project1 PID ROS1/Project_1_PID_ROS1/devel/lib/carla_twist_to_control/cmake.lock
Unlinking: /home/zq/C-programe-practise/Driveless_PNC/Lecture_Files/Project1 PID ROS1/Project_1_PID_ROS1/devel/lib/carla_twist_to_control/carla_twist_to_control.py
Unlinking: /home/zq/C-programe-practise/Driveless_PNC/Lecture_Files/Project1 PID ROS1/Project_1_PID_ROS1/devel/share/carla_twist_to_control/cmake/carla_twist_to_controlConfig-version.cmake
Unlinking: /home/zq/C-programe-practise/Driveless_PNC/Lecture_Files/Project1 PID ROS1/Project_1_PID_ROS1/devel/share/carla_twist_to_control/cmake/carla_twist_to_controlConfig.cmake
