Symlinking /home/zq/C-programe-practise/Driveless_PNC/Project_3_LQR_ROS1/devel/lib/pkgconfig/carla_msgs.pc
Symlinking /home/zq/C-programe-practise/Driveless_PNC/Project_3_LQR_ROS1/devel/lib/python3/dist-packages/carla_msgs/__init__.py
Symlinking /home/zq/C-programe-practise/Driveless_PNC/Project_3_LQR_ROS1/devel/lib/python3/dist-packages/carla_msgs/srv/_SpawnObject.py
Symlinking /home/zq/C-programe-practise/Driveless_PNC/Project_3_LQR_ROS1/devel/lib/python3/dist-packages/carla_msgs/srv/__init__.py
Symlinking /home/zq/C-programe-practise/Driveless_PNC/Project_3_LQR_ROS1/devel/lib/python3/dist-packages/carla_msgs/srv/_DestroyObject.py
Symlinking /home/zq/C-programe-practise/Driveless_PNC/Project_3_LQR_ROS1/devel/lib/python3/dist-packages/carla_msgs/srv/_GetBlueprints.py
Symlinking /home/zq/C-programe-practise/Driveless_PNC/Project_3_LQR_ROS1/devel/lib/python3/dist-packages/carla_msgs/msg/__init__.py
Symlinking /home/zq/C-programe-practise/Driveless_PNC/Project_3_LQR_ROS1/devel/lib/python3/dist-packages/carla_msgs/msg/_CarlaBoundingBox.py
Symlinking /home/zq/C-programe-practise/Driveless_PNC/Project_3_LQR_ROS1/devel/lib/python3/dist-packages/carla_msgs/msg/_CarlaWalkerControl.py
Symlinking /home/zq/C-programe-practise/Driveless_PNC/Project_3_LQR_ROS1/devel/lib/python3/dist-packages/carla_msgs/msg/_CarlaTrafficLightStatusList.py
Symlinking /home/zq/C-programe-practise/Driveless_PNC/Project_3_LQR_ROS1/devel/lib/python3/dist-packages/carla_msgs/msg/_CarlaTrafficLightInfoList.py
Symlinking /home/zq/C-programe-practise/Driveless_PNC/Project_3_LQR_ROS1/devel/lib/python3/dist-packages/carla_msgs/msg/_CarlaStatus.py
Symlinking /home/zq/C-programe-practise/Driveless_PNC/Project_3_LQR_ROS1/devel/lib/python3/dist-packages/carla_msgs/msg/_CarlaEgoVehicleControl.py
Symlinking /home/zq/C-programe-practise/Driveless_PNC/Project_3_LQR_ROS1/devel/lib/python3/dist-packages/carla_msgs/msg/_CarlaEgoVehicleInfo.py
Symlinking /home/zq/C-programe-practise/Driveless_PNC/Project_3_LQR_ROS1/devel/lib/python3/dist-packages/carla_msgs/msg/_CarlaControl.py
Symlinking /home/zq/C-programe-practise/Driveless_PNC/Project_3_LQR_ROS1/devel/lib/python3/dist-packages/carla_msgs/msg/_CarlaActorInfo.py
Symlinking /home/zq/C-programe-practise/Driveless_PNC/Project_3_LQR_ROS1/devel/lib/python3/dist-packages/carla_msgs/msg/_CarlaWeatherParameters.py
Symlinking /home/zq/C-programe-practise/Driveless_PNC/Project_3_LQR_ROS1/devel/lib/python3/dist-packages/carla_msgs/msg/_CarlaCollisionEvent.py
Symlinking /home/zq/C-programe-practise/Driveless_PNC/Project_3_LQR_ROS1/devel/lib/python3/dist-packages/carla_msgs/msg/_CarlaTrafficLightInfo.py
Symlinking /home/zq/C-programe-practise/Driveless_PNC/Project_3_LQR_ROS1/devel/lib/python3/dist-packages/carla_msgs/msg/_CarlaActorList.py
Symlinking /home/zq/C-programe-practise/Driveless_PNC/Project_3_LQR_ROS1/devel/lib/python3/dist-packages/carla_msgs/msg/_CarlaTrafficLightStatus.py
Symlinking /home/zq/C-programe-practise/Driveless_PNC/Project_3_LQR_ROS1/devel/lib/python3/dist-packages/carla_msgs/msg/_CarlaLaneInvasionEvent.py
Symlinking /home/zq/C-programe-practise/Driveless_PNC/Project_3_LQR_ROS1/devel/lib/python3/dist-packages/carla_msgs/msg/_CarlaEgoVehicleStatus.py
Symlinking /home/zq/C-programe-practise/Driveless_PNC/Project_3_LQR_ROS1/devel/lib/python3/dist-packages/carla_msgs/msg/_CarlaEgoVehicleInfoWheel.py
Symlinking /home/zq/C-programe-practise/Driveless_PNC/Project_3_LQR_ROS1/devel/lib/python3/dist-packages/carla_msgs/msg/_CarlaWorldInfo.py
Symlinking /home/zq/C-programe-practise/Driveless_PNC/Project_3_LQR_ROS1/devel/include/carla_msgs/SpawnObjectRequest.h
Symlinking /home/zq/C-programe-practise/Driveless_PNC/Project_3_LQR_ROS1/devel/include/carla_msgs/CarlaCollisionEvent.h
Symlinking /home/zq/C-programe-practise/Driveless_PNC/Project_3_LQR_ROS1/devel/include/carla_msgs/CarlaActorInfo.h
Symlinking /home/zq/C-programe-practise/Driveless_PNC/Project_3_LQR_ROS1/devel/include/carla_msgs/CarlaEgoVehicleInfo.h
Symlinking /home/zq/C-programe-practise/Driveless_PNC/Project_3_LQR_ROS1/devel/include/carla_msgs/CarlaWeatherParameters.h
Symlinking /home/zq/C-programe-practise/Driveless_PNC/Project_3_LQR_ROS1/devel/include/carla_msgs/CarlaTrafficLightInfo.h
Symlinking /home/zq/C-programe-practise/Driveless_PNC/Project_3_LQR_ROS1/devel/include/carla_msgs/CarlaControl.h
Symlinking /home/zq/C-programe-practise/Driveless_PNC/Project_3_LQR_ROS1/devel/include/carla_msgs/CarlaActorList.h
Symlinking /home/zq/C-programe-practise/Driveless_PNC/Project_3_LQR_ROS1/devel/include/carla_msgs/CarlaStatus.h
Symlinking /home/zq/C-programe-practise/Driveless_PNC/Project_3_LQR_ROS1/devel/include/carla_msgs/CarlaWalkerControl.h
Symlinking /home/zq/C-programe-practise/Driveless_PNC/Project_3_LQR_ROS1/devel/include/carla_msgs/GetBlueprintsResponse.h
Symlinking /home/zq/C-programe-practise/Driveless_PNC/Project_3_LQR_ROS1/devel/include/carla_msgs/CarlaWorldInfo.h
Symlinking /home/zq/C-programe-practise/Driveless_PNC/Project_3_LQR_ROS1/devel/include/carla_msgs/CarlaBoundingBox.h
Symlinking /home/zq/C-programe-practise/Driveless_PNC/Project_3_LQR_ROS1/devel/include/carla_msgs/CarlaTrafficLightStatusList.h
Symlinking /home/zq/C-programe-practise/Driveless_PNC/Project_3_LQR_ROS1/devel/include/carla_msgs/GetBlueprintsRequest.h
Symlinking /home/zq/C-programe-practise/Driveless_PNC/Project_3_LQR_ROS1/devel/include/carla_msgs/CarlaTrafficLightInfoList.h
Symlinking /home/zq/C-programe-practise/Driveless_PNC/Project_3_LQR_ROS1/devel/include/carla_msgs/DestroyObjectRequest.h
Symlinking /home/zq/C-programe-practise/Driveless_PNC/Project_3_LQR_ROS1/devel/include/carla_msgs/SpawnObjectResponse.h
Symlinking /home/zq/C-programe-practise/Driveless_PNC/Project_3_LQR_ROS1/devel/include/carla_msgs/CarlaEgoVehicleStatus.h
Symlinking /home/zq/C-programe-practise/Driveless_PNC/Project_3_LQR_ROS1/devel/include/carla_msgs/CarlaEgoVehicleControl.h
Symlinking /home/zq/C-programe-practise/Driveless_PNC/Project_3_LQR_ROS1/devel/include/carla_msgs/CarlaLaneInvasionEvent.h
Symlinking /home/zq/C-programe-practise/Driveless_PNC/Project_3_LQR_ROS1/devel/include/carla_msgs/DestroyObjectResponse.h
Symlinking /home/zq/C-programe-practise/Driveless_PNC/Project_3_LQR_ROS1/devel/include/carla_msgs/CarlaTrafficLightStatus.h
Symlinking /home/zq/C-programe-practise/Driveless_PNC/Project_3_LQR_ROS1/devel/include/carla_msgs/DestroyObject.h
Symlinking /home/zq/C-programe-practise/Driveless_PNC/Project_3_LQR_ROS1/devel/include/carla_msgs/CarlaEgoVehicleInfoWheel.h
Symlinking /home/zq/C-programe-practise/Driveless_PNC/Project_3_LQR_ROS1/devel/include/carla_msgs/SpawnObject.h
Symlinking /home/zq/C-programe-practise/Driveless_PNC/Project_3_LQR_ROS1/devel/include/carla_msgs/GetBlueprints.h
Symlinking /home/zq/C-programe-practise/Driveless_PNC/Project_3_LQR_ROS1/devel/share/common-lisp/ros/carla_msgs/srv/GetBlueprints.lisp
Symlinking /home/zq/C-programe-practise/Driveless_PNC/Project_3_LQR_ROS1/devel/share/common-lisp/ros/carla_msgs/srv/SpawnObject.lisp
Symlinking /home/zq/C-programe-practise/Driveless_PNC/Project_3_LQR_ROS1/devel/share/common-lisp/ros/carla_msgs/srv/_package_SpawnObject.lisp
Symlinking /home/zq/C-programe-practise/Driveless_PNC/Project_3_LQR_ROS1/devel/share/common-lisp/ros/carla_msgs/srv/_package_DestroyObject.lisp
Symlinking /home/zq/C-programe-practise/Driveless_PNC/Project_3_LQR_ROS1/devel/share/common-lisp/ros/carla_msgs/srv/carla_msgs-srv.asd
Symlinking /home/zq/C-programe-practise/Driveless_PNC/Project_3_LQR_ROS1/devel/share/common-lisp/ros/carla_msgs/srv/DestroyObject.lisp
Symlinking /home/zq/C-programe-practise/Driveless_PNC/Project_3_LQR_ROS1/devel/share/common-lisp/ros/carla_msgs/srv/_package.lisp
Symlinking /home/zq/C-programe-practise/Driveless_PNC/Project_3_LQR_ROS1/devel/share/common-lisp/ros/carla_msgs/srv/_package_GetBlueprints.lisp
Symlinking /home/zq/C-programe-practise/Driveless_PNC/Project_3_LQR_ROS1/devel/share/common-lisp/ros/carla_msgs/msg/CarlaTrafficLightInfo.lisp
Symlinking /home/zq/C-programe-practise/Driveless_PNC/Project_3_LQR_ROS1/devel/share/common-lisp/ros/carla_msgs/msg/CarlaCollisionEvent.lisp
Symlinking /home/zq/C-programe-practise/Driveless_PNC/Project_3_LQR_ROS1/devel/share/common-lisp/ros/carla_msgs/msg/_package_CarlaTrafficLightInfoList.lisp
Symlinking /home/zq/C-programe-practise/Driveless_PNC/Project_3_LQR_ROS1/devel/share/common-lisp/ros/carla_msgs/msg/CarlaEgoVehicleInfo.lisp
Symlinking /home/zq/C-programe-practise/Driveless_PNC/Project_3_LQR_ROS1/devel/share/common-lisp/ros/carla_msgs/msg/_package_CarlaWorldInfo.lisp
Symlinking /home/zq/C-programe-practise/Driveless_PNC/Project_3_LQR_ROS1/devel/share/common-lisp/ros/carla_msgs/msg/CarlaStatus.lisp
Symlinking /home/zq/C-programe-practise/Driveless_PNC/Project_3_LQR_ROS1/devel/share/common-lisp/ros/carla_msgs/msg/_package_CarlaControl.lisp
Symlinking /home/zq/C-programe-practise/Driveless_PNC/Project_3_LQR_ROS1/devel/share/common-lisp/ros/carla_msgs/msg/CarlaTrafficLightStatus.lisp
Symlinking /home/zq/C-programe-practise/Driveless_PNC/Project_3_LQR_ROS1/devel/share/common-lisp/ros/carla_msgs/msg/CarlaActorList.lisp
Symlinking /home/zq/C-programe-practise/Driveless_PNC/Project_3_LQR_ROS1/devel/share/common-lisp/ros/carla_msgs/msg/CarlaEgoVehicleStatus.lisp
Symlinking /home/zq/C-programe-practise/Driveless_PNC/Project_3_LQR_ROS1/devel/share/common-lisp/ros/carla_msgs/msg/CarlaWorldInfo.lisp
Symlinking /home/zq/C-programe-practise/Driveless_PNC/Project_3_LQR_ROS1/devel/share/common-lisp/ros/carla_msgs/msg/CarlaTrafficLightInfoList.lisp
Symlinking /home/zq/C-programe-practise/Driveless_PNC/Project_3_LQR_ROS1/devel/share/common-lisp/ros/carla_msgs/msg/_package_CarlaActorList.lisp
Symlinking /home/zq/C-programe-practise/Driveless_PNC/Project_3_LQR_ROS1/devel/share/common-lisp/ros/carla_msgs/msg/_package_CarlaEgoVehicleControl.lisp
Symlinking /home/zq/C-programe-practise/Driveless_PNC/Project_3_LQR_ROS1/devel/share/common-lisp/ros/carla_msgs/msg/_package_CarlaActorInfo.lisp
Symlinking /home/zq/C-programe-practise/Driveless_PNC/Project_3_LQR_ROS1/devel/share/common-lisp/ros/carla_msgs/msg/CarlaActorInfo.lisp
Symlinking /home/zq/C-programe-practise/Driveless_PNC/Project_3_LQR_ROS1/devel/share/common-lisp/ros/carla_msgs/msg/carla_msgs-msg.asd
Symlinking /home/zq/C-programe-practise/Driveless_PNC/Project_3_LQR_ROS1/devel/share/common-lisp/ros/carla_msgs/msg/CarlaWeatherParameters.lisp
Symlinking /home/zq/C-programe-practise/Driveless_PNC/Project_3_LQR_ROS1/devel/share/common-lisp/ros/carla_msgs/msg/_package_CarlaWeatherParameters.lisp
Symlinking /home/zq/C-programe-practise/Driveless_PNC/Project_3_LQR_ROS1/devel/share/common-lisp/ros/carla_msgs/msg/CarlaBoundingBox.lisp
Symlinking /home/zq/C-programe-practise/Driveless_PNC/Project_3_LQR_ROS1/devel/share/common-lisp/ros/carla_msgs/msg/_package_CarlaBoundingBox.lisp
Symlinking /home/zq/C-programe-practise/Driveless_PNC/Project_3_LQR_ROS1/devel/share/common-lisp/ros/carla_msgs/msg/_package_CarlaLaneInvasionEvent.lisp
Symlinking /home/zq/C-programe-practise/Driveless_PNC/Project_3_LQR_ROS1/devel/share/common-lisp/ros/carla_msgs/msg/_package_CarlaEgoVehicleInfoWheel.lisp
Symlinking /home/zq/C-programe-practise/Driveless_PNC/Project_3_LQR_ROS1/devel/share/common-lisp/ros/carla_msgs/msg/CarlaEgoVehicleControl.lisp
Symlinking /home/zq/C-programe-practise/Driveless_PNC/Project_3_LQR_ROS1/devel/share/common-lisp/ros/carla_msgs/msg/CarlaControl.lisp
Symlinking /home/zq/C-programe-practise/Driveless_PNC/Project_3_LQR_ROS1/devel/share/common-lisp/ros/carla_msgs/msg/CarlaLaneInvasionEvent.lisp
Symlinking /home/zq/C-programe-practise/Driveless_PNC/Project_3_LQR_ROS1/devel/share/common-lisp/ros/carla_msgs/msg/_package_CarlaCollisionEvent.lisp
Symlinking /home/zq/C-programe-practise/Driveless_PNC/Project_3_LQR_ROS1/devel/share/common-lisp/ros/carla_msgs/msg/_package_CarlaTrafficLightStatusList.lisp
Symlinking /home/zq/C-programe-practise/Driveless_PNC/Project_3_LQR_ROS1/devel/share/common-lisp/ros/carla_msgs/msg/_package.lisp
Symlinking /home/zq/C-programe-practise/Driveless_PNC/Project_3_LQR_ROS1/devel/share/common-lisp/ros/carla_msgs/msg/CarlaWalkerControl.lisp
Symlinking /home/zq/C-programe-practise/Driveless_PNC/Project_3_LQR_ROS1/devel/share/common-lisp/ros/carla_msgs/msg/CarlaEgoVehicleInfoWheel.lisp
Symlinking /home/zq/C-programe-practise/Driveless_PNC/Project_3_LQR_ROS1/devel/share/common-lisp/ros/carla_msgs/msg/_package_CarlaEgoVehicleInfo.lisp
Symlinking /home/zq/C-programe-practise/Driveless_PNC/Project_3_LQR_ROS1/devel/share/common-lisp/ros/carla_msgs/msg/_package_CarlaEgoVehicleStatus.lisp
Symlinking /home/zq/C-programe-practise/Driveless_PNC/Project_3_LQR_ROS1/devel/share/common-lisp/ros/carla_msgs/msg/_package_CarlaStatus.lisp
Symlinking /home/zq/C-programe-practise/Driveless_PNC/Project_3_LQR_ROS1/devel/share/common-lisp/ros/carla_msgs/msg/CarlaTrafficLightStatusList.lisp
Symlinking /home/zq/C-programe-practise/Driveless_PNC/Project_3_LQR_ROS1/devel/share/common-lisp/ros/carla_msgs/msg/_package_CarlaTrafficLightStatus.lisp
Symlinking /home/zq/C-programe-practise/Driveless_PNC/Project_3_LQR_ROS1/devel/share/common-lisp/ros/carla_msgs/msg/_package_CarlaTrafficLightInfo.lisp
Symlinking /home/zq/C-programe-practise/Driveless_PNC/Project_3_LQR_ROS1/devel/share/common-lisp/ros/carla_msgs/msg/_package_CarlaWalkerControl.lisp
Symlinking /home/zq/C-programe-practise/Driveless_PNC/Project_3_LQR_ROS1/devel/share/roseus/ros/carla_msgs/manifest.l
Symlinking /home/zq/C-programe-practise/Driveless_PNC/Project_3_LQR_ROS1/devel/share/roseus/ros/carla_msgs/srv/DestroyObject.l
Symlinking /home/zq/C-programe-practise/Driveless_PNC/Project_3_LQR_ROS1/devel/share/roseus/ros/carla_msgs/srv/GetBlueprints.l
Symlinking /home/zq/C-programe-practise/Driveless_PNC/Project_3_LQR_ROS1/devel/share/roseus/ros/carla_msgs/srv/SpawnObject.l
Symlinking /home/zq/C-programe-practise/Driveless_PNC/Project_3_LQR_ROS1/devel/share/roseus/ros/carla_msgs/msg/CarlaTrafficLightStatusList.l
Symlinking /home/zq/C-programe-practise/Driveless_PNC/Project_3_LQR_ROS1/devel/share/roseus/ros/carla_msgs/msg/CarlaActorList.l
Symlinking /home/zq/C-programe-practise/Driveless_PNC/Project_3_LQR_ROS1/devel/share/roseus/ros/carla_msgs/msg/CarlaStatus.l
Symlinking /home/zq/C-programe-practise/Driveless_PNC/Project_3_LQR_ROS1/devel/share/roseus/ros/carla_msgs/msg/CarlaWalkerControl.l
Symlinking /home/zq/C-programe-practise/Driveless_PNC/Project_3_LQR_ROS1/devel/share/roseus/ros/carla_msgs/msg/CarlaActorInfo.l
Symlinking /home/zq/C-programe-practise/Driveless_PNC/Project_3_LQR_ROS1/devel/share/roseus/ros/carla_msgs/msg/CarlaEgoVehicleStatus.l
Symlinking /home/zq/C-programe-practise/Driveless_PNC/Project_3_LQR_ROS1/devel/share/roseus/ros/carla_msgs/msg/CarlaWeatherParameters.l
Symlinking /home/zq/C-programe-practise/Driveless_PNC/Project_3_LQR_ROS1/devel/share/roseus/ros/carla_msgs/msg/CarlaWorldInfo.l
Symlinking /home/zq/C-programe-practise/Driveless_PNC/Project_3_LQR_ROS1/devel/share/roseus/ros/carla_msgs/msg/CarlaEgoVehicleControl.l
Symlinking /home/zq/C-programe-practise/Driveless_PNC/Project_3_LQR_ROS1/devel/share/roseus/ros/carla_msgs/msg/CarlaControl.l
Symlinking /home/zq/C-programe-practise/Driveless_PNC/Project_3_LQR_ROS1/devel/share/roseus/ros/carla_msgs/msg/CarlaLaneInvasionEvent.l
Symlinking /home/zq/C-programe-practise/Driveless_PNC/Project_3_LQR_ROS1/devel/share/roseus/ros/carla_msgs/msg/CarlaEgoVehicleInfo.l
Symlinking /home/zq/C-programe-practise/Driveless_PNC/Project_3_LQR_ROS1/devel/share/roseus/ros/carla_msgs/msg/CarlaTrafficLightInfoList.l
Symlinking /home/zq/C-programe-practise/Driveless_PNC/Project_3_LQR_ROS1/devel/share/roseus/ros/carla_msgs/msg/CarlaEgoVehicleInfoWheel.l
Symlinking /home/zq/C-programe-practise/Driveless_PNC/Project_3_LQR_ROS1/devel/share/roseus/ros/carla_msgs/msg/CarlaTrafficLightInfo.l
Symlinking /home/zq/C-programe-practise/Driveless_PNC/Project_3_LQR_ROS1/devel/share/roseus/ros/carla_msgs/msg/CarlaCollisionEvent.l
Symlinking /home/zq/C-programe-practise/Driveless_PNC/Project_3_LQR_ROS1/devel/share/roseus/ros/carla_msgs/msg/CarlaBoundingBox.l
Symlinking /home/zq/C-programe-practise/Driveless_PNC/Project_3_LQR_ROS1/devel/share/roseus/ros/carla_msgs/msg/CarlaTrafficLightStatus.l
Symlinking /home/zq/C-programe-practise/Driveless_PNC/Project_3_LQR_ROS1/devel/share/gennodejs/ros/carla_msgs/_index.js
Symlinking /home/zq/C-programe-practise/Driveless_PNC/Project_3_LQR_ROS1/devel/share/gennodejs/ros/carla_msgs/srv/SpawnObject.js
Symlinking /home/zq/C-programe-practise/Driveless_PNC/Project_3_LQR_ROS1/devel/share/gennodejs/ros/carla_msgs/srv/DestroyObject.js
Symlinking /home/zq/C-programe-practise/Driveless_PNC/Project_3_LQR_ROS1/devel/share/gennodejs/ros/carla_msgs/srv/GetBlueprints.js
Symlinking /home/zq/C-programe-practise/Driveless_PNC/Project_3_LQR_ROS1/devel/share/gennodejs/ros/carla_msgs/srv/_index.js
Symlinking /home/zq/C-programe-practise/Driveless_PNC/Project_3_LQR_ROS1/devel/share/gennodejs/ros/carla_msgs/msg/CarlaEgoVehicleControl.js
Symlinking /home/zq/C-programe-practise/Driveless_PNC/Project_3_LQR_ROS1/devel/share/gennodejs/ros/carla_msgs/msg/CarlaBoundingBox.js
Symlinking /home/zq/C-programe-practise/Driveless_PNC/Project_3_LQR_ROS1/devel/share/gennodejs/ros/carla_msgs/msg/CarlaActorList.js
Symlinking /home/zq/C-programe-practise/Driveless_PNC/Project_3_LQR_ROS1/devel/share/gennodejs/ros/carla_msgs/msg/CarlaEgoVehicleInfoWheel.js
Symlinking /home/zq/C-programe-practise/Driveless_PNC/Project_3_LQR_ROS1/devel/share/gennodejs/ros/carla_msgs/msg/CarlaCollisionEvent.js
Symlinking /home/zq/C-programe-practise/Driveless_PNC/Project_3_LQR_ROS1/devel/share/gennodejs/ros/carla_msgs/msg/CarlaEgoVehicleStatus.js
Symlinking /home/zq/C-programe-practise/Driveless_PNC/Project_3_LQR_ROS1/devel/share/gennodejs/ros/carla_msgs/msg/CarlaEgoVehicleInfo.js
Symlinking /home/zq/C-programe-practise/Driveless_PNC/Project_3_LQR_ROS1/devel/share/gennodejs/ros/carla_msgs/msg/CarlaTrafficLightStatus.js
Symlinking /home/zq/C-programe-practise/Driveless_PNC/Project_3_LQR_ROS1/devel/share/gennodejs/ros/carla_msgs/msg/CarlaWalkerControl.js
Symlinking /home/zq/C-programe-practise/Driveless_PNC/Project_3_LQR_ROS1/devel/share/gennodejs/ros/carla_msgs/msg/CarlaControl.js
Symlinking /home/zq/C-programe-practise/Driveless_PNC/Project_3_LQR_ROS1/devel/share/gennodejs/ros/carla_msgs/msg/CarlaTrafficLightStatusList.js
Symlinking /home/zq/C-programe-practise/Driveless_PNC/Project_3_LQR_ROS1/devel/share/gennodejs/ros/carla_msgs/msg/CarlaWorldInfo.js
Symlinking /home/zq/C-programe-practise/Driveless_PNC/Project_3_LQR_ROS1/devel/share/gennodejs/ros/carla_msgs/msg/CarlaWeatherParameters.js
Symlinking /home/zq/C-programe-practise/Driveless_PNC/Project_3_LQR_ROS1/devel/share/gennodejs/ros/carla_msgs/msg/_index.js
Symlinking /home/zq/C-programe-practise/Driveless_PNC/Project_3_LQR_ROS1/devel/share/gennodejs/ros/carla_msgs/msg/CarlaTrafficLightInfo.js
Symlinking /home/zq/C-programe-practise/Driveless_PNC/Project_3_LQR_ROS1/devel/share/gennodejs/ros/carla_msgs/msg/CarlaLaneInvasionEvent.js
Symlinking /home/zq/C-programe-practise/Driveless_PNC/Project_3_LQR_ROS1/devel/share/gennodejs/ros/carla_msgs/msg/CarlaActorInfo.js
Symlinking /home/zq/C-programe-practise/Driveless_PNC/Project_3_LQR_ROS1/devel/share/gennodejs/ros/carla_msgs/msg/CarlaStatus.js
Symlinking /home/zq/C-programe-practise/Driveless_PNC/Project_3_LQR_ROS1/devel/share/gennodejs/ros/carla_msgs/msg/CarlaTrafficLightInfoList.js
Symlinking /home/zq/C-programe-practise/Driveless_PNC/Project_3_LQR_ROS1/devel/share/carla_msgs/cmake/carla_msgs-msg-paths.cmake
Symlinking /home/zq/C-programe-practise/Driveless_PNC/Project_3_LQR_ROS1/devel/share/carla_msgs/cmake/carla_msgsConfig-version.cmake
Symlinking /home/zq/C-programe-practise/Driveless_PNC/Project_3_LQR_ROS1/devel/share/carla_msgs/cmake/carla_msgs-msg-extras.cmake
Symlinking /home/zq/C-programe-practise/Driveless_PNC/Project_3_LQR_ROS1/devel/share/carla_msgs/cmake/carla_msgsConfig.cmake
Cleaning: (/home/zq/C-programe-practise/Driveless_PNC/Project_3_LQR ROS1/devel/.private/carla_msgs/cmake.lock, /home/zq/C-programe-practise/Driveless_PNC/Project_3_LQR ROS1/devel/./cmake.lock)
Cleaning: (/home/zq/C-programe-practise/Driveless_PNC/Project_3_LQR ROS1/devel/.private/carla_msgs/lib/pkgconfig/carla_msgs.pc, /home/zq/C-programe-practise/Driveless_PNC/Project_3_LQR ROS1/devel/lib/pkgconfig/carla_msgs.pc)
Cleaning: (/home/zq/C-programe-practise/Driveless_PNC/Project_3_LQR ROS1/devel/.private/carla_msgs/lib/python3/dist-packages/carla_msgs/__init__.py, /home/zq/C-programe-practise/Driveless_PNC/Project_3_LQR ROS1/devel/lib/python3/dist-packages/carla_msgs/__init__.py)
Cleaning: (/home/zq/C-programe-practise/Driveless_PNC/Project_3_LQR ROS1/devel/.private/carla_msgs/lib/python3/dist-packages/carla_msgs/srv/_SpawnObject.py, /home/zq/C-programe-practise/Driveless_PNC/Project_3_LQR ROS1/devel/lib/python3/dist-packages/carla_msgs/srv/_SpawnObject.py)
Cleaning: (/home/zq/C-programe-practise/Driveless_PNC/Project_3_LQR ROS1/devel/.private/carla_msgs/lib/python3/dist-packages/carla_msgs/srv/__init__.py, /home/zq/C-programe-practise/Driveless_PNC/Project_3_LQR ROS1/devel/lib/python3/dist-packages/carla_msgs/srv/__init__.py)
Cleaning: (/home/zq/C-programe-practise/Driveless_PNC/Project_3_LQR ROS1/devel/.private/carla_msgs/lib/python3/dist-packages/carla_msgs/srv/_DestroyObject.py, /home/zq/C-programe-practise/Driveless_PNC/Project_3_LQR ROS1/devel/lib/python3/dist-packages/carla_msgs/srv/_DestroyObject.py)
Cleaning: (/home/zq/C-programe-practise/Driveless_PNC/Project_3_LQR ROS1/devel/.private/carla_msgs/lib/python3/dist-packages/carla_msgs/srv/_GetBlueprints.py, /home/zq/C-programe-practise/Driveless_PNC/Project_3_LQR ROS1/devel/lib/python3/dist-packages/carla_msgs/srv/_GetBlueprints.py)
Cleaning: (/home/zq/C-programe-practise/Driveless_PNC/Project_3_LQR ROS1/devel/.private/carla_msgs/lib/python3/dist-packages/carla_msgs/msg/__init__.py, /home/zq/C-programe-practise/Driveless_PNC/Project_3_LQR ROS1/devel/lib/python3/dist-packages/carla_msgs/msg/__init__.py)
Cleaning: (/home/zq/C-programe-practise/Driveless_PNC/Project_3_LQR ROS1/devel/.private/carla_msgs/lib/python3/dist-packages/carla_msgs/msg/_CarlaBoundingBox.py, /home/zq/C-programe-practise/Driveless_PNC/Project_3_LQR ROS1/devel/lib/python3/dist-packages/carla_msgs/msg/_CarlaBoundingBox.py)
Cleaning: (/home/zq/C-programe-practise/Driveless_PNC/Project_3_LQR ROS1/devel/.private/carla_msgs/lib/python3/dist-packages/carla_msgs/msg/_CarlaWalkerControl.py, /home/zq/C-programe-practise/Driveless_PNC/Project_3_LQR ROS1/devel/lib/python3/dist-packages/carla_msgs/msg/_CarlaWalkerControl.py)
Cleaning: (/home/zq/C-programe-practise/Driveless_PNC/Project_3_LQR ROS1/devel/.private/carla_msgs/lib/python3/dist-packages/carla_msgs/msg/_CarlaTrafficLightStatusList.py, /home/zq/C-programe-practise/Driveless_PNC/Project_3_LQR ROS1/devel/lib/python3/dist-packages/carla_msgs/msg/_CarlaTrafficLightStatusList.py)
Cleaning: (/home/zq/C-programe-practise/Driveless_PNC/Project_3_LQR ROS1/devel/.private/carla_msgs/lib/python3/dist-packages/carla_msgs/msg/_CarlaTrafficLightInfoList.py, /home/zq/C-programe-practise/Driveless_PNC/Project_3_LQR ROS1/devel/lib/python3/dist-packages/carla_msgs/msg/_CarlaTrafficLightInfoList.py)
Cleaning: (/home/zq/C-programe-practise/Driveless_PNC/Project_3_LQR ROS1/devel/.private/carla_msgs/lib/python3/dist-packages/carla_msgs/msg/_CarlaStatus.py, /home/zq/C-programe-practise/Driveless_PNC/Project_3_LQR ROS1/devel/lib/python3/dist-packages/carla_msgs/msg/_CarlaStatus.py)
Cleaning: (/home/zq/C-programe-practise/Driveless_PNC/Project_3_LQR ROS1/devel/.private/carla_msgs/lib/python3/dist-packages/carla_msgs/msg/_CarlaEgoVehicleControl.py, /home/zq/C-programe-practise/Driveless_PNC/Project_3_LQR ROS1/devel/lib/python3/dist-packages/carla_msgs/msg/_CarlaEgoVehicleControl.py)
Cleaning: (/home/zq/C-programe-practise/Driveless_PNC/Project_3_LQR ROS1/devel/.private/carla_msgs/lib/python3/dist-packages/carla_msgs/msg/_CarlaEgoVehicleInfo.py, /home/zq/C-programe-practise/Driveless_PNC/Project_3_LQR ROS1/devel/lib/python3/dist-packages/carla_msgs/msg/_CarlaEgoVehicleInfo.py)
Cleaning: (/home/zq/C-programe-practise/Driveless_PNC/Project_3_LQR ROS1/devel/.private/carla_msgs/lib/python3/dist-packages/carla_msgs/msg/_CarlaControl.py, /home/zq/C-programe-practise/Driveless_PNC/Project_3_LQR ROS1/devel/lib/python3/dist-packages/carla_msgs/msg/_CarlaControl.py)
Cleaning: (/home/zq/C-programe-practise/Driveless_PNC/Project_3_LQR ROS1/devel/.private/carla_msgs/lib/python3/dist-packages/carla_msgs/msg/_CarlaActorInfo.py, /home/zq/C-programe-practise/Driveless_PNC/Project_3_LQR ROS1/devel/lib/python3/dist-packages/carla_msgs/msg/_CarlaActorInfo.py)
Cleaning: (/home/zq/C-programe-practise/Driveless_PNC/Project_3_LQR ROS1/devel/.private/carla_msgs/lib/python3/dist-packages/carla_msgs/msg/_CarlaWeatherParameters.py, /home/zq/C-programe-practise/Driveless_PNC/Project_3_LQR ROS1/devel/lib/python3/dist-packages/carla_msgs/msg/_CarlaWeatherParameters.py)
Cleaning: (/home/zq/C-programe-practise/Driveless_PNC/Project_3_LQR ROS1/devel/.private/carla_msgs/lib/python3/dist-packages/carla_msgs/msg/_CarlaCollisionEvent.py, /home/zq/C-programe-practise/Driveless_PNC/Project_3_LQR ROS1/devel/lib/python3/dist-packages/carla_msgs/msg/_CarlaCollisionEvent.py)
Cleaning: (/home/zq/C-programe-practise/Driveless_PNC/Project_3_LQR ROS1/devel/.private/carla_msgs/lib/python3/dist-packages/carla_msgs/msg/_CarlaTrafficLightInfo.py, /home/zq/C-programe-practise/Driveless_PNC/Project_3_LQR ROS1/devel/lib/python3/dist-packages/carla_msgs/msg/_CarlaTrafficLightInfo.py)
Cleaning: (/home/zq/C-programe-practise/Driveless_PNC/Project_3_LQR ROS1/devel/.private/carla_msgs/lib/python3/dist-packages/carla_msgs/msg/_CarlaActorList.py, /home/zq/C-programe-practise/Driveless_PNC/Project_3_LQR ROS1/devel/lib/python3/dist-packages/carla_msgs/msg/_CarlaActorList.py)
Cleaning: (/home/zq/C-programe-practise/Driveless_PNC/Project_3_LQR ROS1/devel/.private/carla_msgs/lib/python3/dist-packages/carla_msgs/msg/_CarlaTrafficLightStatus.py, /home/zq/C-programe-practise/Driveless_PNC/Project_3_LQR ROS1/devel/lib/python3/dist-packages/carla_msgs/msg/_CarlaTrafficLightStatus.py)
Cleaning: (/home/zq/C-programe-practise/Driveless_PNC/Project_3_LQR ROS1/devel/.private/carla_msgs/lib/python3/dist-packages/carla_msgs/msg/_CarlaLaneInvasionEvent.py, /home/zq/C-programe-practise/Driveless_PNC/Project_3_LQR ROS1/devel/lib/python3/dist-packages/carla_msgs/msg/_CarlaLaneInvasionEvent.py)
Cleaning: (/home/zq/C-programe-practise/Driveless_PNC/Project_3_LQR ROS1/devel/.private/carla_msgs/lib/python3/dist-packages/carla_msgs/msg/_CarlaEgoVehicleStatus.py, /home/zq/C-programe-practise/Driveless_PNC/Project_3_LQR ROS1/devel/lib/python3/dist-packages/carla_msgs/msg/_CarlaEgoVehicleStatus.py)
Cleaning: (/home/zq/C-programe-practise/Driveless_PNC/Project_3_LQR ROS1/devel/.private/carla_msgs/lib/python3/dist-packages/carla_msgs/msg/_CarlaEgoVehicleInfoWheel.py, /home/zq/C-programe-practise/Driveless_PNC/Project_3_LQR ROS1/devel/lib/python3/dist-packages/carla_msgs/msg/_CarlaEgoVehicleInfoWheel.py)
Cleaning: (/home/zq/C-programe-practise/Driveless_PNC/Project_3_LQR ROS1/devel/.private/carla_msgs/lib/python3/dist-packages/carla_msgs/msg/_CarlaWorldInfo.py, /home/zq/C-programe-practise/Driveless_PNC/Project_3_LQR ROS1/devel/lib/python3/dist-packages/carla_msgs/msg/_CarlaWorldInfo.py)
Cleaning: (/home/zq/C-programe-practise/Driveless_PNC/Project_3_LQR ROS1/devel/.private/carla_msgs/include/carla_msgs/SpawnObjectRequest.h, /home/zq/C-programe-practise/Driveless_PNC/Project_3_LQR ROS1/devel/include/carla_msgs/SpawnObjectRequest.h)
Cleaning: (/home/zq/C-programe-practise/Driveless_PNC/Project_3_LQR ROS1/devel/.private/carla_msgs/include/carla_msgs/CarlaCollisionEvent.h, /home/zq/C-programe-practise/Driveless_PNC/Project_3_LQR ROS1/devel/include/carla_msgs/CarlaCollisionEvent.h)
Cleaning: (/home/zq/C-programe-practise/Driveless_PNC/Project_3_LQR ROS1/devel/.private/carla_msgs/include/carla_msgs/CarlaActorInfo.h, /home/zq/C-programe-practise/Driveless_PNC/Project_3_LQR ROS1/devel/include/carla_msgs/CarlaActorInfo.h)
Cleaning: (/home/zq/C-programe-practise/Driveless_PNC/Project_3_LQR ROS1/devel/.private/carla_msgs/include/carla_msgs/CarlaEgoVehicleInfo.h, /home/zq/C-programe-practise/Driveless_PNC/Project_3_LQR ROS1/devel/include/carla_msgs/CarlaEgoVehicleInfo.h)
Cleaning: (/home/zq/C-programe-practise/Driveless_PNC/Project_3_LQR ROS1/devel/.private/carla_msgs/include/carla_msgs/CarlaWeatherParameters.h, /home/zq/C-programe-practise/Driveless_PNC/Project_3_LQR ROS1/devel/include/carla_msgs/CarlaWeatherParameters.h)
Cleaning: (/home/zq/C-programe-practise/Driveless_PNC/Project_3_LQR ROS1/devel/.private/carla_msgs/include/carla_msgs/CarlaTrafficLightInfo.h, /home/zq/C-programe-practise/Driveless_PNC/Project_3_LQR ROS1/devel/include/carla_msgs/CarlaTrafficLightInfo.h)
Cleaning: (/home/zq/C-programe-practise/Driveless_PNC/Project_3_LQR ROS1/devel/.private/carla_msgs/include/carla_msgs/CarlaControl.h, /home/zq/C-programe-practise/Driveless_PNC/Project_3_LQR ROS1/devel/include/carla_msgs/CarlaControl.h)
Cleaning: (/home/zq/C-programe-practise/Driveless_PNC/Project_3_LQR ROS1/devel/.private/carla_msgs/include/carla_msgs/CarlaActorList.h, /home/zq/C-programe-practise/Driveless_PNC/Project_3_LQR ROS1/devel/include/carla_msgs/CarlaActorList.h)
Cleaning: (/home/zq/C-programe-practise/Driveless_PNC/Project_3_LQR ROS1/devel/.private/carla_msgs/include/carla_msgs/CarlaStatus.h, /home/zq/C-programe-practise/Driveless_PNC/Project_3_LQR ROS1/devel/include/carla_msgs/CarlaStatus.h)
Cleaning: (/home/zq/C-programe-practise/Driveless_PNC/Project_3_LQR ROS1/devel/.private/carla_msgs/include/carla_msgs/CarlaWalkerControl.h, /home/zq/C-programe-practise/Driveless_PNC/Project_3_LQR ROS1/devel/include/carla_msgs/CarlaWalkerControl.h)
Cleaning: (/home/zq/C-programe-practise/Driveless_PNC/Project_3_LQR ROS1/devel/.private/carla_msgs/include/carla_msgs/GetBlueprintsResponse.h, /home/zq/C-programe-practise/Driveless_PNC/Project_3_LQR ROS1/devel/include/carla_msgs/GetBlueprintsResponse.h)
Cleaning: (/home/zq/C-programe-practise/Driveless_PNC/Project_3_LQR ROS1/devel/.private/carla_msgs/include/carla_msgs/CarlaWorldInfo.h, /home/zq/C-programe-practise/Driveless_PNC/Project_3_LQR ROS1/devel/include/carla_msgs/CarlaWorldInfo.h)
Cleaning: (/home/zq/C-programe-practise/Driveless_PNC/Project_3_LQR ROS1/devel/.private/carla_msgs/include/carla_msgs/CarlaBoundingBox.h, /home/zq/C-programe-practise/Driveless_PNC/Project_3_LQR ROS1/devel/include/carla_msgs/CarlaBoundingBox.h)
Cleaning: (/home/zq/C-programe-practise/Driveless_PNC/Project_3_LQR ROS1/devel/.private/carla_msgs/include/carla_msgs/CarlaTrafficLightStatusList.h, /home/zq/C-programe-practise/Driveless_PNC/Project_3_LQR ROS1/devel/include/carla_msgs/CarlaTrafficLightStatusList.h)
Cleaning: (/home/zq/C-programe-practise/Driveless_PNC/Project_3_LQR ROS1/devel/.private/carla_msgs/include/carla_msgs/GetBlueprintsRequest.h, /home/zq/C-programe-practise/Driveless_PNC/Project_3_LQR ROS1/devel/include/carla_msgs/GetBlueprintsRequest.h)
Cleaning: (/home/zq/C-programe-practise/Driveless_PNC/Project_3_LQR ROS1/devel/.private/carla_msgs/include/carla_msgs/CarlaTrafficLightInfoList.h, /home/zq/C-programe-practise/Driveless_PNC/Project_3_LQR ROS1/devel/include/carla_msgs/CarlaTrafficLightInfoList.h)
Cleaning: (/home/zq/C-programe-practise/Driveless_PNC/Project_3_LQR ROS1/devel/.private/carla_msgs/include/carla_msgs/DestroyObjectRequest.h, /home/zq/C-programe-practise/Driveless_PNC/Project_3_LQR ROS1/devel/include/carla_msgs/DestroyObjectRequest.h)
Cleaning: (/home/zq/C-programe-practise/Driveless_PNC/Project_3_LQR ROS1/devel/.private/carla_msgs/include/carla_msgs/SpawnObjectResponse.h, /home/zq/C-programe-practise/Driveless_PNC/Project_3_LQR ROS1/devel/include/carla_msgs/SpawnObjectResponse.h)
Cleaning: (/home/zq/C-programe-practise/Driveless_PNC/Project_3_LQR ROS1/devel/.private/carla_msgs/include/carla_msgs/CarlaEgoVehicleStatus.h, /home/zq/C-programe-practise/Driveless_PNC/Project_3_LQR ROS1/devel/include/carla_msgs/CarlaEgoVehicleStatus.h)
Cleaning: (/home/zq/C-programe-practise/Driveless_PNC/Project_3_LQR ROS1/devel/.private/carla_msgs/include/carla_msgs/CarlaEgoVehicleControl.h, /home/zq/C-programe-practise/Driveless_PNC/Project_3_LQR ROS1/devel/include/carla_msgs/CarlaEgoVehicleControl.h)
Cleaning: (/home/zq/C-programe-practise/Driveless_PNC/Project_3_LQR ROS1/devel/.private/carla_msgs/include/carla_msgs/CarlaLaneInvasionEvent.h, /home/zq/C-programe-practise/Driveless_PNC/Project_3_LQR ROS1/devel/include/carla_msgs/CarlaLaneInvasionEvent.h)
Cleaning: (/home/zq/C-programe-practise/Driveless_PNC/Project_3_LQR ROS1/devel/.private/carla_msgs/include/carla_msgs/DestroyObjectResponse.h, /home/zq/C-programe-practise/Driveless_PNC/Project_3_LQR ROS1/devel/include/carla_msgs/DestroyObjectResponse.h)
Cleaning: (/home/zq/C-programe-practise/Driveless_PNC/Project_3_LQR ROS1/devel/.private/carla_msgs/include/carla_msgs/CarlaTrafficLightStatus.h, /home/zq/C-programe-practise/Driveless_PNC/Project_3_LQR ROS1/devel/include/carla_msgs/CarlaTrafficLightStatus.h)
Cleaning: (/home/zq/C-programe-practise/Driveless_PNC/Project_3_LQR ROS1/devel/.private/carla_msgs/include/carla_msgs/DestroyObject.h, /home/zq/C-programe-practise/Driveless_PNC/Project_3_LQR ROS1/devel/include/carla_msgs/DestroyObject.h)
Cleaning: (/home/zq/C-programe-practise/Driveless_PNC/Project_3_LQR ROS1/devel/.private/carla_msgs/include/carla_msgs/CarlaEgoVehicleInfoWheel.h, /home/zq/C-programe-practise/Driveless_PNC/Project_3_LQR ROS1/devel/include/carla_msgs/CarlaEgoVehicleInfoWheel.h)
Cleaning: (/home/zq/C-programe-practise/Driveless_PNC/Project_3_LQR ROS1/devel/.private/carla_msgs/include/carla_msgs/SpawnObject.h, /home/zq/C-programe-practise/Driveless_PNC/Project_3_LQR ROS1/devel/include/carla_msgs/SpawnObject.h)
Cleaning: (/home/zq/C-programe-practise/Driveless_PNC/Project_3_LQR ROS1/devel/.private/carla_msgs/include/carla_msgs/GetBlueprints.h, /home/zq/C-programe-practise/Driveless_PNC/Project_3_LQR ROS1/devel/include/carla_msgs/GetBlueprints.h)
Cleaning: (/home/zq/C-programe-practise/Driveless_PNC/Project_3_LQR ROS1/devel/.private/carla_msgs/share/common-lisp/ros/carla_msgs/srv/GetBlueprints.lisp, /home/zq/C-programe-practise/Driveless_PNC/Project_3_LQR ROS1/devel/share/common-lisp/ros/carla_msgs/srv/GetBlueprints.lisp)
Cleaning: (/home/zq/C-programe-practise/Driveless_PNC/Project_3_LQR ROS1/devel/.private/carla_msgs/share/common-lisp/ros/carla_msgs/srv/SpawnObject.lisp, /home/zq/C-programe-practise/Driveless_PNC/Project_3_LQR ROS1/devel/share/common-lisp/ros/carla_msgs/srv/SpawnObject.lisp)
Cleaning: (/home/zq/C-programe-practise/Driveless_PNC/Project_3_LQR ROS1/devel/.private/carla_msgs/share/common-lisp/ros/carla_msgs/srv/_package_SpawnObject.lisp, /home/zq/C-programe-practise/Driveless_PNC/Project_3_LQR ROS1/devel/share/common-lisp/ros/carla_msgs/srv/_package_SpawnObject.lisp)
Cleaning: (/home/zq/C-programe-practise/Driveless_PNC/Project_3_LQR ROS1/devel/.private/carla_msgs/share/common-lisp/ros/carla_msgs/srv/_package_DestroyObject.lisp, /home/zq/C-programe-practise/Driveless_PNC/Project_3_LQR ROS1/devel/share/common-lisp/ros/carla_msgs/srv/_package_DestroyObject.lisp)
Cleaning: (/home/zq/C-programe-practise/Driveless_PNC/Project_3_LQR ROS1/devel/.private/carla_msgs/share/common-lisp/ros/carla_msgs/srv/carla_msgs-srv.asd, /home/zq/C-programe-practise/Driveless_PNC/Project_3_LQR ROS1/devel/share/common-lisp/ros/carla_msgs/srv/carla_msgs-srv.asd)
Cleaning: (/home/zq/C-programe-practise/Driveless_PNC/Project_3_LQR ROS1/devel/.private/carla_msgs/share/common-lisp/ros/carla_msgs/srv/DestroyObject.lisp, /home/zq/C-programe-practise/Driveless_PNC/Project_3_LQR ROS1/devel/share/common-lisp/ros/carla_msgs/srv/DestroyObject.lisp)
Cleaning: (/home/zq/C-programe-practise/Driveless_PNC/Project_3_LQR ROS1/devel/.private/carla_msgs/share/common-lisp/ros/carla_msgs/srv/_package.lisp, /home/zq/C-programe-practise/Driveless_PNC/Project_3_LQR ROS1/devel/share/common-lisp/ros/carla_msgs/srv/_package.lisp)
Cleaning: (/home/zq/C-programe-practise/Driveless_PNC/Project_3_LQR ROS1/devel/.private/carla_msgs/share/common-lisp/ros/carla_msgs/srv/_package_GetBlueprints.lisp, /home/zq/C-programe-practise/Driveless_PNC/Project_3_LQR ROS1/devel/share/common-lisp/ros/carla_msgs/srv/_package_GetBlueprints.lisp)
Cleaning: (/home/zq/C-programe-practise/Driveless_PNC/Project_3_LQR ROS1/devel/.private/carla_msgs/share/common-lisp/ros/carla_msgs/msg/CarlaTrafficLightInfo.lisp, /home/zq/C-programe-practise/Driveless_PNC/Project_3_LQR ROS1/devel/share/common-lisp/ros/carla_msgs/msg/CarlaTrafficLightInfo.lisp)
Cleaning: (/home/zq/C-programe-practise/Driveless_PNC/Project_3_LQR ROS1/devel/.private/carla_msgs/share/common-lisp/ros/carla_msgs/msg/CarlaCollisionEvent.lisp, /home/zq/C-programe-practise/Driveless_PNC/Project_3_LQR ROS1/devel/share/common-lisp/ros/carla_msgs/msg/CarlaCollisionEvent.lisp)
Cleaning: (/home/zq/C-programe-practise/Driveless_PNC/Project_3_LQR ROS1/devel/.private/carla_msgs/share/common-lisp/ros/carla_msgs/msg/_package_CarlaTrafficLightInfoList.lisp, /home/zq/C-programe-practise/Driveless_PNC/Project_3_LQR ROS1/devel/share/common-lisp/ros/carla_msgs/msg/_package_CarlaTrafficLightInfoList.lisp)
Cleaning: (/home/zq/C-programe-practise/Driveless_PNC/Project_3_LQR ROS1/devel/.private/carla_msgs/share/common-lisp/ros/carla_msgs/msg/CarlaEgoVehicleInfo.lisp, /home/zq/C-programe-practise/Driveless_PNC/Project_3_LQR ROS1/devel/share/common-lisp/ros/carla_msgs/msg/CarlaEgoVehicleInfo.lisp)
Cleaning: (/home/zq/C-programe-practise/Driveless_PNC/Project_3_LQR ROS1/devel/.private/carla_msgs/share/common-lisp/ros/carla_msgs/msg/_package_CarlaWorldInfo.lisp, /home/zq/C-programe-practise/Driveless_PNC/Project_3_LQR ROS1/devel/share/common-lisp/ros/carla_msgs/msg/_package_CarlaWorldInfo.lisp)
Cleaning: (/home/zq/C-programe-practise/Driveless_PNC/Project_3_LQR ROS1/devel/.private/carla_msgs/share/common-lisp/ros/carla_msgs/msg/CarlaStatus.lisp, /home/zq/C-programe-practise/Driveless_PNC/Project_3_LQR ROS1/devel/share/common-lisp/ros/carla_msgs/msg/CarlaStatus.lisp)
Cleaning: (/home/zq/C-programe-practise/Driveless_PNC/Project_3_LQR ROS1/devel/.private/carla_msgs/share/common-lisp/ros/carla_msgs/msg/_package_CarlaControl.lisp, /home/zq/C-programe-practise/Driveless_PNC/Project_3_LQR ROS1/devel/share/common-lisp/ros/carla_msgs/msg/_package_CarlaControl.lisp)
Cleaning: (/home/zq/C-programe-practise/Driveless_PNC/Project_3_LQR ROS1/devel/.private/carla_msgs/share/common-lisp/ros/carla_msgs/msg/CarlaTrafficLightStatus.lisp, /home/zq/C-programe-practise/Driveless_PNC/Project_3_LQR ROS1/devel/share/common-lisp/ros/carla_msgs/msg/CarlaTrafficLightStatus.lisp)
Cleaning: (/home/zq/C-programe-practise/Driveless_PNC/Project_3_LQR ROS1/devel/.private/carla_msgs/share/common-lisp/ros/carla_msgs/msg/CarlaActorList.lisp, /home/zq/C-programe-practise/Driveless_PNC/Project_3_LQR ROS1/devel/share/common-lisp/ros/carla_msgs/msg/CarlaActorList.lisp)
Cleaning: (/home/zq/C-programe-practise/Driveless_PNC/Project_3_LQR ROS1/devel/.private/carla_msgs/share/common-lisp/ros/carla_msgs/msg/CarlaEgoVehicleStatus.lisp, /home/zq/C-programe-practise/Driveless_PNC/Project_3_LQR ROS1/devel/share/common-lisp/ros/carla_msgs/msg/CarlaEgoVehicleStatus.lisp)
Cleaning: (/home/zq/C-programe-practise/Driveless_PNC/Project_3_LQR ROS1/devel/.private/carla_msgs/share/common-lisp/ros/carla_msgs/msg/CarlaWorldInfo.lisp, /home/zq/C-programe-practise/Driveless_PNC/Project_3_LQR ROS1/devel/share/common-lisp/ros/carla_msgs/msg/CarlaWorldInfo.lisp)
Cleaning: (/home/zq/C-programe-practise/Driveless_PNC/Project_3_LQR ROS1/devel/.private/carla_msgs/share/common-lisp/ros/carla_msgs/msg/CarlaTrafficLightInfoList.lisp, /home/zq/C-programe-practise/Driveless_PNC/Project_3_LQR ROS1/devel/share/common-lisp/ros/carla_msgs/msg/CarlaTrafficLightInfoList.lisp)
Cleaning: (/home/zq/C-programe-practise/Driveless_PNC/Project_3_LQR ROS1/devel/.private/carla_msgs/share/common-lisp/ros/carla_msgs/msg/_package_CarlaActorList.lisp, /home/zq/C-programe-practise/Driveless_PNC/Project_3_LQR ROS1/devel/share/common-lisp/ros/carla_msgs/msg/_package_CarlaActorList.lisp)
Cleaning: (/home/zq/C-programe-practise/Driveless_PNC/Project_3_LQR ROS1/devel/.private/carla_msgs/share/common-lisp/ros/carla_msgs/msg/_package_CarlaEgoVehicleControl.lisp, /home/zq/C-programe-practise/Driveless_PNC/Project_3_LQR ROS1/devel/share/common-lisp/ros/carla_msgs/msg/_package_CarlaEgoVehicleControl.lisp)
Cleaning: (/home/zq/C-programe-practise/Driveless_PNC/Project_3_LQR ROS1/devel/.private/carla_msgs/share/common-lisp/ros/carla_msgs/msg/_package_CarlaActorInfo.lisp, /home/zq/C-programe-practise/Driveless_PNC/Project_3_LQR ROS1/devel/share/common-lisp/ros/carla_msgs/msg/_package_CarlaActorInfo.lisp)
Cleaning: (/home/zq/C-programe-practise/Driveless_PNC/Project_3_LQR ROS1/devel/.private/carla_msgs/share/common-lisp/ros/carla_msgs/msg/CarlaActorInfo.lisp, /home/zq/C-programe-practise/Driveless_PNC/Project_3_LQR ROS1/devel/share/common-lisp/ros/carla_msgs/msg/CarlaActorInfo.lisp)
Cleaning: (/home/zq/C-programe-practise/Driveless_PNC/Project_3_LQR ROS1/devel/.private/carla_msgs/share/common-lisp/ros/carla_msgs/msg/carla_msgs-msg.asd, /home/zq/C-programe-practise/Driveless_PNC/Project_3_LQR ROS1/devel/share/common-lisp/ros/carla_msgs/msg/carla_msgs-msg.asd)
Cleaning: (/home/zq/C-programe-practise/Driveless_PNC/Project_3_LQR ROS1/devel/.private/carla_msgs/share/common-lisp/ros/carla_msgs/msg/CarlaWeatherParameters.lisp, /home/zq/C-programe-practise/Driveless_PNC/Project_3_LQR ROS1/devel/share/common-lisp/ros/carla_msgs/msg/CarlaWeatherParameters.lisp)
Cleaning: (/home/zq/C-programe-practise/Driveless_PNC/Project_3_LQR ROS1/devel/.private/carla_msgs/share/common-lisp/ros/carla_msgs/msg/_package_CarlaWeatherParameters.lisp, /home/zq/C-programe-practise/Driveless_PNC/Project_3_LQR ROS1/devel/share/common-lisp/ros/carla_msgs/msg/_package_CarlaWeatherParameters.lisp)
Cleaning: (/home/zq/C-programe-practise/Driveless_PNC/Project_3_LQR ROS1/devel/.private/carla_msgs/share/common-lisp/ros/carla_msgs/msg/CarlaBoundingBox.lisp, /home/zq/C-programe-practise/Driveless_PNC/Project_3_LQR ROS1/devel/share/common-lisp/ros/carla_msgs/msg/CarlaBoundingBox.lisp)
Cleaning: (/home/zq/C-programe-practise/Driveless_PNC/Project_3_LQR ROS1/devel/.private/carla_msgs/share/common-lisp/ros/carla_msgs/msg/_package_CarlaBoundingBox.lisp, /home/zq/C-programe-practise/Driveless_PNC/Project_3_LQR ROS1/devel/share/common-lisp/ros/carla_msgs/msg/_package_CarlaBoundingBox.lisp)
Cleaning: (/home/zq/C-programe-practise/Driveless_PNC/Project_3_LQR ROS1/devel/.private/carla_msgs/share/common-lisp/ros/carla_msgs/msg/_package_CarlaLaneInvasionEvent.lisp, /home/zq/C-programe-practise/Driveless_PNC/Project_3_LQR ROS1/devel/share/common-lisp/ros/carla_msgs/msg/_package_CarlaLaneInvasionEvent.lisp)
Cleaning: (/home/zq/C-programe-practise/Driveless_PNC/Project_3_LQR ROS1/devel/.private/carla_msgs/share/common-lisp/ros/carla_msgs/msg/_package_CarlaEgoVehicleInfoWheel.lisp, /home/zq/C-programe-practise/Driveless_PNC/Project_3_LQR ROS1/devel/share/common-lisp/ros/carla_msgs/msg/_package_CarlaEgoVehicleInfoWheel.lisp)
Cleaning: (/home/zq/C-programe-practise/Driveless_PNC/Project_3_LQR ROS1/devel/.private/carla_msgs/share/common-lisp/ros/carla_msgs/msg/CarlaEgoVehicleControl.lisp, /home/zq/C-programe-practise/Driveless_PNC/Project_3_LQR ROS1/devel/share/common-lisp/ros/carla_msgs/msg/CarlaEgoVehicleControl.lisp)
Cleaning: (/home/zq/C-programe-practise/Driveless_PNC/Project_3_LQR ROS1/devel/.private/carla_msgs/share/common-lisp/ros/carla_msgs/msg/CarlaControl.lisp, /home/zq/C-programe-practise/Driveless_PNC/Project_3_LQR ROS1/devel/share/common-lisp/ros/carla_msgs/msg/CarlaControl.lisp)
Cleaning: (/home/zq/C-programe-practise/Driveless_PNC/Project_3_LQR ROS1/devel/.private/carla_msgs/share/common-lisp/ros/carla_msgs/msg/CarlaLaneInvasionEvent.lisp, /home/zq/C-programe-practise/Driveless_PNC/Project_3_LQR ROS1/devel/share/common-lisp/ros/carla_msgs/msg/CarlaLaneInvasionEvent.lisp)
Cleaning: (/home/zq/C-programe-practise/Driveless_PNC/Project_3_LQR ROS1/devel/.private/carla_msgs/share/common-lisp/ros/carla_msgs/msg/_package_CarlaCollisionEvent.lisp, /home/zq/C-programe-practise/Driveless_PNC/Project_3_LQR ROS1/devel/share/common-lisp/ros/carla_msgs/msg/_package_CarlaCollisionEvent.lisp)
Cleaning: (/home/zq/C-programe-practise/Driveless_PNC/Project_3_LQR ROS1/devel/.private/carla_msgs/share/common-lisp/ros/carla_msgs/msg/_package_CarlaTrafficLightStatusList.lisp, /home/zq/C-programe-practise/Driveless_PNC/Project_3_LQR ROS1/devel/share/common-lisp/ros/carla_msgs/msg/_package_CarlaTrafficLightStatusList.lisp)
Cleaning: (/home/zq/C-programe-practise/Driveless_PNC/Project_3_LQR ROS1/devel/.private/carla_msgs/share/common-lisp/ros/carla_msgs/msg/_package.lisp, /home/zq/C-programe-practise/Driveless_PNC/Project_3_LQR ROS1/devel/share/common-lisp/ros/carla_msgs/msg/_package.lisp)
Cleaning: (/home/zq/C-programe-practise/Driveless_PNC/Project_3_LQR ROS1/devel/.private/carla_msgs/share/common-lisp/ros/carla_msgs/msg/CarlaWalkerControl.lisp, /home/zq/C-programe-practise/Driveless_PNC/Project_3_LQR ROS1/devel/share/common-lisp/ros/carla_msgs/msg/CarlaWalkerControl.lisp)
Cleaning: (/home/zq/C-programe-practise/Driveless_PNC/Project_3_LQR ROS1/devel/.private/carla_msgs/share/common-lisp/ros/carla_msgs/msg/CarlaEgoVehicleInfoWheel.lisp, /home/zq/C-programe-practise/Driveless_PNC/Project_3_LQR ROS1/devel/share/common-lisp/ros/carla_msgs/msg/CarlaEgoVehicleInfoWheel.lisp)
Cleaning: (/home/zq/C-programe-practise/Driveless_PNC/Project_3_LQR ROS1/devel/.private/carla_msgs/share/common-lisp/ros/carla_msgs/msg/_package_CarlaEgoVehicleInfo.lisp, /home/zq/C-programe-practise/Driveless_PNC/Project_3_LQR ROS1/devel/share/common-lisp/ros/carla_msgs/msg/_package_CarlaEgoVehicleInfo.lisp)
Cleaning: (/home/zq/C-programe-practise/Driveless_PNC/Project_3_LQR ROS1/devel/.private/carla_msgs/share/common-lisp/ros/carla_msgs/msg/_package_CarlaEgoVehicleStatus.lisp, /home/zq/C-programe-practise/Driveless_PNC/Project_3_LQR ROS1/devel/share/common-lisp/ros/carla_msgs/msg/_package_CarlaEgoVehicleStatus.lisp)
Cleaning: (/home/zq/C-programe-practise/Driveless_PNC/Project_3_LQR ROS1/devel/.private/carla_msgs/share/common-lisp/ros/carla_msgs/msg/_package_CarlaStatus.lisp, /home/zq/C-programe-practise/Driveless_PNC/Project_3_LQR ROS1/devel/share/common-lisp/ros/carla_msgs/msg/_package_CarlaStatus.lisp)
Cleaning: (/home/zq/C-programe-practise/Driveless_PNC/Project_3_LQR ROS1/devel/.private/carla_msgs/share/common-lisp/ros/carla_msgs/msg/CarlaTrafficLightStatusList.lisp, /home/zq/C-programe-practise/Driveless_PNC/Project_3_LQR ROS1/devel/share/common-lisp/ros/carla_msgs/msg/CarlaTrafficLightStatusList.lisp)
Cleaning: (/home/zq/C-programe-practise/Driveless_PNC/Project_3_LQR ROS1/devel/.private/carla_msgs/share/common-lisp/ros/carla_msgs/msg/_package_CarlaTrafficLightStatus.lisp, /home/zq/C-programe-practise/Driveless_PNC/Project_3_LQR ROS1/devel/share/common-lisp/ros/carla_msgs/msg/_package_CarlaTrafficLightStatus.lisp)
Cleaning: (/home/zq/C-programe-practise/Driveless_PNC/Project_3_LQR ROS1/devel/.private/carla_msgs/share/common-lisp/ros/carla_msgs/msg/_package_CarlaTrafficLightInfo.lisp, /home/zq/C-programe-practise/Driveless_PNC/Project_3_LQR ROS1/devel/share/common-lisp/ros/carla_msgs/msg/_package_CarlaTrafficLightInfo.lisp)
Cleaning: (/home/zq/C-programe-practise/Driveless_PNC/Project_3_LQR ROS1/devel/.private/carla_msgs/share/common-lisp/ros/carla_msgs/msg/_package_CarlaWalkerControl.lisp, /home/zq/C-programe-practise/Driveless_PNC/Project_3_LQR ROS1/devel/share/common-lisp/ros/carla_msgs/msg/_package_CarlaWalkerControl.lisp)
Cleaning: (/home/zq/C-programe-practise/Driveless_PNC/Project_3_LQR ROS1/devel/.private/carla_msgs/share/roseus/ros/carla_msgs/manifest.l, /home/zq/C-programe-practise/Driveless_PNC/Project_3_LQR ROS1/devel/share/roseus/ros/carla_msgs/manifest.l)
Cleaning: (/home/zq/C-programe-practise/Driveless_PNC/Project_3_LQR ROS1/devel/.private/carla_msgs/share/roseus/ros/carla_msgs/srv/DestroyObject.l, /home/zq/C-programe-practise/Driveless_PNC/Project_3_LQR ROS1/devel/share/roseus/ros/carla_msgs/srv/DestroyObject.l)
Cleaning: (/home/zq/C-programe-practise/Driveless_PNC/Project_3_LQR ROS1/devel/.private/carla_msgs/share/roseus/ros/carla_msgs/srv/GetBlueprints.l, /home/zq/C-programe-practise/Driveless_PNC/Project_3_LQR ROS1/devel/share/roseus/ros/carla_msgs/srv/GetBlueprints.l)
Cleaning: (/home/zq/C-programe-practise/Driveless_PNC/Project_3_LQR ROS1/devel/.private/carla_msgs/share/roseus/ros/carla_msgs/srv/SpawnObject.l, /home/zq/C-programe-practise/Driveless_PNC/Project_3_LQR ROS1/devel/share/roseus/ros/carla_msgs/srv/SpawnObject.l)
Cleaning: (/home/zq/C-programe-practise/Driveless_PNC/Project_3_LQR ROS1/devel/.private/carla_msgs/share/roseus/ros/carla_msgs/msg/CarlaTrafficLightStatusList.l, /home/zq/C-programe-practise/Driveless_PNC/Project_3_LQR ROS1/devel/share/roseus/ros/carla_msgs/msg/CarlaTrafficLightStatusList.l)
Cleaning: (/home/zq/C-programe-practise/Driveless_PNC/Project_3_LQR ROS1/devel/.private/carla_msgs/share/roseus/ros/carla_msgs/msg/CarlaActorList.l, /home/zq/C-programe-practise/Driveless_PNC/Project_3_LQR ROS1/devel/share/roseus/ros/carla_msgs/msg/CarlaActorList.l)
Cleaning: (/home/zq/C-programe-practise/Driveless_PNC/Project_3_LQR ROS1/devel/.private/carla_msgs/share/roseus/ros/carla_msgs/msg/CarlaStatus.l, /home/zq/C-programe-practise/Driveless_PNC/Project_3_LQR ROS1/devel/share/roseus/ros/carla_msgs/msg/CarlaStatus.l)
Cleaning: (/home/zq/C-programe-practise/Driveless_PNC/Project_3_LQR ROS1/devel/.private/carla_msgs/share/roseus/ros/carla_msgs/msg/CarlaWalkerControl.l, /home/zq/C-programe-practise/Driveless_PNC/Project_3_LQR ROS1/devel/share/roseus/ros/carla_msgs/msg/CarlaWalkerControl.l)
Cleaning: (/home/zq/C-programe-practise/Driveless_PNC/Project_3_LQR ROS1/devel/.private/carla_msgs/share/roseus/ros/carla_msgs/msg/CarlaActorInfo.l, /home/zq/C-programe-practise/Driveless_PNC/Project_3_LQR ROS1/devel/share/roseus/ros/carla_msgs/msg/CarlaActorInfo.l)
Cleaning: (/home/zq/C-programe-practise/Driveless_PNC/Project_3_LQR ROS1/devel/.private/carla_msgs/share/roseus/ros/carla_msgs/msg/CarlaEgoVehicleStatus.l, /home/zq/C-programe-practise/Driveless_PNC/Project_3_LQR ROS1/devel/share/roseus/ros/carla_msgs/msg/CarlaEgoVehicleStatus.l)
Cleaning: (/home/zq/C-programe-practise/Driveless_PNC/Project_3_LQR ROS1/devel/.private/carla_msgs/share/roseus/ros/carla_msgs/msg/CarlaWeatherParameters.l, /home/zq/C-programe-practise/Driveless_PNC/Project_3_LQR ROS1/devel/share/roseus/ros/carla_msgs/msg/CarlaWeatherParameters.l)
Cleaning: (/home/zq/C-programe-practise/Driveless_PNC/Project_3_LQR ROS1/devel/.private/carla_msgs/share/roseus/ros/carla_msgs/msg/CarlaWorldInfo.l, /home/zq/C-programe-practise/Driveless_PNC/Project_3_LQR ROS1/devel/share/roseus/ros/carla_msgs/msg/CarlaWorldInfo.l)
Cleaning: (/home/zq/C-programe-practise/Driveless_PNC/Project_3_LQR ROS1/devel/.private/carla_msgs/share/roseus/ros/carla_msgs/msg/CarlaEgoVehicleControl.l, /home/zq/C-programe-practise/Driveless_PNC/Project_3_LQR ROS1/devel/share/roseus/ros/carla_msgs/msg/CarlaEgoVehicleControl.l)
Cleaning: (/home/zq/C-programe-practise/Driveless_PNC/Project_3_LQR ROS1/devel/.private/carla_msgs/share/roseus/ros/carla_msgs/msg/CarlaControl.l, /home/zq/C-programe-practise/Driveless_PNC/Project_3_LQR ROS1/devel/share/roseus/ros/carla_msgs/msg/CarlaControl.l)
Cleaning: (/home/zq/C-programe-practise/Driveless_PNC/Project_3_LQR ROS1/devel/.private/carla_msgs/share/roseus/ros/carla_msgs/msg/CarlaLaneInvasionEvent.l, /home/zq/C-programe-practise/Driveless_PNC/Project_3_LQR ROS1/devel/share/roseus/ros/carla_msgs/msg/CarlaLaneInvasionEvent.l)
Cleaning: (/home/zq/C-programe-practise/Driveless_PNC/Project_3_LQR ROS1/devel/.private/carla_msgs/share/roseus/ros/carla_msgs/msg/CarlaEgoVehicleInfo.l, /home/zq/C-programe-practise/Driveless_PNC/Project_3_LQR ROS1/devel/share/roseus/ros/carla_msgs/msg/CarlaEgoVehicleInfo.l)
Cleaning: (/home/zq/C-programe-practise/Driveless_PNC/Project_3_LQR ROS1/devel/.private/carla_msgs/share/roseus/ros/carla_msgs/msg/CarlaTrafficLightInfoList.l, /home/zq/C-programe-practise/Driveless_PNC/Project_3_LQR ROS1/devel/share/roseus/ros/carla_msgs/msg/CarlaTrafficLightInfoList.l)
Cleaning: (/home/zq/C-programe-practise/Driveless_PNC/Project_3_LQR ROS1/devel/.private/carla_msgs/share/roseus/ros/carla_msgs/msg/CarlaEgoVehicleInfoWheel.l, /home/zq/C-programe-practise/Driveless_PNC/Project_3_LQR ROS1/devel/share/roseus/ros/carla_msgs/msg/CarlaEgoVehicleInfoWheel.l)
Cleaning: (/home/zq/C-programe-practise/Driveless_PNC/Project_3_LQR ROS1/devel/.private/carla_msgs/share/roseus/ros/carla_msgs/msg/CarlaTrafficLightInfo.l, /home/zq/C-programe-practise/Driveless_PNC/Project_3_LQR ROS1/devel/share/roseus/ros/carla_msgs/msg/CarlaTrafficLightInfo.l)
Cleaning: (/home/zq/C-programe-practise/Driveless_PNC/Project_3_LQR ROS1/devel/.private/carla_msgs/share/roseus/ros/carla_msgs/msg/CarlaCollisionEvent.l, /home/zq/C-programe-practise/Driveless_PNC/Project_3_LQR ROS1/devel/share/roseus/ros/carla_msgs/msg/CarlaCollisionEvent.l)
Cleaning: (/home/zq/C-programe-practise/Driveless_PNC/Project_3_LQR ROS1/devel/.private/carla_msgs/share/roseus/ros/carla_msgs/msg/CarlaBoundingBox.l, /home/zq/C-programe-practise/Driveless_PNC/Project_3_LQR ROS1/devel/share/roseus/ros/carla_msgs/msg/CarlaBoundingBox.l)
Cleaning: (/home/zq/C-programe-practise/Driveless_PNC/Project_3_LQR ROS1/devel/.private/carla_msgs/share/roseus/ros/carla_msgs/msg/CarlaTrafficLightStatus.l, /home/zq/C-programe-practise/Driveless_PNC/Project_3_LQR ROS1/devel/share/roseus/ros/carla_msgs/msg/CarlaTrafficLightStatus.l)
Cleaning: (/home/zq/C-programe-practise/Driveless_PNC/Project_3_LQR ROS1/devel/.private/carla_msgs/share/gennodejs/ros/carla_msgs/_index.js, /home/zq/C-programe-practise/Driveless_PNC/Project_3_LQR ROS1/devel/share/gennodejs/ros/carla_msgs/_index.js)
Cleaning: (/home/zq/C-programe-practise/Driveless_PNC/Project_3_LQR ROS1/devel/.private/carla_msgs/share/gennodejs/ros/carla_msgs/srv/SpawnObject.js, /home/zq/C-programe-practise/Driveless_PNC/Project_3_LQR ROS1/devel/share/gennodejs/ros/carla_msgs/srv/SpawnObject.js)
Cleaning: (/home/zq/C-programe-practise/Driveless_PNC/Project_3_LQR ROS1/devel/.private/carla_msgs/share/gennodejs/ros/carla_msgs/srv/DestroyObject.js, /home/zq/C-programe-practise/Driveless_PNC/Project_3_LQR ROS1/devel/share/gennodejs/ros/carla_msgs/srv/DestroyObject.js)
Cleaning: (/home/zq/C-programe-practise/Driveless_PNC/Project_3_LQR ROS1/devel/.private/carla_msgs/share/gennodejs/ros/carla_msgs/srv/GetBlueprints.js, /home/zq/C-programe-practise/Driveless_PNC/Project_3_LQR ROS1/devel/share/gennodejs/ros/carla_msgs/srv/GetBlueprints.js)
Cleaning: (/home/zq/C-programe-practise/Driveless_PNC/Project_3_LQR ROS1/devel/.private/carla_msgs/share/gennodejs/ros/carla_msgs/srv/_index.js, /home/zq/C-programe-practise/Driveless_PNC/Project_3_LQR ROS1/devel/share/gennodejs/ros/carla_msgs/srv/_index.js)
Cleaning: (/home/zq/C-programe-practise/Driveless_PNC/Project_3_LQR ROS1/devel/.private/carla_msgs/share/gennodejs/ros/carla_msgs/msg/CarlaEgoVehicleControl.js, /home/zq/C-programe-practise/Driveless_PNC/Project_3_LQR ROS1/devel/share/gennodejs/ros/carla_msgs/msg/CarlaEgoVehicleControl.js)
Cleaning: (/home/zq/C-programe-practise/Driveless_PNC/Project_3_LQR ROS1/devel/.private/carla_msgs/share/gennodejs/ros/carla_msgs/msg/CarlaBoundingBox.js, /home/zq/C-programe-practise/Driveless_PNC/Project_3_LQR ROS1/devel/share/gennodejs/ros/carla_msgs/msg/CarlaBoundingBox.js)
Cleaning: (/home/zq/C-programe-practise/Driveless_PNC/Project_3_LQR ROS1/devel/.private/carla_msgs/share/gennodejs/ros/carla_msgs/msg/CarlaActorList.js, /home/zq/C-programe-practise/Driveless_PNC/Project_3_LQR ROS1/devel/share/gennodejs/ros/carla_msgs/msg/CarlaActorList.js)
Cleaning: (/home/zq/C-programe-practise/Driveless_PNC/Project_3_LQR ROS1/devel/.private/carla_msgs/share/gennodejs/ros/carla_msgs/msg/CarlaEgoVehicleInfoWheel.js, /home/zq/C-programe-practise/Driveless_PNC/Project_3_LQR ROS1/devel/share/gennodejs/ros/carla_msgs/msg/CarlaEgoVehicleInfoWheel.js)
Cleaning: (/home/zq/C-programe-practise/Driveless_PNC/Project_3_LQR ROS1/devel/.private/carla_msgs/share/gennodejs/ros/carla_msgs/msg/CarlaCollisionEvent.js, /home/zq/C-programe-practise/Driveless_PNC/Project_3_LQR ROS1/devel/share/gennodejs/ros/carla_msgs/msg/CarlaCollisionEvent.js)
Cleaning: (/home/zq/C-programe-practise/Driveless_PNC/Project_3_LQR ROS1/devel/.private/carla_msgs/share/gennodejs/ros/carla_msgs/msg/CarlaEgoVehicleStatus.js, /home/zq/C-programe-practise/Driveless_PNC/Project_3_LQR ROS1/devel/share/gennodejs/ros/carla_msgs/msg/CarlaEgoVehicleStatus.js)
Cleaning: (/home/zq/C-programe-practise/Driveless_PNC/Project_3_LQR ROS1/devel/.private/carla_msgs/share/gennodejs/ros/carla_msgs/msg/CarlaEgoVehicleInfo.js, /home/zq/C-programe-practise/Driveless_PNC/Project_3_LQR ROS1/devel/share/gennodejs/ros/carla_msgs/msg/CarlaEgoVehicleInfo.js)
Cleaning: (/home/zq/C-programe-practise/Driveless_PNC/Project_3_LQR ROS1/devel/.private/carla_msgs/share/gennodejs/ros/carla_msgs/msg/CarlaTrafficLightStatus.js, /home/zq/C-programe-practise/Driveless_PNC/Project_3_LQR ROS1/devel/share/gennodejs/ros/carla_msgs/msg/CarlaTrafficLightStatus.js)
Cleaning: (/home/zq/C-programe-practise/Driveless_PNC/Project_3_LQR ROS1/devel/.private/carla_msgs/share/gennodejs/ros/carla_msgs/msg/CarlaWalkerControl.js, /home/zq/C-programe-practise/Driveless_PNC/Project_3_LQR ROS1/devel/share/gennodejs/ros/carla_msgs/msg/CarlaWalkerControl.js)
Cleaning: (/home/zq/C-programe-practise/Driveless_PNC/Project_3_LQR ROS1/devel/.private/carla_msgs/share/gennodejs/ros/carla_msgs/msg/CarlaControl.js, /home/zq/C-programe-practise/Driveless_PNC/Project_3_LQR ROS1/devel/share/gennodejs/ros/carla_msgs/msg/CarlaControl.js)
Cleaning: (/home/zq/C-programe-practise/Driveless_PNC/Project_3_LQR ROS1/devel/.private/carla_msgs/share/gennodejs/ros/carla_msgs/msg/CarlaTrafficLightStatusList.js, /home/zq/C-programe-practise/Driveless_PNC/Project_3_LQR ROS1/devel/share/gennodejs/ros/carla_msgs/msg/CarlaTrafficLightStatusList.js)
Cleaning: (/home/zq/C-programe-practise/Driveless_PNC/Project_3_LQR ROS1/devel/.private/carla_msgs/share/gennodejs/ros/carla_msgs/msg/CarlaWorldInfo.js, /home/zq/C-programe-practise/Driveless_PNC/Project_3_LQR ROS1/devel/share/gennodejs/ros/carla_msgs/msg/CarlaWorldInfo.js)
Cleaning: (/home/zq/C-programe-practise/Driveless_PNC/Project_3_LQR ROS1/devel/.private/carla_msgs/share/gennodejs/ros/carla_msgs/msg/CarlaWeatherParameters.js, /home/zq/C-programe-practise/Driveless_PNC/Project_3_LQR ROS1/devel/share/gennodejs/ros/carla_msgs/msg/CarlaWeatherParameters.js)
Cleaning: (/home/zq/C-programe-practise/Driveless_PNC/Project_3_LQR ROS1/devel/.private/carla_msgs/share/gennodejs/ros/carla_msgs/msg/_index.js, /home/zq/C-programe-practise/Driveless_PNC/Project_3_LQR ROS1/devel/share/gennodejs/ros/carla_msgs/msg/_index.js)
Cleaning: (/home/zq/C-programe-practise/Driveless_PNC/Project_3_LQR ROS1/devel/.private/carla_msgs/share/gennodejs/ros/carla_msgs/msg/CarlaTrafficLightInfo.js, /home/zq/C-programe-practise/Driveless_PNC/Project_3_LQR ROS1/devel/share/gennodejs/ros/carla_msgs/msg/CarlaTrafficLightInfo.js)
Cleaning: (/home/zq/C-programe-practise/Driveless_PNC/Project_3_LQR ROS1/devel/.private/carla_msgs/share/gennodejs/ros/carla_msgs/msg/CarlaLaneInvasionEvent.js, /home/zq/C-programe-practise/Driveless_PNC/Project_3_LQR ROS1/devel/share/gennodejs/ros/carla_msgs/msg/CarlaLaneInvasionEvent.js)
Cleaning: (/home/zq/C-programe-practise/Driveless_PNC/Project_3_LQR ROS1/devel/.private/carla_msgs/share/gennodejs/ros/carla_msgs/msg/CarlaActorInfo.js, /home/zq/C-programe-practise/Driveless_PNC/Project_3_LQR ROS1/devel/share/gennodejs/ros/carla_msgs/msg/CarlaActorInfo.js)
Cleaning: (/home/zq/C-programe-practise/Driveless_PNC/Project_3_LQR ROS1/devel/.private/carla_msgs/share/gennodejs/ros/carla_msgs/msg/CarlaStatus.js, /home/zq/C-programe-practise/Driveless_PNC/Project_3_LQR ROS1/devel/share/gennodejs/ros/carla_msgs/msg/CarlaStatus.js)
Cleaning: (/home/zq/C-programe-practise/Driveless_PNC/Project_3_LQR ROS1/devel/.private/carla_msgs/share/gennodejs/ros/carla_msgs/msg/CarlaTrafficLightInfoList.js, /home/zq/C-programe-practise/Driveless_PNC/Project_3_LQR ROS1/devel/share/gennodejs/ros/carla_msgs/msg/CarlaTrafficLightInfoList.js)
Cleaning: (/home/zq/C-programe-practise/Driveless_PNC/Project_3_LQR ROS1/devel/.private/carla_msgs/share/carla_msgs/cmake/carla_msgs-msg-paths.cmake, /home/zq/C-programe-practise/Driveless_PNC/Project_3_LQR ROS1/devel/share/carla_msgs/cmake/carla_msgs-msg-paths.cmake)
Cleaning: (/home/zq/C-programe-practise/Driveless_PNC/Project_3_LQR ROS1/devel/.private/carla_msgs/share/carla_msgs/cmake/carla_msgsConfig-version.cmake, /home/zq/C-programe-practise/Driveless_PNC/Project_3_LQR ROS1/devel/share/carla_msgs/cmake/carla_msgsConfig-version.cmake)
Cleaning: (/home/zq/C-programe-practise/Driveless_PNC/Project_3_LQR ROS1/devel/.private/carla_msgs/share/carla_msgs/cmake/carla_msgs-msg-extras.cmake, /home/zq/C-programe-practise/Driveless_PNC/Project_3_LQR ROS1/devel/share/carla_msgs/cmake/carla_msgs-msg-extras.cmake)
Cleaning: (/home/zq/C-programe-practise/Driveless_PNC/Project_3_LQR ROS1/devel/.private/carla_msgs/share/carla_msgs/cmake/carla_msgsConfig.cmake, /home/zq/C-programe-practise/Driveless_PNC/Project_3_LQR ROS1/devel/share/carla_msgs/cmake/carla_msgsConfig.cmake)
Unlinking: /home/zq/C-programe-practise/Driveless_PNC/Project_3_LQR ROS1/devel/lib/pkgconfig/carla_msgs.pc
Already unlinked: {}
Unlinking: /home/zq/C-programe-practise/Driveless_PNC/Project_3_LQR ROS1/devel/lib/python3/dist-packages/carla_msgs/__init__.py
Already unlinked: {}
Unlinking: /home/zq/C-programe-practise/Driveless_PNC/Project_3_LQR ROS1/devel/lib/python3/dist-packages/carla_msgs/srv/_SpawnObject.py
Already unlinked: {}
Unlinking: /home/zq/C-programe-practise/Driveless_PNC/Project_3_LQR ROS1/devel/lib/python3/dist-packages/carla_msgs/srv/__init__.py
Already unlinked: {}
Unlinking: /home/zq/C-programe-practise/Driveless_PNC/Project_3_LQR ROS1/devel/lib/python3/dist-packages/carla_msgs/srv/_DestroyObject.py
Already unlinked: {}
Unlinking: /home/zq/C-programe-practise/Driveless_PNC/Project_3_LQR ROS1/devel/lib/python3/dist-packages/carla_msgs/srv/_GetBlueprints.py
Already unlinked: {}
Unlinking: /home/zq/C-programe-practise/Driveless_PNC/Project_3_LQR ROS1/devel/lib/python3/dist-packages/carla_msgs/msg/__init__.py
Already unlinked: {}
Unlinking: /home/zq/C-programe-practise/Driveless_PNC/Project_3_LQR ROS1/devel/lib/python3/dist-packages/carla_msgs/msg/_CarlaBoundingBox.py
Already unlinked: {}
Unlinking: /home/zq/C-programe-practise/Driveless_PNC/Project_3_LQR ROS1/devel/lib/python3/dist-packages/carla_msgs/msg/_CarlaWalkerControl.py
Already unlinked: {}
Unlinking: /home/zq/C-programe-practise/Driveless_PNC/Project_3_LQR ROS1/devel/lib/python3/dist-packages/carla_msgs/msg/_CarlaTrafficLightStatusList.py
Already unlinked: {}
Unlinking: /home/zq/C-programe-practise/Driveless_PNC/Project_3_LQR ROS1/devel/lib/python3/dist-packages/carla_msgs/msg/_CarlaTrafficLightInfoList.py
Already unlinked: {}
Unlinking: /home/zq/C-programe-practise/Driveless_PNC/Project_3_LQR ROS1/devel/lib/python3/dist-packages/carla_msgs/msg/_CarlaStatus.py
Already unlinked: {}
Unlinking: /home/zq/C-programe-practise/Driveless_PNC/Project_3_LQR ROS1/devel/lib/python3/dist-packages/carla_msgs/msg/_CarlaEgoVehicleControl.py
Already unlinked: {}
Unlinking: /home/zq/C-programe-practise/Driveless_PNC/Project_3_LQR ROS1/devel/lib/python3/dist-packages/carla_msgs/msg/_CarlaEgoVehicleInfo.py
Already unlinked: {}
Unlinking: /home/zq/C-programe-practise/Driveless_PNC/Project_3_LQR ROS1/devel/lib/python3/dist-packages/carla_msgs/msg/_CarlaControl.py
Already unlinked: {}
Unlinking: /home/zq/C-programe-practise/Driveless_PNC/Project_3_LQR ROS1/devel/lib/python3/dist-packages/carla_msgs/msg/_CarlaActorInfo.py
Already unlinked: {}
Unlinking: /home/zq/C-programe-practise/Driveless_PNC/Project_3_LQR ROS1/devel/lib/python3/dist-packages/carla_msgs/msg/_CarlaWeatherParameters.py
Already unlinked: {}
Unlinking: /home/zq/C-programe-practise/Driveless_PNC/Project_3_LQR ROS1/devel/lib/python3/dist-packages/carla_msgs/msg/_CarlaCollisionEvent.py
Already unlinked: {}
Unlinking: /home/zq/C-programe-practise/Driveless_PNC/Project_3_LQR ROS1/devel/lib/python3/dist-packages/carla_msgs/msg/_CarlaTrafficLightInfo.py
Already unlinked: {}
Unlinking: /home/zq/C-programe-practise/Driveless_PNC/Project_3_LQR ROS1/devel/lib/python3/dist-packages/carla_msgs/msg/_CarlaActorList.py
Already unlinked: {}
Unlinking: /home/zq/C-programe-practise/Driveless_PNC/Project_3_LQR ROS1/devel/lib/python3/dist-packages/carla_msgs/msg/_CarlaTrafficLightStatus.py
Already unlinked: {}
Unlinking: /home/zq/C-programe-practise/Driveless_PNC/Project_3_LQR ROS1/devel/lib/python3/dist-packages/carla_msgs/msg/_CarlaLaneInvasionEvent.py
Already unlinked: {}
Unlinking: /home/zq/C-programe-practise/Driveless_PNC/Project_3_LQR ROS1/devel/lib/python3/dist-packages/carla_msgs/msg/_CarlaEgoVehicleStatus.py
Already unlinked: {}
Unlinking: /home/zq/C-programe-practise/Driveless_PNC/Project_3_LQR ROS1/devel/lib/python3/dist-packages/carla_msgs/msg/_CarlaEgoVehicleInfoWheel.py
Already unlinked: {}
Unlinking: /home/zq/C-programe-practise/Driveless_PNC/Project_3_LQR ROS1/devel/lib/python3/dist-packages/carla_msgs/msg/_CarlaWorldInfo.py
Already unlinked: {}
Unlinking: /home/zq/C-programe-practise/Driveless_PNC/Project_3_LQR ROS1/devel/include/carla_msgs/SpawnObjectRequest.h
Already unlinked: {}
Unlinking: /home/zq/C-programe-practise/Driveless_PNC/Project_3_LQR ROS1/devel/include/carla_msgs/CarlaCollisionEvent.h
Already unlinked: {}
Unlinking: /home/zq/C-programe-practise/Driveless_PNC/Project_3_LQR ROS1/devel/include/carla_msgs/CarlaActorInfo.h
Already unlinked: {}
Unlinking: /home/zq/C-programe-practise/Driveless_PNC/Project_3_LQR ROS1/devel/include/carla_msgs/CarlaEgoVehicleInfo.h
Already unlinked: {}
Unlinking: /home/zq/C-programe-practise/Driveless_PNC/Project_3_LQR ROS1/devel/include/carla_msgs/CarlaWeatherParameters.h
Already unlinked: {}
Unlinking: /home/zq/C-programe-practise/Driveless_PNC/Project_3_LQR ROS1/devel/include/carla_msgs/CarlaTrafficLightInfo.h
Already unlinked: {}
Unlinking: /home/zq/C-programe-practise/Driveless_PNC/Project_3_LQR ROS1/devel/include/carla_msgs/CarlaControl.h
Already unlinked: {}
Unlinking: /home/zq/C-programe-practise/Driveless_PNC/Project_3_LQR ROS1/devel/include/carla_msgs/CarlaActorList.h
Already unlinked: {}
Unlinking: /home/zq/C-programe-practise/Driveless_PNC/Project_3_LQR ROS1/devel/include/carla_msgs/CarlaStatus.h
Already unlinked: {}
Unlinking: /home/zq/C-programe-practise/Driveless_PNC/Project_3_LQR ROS1/devel/include/carla_msgs/CarlaWalkerControl.h
Already unlinked: {}
Unlinking: /home/zq/C-programe-practise/Driveless_PNC/Project_3_LQR ROS1/devel/include/carla_msgs/GetBlueprintsResponse.h
Already unlinked: {}
Unlinking: /home/zq/C-programe-practise/Driveless_PNC/Project_3_LQR ROS1/devel/include/carla_msgs/CarlaWorldInfo.h
Already unlinked: {}
Unlinking: /home/zq/C-programe-practise/Driveless_PNC/Project_3_LQR ROS1/devel/include/carla_msgs/CarlaBoundingBox.h
Already unlinked: {}
Unlinking: /home/zq/C-programe-practise/Driveless_PNC/Project_3_LQR ROS1/devel/include/carla_msgs/CarlaTrafficLightStatusList.h
Already unlinked: {}
Unlinking: /home/zq/C-programe-practise/Driveless_PNC/Project_3_LQR ROS1/devel/include/carla_msgs/GetBlueprintsRequest.h
Already unlinked: {}
Unlinking: /home/zq/C-programe-practise/Driveless_PNC/Project_3_LQR ROS1/devel/include/carla_msgs/CarlaTrafficLightInfoList.h
Already unlinked: {}
Unlinking: /home/zq/C-programe-practise/Driveless_PNC/Project_3_LQR ROS1/devel/include/carla_msgs/DestroyObjectRequest.h
Already unlinked: {}
Unlinking: /home/zq/C-programe-practise/Driveless_PNC/Project_3_LQR ROS1/devel/include/carla_msgs/SpawnObjectResponse.h
Already unlinked: {}
Unlinking: /home/zq/C-programe-practise/Driveless_PNC/Project_3_LQR ROS1/devel/include/carla_msgs/CarlaEgoVehicleStatus.h
Already unlinked: {}
Unlinking: /home/zq/C-programe-practise/Driveless_PNC/Project_3_LQR ROS1/devel/include/carla_msgs/CarlaEgoVehicleControl.h
Already unlinked: {}
Unlinking: /home/zq/C-programe-practise/Driveless_PNC/Project_3_LQR ROS1/devel/include/carla_msgs/CarlaLaneInvasionEvent.h
Already unlinked: {}
Unlinking: /home/zq/C-programe-practise/Driveless_PNC/Project_3_LQR ROS1/devel/include/carla_msgs/DestroyObjectResponse.h
Already unlinked: {}
Unlinking: /home/zq/C-programe-practise/Driveless_PNC/Project_3_LQR ROS1/devel/include/carla_msgs/CarlaTrafficLightStatus.h
Already unlinked: {}
Unlinking: /home/zq/C-programe-practise/Driveless_PNC/Project_3_LQR ROS1/devel/include/carla_msgs/DestroyObject.h
Already unlinked: {}
Unlinking: /home/zq/C-programe-practise/Driveless_PNC/Project_3_LQR ROS1/devel/include/carla_msgs/CarlaEgoVehicleInfoWheel.h
Already unlinked: {}
Unlinking: /home/zq/C-programe-practise/Driveless_PNC/Project_3_LQR ROS1/devel/include/carla_msgs/SpawnObject.h
Already unlinked: {}
Unlinking: /home/zq/C-programe-practise/Driveless_PNC/Project_3_LQR ROS1/devel/include/carla_msgs/GetBlueprints.h
Already unlinked: {}
Unlinking: /home/zq/C-programe-practise/Driveless_PNC/Project_3_LQR ROS1/devel/share/common-lisp/ros/carla_msgs/srv/GetBlueprints.lisp
Already unlinked: {}
Unlinking: /home/zq/C-programe-practise/Driveless_PNC/Project_3_LQR ROS1/devel/share/common-lisp/ros/carla_msgs/srv/SpawnObject.lisp
Already unlinked: {}
Unlinking: /home/zq/C-programe-practise/Driveless_PNC/Project_3_LQR ROS1/devel/share/common-lisp/ros/carla_msgs/srv/_package_SpawnObject.lisp
Already unlinked: {}
Unlinking: /home/zq/C-programe-practise/Driveless_PNC/Project_3_LQR ROS1/devel/share/common-lisp/ros/carla_msgs/srv/_package_DestroyObject.lisp
Already unlinked: {}
Unlinking: /home/zq/C-programe-practise/Driveless_PNC/Project_3_LQR ROS1/devel/share/common-lisp/ros/carla_msgs/srv/carla_msgs-srv.asd
Already unlinked: {}
Unlinking: /home/zq/C-programe-practise/Driveless_PNC/Project_3_LQR ROS1/devel/share/common-lisp/ros/carla_msgs/srv/DestroyObject.lisp
Already unlinked: {}
Unlinking: /home/zq/C-programe-practise/Driveless_PNC/Project_3_LQR ROS1/devel/share/common-lisp/ros/carla_msgs/srv/_package.lisp
Already unlinked: {}
Unlinking: /home/zq/C-programe-practise/Driveless_PNC/Project_3_LQR ROS1/devel/share/common-lisp/ros/carla_msgs/srv/_package_GetBlueprints.lisp
Already unlinked: {}
Unlinking: /home/zq/C-programe-practise/Driveless_PNC/Project_3_LQR ROS1/devel/share/common-lisp/ros/carla_msgs/msg/CarlaTrafficLightInfo.lisp
Already unlinked: {}
Unlinking: /home/zq/C-programe-practise/Driveless_PNC/Project_3_LQR ROS1/devel/share/common-lisp/ros/carla_msgs/msg/CarlaCollisionEvent.lisp
Already unlinked: {}
Unlinking: /home/zq/C-programe-practise/Driveless_PNC/Project_3_LQR ROS1/devel/share/common-lisp/ros/carla_msgs/msg/_package_CarlaTrafficLightInfoList.lisp
Already unlinked: {}
Unlinking: /home/zq/C-programe-practise/Driveless_PNC/Project_3_LQR ROS1/devel/share/common-lisp/ros/carla_msgs/msg/CarlaEgoVehicleInfo.lisp
Already unlinked: {}
Unlinking: /home/zq/C-programe-practise/Driveless_PNC/Project_3_LQR ROS1/devel/share/common-lisp/ros/carla_msgs/msg/_package_CarlaWorldInfo.lisp
Already unlinked: {}
Unlinking: /home/zq/C-programe-practise/Driveless_PNC/Project_3_LQR ROS1/devel/share/common-lisp/ros/carla_msgs/msg/CarlaStatus.lisp
Already unlinked: {}
Unlinking: /home/zq/C-programe-practise/Driveless_PNC/Project_3_LQR ROS1/devel/share/common-lisp/ros/carla_msgs/msg/_package_CarlaControl.lisp
Already unlinked: {}
Unlinking: /home/zq/C-programe-practise/Driveless_PNC/Project_3_LQR ROS1/devel/share/common-lisp/ros/carla_msgs/msg/CarlaTrafficLightStatus.lisp
Already unlinked: {}
Unlinking: /home/zq/C-programe-practise/Driveless_PNC/Project_3_LQR ROS1/devel/share/common-lisp/ros/carla_msgs/msg/CarlaActorList.lisp
Already unlinked: {}
Unlinking: /home/zq/C-programe-practise/Driveless_PNC/Project_3_LQR ROS1/devel/share/common-lisp/ros/carla_msgs/msg/CarlaEgoVehicleStatus.lisp
Already unlinked: {}
Unlinking: /home/zq/C-programe-practise/Driveless_PNC/Project_3_LQR ROS1/devel/share/common-lisp/ros/carla_msgs/msg/CarlaWorldInfo.lisp
Already unlinked: {}
Unlinking: /home/zq/C-programe-practise/Driveless_PNC/Project_3_LQR ROS1/devel/share/common-lisp/ros/carla_msgs/msg/CarlaTrafficLightInfoList.lisp
Already unlinked: {}
Unlinking: /home/zq/C-programe-practise/Driveless_PNC/Project_3_LQR ROS1/devel/share/common-lisp/ros/carla_msgs/msg/_package_CarlaActorList.lisp
Already unlinked: {}
Unlinking: /home/zq/C-programe-practise/Driveless_PNC/Project_3_LQR ROS1/devel/share/common-lisp/ros/carla_msgs/msg/_package_CarlaEgoVehicleControl.lisp
Already unlinked: {}
Unlinking: /home/zq/C-programe-practise/Driveless_PNC/Project_3_LQR ROS1/devel/share/common-lisp/ros/carla_msgs/msg/_package_CarlaActorInfo.lisp
Already unlinked: {}
Unlinking: /home/zq/C-programe-practise/Driveless_PNC/Project_3_LQR ROS1/devel/share/common-lisp/ros/carla_msgs/msg/CarlaActorInfo.lisp
Already unlinked: {}
Unlinking: /home/zq/C-programe-practise/Driveless_PNC/Project_3_LQR ROS1/devel/share/common-lisp/ros/carla_msgs/msg/carla_msgs-msg.asd
Already unlinked: {}
Unlinking: /home/zq/C-programe-practise/Driveless_PNC/Project_3_LQR ROS1/devel/share/common-lisp/ros/carla_msgs/msg/CarlaWeatherParameters.lisp
Already unlinked: {}
Unlinking: /home/zq/C-programe-practise/Driveless_PNC/Project_3_LQR ROS1/devel/share/common-lisp/ros/carla_msgs/msg/_package_CarlaWeatherParameters.lisp
Already unlinked: {}
Unlinking: /home/zq/C-programe-practise/Driveless_PNC/Project_3_LQR ROS1/devel/share/common-lisp/ros/carla_msgs/msg/CarlaBoundingBox.lisp
Already unlinked: {}
Unlinking: /home/zq/C-programe-practise/Driveless_PNC/Project_3_LQR ROS1/devel/share/common-lisp/ros/carla_msgs/msg/_package_CarlaBoundingBox.lisp
Already unlinked: {}
Unlinking: /home/zq/C-programe-practise/Driveless_PNC/Project_3_LQR ROS1/devel/share/common-lisp/ros/carla_msgs/msg/_package_CarlaLaneInvasionEvent.lisp
Already unlinked: {}
Unlinking: /home/zq/C-programe-practise/Driveless_PNC/Project_3_LQR ROS1/devel/share/common-lisp/ros/carla_msgs/msg/_package_CarlaEgoVehicleInfoWheel.lisp
Already unlinked: {}
Unlinking: /home/zq/C-programe-practise/Driveless_PNC/Project_3_LQR ROS1/devel/share/common-lisp/ros/carla_msgs/msg/CarlaEgoVehicleControl.lisp
Already unlinked: {}
Unlinking: /home/zq/C-programe-practise/Driveless_PNC/Project_3_LQR ROS1/devel/share/common-lisp/ros/carla_msgs/msg/CarlaControl.lisp
Already unlinked: {}
Unlinking: /home/zq/C-programe-practise/Driveless_PNC/Project_3_LQR ROS1/devel/share/common-lisp/ros/carla_msgs/msg/CarlaLaneInvasionEvent.lisp
Already unlinked: {}
Unlinking: /home/zq/C-programe-practise/Driveless_PNC/Project_3_LQR ROS1/devel/share/common-lisp/ros/carla_msgs/msg/_package_CarlaCollisionEvent.lisp
Already unlinked: {}
Unlinking: /home/zq/C-programe-practise/Driveless_PNC/Project_3_LQR ROS1/devel/share/common-lisp/ros/carla_msgs/msg/_package_CarlaTrafficLightStatusList.lisp
Already unlinked: {}
Unlinking: /home/zq/C-programe-practise/Driveless_PNC/Project_3_LQR ROS1/devel/share/common-lisp/ros/carla_msgs/msg/_package.lisp
Already unlinked: {}
Unlinking: /home/zq/C-programe-practise/Driveless_PNC/Project_3_LQR ROS1/devel/share/common-lisp/ros/carla_msgs/msg/CarlaWalkerControl.lisp
Already unlinked: {}
Unlinking: /home/zq/C-programe-practise/Driveless_PNC/Project_3_LQR ROS1/devel/share/common-lisp/ros/carla_msgs/msg/CarlaEgoVehicleInfoWheel.lisp
Already unlinked: {}
Unlinking: /home/zq/C-programe-practise/Driveless_PNC/Project_3_LQR ROS1/devel/share/common-lisp/ros/carla_msgs/msg/_package_CarlaEgoVehicleInfo.lisp
Already unlinked: {}
Unlinking: /home/zq/C-programe-practise/Driveless_PNC/Project_3_LQR ROS1/devel/share/common-lisp/ros/carla_msgs/msg/_package_CarlaEgoVehicleStatus.lisp
Already unlinked: {}
Unlinking: /home/zq/C-programe-practise/Driveless_PNC/Project_3_LQR ROS1/devel/share/common-lisp/ros/carla_msgs/msg/_package_CarlaStatus.lisp
Already unlinked: {}
Unlinking: /home/zq/C-programe-practise/Driveless_PNC/Project_3_LQR ROS1/devel/share/common-lisp/ros/carla_msgs/msg/CarlaTrafficLightStatusList.lisp
Already unlinked: {}
Unlinking: /home/zq/C-programe-practise/Driveless_PNC/Project_3_LQR ROS1/devel/share/common-lisp/ros/carla_msgs/msg/_package_CarlaTrafficLightStatus.lisp
Already unlinked: {}
Unlinking: /home/zq/C-programe-practise/Driveless_PNC/Project_3_LQR ROS1/devel/share/common-lisp/ros/carla_msgs/msg/_package_CarlaTrafficLightInfo.lisp
Already unlinked: {}
Unlinking: /home/zq/C-programe-practise/Driveless_PNC/Project_3_LQR ROS1/devel/share/common-lisp/ros/carla_msgs/msg/_package_CarlaWalkerControl.lisp
Already unlinked: {}
Unlinking: /home/zq/C-programe-practise/Driveless_PNC/Project_3_LQR ROS1/devel/share/roseus/ros/carla_msgs/manifest.l
Already unlinked: {}
Unlinking: /home/zq/C-programe-practise/Driveless_PNC/Project_3_LQR ROS1/devel/share/roseus/ros/carla_msgs/srv/DestroyObject.l
Already unlinked: {}
Unlinking: /home/zq/C-programe-practise/Driveless_PNC/Project_3_LQR ROS1/devel/share/roseus/ros/carla_msgs/srv/GetBlueprints.l
Already unlinked: {}
Unlinking: /home/zq/C-programe-practise/Driveless_PNC/Project_3_LQR ROS1/devel/share/roseus/ros/carla_msgs/srv/SpawnObject.l
Already unlinked: {}
Unlinking: /home/zq/C-programe-practise/Driveless_PNC/Project_3_LQR ROS1/devel/share/roseus/ros/carla_msgs/msg/CarlaTrafficLightStatusList.l
Already unlinked: {}
Unlinking: /home/zq/C-programe-practise/Driveless_PNC/Project_3_LQR ROS1/devel/share/roseus/ros/carla_msgs/msg/CarlaActorList.l
Already unlinked: {}
Unlinking: /home/zq/C-programe-practise/Driveless_PNC/Project_3_LQR ROS1/devel/share/roseus/ros/carla_msgs/msg/CarlaStatus.l
Already unlinked: {}
Unlinking: /home/zq/C-programe-practise/Driveless_PNC/Project_3_LQR ROS1/devel/share/roseus/ros/carla_msgs/msg/CarlaWalkerControl.l
Already unlinked: {}
Unlinking: /home/zq/C-programe-practise/Driveless_PNC/Project_3_LQR ROS1/devel/share/roseus/ros/carla_msgs/msg/CarlaActorInfo.l
Already unlinked: {}
Unlinking: /home/zq/C-programe-practise/Driveless_PNC/Project_3_LQR ROS1/devel/share/roseus/ros/carla_msgs/msg/CarlaEgoVehicleStatus.l
Already unlinked: {}
Unlinking: /home/zq/C-programe-practise/Driveless_PNC/Project_3_LQR ROS1/devel/share/roseus/ros/carla_msgs/msg/CarlaWeatherParameters.l
Already unlinked: {}
Unlinking: /home/zq/C-programe-practise/Driveless_PNC/Project_3_LQR ROS1/devel/share/roseus/ros/carla_msgs/msg/CarlaWorldInfo.l
Already unlinked: {}
Unlinking: /home/zq/C-programe-practise/Driveless_PNC/Project_3_LQR ROS1/devel/share/roseus/ros/carla_msgs/msg/CarlaEgoVehicleControl.l
Already unlinked: {}
Unlinking: /home/zq/C-programe-practise/Driveless_PNC/Project_3_LQR ROS1/devel/share/roseus/ros/carla_msgs/msg/CarlaControl.l
Already unlinked: {}
Unlinking: /home/zq/C-programe-practise/Driveless_PNC/Project_3_LQR ROS1/devel/share/roseus/ros/carla_msgs/msg/CarlaLaneInvasionEvent.l
Already unlinked: {}
Unlinking: /home/zq/C-programe-practise/Driveless_PNC/Project_3_LQR ROS1/devel/share/roseus/ros/carla_msgs/msg/CarlaEgoVehicleInfo.l
Already unlinked: {}
Unlinking: /home/zq/C-programe-practise/Driveless_PNC/Project_3_LQR ROS1/devel/share/roseus/ros/carla_msgs/msg/CarlaTrafficLightInfoList.l
Already unlinked: {}
Unlinking: /home/zq/C-programe-practise/Driveless_PNC/Project_3_LQR ROS1/devel/share/roseus/ros/carla_msgs/msg/CarlaEgoVehicleInfoWheel.l
Already unlinked: {}
Unlinking: /home/zq/C-programe-practise/Driveless_PNC/Project_3_LQR ROS1/devel/share/roseus/ros/carla_msgs/msg/CarlaTrafficLightInfo.l
Already unlinked: {}
Unlinking: /home/zq/C-programe-practise/Driveless_PNC/Project_3_LQR ROS1/devel/share/roseus/ros/carla_msgs/msg/CarlaCollisionEvent.l
Already unlinked: {}
Unlinking: /home/zq/C-programe-practise/Driveless_PNC/Project_3_LQR ROS1/devel/share/roseus/ros/carla_msgs/msg/CarlaBoundingBox.l
Already unlinked: {}
Unlinking: /home/zq/C-programe-practise/Driveless_PNC/Project_3_LQR ROS1/devel/share/roseus/ros/carla_msgs/msg/CarlaTrafficLightStatus.l
Already unlinked: {}
Unlinking: /home/zq/C-programe-practise/Driveless_PNC/Project_3_LQR ROS1/devel/share/gennodejs/ros/carla_msgs/_index.js
Already unlinked: {}
Unlinking: /home/zq/C-programe-practise/Driveless_PNC/Project_3_LQR ROS1/devel/share/gennodejs/ros/carla_msgs/srv/SpawnObject.js
Already unlinked: {}
Unlinking: /home/zq/C-programe-practise/Driveless_PNC/Project_3_LQR ROS1/devel/share/gennodejs/ros/carla_msgs/srv/DestroyObject.js
Already unlinked: {}
Unlinking: /home/zq/C-programe-practise/Driveless_PNC/Project_3_LQR ROS1/devel/share/gennodejs/ros/carla_msgs/srv/GetBlueprints.js
Already unlinked: {}
Unlinking: /home/zq/C-programe-practise/Driveless_PNC/Project_3_LQR ROS1/devel/share/gennodejs/ros/carla_msgs/srv/_index.js
Already unlinked: {}
Unlinking: /home/zq/C-programe-practise/Driveless_PNC/Project_3_LQR ROS1/devel/share/gennodejs/ros/carla_msgs/msg/CarlaEgoVehicleControl.js
Already unlinked: {}
Unlinking: /home/zq/C-programe-practise/Driveless_PNC/Project_3_LQR ROS1/devel/share/gennodejs/ros/carla_msgs/msg/CarlaBoundingBox.js
Already unlinked: {}
Unlinking: /home/zq/C-programe-practise/Driveless_PNC/Project_3_LQR ROS1/devel/share/gennodejs/ros/carla_msgs/msg/CarlaActorList.js
Already unlinked: {}
Unlinking: /home/zq/C-programe-practise/Driveless_PNC/Project_3_LQR ROS1/devel/share/gennodejs/ros/carla_msgs/msg/CarlaEgoVehicleInfoWheel.js
Already unlinked: {}
Unlinking: /home/zq/C-programe-practise/Driveless_PNC/Project_3_LQR ROS1/devel/share/gennodejs/ros/carla_msgs/msg/CarlaCollisionEvent.js
Already unlinked: {}
Unlinking: /home/zq/C-programe-practise/Driveless_PNC/Project_3_LQR ROS1/devel/share/gennodejs/ros/carla_msgs/msg/CarlaEgoVehicleStatus.js
Already unlinked: {}
Unlinking: /home/zq/C-programe-practise/Driveless_PNC/Project_3_LQR ROS1/devel/share/gennodejs/ros/carla_msgs/msg/CarlaEgoVehicleInfo.js
Already unlinked: {}
Unlinking: /home/zq/C-programe-practise/Driveless_PNC/Project_3_LQR ROS1/devel/share/gennodejs/ros/carla_msgs/msg/CarlaTrafficLightStatus.js
Already unlinked: {}
Unlinking: /home/zq/C-programe-practise/Driveless_PNC/Project_3_LQR ROS1/devel/share/gennodejs/ros/carla_msgs/msg/CarlaWalkerControl.js
Already unlinked: {}
Unlinking: /home/zq/C-programe-practise/Driveless_PNC/Project_3_LQR ROS1/devel/share/gennodejs/ros/carla_msgs/msg/CarlaControl.js
Already unlinked: {}
Unlinking: /home/zq/C-programe-practise/Driveless_PNC/Project_3_LQR ROS1/devel/share/gennodejs/ros/carla_msgs/msg/CarlaTrafficLightStatusList.js
Already unlinked: {}
Unlinking: /home/zq/C-programe-practise/Driveless_PNC/Project_3_LQR ROS1/devel/share/gennodejs/ros/carla_msgs/msg/CarlaWorldInfo.js
Already unlinked: {}
Unlinking: /home/zq/C-programe-practise/Driveless_PNC/Project_3_LQR ROS1/devel/share/gennodejs/ros/carla_msgs/msg/CarlaWeatherParameters.js
Already unlinked: {}
Unlinking: /home/zq/C-programe-practise/Driveless_PNC/Project_3_LQR ROS1/devel/share/gennodejs/ros/carla_msgs/msg/_index.js
Already unlinked: {}
Unlinking: /home/zq/C-programe-practise/Driveless_PNC/Project_3_LQR ROS1/devel/share/gennodejs/ros/carla_msgs/msg/CarlaTrafficLightInfo.js
Already unlinked: {}
Unlinking: /home/zq/C-programe-practise/Driveless_PNC/Project_3_LQR ROS1/devel/share/gennodejs/ros/carla_msgs/msg/CarlaLaneInvasionEvent.js
Already unlinked: {}
Unlinking: /home/zq/C-programe-practise/Driveless_PNC/Project_3_LQR ROS1/devel/share/gennodejs/ros/carla_msgs/msg/CarlaActorInfo.js
Already unlinked: {}
Unlinking: /home/zq/C-programe-practise/Driveless_PNC/Project_3_LQR ROS1/devel/share/gennodejs/ros/carla_msgs/msg/CarlaStatus.js
Already unlinked: {}
Unlinking: /home/zq/C-programe-practise/Driveless_PNC/Project_3_LQR ROS1/devel/share/gennodejs/ros/carla_msgs/msg/CarlaTrafficLightInfoList.js
Already unlinked: {}
Unlinking: /home/zq/C-programe-practise/Driveless_PNC/Project_3_LQR ROS1/devel/share/carla_msgs/cmake/carla_msgs-msg-paths.cmake
Already unlinked: {}
Unlinking: /home/zq/C-programe-practise/Driveless_PNC/Project_3_LQR ROS1/devel/share/carla_msgs/cmake/carla_msgsConfig-version.cmake
Already unlinked: {}
Unlinking: /home/zq/C-programe-practise/Driveless_PNC/Project_3_LQR ROS1/devel/share/carla_msgs/cmake/carla_msgs-msg-extras.cmake
Already unlinked: {}
Unlinking: /home/zq/C-programe-practise/Driveless_PNC/Project_3_LQR ROS1/devel/share/carla_msgs/cmake/carla_msgsConfig.cmake
Already unlinked: {}
