Linked: (/home/zq/C-programe-practise/Driveless_PNC/Project_3_LQR_ROS1/devel/.private/carla_msgs/lib/pkgconfig/carla_msgs.pc, /home/zq/C-programe-practise/Driveless_PNC/Project_3_LQR_ROS1/devel/lib/pkgconfig/carla_msgs.pc)
Linked: (/home/zq/C-programe-practise/Driveless_PNC/Project_3_LQR_ROS1/devel/.private/carla_msgs/lib/python3/dist-packages/carla_msgs/__init__.py, /home/zq/C-programe-practise/Driveless_PNC/Project_3_LQR_ROS1/devel/lib/python3/dist-packages/carla_msgs/__init__.py)
Linked: (/home/zq/C-programe-practise/Driveless_PNC/Project_3_LQR_ROS1/devel/.private/carla_msgs/lib/python3/dist-packages/carla_msgs/srv/_SpawnObject.py, /home/zq/C-programe-practise/Driveless_PNC/Project_3_LQR_ROS1/devel/lib/python3/dist-packages/carla_msgs/srv/_SpawnObject.py)
Linked: (/home/zq/C-programe-practise/Driveless_PNC/Project_3_LQR_ROS1/devel/.private/carla_msgs/lib/python3/dist-packages/carla_msgs/srv/__init__.py, /home/zq/C-programe-practise/Driveless_PNC/Project_3_LQR_ROS1/devel/lib/python3/dist-packages/carla_msgs/srv/__init__.py)
Linked: (/home/zq/C-programe-practise/Driveless_PNC/Project_3_LQR_ROS1/devel/.private/carla_msgs/lib/python3/dist-packages/carla_msgs/srv/_DestroyObject.py, /home/zq/C-programe-practise/Driveless_PNC/Project_3_LQR_ROS1/devel/lib/python3/dist-packages/carla_msgs/srv/_DestroyObject.py)
Linked: (/home/zq/C-programe-practise/Driveless_PNC/Project_3_LQR_ROS1/devel/.private/carla_msgs/lib/python3/dist-packages/carla_msgs/srv/_GetBlueprints.py, /home/zq/C-programe-practise/Driveless_PNC/Project_3_LQR_ROS1/devel/lib/python3/dist-packages/carla_msgs/srv/_GetBlueprints.py)
Linked: (/home/zq/C-programe-practise/Driveless_PNC/Project_3_LQR_ROS1/devel/.private/carla_msgs/lib/python3/dist-packages/carla_msgs/msg/__init__.py, /home/zq/C-programe-practise/Driveless_PNC/Project_3_LQR_ROS1/devel/lib/python3/dist-packages/carla_msgs/msg/__init__.py)
Linked: (/home/zq/C-programe-practise/Driveless_PNC/Project_3_LQR_ROS1/devel/.private/carla_msgs/lib/python3/dist-packages/carla_msgs/msg/_CarlaBoundingBox.py, /home/zq/C-programe-practise/Driveless_PNC/Project_3_LQR_ROS1/devel/lib/python3/dist-packages/carla_msgs/msg/_CarlaBoundingBox.py)
Linked: (/home/zq/C-programe-practise/Driveless_PNC/Project_3_LQR_ROS1/devel/.private/carla_msgs/lib/python3/dist-packages/carla_msgs/msg/_CarlaWalkerControl.py, /home/zq/C-programe-practise/Driveless_PNC/Project_3_LQR_ROS1/devel/lib/python3/dist-packages/carla_msgs/msg/_CarlaWalkerControl.py)
Linked: (/home/zq/C-programe-practise/Driveless_PNC/Project_3_LQR_ROS1/devel/.private/carla_msgs/lib/python3/dist-packages/carla_msgs/msg/_CarlaTrafficLightStatusList.py, /home/zq/C-programe-practise/Driveless_PNC/Project_3_LQR_ROS1/devel/lib/python3/dist-packages/carla_msgs/msg/_CarlaTrafficLightStatusList.py)
Linked: (/home/zq/C-programe-practise/Driveless_PNC/Project_3_LQR_ROS1/devel/.private/carla_msgs/lib/python3/dist-packages/carla_msgs/msg/_CarlaTrafficLightInfoList.py, /home/zq/C-programe-practise/Driveless_PNC/Project_3_LQR_ROS1/devel/lib/python3/dist-packages/carla_msgs/msg/_CarlaTrafficLightInfoList.py)
Linked: (/home/zq/C-programe-practise/Driveless_PNC/Project_3_LQR_ROS1/devel/.private/carla_msgs/lib/python3/dist-packages/carla_msgs/msg/_CarlaStatus.py, /home/zq/C-programe-practise/Driveless_PNC/Project_3_LQR_ROS1/devel/lib/python3/dist-packages/carla_msgs/msg/_CarlaStatus.py)
Linked: (/home/zq/C-programe-practise/Driveless_PNC/Project_3_LQR_ROS1/devel/.private/carla_msgs/lib/python3/dist-packages/carla_msgs/msg/_CarlaEgoVehicleControl.py, /home/zq/C-programe-practise/Driveless_PNC/Project_3_LQR_ROS1/devel/lib/python3/dist-packages/carla_msgs/msg/_CarlaEgoVehicleControl.py)
Linked: (/home/zq/C-programe-practise/Driveless_PNC/Project_3_LQR_ROS1/devel/.private/carla_msgs/lib/python3/dist-packages/carla_msgs/msg/_CarlaEgoVehicleInfo.py, /home/zq/C-programe-practise/Driveless_PNC/Project_3_LQR_ROS1/devel/lib/python3/dist-packages/carla_msgs/msg/_CarlaEgoVehicleInfo.py)
Linked: (/home/zq/C-programe-practise/Driveless_PNC/Project_3_LQR_ROS1/devel/.private/carla_msgs/lib/python3/dist-packages/carla_msgs/msg/_CarlaControl.py, /home/zq/C-programe-practise/Driveless_PNC/Project_3_LQR_ROS1/devel/lib/python3/dist-packages/carla_msgs/msg/_CarlaControl.py)
Linked: (/home/zq/C-programe-practise/Driveless_PNC/Project_3_LQR_ROS1/devel/.private/carla_msgs/lib/python3/dist-packages/carla_msgs/msg/_CarlaActorInfo.py, /home/zq/C-programe-practise/Driveless_PNC/Project_3_LQR_ROS1/devel/lib/python3/dist-packages/carla_msgs/msg/_CarlaActorInfo.py)
Linked: (/home/zq/C-programe-practise/Driveless_PNC/Project_3_LQR_ROS1/devel/.private/carla_msgs/lib/python3/dist-packages/carla_msgs/msg/_CarlaWeatherParameters.py, /home/zq/C-programe-practise/Driveless_PNC/Project_3_LQR_ROS1/devel/lib/python3/dist-packages/carla_msgs/msg/_CarlaWeatherParameters.py)
Linked: (/home/zq/C-programe-practise/Driveless_PNC/Project_3_LQR_ROS1/devel/.private/carla_msgs/lib/python3/dist-packages/carla_msgs/msg/_CarlaCollisionEvent.py, /home/zq/C-programe-practise/Driveless_PNC/Project_3_LQR_ROS1/devel/lib/python3/dist-packages/carla_msgs/msg/_CarlaCollisionEvent.py)
Linked: (/home/zq/C-programe-practise/Driveless_PNC/Project_3_LQR_ROS1/devel/.private/carla_msgs/lib/python3/dist-packages/carla_msgs/msg/_CarlaTrafficLightInfo.py, /home/zq/C-programe-practise/Driveless_PNC/Project_3_LQR_ROS1/devel/lib/python3/dist-packages/carla_msgs/msg/_CarlaTrafficLightInfo.py)
Linked: (/home/zq/C-programe-practise/Driveless_PNC/Project_3_LQR_ROS1/devel/.private/carla_msgs/lib/python3/dist-packages/carla_msgs/msg/_CarlaActorList.py, /home/zq/C-programe-practise/Driveless_PNC/Project_3_LQR_ROS1/devel/lib/python3/dist-packages/carla_msgs/msg/_CarlaActorList.py)
Linked: (/home/zq/C-programe-practise/Driveless_PNC/Project_3_LQR_ROS1/devel/.private/carla_msgs/lib/python3/dist-packages/carla_msgs/msg/_CarlaTrafficLightStatus.py, /home/zq/C-programe-practise/Driveless_PNC/Project_3_LQR_ROS1/devel/lib/python3/dist-packages/carla_msgs/msg/_CarlaTrafficLightStatus.py)
Linked: (/home/zq/C-programe-practise/Driveless_PNC/Project_3_LQR_ROS1/devel/.private/carla_msgs/lib/python3/dist-packages/carla_msgs/msg/_CarlaLaneInvasionEvent.py, /home/zq/C-programe-practise/Driveless_PNC/Project_3_LQR_ROS1/devel/lib/python3/dist-packages/carla_msgs/msg/_CarlaLaneInvasionEvent.py)
Linked: (/home/zq/C-programe-practise/Driveless_PNC/Project_3_LQR_ROS1/devel/.private/carla_msgs/lib/python3/dist-packages/carla_msgs/msg/_CarlaEgoVehicleStatus.py, /home/zq/C-programe-practise/Driveless_PNC/Project_3_LQR_ROS1/devel/lib/python3/dist-packages/carla_msgs/msg/_CarlaEgoVehicleStatus.py)
Linked: (/home/zq/C-programe-practise/Driveless_PNC/Project_3_LQR_ROS1/devel/.private/carla_msgs/lib/python3/dist-packages/carla_msgs/msg/_CarlaEgoVehicleInfoWheel.py, /home/zq/C-programe-practise/Driveless_PNC/Project_3_LQR_ROS1/devel/lib/python3/dist-packages/carla_msgs/msg/_CarlaEgoVehicleInfoWheel.py)
Linked: (/home/zq/C-programe-practise/Driveless_PNC/Project_3_LQR_ROS1/devel/.private/carla_msgs/lib/python3/dist-packages/carla_msgs/msg/_CarlaWorldInfo.py, /home/zq/C-programe-practise/Driveless_PNC/Project_3_LQR_ROS1/devel/lib/python3/dist-packages/carla_msgs/msg/_CarlaWorldInfo.py)
Linked: (/home/zq/C-programe-practise/Driveless_PNC/Project_3_LQR_ROS1/devel/.private/carla_msgs/include/carla_msgs/SpawnObjectRequest.h, /home/zq/C-programe-practise/Driveless_PNC/Project_3_LQR_ROS1/devel/include/carla_msgs/SpawnObjectRequest.h)
Linked: (/home/zq/C-programe-practise/Driveless_PNC/Project_3_LQR_ROS1/devel/.private/carla_msgs/include/carla_msgs/CarlaCollisionEvent.h, /home/zq/C-programe-practise/Driveless_PNC/Project_3_LQR_ROS1/devel/include/carla_msgs/CarlaCollisionEvent.h)
Linked: (/home/zq/C-programe-practise/Driveless_PNC/Project_3_LQR_ROS1/devel/.private/carla_msgs/include/carla_msgs/CarlaActorInfo.h, /home/zq/C-programe-practise/Driveless_PNC/Project_3_LQR_ROS1/devel/include/carla_msgs/CarlaActorInfo.h)
Linked: (/home/zq/C-programe-practise/Driveless_PNC/Project_3_LQR_ROS1/devel/.private/carla_msgs/include/carla_msgs/CarlaEgoVehicleInfo.h, /home/zq/C-programe-practise/Driveless_PNC/Project_3_LQR_ROS1/devel/include/carla_msgs/CarlaEgoVehicleInfo.h)
Linked: (/home/zq/C-programe-practise/Driveless_PNC/Project_3_LQR_ROS1/devel/.private/carla_msgs/include/carla_msgs/CarlaWeatherParameters.h, /home/zq/C-programe-practise/Driveless_PNC/Project_3_LQR_ROS1/devel/include/carla_msgs/CarlaWeatherParameters.h)
Linked: (/home/zq/C-programe-practise/Driveless_PNC/Project_3_LQR_ROS1/devel/.private/carla_msgs/include/carla_msgs/CarlaTrafficLightInfo.h, /home/zq/C-programe-practise/Driveless_PNC/Project_3_LQR_ROS1/devel/include/carla_msgs/CarlaTrafficLightInfo.h)
Linked: (/home/zq/C-programe-practise/Driveless_PNC/Project_3_LQR_ROS1/devel/.private/carla_msgs/include/carla_msgs/CarlaControl.h, /home/zq/C-programe-practise/Driveless_PNC/Project_3_LQR_ROS1/devel/include/carla_msgs/CarlaControl.h)
Linked: (/home/zq/C-programe-practise/Driveless_PNC/Project_3_LQR_ROS1/devel/.private/carla_msgs/include/carla_msgs/CarlaActorList.h, /home/zq/C-programe-practise/Driveless_PNC/Project_3_LQR_ROS1/devel/include/carla_msgs/CarlaActorList.h)
Linked: (/home/zq/C-programe-practise/Driveless_PNC/Project_3_LQR_ROS1/devel/.private/carla_msgs/include/carla_msgs/CarlaStatus.h, /home/zq/C-programe-practise/Driveless_PNC/Project_3_LQR_ROS1/devel/include/carla_msgs/CarlaStatus.h)
Linked: (/home/zq/C-programe-practise/Driveless_PNC/Project_3_LQR_ROS1/devel/.private/carla_msgs/include/carla_msgs/CarlaWalkerControl.h, /home/zq/C-programe-practise/Driveless_PNC/Project_3_LQR_ROS1/devel/include/carla_msgs/CarlaWalkerControl.h)
Linked: (/home/zq/C-programe-practise/Driveless_PNC/Project_3_LQR_ROS1/devel/.private/carla_msgs/include/carla_msgs/GetBlueprintsResponse.h, /home/zq/C-programe-practise/Driveless_PNC/Project_3_LQR_ROS1/devel/include/carla_msgs/GetBlueprintsResponse.h)
Linked: (/home/zq/C-programe-practise/Driveless_PNC/Project_3_LQR_ROS1/devel/.private/carla_msgs/include/carla_msgs/CarlaWorldInfo.h, /home/zq/C-programe-practise/Driveless_PNC/Project_3_LQR_ROS1/devel/include/carla_msgs/CarlaWorldInfo.h)
Linked: (/home/zq/C-programe-practise/Driveless_PNC/Project_3_LQR_ROS1/devel/.private/carla_msgs/include/carla_msgs/CarlaBoundingBox.h, /home/zq/C-programe-practise/Driveless_PNC/Project_3_LQR_ROS1/devel/include/carla_msgs/CarlaBoundingBox.h)
Linked: (/home/zq/C-programe-practise/Driveless_PNC/Project_3_LQR_ROS1/devel/.private/carla_msgs/include/carla_msgs/CarlaTrafficLightStatusList.h, /home/zq/C-programe-practise/Driveless_PNC/Project_3_LQR_ROS1/devel/include/carla_msgs/CarlaTrafficLightStatusList.h)
Linked: (/home/zq/C-programe-practise/Driveless_PNC/Project_3_LQR_ROS1/devel/.private/carla_msgs/include/carla_msgs/GetBlueprintsRequest.h, /home/zq/C-programe-practise/Driveless_PNC/Project_3_LQR_ROS1/devel/include/carla_msgs/GetBlueprintsRequest.h)
Linked: (/home/zq/C-programe-practise/Driveless_PNC/Project_3_LQR_ROS1/devel/.private/carla_msgs/include/carla_msgs/CarlaTrafficLightInfoList.h, /home/zq/C-programe-practise/Driveless_PNC/Project_3_LQR_ROS1/devel/include/carla_msgs/CarlaTrafficLightInfoList.h)
Linked: (/home/zq/C-programe-practise/Driveless_PNC/Project_3_LQR_ROS1/devel/.private/carla_msgs/include/carla_msgs/DestroyObjectRequest.h, /home/zq/C-programe-practise/Driveless_PNC/Project_3_LQR_ROS1/devel/include/carla_msgs/DestroyObjectRequest.h)
Linked: (/home/zq/C-programe-practise/Driveless_PNC/Project_3_LQR_ROS1/devel/.private/carla_msgs/include/carla_msgs/SpawnObjectResponse.h, /home/zq/C-programe-practise/Driveless_PNC/Project_3_LQR_ROS1/devel/include/carla_msgs/SpawnObjectResponse.h)
Linked: (/home/zq/C-programe-practise/Driveless_PNC/Project_3_LQR_ROS1/devel/.private/carla_msgs/include/carla_msgs/CarlaEgoVehicleStatus.h, /home/zq/C-programe-practise/Driveless_PNC/Project_3_LQR_ROS1/devel/include/carla_msgs/CarlaEgoVehicleStatus.h)
Linked: (/home/zq/C-programe-practise/Driveless_PNC/Project_3_LQR_ROS1/devel/.private/carla_msgs/include/carla_msgs/CarlaEgoVehicleControl.h, /home/zq/C-programe-practise/Driveless_PNC/Project_3_LQR_ROS1/devel/include/carla_msgs/CarlaEgoVehicleControl.h)
Linked: (/home/zq/C-programe-practise/Driveless_PNC/Project_3_LQR_ROS1/devel/.private/carla_msgs/include/carla_msgs/CarlaLaneInvasionEvent.h, /home/zq/C-programe-practise/Driveless_PNC/Project_3_LQR_ROS1/devel/include/carla_msgs/CarlaLaneInvasionEvent.h)
Linked: (/home/zq/C-programe-practise/Driveless_PNC/Project_3_LQR_ROS1/devel/.private/carla_msgs/include/carla_msgs/DestroyObjectResponse.h, /home/zq/C-programe-practise/Driveless_PNC/Project_3_LQR_ROS1/devel/include/carla_msgs/DestroyObjectResponse.h)
Linked: (/home/zq/C-programe-practise/Driveless_PNC/Project_3_LQR_ROS1/devel/.private/carla_msgs/include/carla_msgs/CarlaTrafficLightStatus.h, /home/zq/C-programe-practise/Driveless_PNC/Project_3_LQR_ROS1/devel/include/carla_msgs/CarlaTrafficLightStatus.h)
Linked: (/home/zq/C-programe-practise/Driveless_PNC/Project_3_LQR_ROS1/devel/.private/carla_msgs/include/carla_msgs/DestroyObject.h, /home/zq/C-programe-practise/Driveless_PNC/Project_3_LQR_ROS1/devel/include/carla_msgs/DestroyObject.h)
Linked: (/home/zq/C-programe-practise/Driveless_PNC/Project_3_LQR_ROS1/devel/.private/carla_msgs/include/carla_msgs/CarlaEgoVehicleInfoWheel.h, /home/zq/C-programe-practise/Driveless_PNC/Project_3_LQR_ROS1/devel/include/carla_msgs/CarlaEgoVehicleInfoWheel.h)
Linked: (/home/zq/C-programe-practise/Driveless_PNC/Project_3_LQR_ROS1/devel/.private/carla_msgs/include/carla_msgs/SpawnObject.h, /home/zq/C-programe-practise/Driveless_PNC/Project_3_LQR_ROS1/devel/include/carla_msgs/SpawnObject.h)
Linked: (/home/zq/C-programe-practise/Driveless_PNC/Project_3_LQR_ROS1/devel/.private/carla_msgs/include/carla_msgs/GetBlueprints.h, /home/zq/C-programe-practise/Driveless_PNC/Project_3_LQR_ROS1/devel/include/carla_msgs/GetBlueprints.h)
Linked: (/home/zq/C-programe-practise/Driveless_PNC/Project_3_LQR_ROS1/devel/.private/carla_msgs/share/common-lisp/ros/carla_msgs/srv/GetBlueprints.lisp, /home/zq/C-programe-practise/Driveless_PNC/Project_3_LQR_ROS1/devel/share/common-lisp/ros/carla_msgs/srv/GetBlueprints.lisp)
Linked: (/home/zq/C-programe-practise/Driveless_PNC/Project_3_LQR_ROS1/devel/.private/carla_msgs/share/common-lisp/ros/carla_msgs/srv/SpawnObject.lisp, /home/zq/C-programe-practise/Driveless_PNC/Project_3_LQR_ROS1/devel/share/common-lisp/ros/carla_msgs/srv/SpawnObject.lisp)
Linked: (/home/zq/C-programe-practise/Driveless_PNC/Project_3_LQR_ROS1/devel/.private/carla_msgs/share/common-lisp/ros/carla_msgs/srv/_package_SpawnObject.lisp, /home/zq/C-programe-practise/Driveless_PNC/Project_3_LQR_ROS1/devel/share/common-lisp/ros/carla_msgs/srv/_package_SpawnObject.lisp)
Linked: (/home/zq/C-programe-practise/Driveless_PNC/Project_3_LQR_ROS1/devel/.private/carla_msgs/share/common-lisp/ros/carla_msgs/srv/_package_DestroyObject.lisp, /home/zq/C-programe-practise/Driveless_PNC/Project_3_LQR_ROS1/devel/share/common-lisp/ros/carla_msgs/srv/_package_DestroyObject.lisp)
Linked: (/home/zq/C-programe-practise/Driveless_PNC/Project_3_LQR_ROS1/devel/.private/carla_msgs/share/common-lisp/ros/carla_msgs/srv/carla_msgs-srv.asd, /home/zq/C-programe-practise/Driveless_PNC/Project_3_LQR_ROS1/devel/share/common-lisp/ros/carla_msgs/srv/carla_msgs-srv.asd)
Linked: (/home/zq/C-programe-practise/Driveless_PNC/Project_3_LQR_ROS1/devel/.private/carla_msgs/share/common-lisp/ros/carla_msgs/srv/DestroyObject.lisp, /home/zq/C-programe-practise/Driveless_PNC/Project_3_LQR_ROS1/devel/share/common-lisp/ros/carla_msgs/srv/DestroyObject.lisp)
Linked: (/home/zq/C-programe-practise/Driveless_PNC/Project_3_LQR_ROS1/devel/.private/carla_msgs/share/common-lisp/ros/carla_msgs/srv/_package.lisp, /home/zq/C-programe-practise/Driveless_PNC/Project_3_LQR_ROS1/devel/share/common-lisp/ros/carla_msgs/srv/_package.lisp)
Linked: (/home/zq/C-programe-practise/Driveless_PNC/Project_3_LQR_ROS1/devel/.private/carla_msgs/share/common-lisp/ros/carla_msgs/srv/_package_GetBlueprints.lisp, /home/zq/C-programe-practise/Driveless_PNC/Project_3_LQR_ROS1/devel/share/common-lisp/ros/carla_msgs/srv/_package_GetBlueprints.lisp)
Linked: (/home/zq/C-programe-practise/Driveless_PNC/Project_3_LQR_ROS1/devel/.private/carla_msgs/share/common-lisp/ros/carla_msgs/msg/CarlaTrafficLightInfo.lisp, /home/zq/C-programe-practise/Driveless_PNC/Project_3_LQR_ROS1/devel/share/common-lisp/ros/carla_msgs/msg/CarlaTrafficLightInfo.lisp)
Linked: (/home/zq/C-programe-practise/Driveless_PNC/Project_3_LQR_ROS1/devel/.private/carla_msgs/share/common-lisp/ros/carla_msgs/msg/CarlaCollisionEvent.lisp, /home/zq/C-programe-practise/Driveless_PNC/Project_3_LQR_ROS1/devel/share/common-lisp/ros/carla_msgs/msg/CarlaCollisionEvent.lisp)
Linked: (/home/zq/C-programe-practise/Driveless_PNC/Project_3_LQR_ROS1/devel/.private/carla_msgs/share/common-lisp/ros/carla_msgs/msg/_package_CarlaTrafficLightInfoList.lisp, /home/zq/C-programe-practise/Driveless_PNC/Project_3_LQR_ROS1/devel/share/common-lisp/ros/carla_msgs/msg/_package_CarlaTrafficLightInfoList.lisp)
Linked: (/home/zq/C-programe-practise/Driveless_PNC/Project_3_LQR_ROS1/devel/.private/carla_msgs/share/common-lisp/ros/carla_msgs/msg/CarlaEgoVehicleInfo.lisp, /home/zq/C-programe-practise/Driveless_PNC/Project_3_LQR_ROS1/devel/share/common-lisp/ros/carla_msgs/msg/CarlaEgoVehicleInfo.lisp)
Linked: (/home/zq/C-programe-practise/Driveless_PNC/Project_3_LQR_ROS1/devel/.private/carla_msgs/share/common-lisp/ros/carla_msgs/msg/_package_CarlaWorldInfo.lisp, /home/zq/C-programe-practise/Driveless_PNC/Project_3_LQR_ROS1/devel/share/common-lisp/ros/carla_msgs/msg/_package_CarlaWorldInfo.lisp)
Linked: (/home/zq/C-programe-practise/Driveless_PNC/Project_3_LQR_ROS1/devel/.private/carla_msgs/share/common-lisp/ros/carla_msgs/msg/CarlaStatus.lisp, /home/zq/C-programe-practise/Driveless_PNC/Project_3_LQR_ROS1/devel/share/common-lisp/ros/carla_msgs/msg/CarlaStatus.lisp)
Linked: (/home/zq/C-programe-practise/Driveless_PNC/Project_3_LQR_ROS1/devel/.private/carla_msgs/share/common-lisp/ros/carla_msgs/msg/_package_CarlaControl.lisp, /home/zq/C-programe-practise/Driveless_PNC/Project_3_LQR_ROS1/devel/share/common-lisp/ros/carla_msgs/msg/_package_CarlaControl.lisp)
Linked: (/home/zq/C-programe-practise/Driveless_PNC/Project_3_LQR_ROS1/devel/.private/carla_msgs/share/common-lisp/ros/carla_msgs/msg/CarlaTrafficLightStatus.lisp, /home/zq/C-programe-practise/Driveless_PNC/Project_3_LQR_ROS1/devel/share/common-lisp/ros/carla_msgs/msg/CarlaTrafficLightStatus.lisp)
Linked: (/home/zq/C-programe-practise/Driveless_PNC/Project_3_LQR_ROS1/devel/.private/carla_msgs/share/common-lisp/ros/carla_msgs/msg/CarlaActorList.lisp, /home/zq/C-programe-practise/Driveless_PNC/Project_3_LQR_ROS1/devel/share/common-lisp/ros/carla_msgs/msg/CarlaActorList.lisp)
Linked: (/home/zq/C-programe-practise/Driveless_PNC/Project_3_LQR_ROS1/devel/.private/carla_msgs/share/common-lisp/ros/carla_msgs/msg/CarlaEgoVehicleStatus.lisp, /home/zq/C-programe-practise/Driveless_PNC/Project_3_LQR_ROS1/devel/share/common-lisp/ros/carla_msgs/msg/CarlaEgoVehicleStatus.lisp)
Linked: (/home/zq/C-programe-practise/Driveless_PNC/Project_3_LQR_ROS1/devel/.private/carla_msgs/share/common-lisp/ros/carla_msgs/msg/CarlaWorldInfo.lisp, /home/zq/C-programe-practise/Driveless_PNC/Project_3_LQR_ROS1/devel/share/common-lisp/ros/carla_msgs/msg/CarlaWorldInfo.lisp)
Linked: (/home/zq/C-programe-practise/Driveless_PNC/Project_3_LQR_ROS1/devel/.private/carla_msgs/share/common-lisp/ros/carla_msgs/msg/CarlaTrafficLightInfoList.lisp, /home/zq/C-programe-practise/Driveless_PNC/Project_3_LQR_ROS1/devel/share/common-lisp/ros/carla_msgs/msg/CarlaTrafficLightInfoList.lisp)
Linked: (/home/zq/C-programe-practise/Driveless_PNC/Project_3_LQR_ROS1/devel/.private/carla_msgs/share/common-lisp/ros/carla_msgs/msg/_package_CarlaActorList.lisp, /home/zq/C-programe-practise/Driveless_PNC/Project_3_LQR_ROS1/devel/share/common-lisp/ros/carla_msgs/msg/_package_CarlaActorList.lisp)
Linked: (/home/zq/C-programe-practise/Driveless_PNC/Project_3_LQR_ROS1/devel/.private/carla_msgs/share/common-lisp/ros/carla_msgs/msg/_package_CarlaEgoVehicleControl.lisp, /home/zq/C-programe-practise/Driveless_PNC/Project_3_LQR_ROS1/devel/share/common-lisp/ros/carla_msgs/msg/_package_CarlaEgoVehicleControl.lisp)
Linked: (/home/zq/C-programe-practise/Driveless_PNC/Project_3_LQR_ROS1/devel/.private/carla_msgs/share/common-lisp/ros/carla_msgs/msg/_package_CarlaActorInfo.lisp, /home/zq/C-programe-practise/Driveless_PNC/Project_3_LQR_ROS1/devel/share/common-lisp/ros/carla_msgs/msg/_package_CarlaActorInfo.lisp)
Linked: (/home/zq/C-programe-practise/Driveless_PNC/Project_3_LQR_ROS1/devel/.private/carla_msgs/share/common-lisp/ros/carla_msgs/msg/CarlaActorInfo.lisp, /home/zq/C-programe-practise/Driveless_PNC/Project_3_LQR_ROS1/devel/share/common-lisp/ros/carla_msgs/msg/CarlaActorInfo.lisp)
Linked: (/home/zq/C-programe-practise/Driveless_PNC/Project_3_LQR_ROS1/devel/.private/carla_msgs/share/common-lisp/ros/carla_msgs/msg/carla_msgs-msg.asd, /home/zq/C-programe-practise/Driveless_PNC/Project_3_LQR_ROS1/devel/share/common-lisp/ros/carla_msgs/msg/carla_msgs-msg.asd)
Linked: (/home/zq/C-programe-practise/Driveless_PNC/Project_3_LQR_ROS1/devel/.private/carla_msgs/share/common-lisp/ros/carla_msgs/msg/CarlaWeatherParameters.lisp, /home/zq/C-programe-practise/Driveless_PNC/Project_3_LQR_ROS1/devel/share/common-lisp/ros/carla_msgs/msg/CarlaWeatherParameters.lisp)
Linked: (/home/zq/C-programe-practise/Driveless_PNC/Project_3_LQR_ROS1/devel/.private/carla_msgs/share/common-lisp/ros/carla_msgs/msg/_package_CarlaWeatherParameters.lisp, /home/zq/C-programe-practise/Driveless_PNC/Project_3_LQR_ROS1/devel/share/common-lisp/ros/carla_msgs/msg/_package_CarlaWeatherParameters.lisp)
Linked: (/home/zq/C-programe-practise/Driveless_PNC/Project_3_LQR_ROS1/devel/.private/carla_msgs/share/common-lisp/ros/carla_msgs/msg/CarlaBoundingBox.lisp, /home/zq/C-programe-practise/Driveless_PNC/Project_3_LQR_ROS1/devel/share/common-lisp/ros/carla_msgs/msg/CarlaBoundingBox.lisp)
Linked: (/home/zq/C-programe-practise/Driveless_PNC/Project_3_LQR_ROS1/devel/.private/carla_msgs/share/common-lisp/ros/carla_msgs/msg/_package_CarlaBoundingBox.lisp, /home/zq/C-programe-practise/Driveless_PNC/Project_3_LQR_ROS1/devel/share/common-lisp/ros/carla_msgs/msg/_package_CarlaBoundingBox.lisp)
Linked: (/home/zq/C-programe-practise/Driveless_PNC/Project_3_LQR_ROS1/devel/.private/carla_msgs/share/common-lisp/ros/carla_msgs/msg/_package_CarlaLaneInvasionEvent.lisp, /home/zq/C-programe-practise/Driveless_PNC/Project_3_LQR_ROS1/devel/share/common-lisp/ros/carla_msgs/msg/_package_CarlaLaneInvasionEvent.lisp)
Linked: (/home/zq/C-programe-practise/Driveless_PNC/Project_3_LQR_ROS1/devel/.private/carla_msgs/share/common-lisp/ros/carla_msgs/msg/_package_CarlaEgoVehicleInfoWheel.lisp, /home/zq/C-programe-practise/Driveless_PNC/Project_3_LQR_ROS1/devel/share/common-lisp/ros/carla_msgs/msg/_package_CarlaEgoVehicleInfoWheel.lisp)
Linked: (/home/zq/C-programe-practise/Driveless_PNC/Project_3_LQR_ROS1/devel/.private/carla_msgs/share/common-lisp/ros/carla_msgs/msg/CarlaEgoVehicleControl.lisp, /home/zq/C-programe-practise/Driveless_PNC/Project_3_LQR_ROS1/devel/share/common-lisp/ros/carla_msgs/msg/CarlaEgoVehicleControl.lisp)
Linked: (/home/zq/C-programe-practise/Driveless_PNC/Project_3_LQR_ROS1/devel/.private/carla_msgs/share/common-lisp/ros/carla_msgs/msg/CarlaControl.lisp, /home/zq/C-programe-practise/Driveless_PNC/Project_3_LQR_ROS1/devel/share/common-lisp/ros/carla_msgs/msg/CarlaControl.lisp)
Linked: (/home/zq/C-programe-practise/Driveless_PNC/Project_3_LQR_ROS1/devel/.private/carla_msgs/share/common-lisp/ros/carla_msgs/msg/CarlaLaneInvasionEvent.lisp, /home/zq/C-programe-practise/Driveless_PNC/Project_3_LQR_ROS1/devel/share/common-lisp/ros/carla_msgs/msg/CarlaLaneInvasionEvent.lisp)
Linked: (/home/zq/C-programe-practise/Driveless_PNC/Project_3_LQR_ROS1/devel/.private/carla_msgs/share/common-lisp/ros/carla_msgs/msg/_package_CarlaCollisionEvent.lisp, /home/zq/C-programe-practise/Driveless_PNC/Project_3_LQR_ROS1/devel/share/common-lisp/ros/carla_msgs/msg/_package_CarlaCollisionEvent.lisp)
Linked: (/home/zq/C-programe-practise/Driveless_PNC/Project_3_LQR_ROS1/devel/.private/carla_msgs/share/common-lisp/ros/carla_msgs/msg/_package_CarlaTrafficLightStatusList.lisp, /home/zq/C-programe-practise/Driveless_PNC/Project_3_LQR_ROS1/devel/share/common-lisp/ros/carla_msgs/msg/_package_CarlaTrafficLightStatusList.lisp)
Linked: (/home/zq/C-programe-practise/Driveless_PNC/Project_3_LQR_ROS1/devel/.private/carla_msgs/share/common-lisp/ros/carla_msgs/msg/_package.lisp, /home/zq/C-programe-practise/Driveless_PNC/Project_3_LQR_ROS1/devel/share/common-lisp/ros/carla_msgs/msg/_package.lisp)
Linked: (/home/zq/C-programe-practise/Driveless_PNC/Project_3_LQR_ROS1/devel/.private/carla_msgs/share/common-lisp/ros/carla_msgs/msg/CarlaWalkerControl.lisp, /home/zq/C-programe-practise/Driveless_PNC/Project_3_LQR_ROS1/devel/share/common-lisp/ros/carla_msgs/msg/CarlaWalkerControl.lisp)
Linked: (/home/zq/C-programe-practise/Driveless_PNC/Project_3_LQR_ROS1/devel/.private/carla_msgs/share/common-lisp/ros/carla_msgs/msg/CarlaEgoVehicleInfoWheel.lisp, /home/zq/C-programe-practise/Driveless_PNC/Project_3_LQR_ROS1/devel/share/common-lisp/ros/carla_msgs/msg/CarlaEgoVehicleInfoWheel.lisp)
Linked: (/home/zq/C-programe-practise/Driveless_PNC/Project_3_LQR_ROS1/devel/.private/carla_msgs/share/common-lisp/ros/carla_msgs/msg/_package_CarlaEgoVehicleInfo.lisp, /home/zq/C-programe-practise/Driveless_PNC/Project_3_LQR_ROS1/devel/share/common-lisp/ros/carla_msgs/msg/_package_CarlaEgoVehicleInfo.lisp)
Linked: (/home/zq/C-programe-practise/Driveless_PNC/Project_3_LQR_ROS1/devel/.private/carla_msgs/share/common-lisp/ros/carla_msgs/msg/_package_CarlaEgoVehicleStatus.lisp, /home/zq/C-programe-practise/Driveless_PNC/Project_3_LQR_ROS1/devel/share/common-lisp/ros/carla_msgs/msg/_package_CarlaEgoVehicleStatus.lisp)
Linked: (/home/zq/C-programe-practise/Driveless_PNC/Project_3_LQR_ROS1/devel/.private/carla_msgs/share/common-lisp/ros/carla_msgs/msg/_package_CarlaStatus.lisp, /home/zq/C-programe-practise/Driveless_PNC/Project_3_LQR_ROS1/devel/share/common-lisp/ros/carla_msgs/msg/_package_CarlaStatus.lisp)
Linked: (/home/zq/C-programe-practise/Driveless_PNC/Project_3_LQR_ROS1/devel/.private/carla_msgs/share/common-lisp/ros/carla_msgs/msg/CarlaTrafficLightStatusList.lisp, /home/zq/C-programe-practise/Driveless_PNC/Project_3_LQR_ROS1/devel/share/common-lisp/ros/carla_msgs/msg/CarlaTrafficLightStatusList.lisp)
Linked: (/home/zq/C-programe-practise/Driveless_PNC/Project_3_LQR_ROS1/devel/.private/carla_msgs/share/common-lisp/ros/carla_msgs/msg/_package_CarlaTrafficLightStatus.lisp, /home/zq/C-programe-practise/Driveless_PNC/Project_3_LQR_ROS1/devel/share/common-lisp/ros/carla_msgs/msg/_package_CarlaTrafficLightStatus.lisp)
Linked: (/home/zq/C-programe-practise/Driveless_PNC/Project_3_LQR_ROS1/devel/.private/carla_msgs/share/common-lisp/ros/carla_msgs/msg/_package_CarlaTrafficLightInfo.lisp, /home/zq/C-programe-practise/Driveless_PNC/Project_3_LQR_ROS1/devel/share/common-lisp/ros/carla_msgs/msg/_package_CarlaTrafficLightInfo.lisp)
Linked: (/home/zq/C-programe-practise/Driveless_PNC/Project_3_LQR_ROS1/devel/.private/carla_msgs/share/common-lisp/ros/carla_msgs/msg/_package_CarlaWalkerControl.lisp, /home/zq/C-programe-practise/Driveless_PNC/Project_3_LQR_ROS1/devel/share/common-lisp/ros/carla_msgs/msg/_package_CarlaWalkerControl.lisp)
Linked: (/home/zq/C-programe-practise/Driveless_PNC/Project_3_LQR_ROS1/devel/.private/carla_msgs/share/roseus/ros/carla_msgs/manifest.l, /home/zq/C-programe-practise/Driveless_PNC/Project_3_LQR_ROS1/devel/share/roseus/ros/carla_msgs/manifest.l)
Linked: (/home/zq/C-programe-practise/Driveless_PNC/Project_3_LQR_ROS1/devel/.private/carla_msgs/share/roseus/ros/carla_msgs/srv/DestroyObject.l, /home/zq/C-programe-practise/Driveless_PNC/Project_3_LQR_ROS1/devel/share/roseus/ros/carla_msgs/srv/DestroyObject.l)
Linked: (/home/zq/C-programe-practise/Driveless_PNC/Project_3_LQR_ROS1/devel/.private/carla_msgs/share/roseus/ros/carla_msgs/srv/GetBlueprints.l, /home/zq/C-programe-practise/Driveless_PNC/Project_3_LQR_ROS1/devel/share/roseus/ros/carla_msgs/srv/GetBlueprints.l)
Linked: (/home/zq/C-programe-practise/Driveless_PNC/Project_3_LQR_ROS1/devel/.private/carla_msgs/share/roseus/ros/carla_msgs/srv/SpawnObject.l, /home/zq/C-programe-practise/Driveless_PNC/Project_3_LQR_ROS1/devel/share/roseus/ros/carla_msgs/srv/SpawnObject.l)
Linked: (/home/zq/C-programe-practise/Driveless_PNC/Project_3_LQR_ROS1/devel/.private/carla_msgs/share/roseus/ros/carla_msgs/msg/CarlaTrafficLightStatusList.l, /home/zq/C-programe-practise/Driveless_PNC/Project_3_LQR_ROS1/devel/share/roseus/ros/carla_msgs/msg/CarlaTrafficLightStatusList.l)
Linked: (/home/zq/C-programe-practise/Driveless_PNC/Project_3_LQR_ROS1/devel/.private/carla_msgs/share/roseus/ros/carla_msgs/msg/CarlaActorList.l, /home/zq/C-programe-practise/Driveless_PNC/Project_3_LQR_ROS1/devel/share/roseus/ros/carla_msgs/msg/CarlaActorList.l)
Linked: (/home/zq/C-programe-practise/Driveless_PNC/Project_3_LQR_ROS1/devel/.private/carla_msgs/share/roseus/ros/carla_msgs/msg/CarlaStatus.l, /home/zq/C-programe-practise/Driveless_PNC/Project_3_LQR_ROS1/devel/share/roseus/ros/carla_msgs/msg/CarlaStatus.l)
Linked: (/home/zq/C-programe-practise/Driveless_PNC/Project_3_LQR_ROS1/devel/.private/carla_msgs/share/roseus/ros/carla_msgs/msg/CarlaWalkerControl.l, /home/zq/C-programe-practise/Driveless_PNC/Project_3_LQR_ROS1/devel/share/roseus/ros/carla_msgs/msg/CarlaWalkerControl.l)
Linked: (/home/zq/C-programe-practise/Driveless_PNC/Project_3_LQR_ROS1/devel/.private/carla_msgs/share/roseus/ros/carla_msgs/msg/CarlaActorInfo.l, /home/zq/C-programe-practise/Driveless_PNC/Project_3_LQR_ROS1/devel/share/roseus/ros/carla_msgs/msg/CarlaActorInfo.l)
Linked: (/home/zq/C-programe-practise/Driveless_PNC/Project_3_LQR_ROS1/devel/.private/carla_msgs/share/roseus/ros/carla_msgs/msg/CarlaEgoVehicleStatus.l, /home/zq/C-programe-practise/Driveless_PNC/Project_3_LQR_ROS1/devel/share/roseus/ros/carla_msgs/msg/CarlaEgoVehicleStatus.l)
Linked: (/home/zq/C-programe-practise/Driveless_PNC/Project_3_LQR_ROS1/devel/.private/carla_msgs/share/roseus/ros/carla_msgs/msg/CarlaWeatherParameters.l, /home/zq/C-programe-practise/Driveless_PNC/Project_3_LQR_ROS1/devel/share/roseus/ros/carla_msgs/msg/CarlaWeatherParameters.l)
Linked: (/home/zq/C-programe-practise/Driveless_PNC/Project_3_LQR_ROS1/devel/.private/carla_msgs/share/roseus/ros/carla_msgs/msg/CarlaWorldInfo.l, /home/zq/C-programe-practise/Driveless_PNC/Project_3_LQR_ROS1/devel/share/roseus/ros/carla_msgs/msg/CarlaWorldInfo.l)
Linked: (/home/zq/C-programe-practise/Driveless_PNC/Project_3_LQR_ROS1/devel/.private/carla_msgs/share/roseus/ros/carla_msgs/msg/CarlaEgoVehicleControl.l, /home/zq/C-programe-practise/Driveless_PNC/Project_3_LQR_ROS1/devel/share/roseus/ros/carla_msgs/msg/CarlaEgoVehicleControl.l)
Linked: (/home/zq/C-programe-practise/Driveless_PNC/Project_3_LQR_ROS1/devel/.private/carla_msgs/share/roseus/ros/carla_msgs/msg/CarlaControl.l, /home/zq/C-programe-practise/Driveless_PNC/Project_3_LQR_ROS1/devel/share/roseus/ros/carla_msgs/msg/CarlaControl.l)
Linked: (/home/zq/C-programe-practise/Driveless_PNC/Project_3_LQR_ROS1/devel/.private/carla_msgs/share/roseus/ros/carla_msgs/msg/CarlaLaneInvasionEvent.l, /home/zq/C-programe-practise/Driveless_PNC/Project_3_LQR_ROS1/devel/share/roseus/ros/carla_msgs/msg/CarlaLaneInvasionEvent.l)
Linked: (/home/zq/C-programe-practise/Driveless_PNC/Project_3_LQR_ROS1/devel/.private/carla_msgs/share/roseus/ros/carla_msgs/msg/CarlaEgoVehicleInfo.l, /home/zq/C-programe-practise/Driveless_PNC/Project_3_LQR_ROS1/devel/share/roseus/ros/carla_msgs/msg/CarlaEgoVehicleInfo.l)
Linked: (/home/zq/C-programe-practise/Driveless_PNC/Project_3_LQR_ROS1/devel/.private/carla_msgs/share/roseus/ros/carla_msgs/msg/CarlaTrafficLightInfoList.l, /home/zq/C-programe-practise/Driveless_PNC/Project_3_LQR_ROS1/devel/share/roseus/ros/carla_msgs/msg/CarlaTrafficLightInfoList.l)
Linked: (/home/zq/C-programe-practise/Driveless_PNC/Project_3_LQR_ROS1/devel/.private/carla_msgs/share/roseus/ros/carla_msgs/msg/CarlaEgoVehicleInfoWheel.l, /home/zq/C-programe-practise/Driveless_PNC/Project_3_LQR_ROS1/devel/share/roseus/ros/carla_msgs/msg/CarlaEgoVehicleInfoWheel.l)
Linked: (/home/zq/C-programe-practise/Driveless_PNC/Project_3_LQR_ROS1/devel/.private/carla_msgs/share/roseus/ros/carla_msgs/msg/CarlaTrafficLightInfo.l, /home/zq/C-programe-practise/Driveless_PNC/Project_3_LQR_ROS1/devel/share/roseus/ros/carla_msgs/msg/CarlaTrafficLightInfo.l)
Linked: (/home/zq/C-programe-practise/Driveless_PNC/Project_3_LQR_ROS1/devel/.private/carla_msgs/share/roseus/ros/carla_msgs/msg/CarlaCollisionEvent.l, /home/zq/C-programe-practise/Driveless_PNC/Project_3_LQR_ROS1/devel/share/roseus/ros/carla_msgs/msg/CarlaCollisionEvent.l)
Linked: (/home/zq/C-programe-practise/Driveless_PNC/Project_3_LQR_ROS1/devel/.private/carla_msgs/share/roseus/ros/carla_msgs/msg/CarlaBoundingBox.l, /home/zq/C-programe-practise/Driveless_PNC/Project_3_LQR_ROS1/devel/share/roseus/ros/carla_msgs/msg/CarlaBoundingBox.l)
Linked: (/home/zq/C-programe-practise/Driveless_PNC/Project_3_LQR_ROS1/devel/.private/carla_msgs/share/roseus/ros/carla_msgs/msg/CarlaTrafficLightStatus.l, /home/zq/C-programe-practise/Driveless_PNC/Project_3_LQR_ROS1/devel/share/roseus/ros/carla_msgs/msg/CarlaTrafficLightStatus.l)
Linked: (/home/zq/C-programe-practise/Driveless_PNC/Project_3_LQR_ROS1/devel/.private/carla_msgs/share/gennodejs/ros/carla_msgs/_index.js, /home/zq/C-programe-practise/Driveless_PNC/Project_3_LQR_ROS1/devel/share/gennodejs/ros/carla_msgs/_index.js)
Linked: (/home/zq/C-programe-practise/Driveless_PNC/Project_3_LQR_ROS1/devel/.private/carla_msgs/share/gennodejs/ros/carla_msgs/srv/SpawnObject.js, /home/zq/C-programe-practise/Driveless_PNC/Project_3_LQR_ROS1/devel/share/gennodejs/ros/carla_msgs/srv/SpawnObject.js)
Linked: (/home/zq/C-programe-practise/Driveless_PNC/Project_3_LQR_ROS1/devel/.private/carla_msgs/share/gennodejs/ros/carla_msgs/srv/DestroyObject.js, /home/zq/C-programe-practise/Driveless_PNC/Project_3_LQR_ROS1/devel/share/gennodejs/ros/carla_msgs/srv/DestroyObject.js)
Linked: (/home/zq/C-programe-practise/Driveless_PNC/Project_3_LQR_ROS1/devel/.private/carla_msgs/share/gennodejs/ros/carla_msgs/srv/GetBlueprints.js, /home/zq/C-programe-practise/Driveless_PNC/Project_3_LQR_ROS1/devel/share/gennodejs/ros/carla_msgs/srv/GetBlueprints.js)
Linked: (/home/zq/C-programe-practise/Driveless_PNC/Project_3_LQR_ROS1/devel/.private/carla_msgs/share/gennodejs/ros/carla_msgs/srv/_index.js, /home/zq/C-programe-practise/Driveless_PNC/Project_3_LQR_ROS1/devel/share/gennodejs/ros/carla_msgs/srv/_index.js)
Linked: (/home/zq/C-programe-practise/Driveless_PNC/Project_3_LQR_ROS1/devel/.private/carla_msgs/share/gennodejs/ros/carla_msgs/msg/CarlaEgoVehicleControl.js, /home/zq/C-programe-practise/Driveless_PNC/Project_3_LQR_ROS1/devel/share/gennodejs/ros/carla_msgs/msg/CarlaEgoVehicleControl.js)
Linked: (/home/zq/C-programe-practise/Driveless_PNC/Project_3_LQR_ROS1/devel/.private/carla_msgs/share/gennodejs/ros/carla_msgs/msg/CarlaBoundingBox.js, /home/zq/C-programe-practise/Driveless_PNC/Project_3_LQR_ROS1/devel/share/gennodejs/ros/carla_msgs/msg/CarlaBoundingBox.js)
Linked: (/home/zq/C-programe-practise/Driveless_PNC/Project_3_LQR_ROS1/devel/.private/carla_msgs/share/gennodejs/ros/carla_msgs/msg/CarlaActorList.js, /home/zq/C-programe-practise/Driveless_PNC/Project_3_LQR_ROS1/devel/share/gennodejs/ros/carla_msgs/msg/CarlaActorList.js)
Linked: (/home/zq/C-programe-practise/Driveless_PNC/Project_3_LQR_ROS1/devel/.private/carla_msgs/share/gennodejs/ros/carla_msgs/msg/CarlaEgoVehicleInfoWheel.js, /home/zq/C-programe-practise/Driveless_PNC/Project_3_LQR_ROS1/devel/share/gennodejs/ros/carla_msgs/msg/CarlaEgoVehicleInfoWheel.js)
Linked: (/home/zq/C-programe-practise/Driveless_PNC/Project_3_LQR_ROS1/devel/.private/carla_msgs/share/gennodejs/ros/carla_msgs/msg/CarlaCollisionEvent.js, /home/zq/C-programe-practise/Driveless_PNC/Project_3_LQR_ROS1/devel/share/gennodejs/ros/carla_msgs/msg/CarlaCollisionEvent.js)
Linked: (/home/zq/C-programe-practise/Driveless_PNC/Project_3_LQR_ROS1/devel/.private/carla_msgs/share/gennodejs/ros/carla_msgs/msg/CarlaEgoVehicleStatus.js, /home/zq/C-programe-practise/Driveless_PNC/Project_3_LQR_ROS1/devel/share/gennodejs/ros/carla_msgs/msg/CarlaEgoVehicleStatus.js)
Linked: (/home/zq/C-programe-practise/Driveless_PNC/Project_3_LQR_ROS1/devel/.private/carla_msgs/share/gennodejs/ros/carla_msgs/msg/CarlaEgoVehicleInfo.js, /home/zq/C-programe-practise/Driveless_PNC/Project_3_LQR_ROS1/devel/share/gennodejs/ros/carla_msgs/msg/CarlaEgoVehicleInfo.js)
Linked: (/home/zq/C-programe-practise/Driveless_PNC/Project_3_LQR_ROS1/devel/.private/carla_msgs/share/gennodejs/ros/carla_msgs/msg/CarlaTrafficLightStatus.js, /home/zq/C-programe-practise/Driveless_PNC/Project_3_LQR_ROS1/devel/share/gennodejs/ros/carla_msgs/msg/CarlaTrafficLightStatus.js)
Linked: (/home/zq/C-programe-practise/Driveless_PNC/Project_3_LQR_ROS1/devel/.private/carla_msgs/share/gennodejs/ros/carla_msgs/msg/CarlaWalkerControl.js, /home/zq/C-programe-practise/Driveless_PNC/Project_3_LQR_ROS1/devel/share/gennodejs/ros/carla_msgs/msg/CarlaWalkerControl.js)
Linked: (/home/zq/C-programe-practise/Driveless_PNC/Project_3_LQR_ROS1/devel/.private/carla_msgs/share/gennodejs/ros/carla_msgs/msg/CarlaControl.js, /home/zq/C-programe-practise/Driveless_PNC/Project_3_LQR_ROS1/devel/share/gennodejs/ros/carla_msgs/msg/CarlaControl.js)
Linked: (/home/zq/C-programe-practise/Driveless_PNC/Project_3_LQR_ROS1/devel/.private/carla_msgs/share/gennodejs/ros/carla_msgs/msg/CarlaTrafficLightStatusList.js, /home/zq/C-programe-practise/Driveless_PNC/Project_3_LQR_ROS1/devel/share/gennodejs/ros/carla_msgs/msg/CarlaTrafficLightStatusList.js)
Linked: (/home/zq/C-programe-practise/Driveless_PNC/Project_3_LQR_ROS1/devel/.private/carla_msgs/share/gennodejs/ros/carla_msgs/msg/CarlaWorldInfo.js, /home/zq/C-programe-practise/Driveless_PNC/Project_3_LQR_ROS1/devel/share/gennodejs/ros/carla_msgs/msg/CarlaWorldInfo.js)
Linked: (/home/zq/C-programe-practise/Driveless_PNC/Project_3_LQR_ROS1/devel/.private/carla_msgs/share/gennodejs/ros/carla_msgs/msg/CarlaWeatherParameters.js, /home/zq/C-programe-practise/Driveless_PNC/Project_3_LQR_ROS1/devel/share/gennodejs/ros/carla_msgs/msg/CarlaWeatherParameters.js)
Linked: (/home/zq/C-programe-practise/Driveless_PNC/Project_3_LQR_ROS1/devel/.private/carla_msgs/share/gennodejs/ros/carla_msgs/msg/_index.js, /home/zq/C-programe-practise/Driveless_PNC/Project_3_LQR_ROS1/devel/share/gennodejs/ros/carla_msgs/msg/_index.js)
Linked: (/home/zq/C-programe-practise/Driveless_PNC/Project_3_LQR_ROS1/devel/.private/carla_msgs/share/gennodejs/ros/carla_msgs/msg/CarlaTrafficLightInfo.js, /home/zq/C-programe-practise/Driveless_PNC/Project_3_LQR_ROS1/devel/share/gennodejs/ros/carla_msgs/msg/CarlaTrafficLightInfo.js)
Linked: (/home/zq/C-programe-practise/Driveless_PNC/Project_3_LQR_ROS1/devel/.private/carla_msgs/share/gennodejs/ros/carla_msgs/msg/CarlaLaneInvasionEvent.js, /home/zq/C-programe-practise/Driveless_PNC/Project_3_LQR_ROS1/devel/share/gennodejs/ros/carla_msgs/msg/CarlaLaneInvasionEvent.js)
Linked: (/home/zq/C-programe-practise/Driveless_PNC/Project_3_LQR_ROS1/devel/.private/carla_msgs/share/gennodejs/ros/carla_msgs/msg/CarlaActorInfo.js, /home/zq/C-programe-practise/Driveless_PNC/Project_3_LQR_ROS1/devel/share/gennodejs/ros/carla_msgs/msg/CarlaActorInfo.js)
Linked: (/home/zq/C-programe-practise/Driveless_PNC/Project_3_LQR_ROS1/devel/.private/carla_msgs/share/gennodejs/ros/carla_msgs/msg/CarlaStatus.js, /home/zq/C-programe-practise/Driveless_PNC/Project_3_LQR_ROS1/devel/share/gennodejs/ros/carla_msgs/msg/CarlaStatus.js)
Linked: (/home/zq/C-programe-practise/Driveless_PNC/Project_3_LQR_ROS1/devel/.private/carla_msgs/share/gennodejs/ros/carla_msgs/msg/CarlaTrafficLightInfoList.js, /home/zq/C-programe-practise/Driveless_PNC/Project_3_LQR_ROS1/devel/share/gennodejs/ros/carla_msgs/msg/CarlaTrafficLightInfoList.js)
Linked: (/home/zq/C-programe-practise/Driveless_PNC/Project_3_LQR_ROS1/devel/.private/carla_msgs/share/carla_msgs/cmake/carla_msgs-msg-paths.cmake, /home/zq/C-programe-practise/Driveless_PNC/Project_3_LQR_ROS1/devel/share/carla_msgs/cmake/carla_msgs-msg-paths.cmake)
Linked: (/home/zq/C-programe-practise/Driveless_PNC/Project_3_LQR_ROS1/devel/.private/carla_msgs/share/carla_msgs/cmake/carla_msgsConfig-version.cmake, /home/zq/C-programe-practise/Driveless_PNC/Project_3_LQR_ROS1/devel/share/carla_msgs/cmake/carla_msgsConfig-version.cmake)
Linked: (/home/zq/C-programe-practise/Driveless_PNC/Project_3_LQR_ROS1/devel/.private/carla_msgs/share/carla_msgs/cmake/carla_msgs-msg-extras.cmake, /home/zq/C-programe-practise/Driveless_PNC/Project_3_LQR_ROS1/devel/share/carla_msgs/cmake/carla_msgs-msg-extras.cmake)
Linked: (/home/zq/C-programe-practise/Driveless_PNC/Project_3_LQR_ROS1/devel/.private/carla_msgs/share/carla_msgs/cmake/carla_msgsConfig.cmake, /home/zq/C-programe-practise/Driveless_PNC/Project_3_LQR_ROS1/devel/share/carla_msgs/cmake/carla_msgsConfig.cmake)
