Symlinking /home/zq/C-programe-practise/Driveless_PNC/Project2_Stanley_ROS1/devel/lib/pkgconfig/carla_common.pc
Symlinking /home/zq/C-programe-practise/Driveless_PNC/Project2_Stanley_ROS1/devel/lib/python3/dist-packages/carla_common/__init__.py
Symlinking /home/zq/C-programe-practise/Driveless_PNC/Project2_Stanley_ROS1/devel/lib/carla_common/transforms.py
Symlinking /home/zq/C-programe-practise/Driveless_PNC/Project2_Stanley_ROS1/devel/lib/carla_common/cmake.lock
Symlinking /home/zq/C-programe-practise/Driveless_PNC/Project2_Stanley_ROS1/devel/share/carla_common/cmake/carla_commonConfig-version.cmake
Symlinking /home/zq/C-programe-practise/Driveless_PNC/Project2_Stanley_ROS1/devel/share/carla_common/cmake/carla_commonConfig.cmake
Cleaning: (/home/zq/C-programe-practise/Driveless_PNC/Project2 Stanley ROS1/devel/.private/carla_common/cmake.lock, /home/zq/C-programe-practise/Driveless_PNC/Project2 Stanley ROS1/devel/./cmake.lock)
Cleaning: (/home/zq/C-programe-practise/Driveless_PNC/Project2 Stanley ROS1/devel/.private/carla_common/lib/pkgconfig/carla_common.pc, /home/zq/C-programe-practise/Driveless_PNC/Project2 Stanley ROS1/devel/lib/pkgconfig/carla_common.pc)
Cleaning: (/home/zq/C-programe-practise/Driveless_PNC/Project2 Stanley ROS1/devel/.private/carla_common/lib/python3/dist-packages/carla_common/__init__.py, /home/zq/C-programe-practise/Driveless_PNC/Project2 Stanley ROS1/devel/lib/python3/dist-packages/carla_common/__init__.py)
Cleaning: (/home/zq/C-programe-practise/Driveless_PNC/Project2 Stanley ROS1/devel/.private/carla_common/lib/carla_common/transforms.py, /home/zq/C-programe-practise/Driveless_PNC/Project2 Stanley ROS1/devel/lib/carla_common/transforms.py)
Cleaning: (/home/zq/C-programe-practise/Driveless_PNC/Project2 Stanley ROS1/devel/.private/carla_common/lib/carla_common/cmake.lock, /home/zq/C-programe-practise/Driveless_PNC/Project2 Stanley ROS1/devel/lib/carla_common/cmake.lock)
Cleaning: (/home/zq/C-programe-practise/Driveless_PNC/Project2 Stanley ROS1/devel/.private/carla_common/share/carla_common/cmake/carla_commonConfig-version.cmake, /home/zq/C-programe-practise/Driveless_PNC/Project2 Stanley ROS1/devel/share/carla_common/cmake/carla_commonConfig-version.cmake)
Cleaning: (/home/zq/C-programe-practise/Driveless_PNC/Project2 Stanley ROS1/devel/.private/carla_common/share/carla_common/cmake/carla_commonConfig.cmake, /home/zq/C-programe-practise/Driveless_PNC/Project2 Stanley ROS1/devel/share/carla_common/cmake/carla_commonConfig.cmake)
Unlinking: /home/zq/C-programe-practise/Driveless_PNC/Project2 Stanley ROS1/devel/lib/pkgconfig/carla_common.pc
Already unlinked: {}
Unlinking: /home/zq/C-programe-practise/Driveless_PNC/Project2 Stanley ROS1/devel/lib/python3/dist-packages/carla_common/__init__.py
Already unlinked: {}
Unlinking: /home/zq/C-programe-practise/Driveless_PNC/Project2 Stanley ROS1/devel/lib/carla_common/transforms.py
Already unlinked: {}
Unlinking: /home/zq/C-programe-practise/Driveless_PNC/Project2 Stanley ROS1/devel/lib/carla_common/cmake.lock
Already unlinked: {}
Unlinking: /home/zq/C-programe-practise/Driveless_PNC/Project2 Stanley ROS1/devel/share/carla_common/cmake/carla_commonConfig-version.cmake
Already unlinked: {}
Unlinking: /home/zq/C-programe-practise/Driveless_PNC/Project2 Stanley ROS1/devel/share/carla_common/cmake/carla_commonConfig.cmake
Already unlinked: {}
