Warning: Cannot symlink from /home/zq/C-programe-practise/Driveless_PNC/Project_1_PID_ROS1/devel/.private/carla_waypoint_types/lib/pkgconfig/carla_waypoint_types.pc to existing file /home/zq/C-programe-practise/Driveless_PNC/Project_1_PID_ROS1/devel/lib/pkgconfig/carla_waypoint_types.pc
Warning: Source hash: 28e74db8c128ca33d1f710deacb555ed
Warning: Dest hash: 1de9a7fa7f5702509739d888fabe7028
Warning: Cannot symlink from /home/zq/C-programe-practise/Driveless_PNC/Project_1_PID_ROS1/devel/.private/carla_waypoint_types/share/carla_waypoint_types/cmake/carla_waypoint_types-msg-extras.cmake to existing file /home/zq/C-programe-practise/Driveless_PNC/Project_1_PID_ROS1/devel/share/carla_waypoint_types/cmake/carla_waypoint_types-msg-extras.cmake
Warning: Source hash: c22a1b6e7fb6d01981f191fb0e86a3a9
Warning: Dest hash: c226f1aa91b79dd7889640fbe498ec2c
Warning: Cannot symlink from /home/zq/C-programe-practise/Driveless_PNC/Project_1_PID_ROS1/devel/.private/carla_waypoint_types/share/carla_waypoint_types/cmake/carla_waypoint_typesConfig.cmake to existing file /home/zq/C-programe-practise/Driveless_PNC/Project_1_PID_ROS1/devel/share/carla_waypoint_types/cmake/carla_waypoint_typesConfig.cmake
Warning: Source hash: 1685d01ef3b3e9ecc49f15905f357a41
Warning: Dest hash: e8120732384d6cfe5ae1009549964bef
Warning: Cannot symlink from /home/zq/C-programe-practise/Driveless_PNC/Project_1_PID_ROS1/devel/.private/carla_waypoint_types/share/carla_waypoint_types/cmake/carla_waypoint_types-msg-paths.cmake to existing file /home/zq/C-programe-practise/Driveless_PNC/Project_1_PID_ROS1/devel/share/carla_waypoint_types/cmake/carla_waypoint_types-msg-paths.cmake
Warning: Source hash: d97efdcb93fc9522987d0257c45475b0
Warning: Dest hash: b7ef831a30d92dc39cd335c96609c73c
Cleaning: (/home/zq/C-programe-practise/Driveless_PNC/Lecture_Files/Project1 PID ROS1/Project_1_PID_ROS1/devel/.private/carla_waypoint_types/cmake.lock, /home/zq/C-programe-practise/Driveless_PNC/Lecture_Files/Project1 PID ROS1/Project_1_PID_ROS1/devel/./cmake.lock)
Cleaning: (/home/zq/C-programe-practise/Driveless_PNC/Lecture_Files/Project1 PID ROS1/Project_1_PID_ROS1/devel/.private/carla_waypoint_types/lib/pkgconfig/carla_waypoint_types.pc, /home/zq/C-programe-practise/Driveless_PNC/Lecture_Files/Project1 PID ROS1/Project_1_PID_ROS1/devel/lib/pkgconfig/carla_waypoint_types.pc)
Cleaning: (/home/zq/C-programe-practise/Driveless_PNC/Lecture_Files/Project1 PID ROS1/Project_1_PID_ROS1/devel/.private/carla_waypoint_types/lib/python3/dist-packages/carla_waypoint_types/__init__.py, /home/zq/C-programe-practise/Driveless_PNC/Lecture_Files/Project1 PID ROS1/Project_1_PID_ROS1/devel/lib/python3/dist-packages/carla_waypoint_types/__init__.py)
Cleaning: (/home/zq/C-programe-practise/Driveless_PNC/Lecture_Files/Project1 PID ROS1/Project_1_PID_ROS1/devel/.private/carla_waypoint_types/lib/python3/dist-packages/carla_waypoint_types/srv/__init__.py, /home/zq/C-programe-practise/Driveless_PNC/Lecture_Files/Project1 PID ROS1/Project_1_PID_ROS1/devel/lib/python3/dist-packages/carla_waypoint_types/srv/__init__.py)
Cleaning: (/home/zq/C-programe-practise/Driveless_PNC/Lecture_Files/Project1 PID ROS1/Project_1_PID_ROS1/devel/.private/carla_waypoint_types/lib/python3/dist-packages/carla_waypoint_types/srv/_GetActorWaypoint.py, /home/zq/C-programe-practise/Driveless_PNC/Lecture_Files/Project1 PID ROS1/Project_1_PID_ROS1/devel/lib/python3/dist-packages/carla_waypoint_types/srv/_GetActorWaypoint.py)
Cleaning: (/home/zq/C-programe-practise/Driveless_PNC/Lecture_Files/Project1 PID ROS1/Project_1_PID_ROS1/devel/.private/carla_waypoint_types/lib/python3/dist-packages/carla_waypoint_types/srv/_GetWaypoint.py, /home/zq/C-programe-practise/Driveless_PNC/Lecture_Files/Project1 PID ROS1/Project_1_PID_ROS1/devel/lib/python3/dist-packages/carla_waypoint_types/srv/_GetWaypoint.py)
Cleaning: (/home/zq/C-programe-practise/Driveless_PNC/Lecture_Files/Project1 PID ROS1/Project_1_PID_ROS1/devel/.private/carla_waypoint_types/lib/python3/dist-packages/carla_waypoint_types/msg/__init__.py, /home/zq/C-programe-practise/Driveless_PNC/Lecture_Files/Project1 PID ROS1/Project_1_PID_ROS1/devel/lib/python3/dist-packages/carla_waypoint_types/msg/__init__.py)
Cleaning: (/home/zq/C-programe-practise/Driveless_PNC/Lecture_Files/Project1 PID ROS1/Project_1_PID_ROS1/devel/.private/carla_waypoint_types/lib/python3/dist-packages/carla_waypoint_types/msg/_CarlaWaypoint.py, /home/zq/C-programe-practise/Driveless_PNC/Lecture_Files/Project1 PID ROS1/Project_1_PID_ROS1/devel/lib/python3/dist-packages/carla_waypoint_types/msg/_CarlaWaypoint.py)
Cleaning: (/home/zq/C-programe-practise/Driveless_PNC/Lecture_Files/Project1 PID ROS1/Project_1_PID_ROS1/devel/.private/carla_waypoint_types/include/carla_waypoint_types/GetWaypointResponse.h, /home/zq/C-programe-practise/Driveless_PNC/Lecture_Files/Project1 PID ROS1/Project_1_PID_ROS1/devel/include/carla_waypoint_types/GetWaypointResponse.h)
Cleaning: (/home/zq/C-programe-practise/Driveless_PNC/Lecture_Files/Project1 PID ROS1/Project_1_PID_ROS1/devel/.private/carla_waypoint_types/include/carla_waypoint_types/GetWaypointRequest.h, /home/zq/C-programe-practise/Driveless_PNC/Lecture_Files/Project1 PID ROS1/Project_1_PID_ROS1/devel/include/carla_waypoint_types/GetWaypointRequest.h)
Cleaning: (/home/zq/C-programe-practise/Driveless_PNC/Lecture_Files/Project1 PID ROS1/Project_1_PID_ROS1/devel/.private/carla_waypoint_types/include/carla_waypoint_types/GetWaypoint.h, /home/zq/C-programe-practise/Driveless_PNC/Lecture_Files/Project1 PID ROS1/Project_1_PID_ROS1/devel/include/carla_waypoint_types/GetWaypoint.h)
Cleaning: (/home/zq/C-programe-practise/Driveless_PNC/Lecture_Files/Project1 PID ROS1/Project_1_PID_ROS1/devel/.private/carla_waypoint_types/include/carla_waypoint_types/GetActorWaypointRequest.h, /home/zq/C-programe-practise/Driveless_PNC/Lecture_Files/Project1 PID ROS1/Project_1_PID_ROS1/devel/include/carla_waypoint_types/GetActorWaypointRequest.h)
Cleaning: (/home/zq/C-programe-practise/Driveless_PNC/Lecture_Files/Project1 PID ROS1/Project_1_PID_ROS1/devel/.private/carla_waypoint_types/include/carla_waypoint_types/CarlaWaypoint.h, /home/zq/C-programe-practise/Driveless_PNC/Lecture_Files/Project1 PID ROS1/Project_1_PID_ROS1/devel/include/carla_waypoint_types/CarlaWaypoint.h)
Cleaning: (/home/zq/C-programe-practise/Driveless_PNC/Lecture_Files/Project1 PID ROS1/Project_1_PID_ROS1/devel/.private/carla_waypoint_types/include/carla_waypoint_types/GetActorWaypointResponse.h, /home/zq/C-programe-practise/Driveless_PNC/Lecture_Files/Project1 PID ROS1/Project_1_PID_ROS1/devel/include/carla_waypoint_types/GetActorWaypointResponse.h)
Cleaning: (/home/zq/C-programe-practise/Driveless_PNC/Lecture_Files/Project1 PID ROS1/Project_1_PID_ROS1/devel/.private/carla_waypoint_types/include/carla_waypoint_types/GetActorWaypoint.h, /home/zq/C-programe-practise/Driveless_PNC/Lecture_Files/Project1 PID ROS1/Project_1_PID_ROS1/devel/include/carla_waypoint_types/GetActorWaypoint.h)
Cleaning: (/home/zq/C-programe-practise/Driveless_PNC/Lecture_Files/Project1 PID ROS1/Project_1_PID_ROS1/devel/.private/carla_waypoint_types/share/common-lisp/ros/carla_waypoint_types/srv/GetActorWaypoint.lisp, /home/zq/C-programe-practise/Driveless_PNC/Lecture_Files/Project1 PID ROS1/Project_1_PID_ROS1/devel/share/common-lisp/ros/carla_waypoint_types/srv/GetActorWaypoint.lisp)
Cleaning: (/home/zq/C-programe-practise/Driveless_PNC/Lecture_Files/Project1 PID ROS1/Project_1_PID_ROS1/devel/.private/carla_waypoint_types/share/common-lisp/ros/carla_waypoint_types/srv/carla_waypoint_types-srv.asd, /home/zq/C-programe-practise/Driveless_PNC/Lecture_Files/Project1 PID ROS1/Project_1_PID_ROS1/devel/share/common-lisp/ros/carla_waypoint_types/srv/carla_waypoint_types-srv.asd)
Cleaning: (/home/zq/C-programe-practise/Driveless_PNC/Lecture_Files/Project1 PID ROS1/Project_1_PID_ROS1/devel/.private/carla_waypoint_types/share/common-lisp/ros/carla_waypoint_types/srv/_package_GetWaypoint.lisp, /home/zq/C-programe-practise/Driveless_PNC/Lecture_Files/Project1 PID ROS1/Project_1_PID_ROS1/devel/share/common-lisp/ros/carla_waypoint_types/srv/_package_GetWaypoint.lisp)
Cleaning: (/home/zq/C-programe-practise/Driveless_PNC/Lecture_Files/Project1 PID ROS1/Project_1_PID_ROS1/devel/.private/carla_waypoint_types/share/common-lisp/ros/carla_waypoint_types/srv/GetWaypoint.lisp, /home/zq/C-programe-practise/Driveless_PNC/Lecture_Files/Project1 PID ROS1/Project_1_PID_ROS1/devel/share/common-lisp/ros/carla_waypoint_types/srv/GetWaypoint.lisp)
Cleaning: (/home/zq/C-programe-practise/Driveless_PNC/Lecture_Files/Project1 PID ROS1/Project_1_PID_ROS1/devel/.private/carla_waypoint_types/share/common-lisp/ros/carla_waypoint_types/srv/_package_GetActorWaypoint.lisp, /home/zq/C-programe-practise/Driveless_PNC/Lecture_Files/Project1 PID ROS1/Project_1_PID_ROS1/devel/share/common-lisp/ros/carla_waypoint_types/srv/_package_GetActorWaypoint.lisp)
Cleaning: (/home/zq/C-programe-practise/Driveless_PNC/Lecture_Files/Project1 PID ROS1/Project_1_PID_ROS1/devel/.private/carla_waypoint_types/share/common-lisp/ros/carla_waypoint_types/srv/_package.lisp, /home/zq/C-programe-practise/Driveless_PNC/Lecture_Files/Project1 PID ROS1/Project_1_PID_ROS1/devel/share/common-lisp/ros/carla_waypoint_types/srv/_package.lisp)
Cleaning: (/home/zq/C-programe-practise/Driveless_PNC/Lecture_Files/Project1 PID ROS1/Project_1_PID_ROS1/devel/.private/carla_waypoint_types/share/common-lisp/ros/carla_waypoint_types/msg/CarlaWaypoint.lisp, /home/zq/C-programe-practise/Driveless_PNC/Lecture_Files/Project1 PID ROS1/Project_1_PID_ROS1/devel/share/common-lisp/ros/carla_waypoint_types/msg/CarlaWaypoint.lisp)
Cleaning: (/home/zq/C-programe-practise/Driveless_PNC/Lecture_Files/Project1 PID ROS1/Project_1_PID_ROS1/devel/.private/carla_waypoint_types/share/common-lisp/ros/carla_waypoint_types/msg/carla_waypoint_types-msg.asd, /home/zq/C-programe-practise/Driveless_PNC/Lecture_Files/Project1 PID ROS1/Project_1_PID_ROS1/devel/share/common-lisp/ros/carla_waypoint_types/msg/carla_waypoint_types-msg.asd)
Cleaning: (/home/zq/C-programe-practise/Driveless_PNC/Lecture_Files/Project1 PID ROS1/Project_1_PID_ROS1/devel/.private/carla_waypoint_types/share/common-lisp/ros/carla_waypoint_types/msg/_package.lisp, /home/zq/C-programe-practise/Driveless_PNC/Lecture_Files/Project1 PID ROS1/Project_1_PID_ROS1/devel/share/common-lisp/ros/carla_waypoint_types/msg/_package.lisp)
Cleaning: (/home/zq/C-programe-practise/Driveless_PNC/Lecture_Files/Project1 PID ROS1/Project_1_PID_ROS1/devel/.private/carla_waypoint_types/share/common-lisp/ros/carla_waypoint_types/msg/_package_CarlaWaypoint.lisp, /home/zq/C-programe-practise/Driveless_PNC/Lecture_Files/Project1 PID ROS1/Project_1_PID_ROS1/devel/share/common-lisp/ros/carla_waypoint_types/msg/_package_CarlaWaypoint.lisp)
Cleaning: (/home/zq/C-programe-practise/Driveless_PNC/Lecture_Files/Project1 PID ROS1/Project_1_PID_ROS1/devel/.private/carla_waypoint_types/share/roseus/ros/carla_waypoint_types/manifest.l, /home/zq/C-programe-practise/Driveless_PNC/Lecture_Files/Project1 PID ROS1/Project_1_PID_ROS1/devel/share/roseus/ros/carla_waypoint_types/manifest.l)
Cleaning: (/home/zq/C-programe-practise/Driveless_PNC/Lecture_Files/Project1 PID ROS1/Project_1_PID_ROS1/devel/.private/carla_waypoint_types/share/roseus/ros/carla_waypoint_types/srv/GetWaypoint.l, /home/zq/C-programe-practise/Driveless_PNC/Lecture_Files/Project1 PID ROS1/Project_1_PID_ROS1/devel/share/roseus/ros/carla_waypoint_types/srv/GetWaypoint.l)
Cleaning: (/home/zq/C-programe-practise/Driveless_PNC/Lecture_Files/Project1 PID ROS1/Project_1_PID_ROS1/devel/.private/carla_waypoint_types/share/roseus/ros/carla_waypoint_types/srv/GetActorWaypoint.l, /home/zq/C-programe-practise/Driveless_PNC/Lecture_Files/Project1 PID ROS1/Project_1_PID_ROS1/devel/share/roseus/ros/carla_waypoint_types/srv/GetActorWaypoint.l)
Cleaning: (/home/zq/C-programe-practise/Driveless_PNC/Lecture_Files/Project1 PID ROS1/Project_1_PID_ROS1/devel/.private/carla_waypoint_types/share/roseus/ros/carla_waypoint_types/msg/CarlaWaypoint.l, /home/zq/C-programe-practise/Driveless_PNC/Lecture_Files/Project1 PID ROS1/Project_1_PID_ROS1/devel/share/roseus/ros/carla_waypoint_types/msg/CarlaWaypoint.l)
Cleaning: (/home/zq/C-programe-practise/Driveless_PNC/Lecture_Files/Project1 PID ROS1/Project_1_PID_ROS1/devel/.private/carla_waypoint_types/share/gennodejs/ros/carla_waypoint_types/_index.js, /home/zq/C-programe-practise/Driveless_PNC/Lecture_Files/Project1 PID ROS1/Project_1_PID_ROS1/devel/share/gennodejs/ros/carla_waypoint_types/_index.js)
Cleaning: (/home/zq/C-programe-practise/Driveless_PNC/Lecture_Files/Project1 PID ROS1/Project_1_PID_ROS1/devel/.private/carla_waypoint_types/share/gennodejs/ros/carla_waypoint_types/srv/GetWaypoint.js, /home/zq/C-programe-practise/Driveless_PNC/Lecture_Files/Project1 PID ROS1/Project_1_PID_ROS1/devel/share/gennodejs/ros/carla_waypoint_types/srv/GetWaypoint.js)
Cleaning: (/home/zq/C-programe-practise/Driveless_PNC/Lecture_Files/Project1 PID ROS1/Project_1_PID_ROS1/devel/.private/carla_waypoint_types/share/gennodejs/ros/carla_waypoint_types/srv/_index.js, /home/zq/C-programe-practise/Driveless_PNC/Lecture_Files/Project1 PID ROS1/Project_1_PID_ROS1/devel/share/gennodejs/ros/carla_waypoint_types/srv/_index.js)
Cleaning: (/home/zq/C-programe-practise/Driveless_PNC/Lecture_Files/Project1 PID ROS1/Project_1_PID_ROS1/devel/.private/carla_waypoint_types/share/gennodejs/ros/carla_waypoint_types/srv/GetActorWaypoint.js, /home/zq/C-programe-practise/Driveless_PNC/Lecture_Files/Project1 PID ROS1/Project_1_PID_ROS1/devel/share/gennodejs/ros/carla_waypoint_types/srv/GetActorWaypoint.js)
Cleaning: (/home/zq/C-programe-practise/Driveless_PNC/Lecture_Files/Project1 PID ROS1/Project_1_PID_ROS1/devel/.private/carla_waypoint_types/share/gennodejs/ros/carla_waypoint_types/msg/CarlaWaypoint.js, /home/zq/C-programe-practise/Driveless_PNC/Lecture_Files/Project1 PID ROS1/Project_1_PID_ROS1/devel/share/gennodejs/ros/carla_waypoint_types/msg/CarlaWaypoint.js)
Cleaning: (/home/zq/C-programe-practise/Driveless_PNC/Lecture_Files/Project1 PID ROS1/Project_1_PID_ROS1/devel/.private/carla_waypoint_types/share/gennodejs/ros/carla_waypoint_types/msg/_index.js, /home/zq/C-programe-practise/Driveless_PNC/Lecture_Files/Project1 PID ROS1/Project_1_PID_ROS1/devel/share/gennodejs/ros/carla_waypoint_types/msg/_index.js)
Cleaning: (/home/zq/C-programe-practise/Driveless_PNC/Lecture_Files/Project1 PID ROS1/Project_1_PID_ROS1/devel/.private/carla_waypoint_types/share/carla_waypoint_types/cmake/carla_waypoint_types-msg-extras.cmake, /home/zq/C-programe-practise/Driveless_PNC/Lecture_Files/Project1 PID ROS1/Project_1_PID_ROS1/devel/share/carla_waypoint_types/cmake/carla_waypoint_types-msg-extras.cmake)
Cleaning: (/home/zq/C-programe-practise/Driveless_PNC/Lecture_Files/Project1 PID ROS1/Project_1_PID_ROS1/devel/.private/carla_waypoint_types/share/carla_waypoint_types/cmake/carla_waypoint_typesConfig-version.cmake, /home/zq/C-programe-practise/Driveless_PNC/Lecture_Files/Project1 PID ROS1/Project_1_PID_ROS1/devel/share/carla_waypoint_types/cmake/carla_waypoint_typesConfig-version.cmake)
Cleaning: (/home/zq/C-programe-practise/Driveless_PNC/Lecture_Files/Project1 PID ROS1/Project_1_PID_ROS1/devel/.private/carla_waypoint_types/share/carla_waypoint_types/cmake/carla_waypoint_typesConfig.cmake, /home/zq/C-programe-practise/Driveless_PNC/Lecture_Files/Project1 PID ROS1/Project_1_PID_ROS1/devel/share/carla_waypoint_types/cmake/carla_waypoint_typesConfig.cmake)
Cleaning: (/home/zq/C-programe-practise/Driveless_PNC/Lecture_Files/Project1 PID ROS1/Project_1_PID_ROS1/devel/.private/carla_waypoint_types/share/carla_waypoint_types/cmake/carla_waypoint_types-msg-paths.cmake, /home/zq/C-programe-practise/Driveless_PNC/Lecture_Files/Project1 PID ROS1/Project_1_PID_ROS1/devel/share/carla_waypoint_types/cmake/carla_waypoint_types-msg-paths.cmake)
Unlinking: /home/zq/C-programe-practise/Driveless_PNC/Lecture_Files/Project1 PID ROS1/Project_1_PID_ROS1/devel/lib/pkgconfig/carla_waypoint_types.pc
Unlinking: /home/zq/C-programe-practise/Driveless_PNC/Lecture_Files/Project1 PID ROS1/Project_1_PID_ROS1/devel/lib/python3/dist-packages/carla_waypoint_types/__init__.py
Unlinking: /home/zq/C-programe-practise/Driveless_PNC/Lecture_Files/Project1 PID ROS1/Project_1_PID_ROS1/devel/lib/python3/dist-packages/carla_waypoint_types/srv/__init__.py
Unlinking: /home/zq/C-programe-practise/Driveless_PNC/Lecture_Files/Project1 PID ROS1/Project_1_PID_ROS1/devel/lib/python3/dist-packages/carla_waypoint_types/srv/_GetActorWaypoint.py
Unlinking: /home/zq/C-programe-practise/Driveless_PNC/Lecture_Files/Project1 PID ROS1/Project_1_PID_ROS1/devel/lib/python3/dist-packages/carla_waypoint_types/srv/_GetWaypoint.py
Unlinking: /home/zq/C-programe-practise/Driveless_PNC/Lecture_Files/Project1 PID ROS1/Project_1_PID_ROS1/devel/lib/python3/dist-packages/carla_waypoint_types/msg/__init__.py
Unlinking: /home/zq/C-programe-practise/Driveless_PNC/Lecture_Files/Project1 PID ROS1/Project_1_PID_ROS1/devel/lib/python3/dist-packages/carla_waypoint_types/msg/_CarlaWaypoint.py
Unlinking: /home/zq/C-programe-practise/Driveless_PNC/Lecture_Files/Project1 PID ROS1/Project_1_PID_ROS1/devel/include/carla_waypoint_types/GetWaypointResponse.h
Unlinking: /home/zq/C-programe-practise/Driveless_PNC/Lecture_Files/Project1 PID ROS1/Project_1_PID_ROS1/devel/include/carla_waypoint_types/GetWaypointRequest.h
Unlinking: /home/zq/C-programe-practise/Driveless_PNC/Lecture_Files/Project1 PID ROS1/Project_1_PID_ROS1/devel/include/carla_waypoint_types/GetWaypoint.h
Unlinking: /home/zq/C-programe-practise/Driveless_PNC/Lecture_Files/Project1 PID ROS1/Project_1_PID_ROS1/devel/include/carla_waypoint_types/GetActorWaypointRequest.h
Unlinking: /home/zq/C-programe-practise/Driveless_PNC/Lecture_Files/Project1 PID ROS1/Project_1_PID_ROS1/devel/include/carla_waypoint_types/CarlaWaypoint.h
Unlinking: /home/zq/C-programe-practise/Driveless_PNC/Lecture_Files/Project1 PID ROS1/Project_1_PID_ROS1/devel/include/carla_waypoint_types/GetActorWaypointResponse.h
Unlinking: /home/zq/C-programe-practise/Driveless_PNC/Lecture_Files/Project1 PID ROS1/Project_1_PID_ROS1/devel/include/carla_waypoint_types/GetActorWaypoint.h
Unlinking: /home/zq/C-programe-practise/Driveless_PNC/Lecture_Files/Project1 PID ROS1/Project_1_PID_ROS1/devel/share/common-lisp/ros/carla_waypoint_types/srv/GetActorWaypoint.lisp
Unlinking: /home/zq/C-programe-practise/Driveless_PNC/Lecture_Files/Project1 PID ROS1/Project_1_PID_ROS1/devel/share/common-lisp/ros/carla_waypoint_types/srv/carla_waypoint_types-srv.asd
Unlinking: /home/zq/C-programe-practise/Driveless_PNC/Lecture_Files/Project1 PID ROS1/Project_1_PID_ROS1/devel/share/common-lisp/ros/carla_waypoint_types/srv/_package_GetWaypoint.lisp
Unlinking: /home/zq/C-programe-practise/Driveless_PNC/Lecture_Files/Project1 PID ROS1/Project_1_PID_ROS1/devel/share/common-lisp/ros/carla_waypoint_types/srv/GetWaypoint.lisp
Unlinking: /home/zq/C-programe-practise/Driveless_PNC/Lecture_Files/Project1 PID ROS1/Project_1_PID_ROS1/devel/share/common-lisp/ros/carla_waypoint_types/srv/_package_GetActorWaypoint.lisp
Unlinking: /home/zq/C-programe-practise/Driveless_PNC/Lecture_Files/Project1 PID ROS1/Project_1_PID_ROS1/devel/share/common-lisp/ros/carla_waypoint_types/srv/_package.lisp
Unlinking: /home/zq/C-programe-practise/Driveless_PNC/Lecture_Files/Project1 PID ROS1/Project_1_PID_ROS1/devel/share/common-lisp/ros/carla_waypoint_types/msg/CarlaWaypoint.lisp
Unlinking: /home/zq/C-programe-practise/Driveless_PNC/Lecture_Files/Project1 PID ROS1/Project_1_PID_ROS1/devel/share/common-lisp/ros/carla_waypoint_types/msg/carla_waypoint_types-msg.asd
Unlinking: /home/zq/C-programe-practise/Driveless_PNC/Lecture_Files/Project1 PID ROS1/Project_1_PID_ROS1/devel/share/common-lisp/ros/carla_waypoint_types/msg/_package.lisp
Unlinking: /home/zq/C-programe-practise/Driveless_PNC/Lecture_Files/Project1 PID ROS1/Project_1_PID_ROS1/devel/share/common-lisp/ros/carla_waypoint_types/msg/_package_CarlaWaypoint.lisp
Unlinking: /home/zq/C-programe-practise/Driveless_PNC/Lecture_Files/Project1 PID ROS1/Project_1_PID_ROS1/devel/share/roseus/ros/carla_waypoint_types/manifest.l
Unlinking: /home/zq/C-programe-practise/Driveless_PNC/Lecture_Files/Project1 PID ROS1/Project_1_PID_ROS1/devel/share/roseus/ros/carla_waypoint_types/srv/GetWaypoint.l
Unlinking: /home/zq/C-programe-practise/Driveless_PNC/Lecture_Files/Project1 PID ROS1/Project_1_PID_ROS1/devel/share/roseus/ros/carla_waypoint_types/srv/GetActorWaypoint.l
Unlinking: /home/zq/C-programe-practise/Driveless_PNC/Lecture_Files/Project1 PID ROS1/Project_1_PID_ROS1/devel/share/roseus/ros/carla_waypoint_types/msg/CarlaWaypoint.l
Unlinking: /home/zq/C-programe-practise/Driveless_PNC/Lecture_Files/Project1 PID ROS1/Project_1_PID_ROS1/devel/share/gennodejs/ros/carla_waypoint_types/_index.js
Unlinking: /home/zq/C-programe-practise/Driveless_PNC/Lecture_Files/Project1 PID ROS1/Project_1_PID_ROS1/devel/share/gennodejs/ros/carla_waypoint_types/srv/GetWaypoint.js
Unlinking: /home/zq/C-programe-practise/Driveless_PNC/Lecture_Files/Project1 PID ROS1/Project_1_PID_ROS1/devel/share/gennodejs/ros/carla_waypoint_types/srv/_index.js
Unlinking: /home/zq/C-programe-practise/Driveless_PNC/Lecture_Files/Project1 PID ROS1/Project_1_PID_ROS1/devel/share/gennodejs/ros/carla_waypoint_types/srv/GetActorWaypoint.js
Unlinking: /home/zq/C-programe-practise/Driveless_PNC/Lecture_Files/Project1 PID ROS1/Project_1_PID_ROS1/devel/share/gennodejs/ros/carla_waypoint_types/msg/CarlaWaypoint.js
Unlinking: /home/zq/C-programe-practise/Driveless_PNC/Lecture_Files/Project1 PID ROS1/Project_1_PID_ROS1/devel/share/gennodejs/ros/carla_waypoint_types/msg/_index.js
Unlinking: /home/zq/C-programe-practise/Driveless_PNC/Lecture_Files/Project1 PID ROS1/Project_1_PID_ROS1/devel/share/carla_waypoint_types/cmake/carla_waypoint_types-msg-extras.cmake
Unlinking: /home/zq/C-programe-practise/Driveless_PNC/Lecture_Files/Project1 PID ROS1/Project_1_PID_ROS1/devel/share/carla_waypoint_types/cmake/carla_waypoint_typesConfig-version.cmake
Unlinking: /home/zq/C-programe-practise/Driveless_PNC/Lecture_Files/Project1 PID ROS1/Project_1_PID_ROS1/devel/share/carla_waypoint_types/cmake/carla_waypoint_typesConfig.cmake
Unlinking: /home/zq/C-programe-practise/Driveless_PNC/Lecture_Files/Project1 PID ROS1/Project_1_PID_ROS1/devel/share/carla_waypoint_types/cmake/carla_waypoint_types-msg-paths.cmake
