Warning: Cannot symlink from /home/zq/C-programe-practise/Driveless_PNC/Project_1_PID_ROS1/devel/.private/carla_ackermann_msgs/lib/pkgconfig/carla_ackermann_msgs.pc to existing file /home/zq/C-programe-practise/Driveless_PNC/Project_1_PID_ROS1/devel/lib/pkgconfig/carla_ackermann_msgs.pc
Warning: Source hash: 01a7c73b27b1edf705a8a16fc42e30a7
Warning: Dest hash: f6273196959aa0ad94df0810540dc601
Warning: Cannot symlink from /home/zq/C-programe-practise/Driveless_PNC/Project_1_PID_ROS1/devel/.private/carla_ackermann_msgs/share/carla_ackermann_msgs/cmake/carla_ackermann_msgs-msg-paths.cmake to existing file /home/zq/C-programe-practise/Driveless_PNC/Project_1_PID_ROS1/devel/share/carla_ackermann_msgs/cmake/carla_ackermann_msgs-msg-paths.cmake
Warning: Source hash: bbb04e5fa6da11ed354e16f0f89adddf
Warning: Dest hash: 00216665fbc7e37c4f4910f2c342242c
Warning: Cannot symlink from /home/zq/C-programe-practise/Driveless_PNC/Project_1_PID_ROS1/devel/.private/carla_ackermann_msgs/share/carla_ackermann_msgs/cmake/carla_ackermann_msgs-msg-extras.cmake to existing file /home/zq/C-programe-practise/Driveless_PNC/Project_1_PID_ROS1/devel/share/carla_ackermann_msgs/cmake/carla_ackermann_msgs-msg-extras.cmake
Warning: Source hash: a3d49f8275eba501e4f5760b1e4288a6
Warning: Dest hash: d81b1bc306d99c5d81cbe89d1a707c47
Warning: Cannot symlink from /home/zq/C-programe-practise/Driveless_PNC/Project_1_PID_ROS1/devel/.private/carla_ackermann_msgs/share/carla_ackermann_msgs/cmake/carla_ackermann_msgsConfig.cmake to existing file /home/zq/C-programe-practise/Driveless_PNC/Project_1_PID_ROS1/devel/share/carla_ackermann_msgs/cmake/carla_ackermann_msgsConfig.cmake
Warning: Source hash: 48a17f3087c5bed1af901f808b1748f4
Warning: Dest hash: 453e614ce26c5f260fe92ed8c4049ea9
Cleaning: (/home/zq/C-programe-practise/Driveless_PNC/Lecture_Files/Project1 PID ROS1/Project_1_PID_ROS1/devel/.private/carla_ackermann_msgs/cmake.lock, /home/zq/C-programe-practise/Driveless_PNC/Lecture_Files/Project1 PID ROS1/Project_1_PID_ROS1/devel/./cmake.lock)
Cleaning: (/home/zq/C-programe-practise/Driveless_PNC/Lecture_Files/Project1 PID ROS1/Project_1_PID_ROS1/devel/.private/carla_ackermann_msgs/lib/pkgconfig/carla_ackermann_msgs.pc, /home/zq/C-programe-practise/Driveless_PNC/Lecture_Files/Project1 PID ROS1/Project_1_PID_ROS1/devel/lib/pkgconfig/carla_ackermann_msgs.pc)
Cleaning: (/home/zq/C-programe-practise/Driveless_PNC/Lecture_Files/Project1 PID ROS1/Project_1_PID_ROS1/devel/.private/carla_ackermann_msgs/lib/python3/dist-packages/carla_ackermann_msgs/__init__.py, /home/zq/C-programe-practise/Driveless_PNC/Lecture_Files/Project1 PID ROS1/Project_1_PID_ROS1/devel/lib/python3/dist-packages/carla_ackermann_msgs/__init__.py)
Cleaning: (/home/zq/C-programe-practise/Driveless_PNC/Lecture_Files/Project1 PID ROS1/Project_1_PID_ROS1/devel/.private/carla_ackermann_msgs/lib/python3/dist-packages/carla_ackermann_msgs/msg/_EgoVehicleControlMaxima.py, /home/zq/C-programe-practise/Driveless_PNC/Lecture_Files/Project1 PID ROS1/Project_1_PID_ROS1/devel/lib/python3/dist-packages/carla_ackermann_msgs/msg/_EgoVehicleControlMaxima.py)
Cleaning: (/home/zq/C-programe-practise/Driveless_PNC/Lecture_Files/Project1 PID ROS1/Project_1_PID_ROS1/devel/.private/carla_ackermann_msgs/lib/python3/dist-packages/carla_ackermann_msgs/msg/__init__.py, /home/zq/C-programe-practise/Driveless_PNC/Lecture_Files/Project1 PID ROS1/Project_1_PID_ROS1/devel/lib/python3/dist-packages/carla_ackermann_msgs/msg/__init__.py)
Cleaning: (/home/zq/C-programe-practise/Driveless_PNC/Lecture_Files/Project1 PID ROS1/Project_1_PID_ROS1/devel/.private/carla_ackermann_msgs/lib/python3/dist-packages/carla_ackermann_msgs/msg/_EgoVehicleControlCurrent.py, /home/zq/C-programe-practise/Driveless_PNC/Lecture_Files/Project1 PID ROS1/Project_1_PID_ROS1/devel/lib/python3/dist-packages/carla_ackermann_msgs/msg/_EgoVehicleControlCurrent.py)
Cleaning: (/home/zq/C-programe-practise/Driveless_PNC/Lecture_Files/Project1 PID ROS1/Project_1_PID_ROS1/devel/.private/carla_ackermann_msgs/lib/python3/dist-packages/carla_ackermann_msgs/msg/_EgoVehicleControlTarget.py, /home/zq/C-programe-practise/Driveless_PNC/Lecture_Files/Project1 PID ROS1/Project_1_PID_ROS1/devel/lib/python3/dist-packages/carla_ackermann_msgs/msg/_EgoVehicleControlTarget.py)
Cleaning: (/home/zq/C-programe-practise/Driveless_PNC/Lecture_Files/Project1 PID ROS1/Project_1_PID_ROS1/devel/.private/carla_ackermann_msgs/lib/python3/dist-packages/carla_ackermann_msgs/msg/_EgoVehicleControlInfo.py, /home/zq/C-programe-practise/Driveless_PNC/Lecture_Files/Project1 PID ROS1/Project_1_PID_ROS1/devel/lib/python3/dist-packages/carla_ackermann_msgs/msg/_EgoVehicleControlInfo.py)
Cleaning: (/home/zq/C-programe-practise/Driveless_PNC/Lecture_Files/Project1 PID ROS1/Project_1_PID_ROS1/devel/.private/carla_ackermann_msgs/lib/python3/dist-packages/carla_ackermann_msgs/msg/_EgoVehicleControlStatus.py, /home/zq/C-programe-practise/Driveless_PNC/Lecture_Files/Project1 PID ROS1/Project_1_PID_ROS1/devel/lib/python3/dist-packages/carla_ackermann_msgs/msg/_EgoVehicleControlStatus.py)
Cleaning: (/home/zq/C-programe-practise/Driveless_PNC/Lecture_Files/Project1 PID ROS1/Project_1_PID_ROS1/devel/.private/carla_ackermann_msgs/include/carla_ackermann_msgs/EgoVehicleControlTarget.h, /home/zq/C-programe-practise/Driveless_PNC/Lecture_Files/Project1 PID ROS1/Project_1_PID_ROS1/devel/include/carla_ackermann_msgs/EgoVehicleControlTarget.h)
Cleaning: (/home/zq/C-programe-practise/Driveless_PNC/Lecture_Files/Project1 PID ROS1/Project_1_PID_ROS1/devel/.private/carla_ackermann_msgs/include/carla_ackermann_msgs/EgoVehicleControlInfo.h, /home/zq/C-programe-practise/Driveless_PNC/Lecture_Files/Project1 PID ROS1/Project_1_PID_ROS1/devel/include/carla_ackermann_msgs/EgoVehicleControlInfo.h)
Cleaning: (/home/zq/C-programe-practise/Driveless_PNC/Lecture_Files/Project1 PID ROS1/Project_1_PID_ROS1/devel/.private/carla_ackermann_msgs/include/carla_ackermann_msgs/EgoVehicleControlMaxima.h, /home/zq/C-programe-practise/Driveless_PNC/Lecture_Files/Project1 PID ROS1/Project_1_PID_ROS1/devel/include/carla_ackermann_msgs/EgoVehicleControlMaxima.h)
Cleaning: (/home/zq/C-programe-practise/Driveless_PNC/Lecture_Files/Project1 PID ROS1/Project_1_PID_ROS1/devel/.private/carla_ackermann_msgs/include/carla_ackermann_msgs/EgoVehicleControlStatus.h, /home/zq/C-programe-practise/Driveless_PNC/Lecture_Files/Project1 PID ROS1/Project_1_PID_ROS1/devel/include/carla_ackermann_msgs/EgoVehicleControlStatus.h)
Cleaning: (/home/zq/C-programe-practise/Driveless_PNC/Lecture_Files/Project1 PID ROS1/Project_1_PID_ROS1/devel/.private/carla_ackermann_msgs/include/carla_ackermann_msgs/EgoVehicleControlCurrent.h, /home/zq/C-programe-practise/Driveless_PNC/Lecture_Files/Project1 PID ROS1/Project_1_PID_ROS1/devel/include/carla_ackermann_msgs/EgoVehicleControlCurrent.h)
Cleaning: (/home/zq/C-programe-practise/Driveless_PNC/Lecture_Files/Project1 PID ROS1/Project_1_PID_ROS1/devel/.private/carla_ackermann_msgs/share/carla_ackermann_msgs/cmake/carla_ackermann_msgs-msg-paths.cmake, /home/zq/C-programe-practise/Driveless_PNC/Lecture_Files/Project1 PID ROS1/Project_1_PID_ROS1/devel/share/carla_ackermann_msgs/cmake/carla_ackermann_msgs-msg-paths.cmake)
Cleaning: (/home/zq/C-programe-practise/Driveless_PNC/Lecture_Files/Project1 PID ROS1/Project_1_PID_ROS1/devel/.private/carla_ackermann_msgs/share/carla_ackermann_msgs/cmake/carla_ackermann_msgs-msg-extras.cmake, /home/zq/C-programe-practise/Driveless_PNC/Lecture_Files/Project1 PID ROS1/Project_1_PID_ROS1/devel/share/carla_ackermann_msgs/cmake/carla_ackermann_msgs-msg-extras.cmake)
Cleaning: (/home/zq/C-programe-practise/Driveless_PNC/Lecture_Files/Project1 PID ROS1/Project_1_PID_ROS1/devel/.private/carla_ackermann_msgs/share/carla_ackermann_msgs/cmake/carla_ackermann_msgsConfig.cmake, /home/zq/C-programe-practise/Driveless_PNC/Lecture_Files/Project1 PID ROS1/Project_1_PID_ROS1/devel/share/carla_ackermann_msgs/cmake/carla_ackermann_msgsConfig.cmake)
Cleaning: (/home/zq/C-programe-practise/Driveless_PNC/Lecture_Files/Project1 PID ROS1/Project_1_PID_ROS1/devel/.private/carla_ackermann_msgs/share/carla_ackermann_msgs/cmake/carla_ackermann_msgsConfig-version.cmake, /home/zq/C-programe-practise/Driveless_PNC/Lecture_Files/Project1 PID ROS1/Project_1_PID_ROS1/devel/share/carla_ackermann_msgs/cmake/carla_ackermann_msgsConfig-version.cmake)
Cleaning: (/home/zq/C-programe-practise/Driveless_PNC/Lecture_Files/Project1 PID ROS1/Project_1_PID_ROS1/devel/.private/carla_ackermann_msgs/share/common-lisp/ros/carla_ackermann_msgs/msg/EgoVehicleControlStatus.lisp, /home/zq/C-programe-practise/Driveless_PNC/Lecture_Files/Project1 PID ROS1/Project_1_PID_ROS1/devel/share/common-lisp/ros/carla_ackermann_msgs/msg/EgoVehicleControlStatus.lisp)
Cleaning: (/home/zq/C-programe-practise/Driveless_PNC/Lecture_Files/Project1 PID ROS1/Project_1_PID_ROS1/devel/.private/carla_ackermann_msgs/share/common-lisp/ros/carla_ackermann_msgs/msg/_package_EgoVehicleControlCurrent.lisp, /home/zq/C-programe-practise/Driveless_PNC/Lecture_Files/Project1 PID ROS1/Project_1_PID_ROS1/devel/share/common-lisp/ros/carla_ackermann_msgs/msg/_package_EgoVehicleControlCurrent.lisp)
Cleaning: (/home/zq/C-programe-practise/Driveless_PNC/Lecture_Files/Project1 PID ROS1/Project_1_PID_ROS1/devel/.private/carla_ackermann_msgs/share/common-lisp/ros/carla_ackermann_msgs/msg/EgoVehicleControlInfo.lisp, /home/zq/C-programe-practise/Driveless_PNC/Lecture_Files/Project1 PID ROS1/Project_1_PID_ROS1/devel/share/common-lisp/ros/carla_ackermann_msgs/msg/EgoVehicleControlInfo.lisp)
Cleaning: (/home/zq/C-programe-practise/Driveless_PNC/Lecture_Files/Project1 PID ROS1/Project_1_PID_ROS1/devel/.private/carla_ackermann_msgs/share/common-lisp/ros/carla_ackermann_msgs/msg/EgoVehicleControlTarget.lisp, /home/zq/C-programe-practise/Driveless_PNC/Lecture_Files/Project1 PID ROS1/Project_1_PID_ROS1/devel/share/common-lisp/ros/carla_ackermann_msgs/msg/EgoVehicleControlTarget.lisp)
Cleaning: (/home/zq/C-programe-practise/Driveless_PNC/Lecture_Files/Project1 PID ROS1/Project_1_PID_ROS1/devel/.private/carla_ackermann_msgs/share/common-lisp/ros/carla_ackermann_msgs/msg/carla_ackermann_msgs-msg.asd, /home/zq/C-programe-practise/Driveless_PNC/Lecture_Files/Project1 PID ROS1/Project_1_PID_ROS1/devel/share/common-lisp/ros/carla_ackermann_msgs/msg/carla_ackermann_msgs-msg.asd)
Cleaning: (/home/zq/C-programe-practise/Driveless_PNC/Lecture_Files/Project1 PID ROS1/Project_1_PID_ROS1/devel/.private/carla_ackermann_msgs/share/common-lisp/ros/carla_ackermann_msgs/msg/EgoVehicleControlMaxima.lisp, /home/zq/C-programe-practise/Driveless_PNC/Lecture_Files/Project1 PID ROS1/Project_1_PID_ROS1/devel/share/common-lisp/ros/carla_ackermann_msgs/msg/EgoVehicleControlMaxima.lisp)
Cleaning: (/home/zq/C-programe-practise/Driveless_PNC/Lecture_Files/Project1 PID ROS1/Project_1_PID_ROS1/devel/.private/carla_ackermann_msgs/share/common-lisp/ros/carla_ackermann_msgs/msg/_package_EgoVehicleControlStatus.lisp, /home/zq/C-programe-practise/Driveless_PNC/Lecture_Files/Project1 PID ROS1/Project_1_PID_ROS1/devel/share/common-lisp/ros/carla_ackermann_msgs/msg/_package_EgoVehicleControlStatus.lisp)
Cleaning: (/home/zq/C-programe-practise/Driveless_PNC/Lecture_Files/Project1 PID ROS1/Project_1_PID_ROS1/devel/.private/carla_ackermann_msgs/share/common-lisp/ros/carla_ackermann_msgs/msg/_package_EgoVehicleControlInfo.lisp, /home/zq/C-programe-practise/Driveless_PNC/Lecture_Files/Project1 PID ROS1/Project_1_PID_ROS1/devel/share/common-lisp/ros/carla_ackermann_msgs/msg/_package_EgoVehicleControlInfo.lisp)
Cleaning: (/home/zq/C-programe-practise/Driveless_PNC/Lecture_Files/Project1 PID ROS1/Project_1_PID_ROS1/devel/.private/carla_ackermann_msgs/share/common-lisp/ros/carla_ackermann_msgs/msg/_package.lisp, /home/zq/C-programe-practise/Driveless_PNC/Lecture_Files/Project1 PID ROS1/Project_1_PID_ROS1/devel/share/common-lisp/ros/carla_ackermann_msgs/msg/_package.lisp)
Cleaning: (/home/zq/C-programe-practise/Driveless_PNC/Lecture_Files/Project1 PID ROS1/Project_1_PID_ROS1/devel/.private/carla_ackermann_msgs/share/common-lisp/ros/carla_ackermann_msgs/msg/_package_EgoVehicleControlTarget.lisp, /home/zq/C-programe-practise/Driveless_PNC/Lecture_Files/Project1 PID ROS1/Project_1_PID_ROS1/devel/share/common-lisp/ros/carla_ackermann_msgs/msg/_package_EgoVehicleControlTarget.lisp)
Cleaning: (/home/zq/C-programe-practise/Driveless_PNC/Lecture_Files/Project1 PID ROS1/Project_1_PID_ROS1/devel/.private/carla_ackermann_msgs/share/common-lisp/ros/carla_ackermann_msgs/msg/_package_EgoVehicleControlMaxima.lisp, /home/zq/C-programe-practise/Driveless_PNC/Lecture_Files/Project1 PID ROS1/Project_1_PID_ROS1/devel/share/common-lisp/ros/carla_ackermann_msgs/msg/_package_EgoVehicleControlMaxima.lisp)
Cleaning: (/home/zq/C-programe-practise/Driveless_PNC/Lecture_Files/Project1 PID ROS1/Project_1_PID_ROS1/devel/.private/carla_ackermann_msgs/share/common-lisp/ros/carla_ackermann_msgs/msg/EgoVehicleControlCurrent.lisp, /home/zq/C-programe-practise/Driveless_PNC/Lecture_Files/Project1 PID ROS1/Project_1_PID_ROS1/devel/share/common-lisp/ros/carla_ackermann_msgs/msg/EgoVehicleControlCurrent.lisp)
Cleaning: (/home/zq/C-programe-practise/Driveless_PNC/Lecture_Files/Project1 PID ROS1/Project_1_PID_ROS1/devel/.private/carla_ackermann_msgs/share/roseus/ros/carla_ackermann_msgs/manifest.l, /home/zq/C-programe-practise/Driveless_PNC/Lecture_Files/Project1 PID ROS1/Project_1_PID_ROS1/devel/share/roseus/ros/carla_ackermann_msgs/manifest.l)
Cleaning: (/home/zq/C-programe-practise/Driveless_PNC/Lecture_Files/Project1 PID ROS1/Project_1_PID_ROS1/devel/.private/carla_ackermann_msgs/share/roseus/ros/carla_ackermann_msgs/msg/EgoVehicleControlMaxima.l, /home/zq/C-programe-practise/Driveless_PNC/Lecture_Files/Project1 PID ROS1/Project_1_PID_ROS1/devel/share/roseus/ros/carla_ackermann_msgs/msg/EgoVehicleControlMaxima.l)
Cleaning: (/home/zq/C-programe-practise/Driveless_PNC/Lecture_Files/Project1 PID ROS1/Project_1_PID_ROS1/devel/.private/carla_ackermann_msgs/share/roseus/ros/carla_ackermann_msgs/msg/EgoVehicleControlStatus.l, /home/zq/C-programe-practise/Driveless_PNC/Lecture_Files/Project1 PID ROS1/Project_1_PID_ROS1/devel/share/roseus/ros/carla_ackermann_msgs/msg/EgoVehicleControlStatus.l)
Cleaning: (/home/zq/C-programe-practise/Driveless_PNC/Lecture_Files/Project1 PID ROS1/Project_1_PID_ROS1/devel/.private/carla_ackermann_msgs/share/roseus/ros/carla_ackermann_msgs/msg/EgoVehicleControlTarget.l, /home/zq/C-programe-practise/Driveless_PNC/Lecture_Files/Project1 PID ROS1/Project_1_PID_ROS1/devel/share/roseus/ros/carla_ackermann_msgs/msg/EgoVehicleControlTarget.l)
Cleaning: (/home/zq/C-programe-practise/Driveless_PNC/Lecture_Files/Project1 PID ROS1/Project_1_PID_ROS1/devel/.private/carla_ackermann_msgs/share/roseus/ros/carla_ackermann_msgs/msg/EgoVehicleControlInfo.l, /home/zq/C-programe-practise/Driveless_PNC/Lecture_Files/Project1 PID ROS1/Project_1_PID_ROS1/devel/share/roseus/ros/carla_ackermann_msgs/msg/EgoVehicleControlInfo.l)
Cleaning: (/home/zq/C-programe-practise/Driveless_PNC/Lecture_Files/Project1 PID ROS1/Project_1_PID_ROS1/devel/.private/carla_ackermann_msgs/share/roseus/ros/carla_ackermann_msgs/msg/EgoVehicleControlCurrent.l, /home/zq/C-programe-practise/Driveless_PNC/Lecture_Files/Project1 PID ROS1/Project_1_PID_ROS1/devel/share/roseus/ros/carla_ackermann_msgs/msg/EgoVehicleControlCurrent.l)
Cleaning: (/home/zq/C-programe-practise/Driveless_PNC/Lecture_Files/Project1 PID ROS1/Project_1_PID_ROS1/devel/.private/carla_ackermann_msgs/share/gennodejs/ros/carla_ackermann_msgs/_index.js, /home/zq/C-programe-practise/Driveless_PNC/Lecture_Files/Project1 PID ROS1/Project_1_PID_ROS1/devel/share/gennodejs/ros/carla_ackermann_msgs/_index.js)
Cleaning: (/home/zq/C-programe-practise/Driveless_PNC/Lecture_Files/Project1 PID ROS1/Project_1_PID_ROS1/devel/.private/carla_ackermann_msgs/share/gennodejs/ros/carla_ackermann_msgs/msg/EgoVehicleControlStatus.js, /home/zq/C-programe-practise/Driveless_PNC/Lecture_Files/Project1 PID ROS1/Project_1_PID_ROS1/devel/share/gennodejs/ros/carla_ackermann_msgs/msg/EgoVehicleControlStatus.js)
Cleaning: (/home/zq/C-programe-practise/Driveless_PNC/Lecture_Files/Project1 PID ROS1/Project_1_PID_ROS1/devel/.private/carla_ackermann_msgs/share/gennodejs/ros/carla_ackermann_msgs/msg/EgoVehicleControlTarget.js, /home/zq/C-programe-practise/Driveless_PNC/Lecture_Files/Project1 PID ROS1/Project_1_PID_ROS1/devel/share/gennodejs/ros/carla_ackermann_msgs/msg/EgoVehicleControlTarget.js)
Cleaning: (/home/zq/C-programe-practise/Driveless_PNC/Lecture_Files/Project1 PID ROS1/Project_1_PID_ROS1/devel/.private/carla_ackermann_msgs/share/gennodejs/ros/carla_ackermann_msgs/msg/EgoVehicleControlCurrent.js, /home/zq/C-programe-practise/Driveless_PNC/Lecture_Files/Project1 PID ROS1/Project_1_PID_ROS1/devel/share/gennodejs/ros/carla_ackermann_msgs/msg/EgoVehicleControlCurrent.js)
Cleaning: (/home/zq/C-programe-practise/Driveless_PNC/Lecture_Files/Project1 PID ROS1/Project_1_PID_ROS1/devel/.private/carla_ackermann_msgs/share/gennodejs/ros/carla_ackermann_msgs/msg/_index.js, /home/zq/C-programe-practise/Driveless_PNC/Lecture_Files/Project1 PID ROS1/Project_1_PID_ROS1/devel/share/gennodejs/ros/carla_ackermann_msgs/msg/_index.js)
Cleaning: (/home/zq/C-programe-practise/Driveless_PNC/Lecture_Files/Project1 PID ROS1/Project_1_PID_ROS1/devel/.private/carla_ackermann_msgs/share/gennodejs/ros/carla_ackermann_msgs/msg/EgoVehicleControlMaxima.js, /home/zq/C-programe-practise/Driveless_PNC/Lecture_Files/Project1 PID ROS1/Project_1_PID_ROS1/devel/share/gennodejs/ros/carla_ackermann_msgs/msg/EgoVehicleControlMaxima.js)
Cleaning: (/home/zq/C-programe-practise/Driveless_PNC/Lecture_Files/Project1 PID ROS1/Project_1_PID_ROS1/devel/.private/carla_ackermann_msgs/share/gennodejs/ros/carla_ackermann_msgs/msg/EgoVehicleControlInfo.js, /home/zq/C-programe-practise/Driveless_PNC/Lecture_Files/Project1 PID ROS1/Project_1_PID_ROS1/devel/share/gennodejs/ros/carla_ackermann_msgs/msg/EgoVehicleControlInfo.js)
Unlinking: /home/zq/C-programe-practise/Driveless_PNC/Lecture_Files/Project1 PID ROS1/Project_1_PID_ROS1/devel/lib/pkgconfig/carla_ackermann_msgs.pc
Unlinking: /home/zq/C-programe-practise/Driveless_PNC/Lecture_Files/Project1 PID ROS1/Project_1_PID_ROS1/devel/lib/python3/dist-packages/carla_ackermann_msgs/__init__.py
Unlinking: /home/zq/C-programe-practise/Driveless_PNC/Lecture_Files/Project1 PID ROS1/Project_1_PID_ROS1/devel/lib/python3/dist-packages/carla_ackermann_msgs/msg/_EgoVehicleControlMaxima.py
Unlinking: /home/zq/C-programe-practise/Driveless_PNC/Lecture_Files/Project1 PID ROS1/Project_1_PID_ROS1/devel/lib/python3/dist-packages/carla_ackermann_msgs/msg/__init__.py
Unlinking: /home/zq/C-programe-practise/Driveless_PNC/Lecture_Files/Project1 PID ROS1/Project_1_PID_ROS1/devel/lib/python3/dist-packages/carla_ackermann_msgs/msg/_EgoVehicleControlCurrent.py
Unlinking: /home/zq/C-programe-practise/Driveless_PNC/Lecture_Files/Project1 PID ROS1/Project_1_PID_ROS1/devel/lib/python3/dist-packages/carla_ackermann_msgs/msg/_EgoVehicleControlTarget.py
Unlinking: /home/zq/C-programe-practise/Driveless_PNC/Lecture_Files/Project1 PID ROS1/Project_1_PID_ROS1/devel/lib/python3/dist-packages/carla_ackermann_msgs/msg/_EgoVehicleControlInfo.py
Unlinking: /home/zq/C-programe-practise/Driveless_PNC/Lecture_Files/Project1 PID ROS1/Project_1_PID_ROS1/devel/lib/python3/dist-packages/carla_ackermann_msgs/msg/_EgoVehicleControlStatus.py
Unlinking: /home/zq/C-programe-practise/Driveless_PNC/Lecture_Files/Project1 PID ROS1/Project_1_PID_ROS1/devel/include/carla_ackermann_msgs/EgoVehicleControlTarget.h
Unlinking: /home/zq/C-programe-practise/Driveless_PNC/Lecture_Files/Project1 PID ROS1/Project_1_PID_ROS1/devel/include/carla_ackermann_msgs/EgoVehicleControlInfo.h
Unlinking: /home/zq/C-programe-practise/Driveless_PNC/Lecture_Files/Project1 PID ROS1/Project_1_PID_ROS1/devel/include/carla_ackermann_msgs/EgoVehicleControlMaxima.h
Unlinking: /home/zq/C-programe-practise/Driveless_PNC/Lecture_Files/Project1 PID ROS1/Project_1_PID_ROS1/devel/include/carla_ackermann_msgs/EgoVehicleControlStatus.h
Unlinking: /home/zq/C-programe-practise/Driveless_PNC/Lecture_Files/Project1 PID ROS1/Project_1_PID_ROS1/devel/include/carla_ackermann_msgs/EgoVehicleControlCurrent.h
Unlinking: /home/zq/C-programe-practise/Driveless_PNC/Lecture_Files/Project1 PID ROS1/Project_1_PID_ROS1/devel/share/carla_ackermann_msgs/cmake/carla_ackermann_msgs-msg-paths.cmake
Unlinking: /home/zq/C-programe-practise/Driveless_PNC/Lecture_Files/Project1 PID ROS1/Project_1_PID_ROS1/devel/share/carla_ackermann_msgs/cmake/carla_ackermann_msgs-msg-extras.cmake
Unlinking: /home/zq/C-programe-practise/Driveless_PNC/Lecture_Files/Project1 PID ROS1/Project_1_PID_ROS1/devel/share/carla_ackermann_msgs/cmake/carla_ackermann_msgsConfig.cmake
Unlinking: /home/zq/C-programe-practise/Driveless_PNC/Lecture_Files/Project1 PID ROS1/Project_1_PID_ROS1/devel/share/carla_ackermann_msgs/cmake/carla_ackermann_msgsConfig-version.cmake
Unlinking: /home/zq/C-programe-practise/Driveless_PNC/Lecture_Files/Project1 PID ROS1/Project_1_PID_ROS1/devel/share/common-lisp/ros/carla_ackermann_msgs/msg/EgoVehicleControlStatus.lisp
Unlinking: /home/zq/C-programe-practise/Driveless_PNC/Lecture_Files/Project1 PID ROS1/Project_1_PID_ROS1/devel/share/common-lisp/ros/carla_ackermann_msgs/msg/_package_EgoVehicleControlCurrent.lisp
Unlinking: /home/zq/C-programe-practise/Driveless_PNC/Lecture_Files/Project1 PID ROS1/Project_1_PID_ROS1/devel/share/common-lisp/ros/carla_ackermann_msgs/msg/EgoVehicleControlInfo.lisp
Unlinking: /home/zq/C-programe-practise/Driveless_PNC/Lecture_Files/Project1 PID ROS1/Project_1_PID_ROS1/devel/share/common-lisp/ros/carla_ackermann_msgs/msg/EgoVehicleControlTarget.lisp
Unlinking: /home/zq/C-programe-practise/Driveless_PNC/Lecture_Files/Project1 PID ROS1/Project_1_PID_ROS1/devel/share/common-lisp/ros/carla_ackermann_msgs/msg/carla_ackermann_msgs-msg.asd
Unlinking: /home/zq/C-programe-practise/Driveless_PNC/Lecture_Files/Project1 PID ROS1/Project_1_PID_ROS1/devel/share/common-lisp/ros/carla_ackermann_msgs/msg/EgoVehicleControlMaxima.lisp
Unlinking: /home/zq/C-programe-practise/Driveless_PNC/Lecture_Files/Project1 PID ROS1/Project_1_PID_ROS1/devel/share/common-lisp/ros/carla_ackermann_msgs/msg/_package_EgoVehicleControlStatus.lisp
Unlinking: /home/zq/C-programe-practise/Driveless_PNC/Lecture_Files/Project1 PID ROS1/Project_1_PID_ROS1/devel/share/common-lisp/ros/carla_ackermann_msgs/msg/_package_EgoVehicleControlInfo.lisp
Unlinking: /home/zq/C-programe-practise/Driveless_PNC/Lecture_Files/Project1 PID ROS1/Project_1_PID_ROS1/devel/share/common-lisp/ros/carla_ackermann_msgs/msg/_package.lisp
Unlinking: /home/zq/C-programe-practise/Driveless_PNC/Lecture_Files/Project1 PID ROS1/Project_1_PID_ROS1/devel/share/common-lisp/ros/carla_ackermann_msgs/msg/_package_EgoVehicleControlTarget.lisp
Unlinking: /home/zq/C-programe-practise/Driveless_PNC/Lecture_Files/Project1 PID ROS1/Project_1_PID_ROS1/devel/share/common-lisp/ros/carla_ackermann_msgs/msg/_package_EgoVehicleControlMaxima.lisp
Unlinking: /home/zq/C-programe-practise/Driveless_PNC/Lecture_Files/Project1 PID ROS1/Project_1_PID_ROS1/devel/share/common-lisp/ros/carla_ackermann_msgs/msg/EgoVehicleControlCurrent.lisp
Unlinking: /home/zq/C-programe-practise/Driveless_PNC/Lecture_Files/Project1 PID ROS1/Project_1_PID_ROS1/devel/share/roseus/ros/carla_ackermann_msgs/manifest.l
Unlinking: /home/zq/C-programe-practise/Driveless_PNC/Lecture_Files/Project1 PID ROS1/Project_1_PID_ROS1/devel/share/roseus/ros/carla_ackermann_msgs/msg/EgoVehicleControlMaxima.l
Unlinking: /home/zq/C-programe-practise/Driveless_PNC/Lecture_Files/Project1 PID ROS1/Project_1_PID_ROS1/devel/share/roseus/ros/carla_ackermann_msgs/msg/EgoVehicleControlStatus.l
Unlinking: /home/zq/C-programe-practise/Driveless_PNC/Lecture_Files/Project1 PID ROS1/Project_1_PID_ROS1/devel/share/roseus/ros/carla_ackermann_msgs/msg/EgoVehicleControlTarget.l
Unlinking: /home/zq/C-programe-practise/Driveless_PNC/Lecture_Files/Project1 PID ROS1/Project_1_PID_ROS1/devel/share/roseus/ros/carla_ackermann_msgs/msg/EgoVehicleControlInfo.l
Unlinking: /home/zq/C-programe-practise/Driveless_PNC/Lecture_Files/Project1 PID ROS1/Project_1_PID_ROS1/devel/share/roseus/ros/carla_ackermann_msgs/msg/EgoVehicleControlCurrent.l
Unlinking: /home/zq/C-programe-practise/Driveless_PNC/Lecture_Files/Project1 PID ROS1/Project_1_PID_ROS1/devel/share/gennodejs/ros/carla_ackermann_msgs/_index.js
Unlinking: /home/zq/C-programe-practise/Driveless_PNC/Lecture_Files/Project1 PID ROS1/Project_1_PID_ROS1/devel/share/gennodejs/ros/carla_ackermann_msgs/msg/EgoVehicleControlStatus.js
Unlinking: /home/zq/C-programe-practise/Driveless_PNC/Lecture_Files/Project1 PID ROS1/Project_1_PID_ROS1/devel/share/gennodejs/ros/carla_ackermann_msgs/msg/EgoVehicleControlTarget.js
Unlinking: /home/zq/C-programe-practise/Driveless_PNC/Lecture_Files/Project1 PID ROS1/Project_1_PID_ROS1/devel/share/gennodejs/ros/carla_ackermann_msgs/msg/EgoVehicleControlCurrent.js
Unlinking: /home/zq/C-programe-practise/Driveless_PNC/Lecture_Files/Project1 PID ROS1/Project_1_PID_ROS1/devel/share/gennodejs/ros/carla_ackermann_msgs/msg/_index.js
Unlinking: /home/zq/C-programe-practise/Driveless_PNC/Lecture_Files/Project1 PID ROS1/Project_1_PID_ROS1/devel/share/gennodejs/ros/carla_ackermann_msgs/msg/EgoVehicleControlMaxima.js
Unlinking: /home/zq/C-programe-practise/Driveless_PNC/Lecture_Files/Project1 PID ROS1/Project_1_PID_ROS1/devel/share/gennodejs/ros/carla_ackermann_msgs/msg/EgoVehicleControlInfo.js
