Symlinking /home/zq/C-programe-practise/Driveless_PNC/Project_3_LQR ROS1/devel/lib/pkgconfig/carla_msgs.pc
Symlinking /home/zq/C-programe-practise/Driveless_PNC/Project_3_LQR ROS1/devel/lib/python3/dist-packages/carla_msgs/__init__.py
Symlinking /home/zq/C-programe-practise/Driveless_PNC/Project_3_LQR ROS1/devel/lib/python3/dist-packages/carla_msgs/srv/_SpawnObject.py
Symlinking /home/zq/C-programe-practise/Driveless_PNC/Project_3_LQR ROS1/devel/lib/python3/dist-packages/carla_msgs/srv/__init__.py
Symlinking /home/zq/C-programe-practise/Driveless_PNC/Project_3_LQR ROS1/devel/lib/python3/dist-packages/carla_msgs/srv/_DestroyObject.py
Symlinking /home/zq/C-programe-practise/Driveless_PNC/Project_3_LQR ROS1/devel/lib/python3/dist-packages/carla_msgs/srv/_GetBlueprints.py
Symlinking /home/zq/C-programe-practise/Driveless_PNC/Project_3_LQR ROS1/devel/lib/python3/dist-packages/carla_msgs/msg/__init__.py
Symlinking /home/zq/C-programe-practise/Driveless_PNC/Project_3_LQR ROS1/devel/lib/python3/dist-packages/carla_msgs/msg/_CarlaBoundingBox.py
Symlinking /home/zq/C-programe-practise/Driveless_PNC/Project_3_LQR ROS1/devel/lib/python3/dist-packages/carla_msgs/msg/_CarlaWalkerControl.py
Symlinking /home/zq/C-programe-practise/Driveless_PNC/Project_3_LQR ROS1/devel/lib/python3/dist-packages/carla_msgs/msg/_CarlaTrafficLightStatusList.py
Symlinking /home/zq/C-programe-practise/Driveless_PNC/Project_3_LQR ROS1/devel/lib/python3/dist-packages/carla_msgs/msg/_CarlaTrafficLightInfoList.py
Symlinking /home/zq/C-programe-practise/Driveless_PNC/Project_3_LQR ROS1/devel/lib/python3/dist-packages/carla_msgs/msg/_CarlaStatus.py
Symlinking /home/zq/C-programe-practise/Driveless_PNC/Project_3_LQR ROS1/devel/lib/python3/dist-packages/carla_msgs/msg/_CarlaEgoVehicleControl.py
Symlinking /home/zq/C-programe-practise/Driveless_PNC/Project_3_LQR ROS1/devel/lib/python3/dist-packages/carla_msgs/msg/_CarlaEgoVehicleInfo.py
Symlinking /home/zq/C-programe-practise/Driveless_PNC/Project_3_LQR ROS1/devel/lib/python3/dist-packages/carla_msgs/msg/_CarlaControl.py
Symlinking /home/zq/C-programe-practise/Driveless_PNC/Project_3_LQR ROS1/devel/lib/python3/dist-packages/carla_msgs/msg/_CarlaActorInfo.py
Symlinking /home/zq/C-programe-practise/Driveless_PNC/Project_3_LQR ROS1/devel/lib/python3/dist-packages/carla_msgs/msg/_CarlaWeatherParameters.py
Symlinking /home/zq/C-programe-practise/Driveless_PNC/Project_3_LQR ROS1/devel/lib/python3/dist-packages/carla_msgs/msg/_CarlaCollisionEvent.py
Symlinking /home/zq/C-programe-practise/Driveless_PNC/Project_3_LQR ROS1/devel/lib/python3/dist-packages/carla_msgs/msg/_CarlaTrafficLightInfo.py
Symlinking /home/zq/C-programe-practise/Driveless_PNC/Project_3_LQR ROS1/devel/lib/python3/dist-packages/carla_msgs/msg/_CarlaActorList.py
Symlinking /home/zq/C-programe-practise/Driveless_PNC/Project_3_LQR ROS1/devel/lib/python3/dist-packages/carla_msgs/msg/_CarlaTrafficLightStatus.py
Symlinking /home/zq/C-programe-practise/Driveless_PNC/Project_3_LQR ROS1/devel/lib/python3/dist-packages/carla_msgs/msg/_CarlaLaneInvasionEvent.py
Symlinking /home/zq/C-programe-practise/Driveless_PNC/Project_3_LQR ROS1/devel/lib/python3/dist-packages/carla_msgs/msg/_CarlaEgoVehicleStatus.py
Symlinking /home/zq/C-programe-practise/Driveless_PNC/Project_3_LQR ROS1/devel/lib/python3/dist-packages/carla_msgs/msg/_CarlaEgoVehicleInfoWheel.py
Symlinking /home/zq/C-programe-practise/Driveless_PNC/Project_3_LQR ROS1/devel/lib/python3/dist-packages/carla_msgs/msg/_CarlaWorldInfo.py
Symlinking /home/zq/C-programe-practise/Driveless_PNC/Project_3_LQR ROS1/devel/include/carla_msgs/SpawnObjectRequest.h
Symlinking /home/zq/C-programe-practise/Driveless_PNC/Project_3_LQR ROS1/devel/include/carla_msgs/CarlaCollisionEvent.h
Symlinking /home/zq/C-programe-practise/Driveless_PNC/Project_3_LQR ROS1/devel/include/carla_msgs/CarlaActorInfo.h
Symlinking /home/zq/C-programe-practise/Driveless_PNC/Project_3_LQR ROS1/devel/include/carla_msgs/CarlaEgoVehicleInfo.h
Symlinking /home/zq/C-programe-practise/Driveless_PNC/Project_3_LQR ROS1/devel/include/carla_msgs/CarlaWeatherParameters.h
Symlinking /home/zq/C-programe-practise/Driveless_PNC/Project_3_LQR ROS1/devel/include/carla_msgs/CarlaTrafficLightInfo.h
Symlinking /home/zq/C-programe-practise/Driveless_PNC/Project_3_LQR ROS1/devel/include/carla_msgs/CarlaControl.h
Symlinking /home/zq/C-programe-practise/Driveless_PNC/Project_3_LQR ROS1/devel/include/carla_msgs/CarlaActorList.h
Symlinking /home/zq/C-programe-practise/Driveless_PNC/Project_3_LQR ROS1/devel/include/carla_msgs/CarlaStatus.h
Symlinking /home/zq/C-programe-practise/Driveless_PNC/Project_3_LQR ROS1/devel/include/carla_msgs/CarlaWalkerControl.h
Symlinking /home/zq/C-programe-practise/Driveless_PNC/Project_3_LQR ROS1/devel/include/carla_msgs/GetBlueprintsResponse.h
Symlinking /home/zq/C-programe-practise/Driveless_PNC/Project_3_LQR ROS1/devel/include/carla_msgs/CarlaWorldInfo.h
Symlinking /home/zq/C-programe-practise/Driveless_PNC/Project_3_LQR ROS1/devel/include/carla_msgs/CarlaBoundingBox.h
Symlinking /home/zq/C-programe-practise/Driveless_PNC/Project_3_LQR ROS1/devel/include/carla_msgs/CarlaTrafficLightStatusList.h
Symlinking /home/zq/C-programe-practise/Driveless_PNC/Project_3_LQR ROS1/devel/include/carla_msgs/GetBlueprintsRequest.h
Symlinking /home/zq/C-programe-practise/Driveless_PNC/Project_3_LQR ROS1/devel/include/carla_msgs/CarlaTrafficLightInfoList.h
Symlinking /home/zq/C-programe-practise/Driveless_PNC/Project_3_LQR ROS1/devel/include/carla_msgs/DestroyObjectRequest.h
Symlinking /home/zq/C-programe-practise/Driveless_PNC/Project_3_LQR ROS1/devel/include/carla_msgs/SpawnObjectResponse.h
Symlinking /home/zq/C-programe-practise/Driveless_PNC/Project_3_LQR ROS1/devel/include/carla_msgs/CarlaEgoVehicleStatus.h
Symlinking /home/zq/C-programe-practise/Driveless_PNC/Project_3_LQR ROS1/devel/include/carla_msgs/CarlaEgoVehicleControl.h
Symlinking /home/zq/C-programe-practise/Driveless_PNC/Project_3_LQR ROS1/devel/include/carla_msgs/CarlaLaneInvasionEvent.h
Symlinking /home/zq/C-programe-practise/Driveless_PNC/Project_3_LQR ROS1/devel/include/carla_msgs/DestroyObjectResponse.h
Symlinking /home/zq/C-programe-practise/Driveless_PNC/Project_3_LQR ROS1/devel/include/carla_msgs/CarlaTrafficLightStatus.h
Symlinking /home/zq/C-programe-practise/Driveless_PNC/Project_3_LQR ROS1/devel/include/carla_msgs/DestroyObject.h
Symlinking /home/zq/C-programe-practise/Driveless_PNC/Project_3_LQR ROS1/devel/include/carla_msgs/CarlaEgoVehicleInfoWheel.h
Symlinking /home/zq/C-programe-practise/Driveless_PNC/Project_3_LQR ROS1/devel/include/carla_msgs/SpawnObject.h
Symlinking /home/zq/C-programe-practise/Driveless_PNC/Project_3_LQR ROS1/devel/include/carla_msgs/GetBlueprints.h
Symlinking /home/zq/C-programe-practise/Driveless_PNC/Project_3_LQR ROS1/devel/share/common-lisp/ros/carla_msgs/srv/GetBlueprints.lisp
Symlinking /home/zq/C-programe-practise/Driveless_PNC/Project_3_LQR ROS1/devel/share/common-lisp/ros/carla_msgs/srv/SpawnObject.lisp
Symlinking /home/zq/C-programe-practise/Driveless_PNC/Project_3_LQR ROS1/devel/share/common-lisp/ros/carla_msgs/srv/_package_SpawnObject.lisp
Symlinking /home/zq/C-programe-practise/Driveless_PNC/Project_3_LQR ROS1/devel/share/common-lisp/ros/carla_msgs/srv/_package_DestroyObject.lisp
Symlinking /home/zq/C-programe-practise/Driveless_PNC/Project_3_LQR ROS1/devel/share/common-lisp/ros/carla_msgs/srv/carla_msgs-srv.asd
Symlinking /home/zq/C-programe-practise/Driveless_PNC/Project_3_LQR ROS1/devel/share/common-lisp/ros/carla_msgs/srv/DestroyObject.lisp
Symlinking /home/zq/C-programe-practise/Driveless_PNC/Project_3_LQR ROS1/devel/share/common-lisp/ros/carla_msgs/srv/_package.lisp
Symlinking /home/zq/C-programe-practise/Driveless_PNC/Project_3_LQR ROS1/devel/share/common-lisp/ros/carla_msgs/srv/_package_GetBlueprints.lisp
Symlinking /home/zq/C-programe-practise/Driveless_PNC/Project_3_LQR ROS1/devel/share/common-lisp/ros/carla_msgs/msg/CarlaTrafficLightInfo.lisp
Symlinking /home/zq/C-programe-practise/Driveless_PNC/Project_3_LQR ROS1/devel/share/common-lisp/ros/carla_msgs/msg/CarlaCollisionEvent.lisp
Symlinking /home/zq/C-programe-practise/Driveless_PNC/Project_3_LQR ROS1/devel/share/common-lisp/ros/carla_msgs/msg/_package_CarlaTrafficLightInfoList.lisp
Symlinking /home/zq/C-programe-practise/Driveless_PNC/Project_3_LQR ROS1/devel/share/common-lisp/ros/carla_msgs/msg/CarlaEgoVehicleInfo.lisp
Symlinking /home/zq/C-programe-practise/Driveless_PNC/Project_3_LQR ROS1/devel/share/common-lisp/ros/carla_msgs/msg/_package_CarlaWorldInfo.lisp
Symlinking /home/zq/C-programe-practise/Driveless_PNC/Project_3_LQR ROS1/devel/share/common-lisp/ros/carla_msgs/msg/CarlaStatus.lisp
Symlinking /home/zq/C-programe-practise/Driveless_PNC/Project_3_LQR ROS1/devel/share/common-lisp/ros/carla_msgs/msg/_package_CarlaControl.lisp
Symlinking /home/zq/C-programe-practise/Driveless_PNC/Project_3_LQR ROS1/devel/share/common-lisp/ros/carla_msgs/msg/CarlaTrafficLightStatus.lisp
Symlinking /home/zq/C-programe-practise/Driveless_PNC/Project_3_LQR ROS1/devel/share/common-lisp/ros/carla_msgs/msg/CarlaActorList.lisp
Symlinking /home/zq/C-programe-practise/Driveless_PNC/Project_3_LQR ROS1/devel/share/common-lisp/ros/carla_msgs/msg/CarlaEgoVehicleStatus.lisp
Symlinking /home/zq/C-programe-practise/Driveless_PNC/Project_3_LQR ROS1/devel/share/common-lisp/ros/carla_msgs/msg/CarlaWorldInfo.lisp
Symlinking /home/zq/C-programe-practise/Driveless_PNC/Project_3_LQR ROS1/devel/share/common-lisp/ros/carla_msgs/msg/CarlaTrafficLightInfoList.lisp
Symlinking /home/zq/C-programe-practise/Driveless_PNC/Project_3_LQR ROS1/devel/share/common-lisp/ros/carla_msgs/msg/_package_CarlaActorList.lisp
Symlinking /home/zq/C-programe-practise/Driveless_PNC/Project_3_LQR ROS1/devel/share/common-lisp/ros/carla_msgs/msg/_package_CarlaEgoVehicleControl.lisp
Symlinking /home/zq/C-programe-practise/Driveless_PNC/Project_3_LQR ROS1/devel/share/common-lisp/ros/carla_msgs/msg/_package_CarlaActorInfo.lisp
Symlinking /home/zq/C-programe-practise/Driveless_PNC/Project_3_LQR ROS1/devel/share/common-lisp/ros/carla_msgs/msg/CarlaActorInfo.lisp
Symlinking /home/zq/C-programe-practise/Driveless_PNC/Project_3_LQR ROS1/devel/share/common-lisp/ros/carla_msgs/msg/carla_msgs-msg.asd
Symlinking /home/zq/C-programe-practise/Driveless_PNC/Project_3_LQR ROS1/devel/share/common-lisp/ros/carla_msgs/msg/CarlaWeatherParameters.lisp
Symlinking /home/zq/C-programe-practise/Driveless_PNC/Project_3_LQR ROS1/devel/share/common-lisp/ros/carla_msgs/msg/_package_CarlaWeatherParameters.lisp
Symlinking /home/zq/C-programe-practise/Driveless_PNC/Project_3_LQR ROS1/devel/share/common-lisp/ros/carla_msgs/msg/CarlaBoundingBox.lisp
Symlinking /home/zq/C-programe-practise/Driveless_PNC/Project_3_LQR ROS1/devel/share/common-lisp/ros/carla_msgs/msg/_package_CarlaBoundingBox.lisp
Symlinking /home/zq/C-programe-practise/Driveless_PNC/Project_3_LQR ROS1/devel/share/common-lisp/ros/carla_msgs/msg/_package_CarlaLaneInvasionEvent.lisp
Symlinking /home/zq/C-programe-practise/Driveless_PNC/Project_3_LQR ROS1/devel/share/common-lisp/ros/carla_msgs/msg/_package_CarlaEgoVehicleInfoWheel.lisp
Symlinking /home/zq/C-programe-practise/Driveless_PNC/Project_3_LQR ROS1/devel/share/common-lisp/ros/carla_msgs/msg/CarlaEgoVehicleControl.lisp
Symlinking /home/zq/C-programe-practise/Driveless_PNC/Project_3_LQR ROS1/devel/share/common-lisp/ros/carla_msgs/msg/CarlaControl.lisp
Symlinking /home/zq/C-programe-practise/Driveless_PNC/Project_3_LQR ROS1/devel/share/common-lisp/ros/carla_msgs/msg/CarlaLaneInvasionEvent.lisp
Symlinking /home/zq/C-programe-practise/Driveless_PNC/Project_3_LQR ROS1/devel/share/common-lisp/ros/carla_msgs/msg/_package_CarlaCollisionEvent.lisp
Symlinking /home/zq/C-programe-practise/Driveless_PNC/Project_3_LQR ROS1/devel/share/common-lisp/ros/carla_msgs/msg/_package_CarlaTrafficLightStatusList.lisp
Symlinking /home/zq/C-programe-practise/Driveless_PNC/Project_3_LQR ROS1/devel/share/common-lisp/ros/carla_msgs/msg/_package.lisp
Symlinking /home/zq/C-programe-practise/Driveless_PNC/Project_3_LQR ROS1/devel/share/common-lisp/ros/carla_msgs/msg/CarlaWalkerControl.lisp
Symlinking /home/zq/C-programe-practise/Driveless_PNC/Project_3_LQR ROS1/devel/share/common-lisp/ros/carla_msgs/msg/CarlaEgoVehicleInfoWheel.lisp
Symlinking /home/zq/C-programe-practise/Driveless_PNC/Project_3_LQR ROS1/devel/share/common-lisp/ros/carla_msgs/msg/_package_CarlaEgoVehicleInfo.lisp
Symlinking /home/zq/C-programe-practise/Driveless_PNC/Project_3_LQR ROS1/devel/share/common-lisp/ros/carla_msgs/msg/_package_CarlaEgoVehicleStatus.lisp
Symlinking /home/zq/C-programe-practise/Driveless_PNC/Project_3_LQR ROS1/devel/share/common-lisp/ros/carla_msgs/msg/_package_CarlaStatus.lisp
Symlinking /home/zq/C-programe-practise/Driveless_PNC/Project_3_LQR ROS1/devel/share/common-lisp/ros/carla_msgs/msg/CarlaTrafficLightStatusList.lisp
Symlinking /home/zq/C-programe-practise/Driveless_PNC/Project_3_LQR ROS1/devel/share/common-lisp/ros/carla_msgs/msg/_package_CarlaTrafficLightStatus.lisp
Symlinking /home/zq/C-programe-practise/Driveless_PNC/Project_3_LQR ROS1/devel/share/common-lisp/ros/carla_msgs/msg/_package_CarlaTrafficLightInfo.lisp
Symlinking /home/zq/C-programe-practise/Driveless_PNC/Project_3_LQR ROS1/devel/share/common-lisp/ros/carla_msgs/msg/_package_CarlaWalkerControl.lisp
Symlinking /home/zq/C-programe-practise/Driveless_PNC/Project_3_LQR ROS1/devel/share/roseus/ros/carla_msgs/manifest.l
Symlinking /home/zq/C-programe-practise/Driveless_PNC/Project_3_LQR ROS1/devel/share/roseus/ros/carla_msgs/srv/DestroyObject.l
Symlinking /home/zq/C-programe-practise/Driveless_PNC/Project_3_LQR ROS1/devel/share/roseus/ros/carla_msgs/srv/GetBlueprints.l
Symlinking /home/zq/C-programe-practise/Driveless_PNC/Project_3_LQR ROS1/devel/share/roseus/ros/carla_msgs/srv/SpawnObject.l
Symlinking /home/zq/C-programe-practise/Driveless_PNC/Project_3_LQR ROS1/devel/share/roseus/ros/carla_msgs/msg/CarlaTrafficLightStatusList.l
Symlinking /home/zq/C-programe-practise/Driveless_PNC/Project_3_LQR ROS1/devel/share/roseus/ros/carla_msgs/msg/CarlaActorList.l
Symlinking /home/zq/C-programe-practise/Driveless_PNC/Project_3_LQR ROS1/devel/share/roseus/ros/carla_msgs/msg/CarlaStatus.l
Symlinking /home/zq/C-programe-practise/Driveless_PNC/Project_3_LQR ROS1/devel/share/roseus/ros/carla_msgs/msg/CarlaWalkerControl.l
Symlinking /home/zq/C-programe-practise/Driveless_PNC/Project_3_LQR ROS1/devel/share/roseus/ros/carla_msgs/msg/CarlaActorInfo.l
Symlinking /home/zq/C-programe-practise/Driveless_PNC/Project_3_LQR ROS1/devel/share/roseus/ros/carla_msgs/msg/CarlaEgoVehicleStatus.l
Symlinking /home/zq/C-programe-practise/Driveless_PNC/Project_3_LQR ROS1/devel/share/roseus/ros/carla_msgs/msg/CarlaWeatherParameters.l
Symlinking /home/zq/C-programe-practise/Driveless_PNC/Project_3_LQR ROS1/devel/share/roseus/ros/carla_msgs/msg/CarlaWorldInfo.l
Symlinking /home/zq/C-programe-practise/Driveless_PNC/Project_3_LQR ROS1/devel/share/roseus/ros/carla_msgs/msg/CarlaEgoVehicleControl.l
Symlinking /home/zq/C-programe-practise/Driveless_PNC/Project_3_LQR ROS1/devel/share/roseus/ros/carla_msgs/msg/CarlaControl.l
Symlinking /home/zq/C-programe-practise/Driveless_PNC/Project_3_LQR ROS1/devel/share/roseus/ros/carla_msgs/msg/CarlaLaneInvasionEvent.l
Symlinking /home/zq/C-programe-practise/Driveless_PNC/Project_3_LQR ROS1/devel/share/roseus/ros/carla_msgs/msg/CarlaEgoVehicleInfo.l
Symlinking /home/zq/C-programe-practise/Driveless_PNC/Project_3_LQR ROS1/devel/share/roseus/ros/carla_msgs/msg/CarlaTrafficLightInfoList.l
Symlinking /home/zq/C-programe-practise/Driveless_PNC/Project_3_LQR ROS1/devel/share/roseus/ros/carla_msgs/msg/CarlaEgoVehicleInfoWheel.l
Symlinking /home/zq/C-programe-practise/Driveless_PNC/Project_3_LQR ROS1/devel/share/roseus/ros/carla_msgs/msg/CarlaTrafficLightInfo.l
Symlinking /home/zq/C-programe-practise/Driveless_PNC/Project_3_LQR ROS1/devel/share/roseus/ros/carla_msgs/msg/CarlaCollisionEvent.l
Symlinking /home/zq/C-programe-practise/Driveless_PNC/Project_3_LQR ROS1/devel/share/roseus/ros/carla_msgs/msg/CarlaBoundingBox.l
Symlinking /home/zq/C-programe-practise/Driveless_PNC/Project_3_LQR ROS1/devel/share/roseus/ros/carla_msgs/msg/CarlaTrafficLightStatus.l
Symlinking /home/zq/C-programe-practise/Driveless_PNC/Project_3_LQR ROS1/devel/share/gennodejs/ros/carla_msgs/_index.js
Symlinking /home/zq/C-programe-practise/Driveless_PNC/Project_3_LQR ROS1/devel/share/gennodejs/ros/carla_msgs/srv/SpawnObject.js
Symlinking /home/zq/C-programe-practise/Driveless_PNC/Project_3_LQR ROS1/devel/share/gennodejs/ros/carla_msgs/srv/DestroyObject.js
Symlinking /home/zq/C-programe-practise/Driveless_PNC/Project_3_LQR ROS1/devel/share/gennodejs/ros/carla_msgs/srv/GetBlueprints.js
Symlinking /home/zq/C-programe-practise/Driveless_PNC/Project_3_LQR ROS1/devel/share/gennodejs/ros/carla_msgs/srv/_index.js
Symlinking /home/zq/C-programe-practise/Driveless_PNC/Project_3_LQR ROS1/devel/share/gennodejs/ros/carla_msgs/msg/CarlaEgoVehicleControl.js
Symlinking /home/zq/C-programe-practise/Driveless_PNC/Project_3_LQR ROS1/devel/share/gennodejs/ros/carla_msgs/msg/CarlaBoundingBox.js
Symlinking /home/zq/C-programe-practise/Driveless_PNC/Project_3_LQR ROS1/devel/share/gennodejs/ros/carla_msgs/msg/CarlaActorList.js
Symlinking /home/zq/C-programe-practise/Driveless_PNC/Project_3_LQR ROS1/devel/share/gennodejs/ros/carla_msgs/msg/CarlaEgoVehicleInfoWheel.js
Symlinking /home/zq/C-programe-practise/Driveless_PNC/Project_3_LQR ROS1/devel/share/gennodejs/ros/carla_msgs/msg/CarlaCollisionEvent.js
Symlinking /home/zq/C-programe-practise/Driveless_PNC/Project_3_LQR ROS1/devel/share/gennodejs/ros/carla_msgs/msg/CarlaEgoVehicleStatus.js
Symlinking /home/zq/C-programe-practise/Driveless_PNC/Project_3_LQR ROS1/devel/share/gennodejs/ros/carla_msgs/msg/CarlaEgoVehicleInfo.js
Symlinking /home/zq/C-programe-practise/Driveless_PNC/Project_3_LQR ROS1/devel/share/gennodejs/ros/carla_msgs/msg/CarlaTrafficLightStatus.js
Symlinking /home/zq/C-programe-practise/Driveless_PNC/Project_3_LQR ROS1/devel/share/gennodejs/ros/carla_msgs/msg/CarlaWalkerControl.js
Symlinking /home/zq/C-programe-practise/Driveless_PNC/Project_3_LQR ROS1/devel/share/gennodejs/ros/carla_msgs/msg/CarlaControl.js
Symlinking /home/zq/C-programe-practise/Driveless_PNC/Project_3_LQR ROS1/devel/share/gennodejs/ros/carla_msgs/msg/CarlaTrafficLightStatusList.js
Symlinking /home/zq/C-programe-practise/Driveless_PNC/Project_3_LQR ROS1/devel/share/gennodejs/ros/carla_msgs/msg/CarlaWorldInfo.js
Symlinking /home/zq/C-programe-practise/Driveless_PNC/Project_3_LQR ROS1/devel/share/gennodejs/ros/carla_msgs/msg/CarlaWeatherParameters.js
Symlinking /home/zq/C-programe-practise/Driveless_PNC/Project_3_LQR ROS1/devel/share/gennodejs/ros/carla_msgs/msg/_index.js
Symlinking /home/zq/C-programe-practise/Driveless_PNC/Project_3_LQR ROS1/devel/share/gennodejs/ros/carla_msgs/msg/CarlaTrafficLightInfo.js
Symlinking /home/zq/C-programe-practise/Driveless_PNC/Project_3_LQR ROS1/devel/share/gennodejs/ros/carla_msgs/msg/CarlaLaneInvasionEvent.js
Symlinking /home/zq/C-programe-practise/Driveless_PNC/Project_3_LQR ROS1/devel/share/gennodejs/ros/carla_msgs/msg/CarlaActorInfo.js
Symlinking /home/zq/C-programe-practise/Driveless_PNC/Project_3_LQR ROS1/devel/share/gennodejs/ros/carla_msgs/msg/CarlaStatus.js
Symlinking /home/zq/C-programe-practise/Driveless_PNC/Project_3_LQR ROS1/devel/share/gennodejs/ros/carla_msgs/msg/CarlaTrafficLightInfoList.js
Symlinking /home/zq/C-programe-practise/Driveless_PNC/Project_3_LQR ROS1/devel/share/carla_msgs/cmake/carla_msgs-msg-paths.cmake
Symlinking /home/zq/C-programe-practise/Driveless_PNC/Project_3_LQR ROS1/devel/share/carla_msgs/cmake/carla_msgsConfig-version.cmake
Symlinking /home/zq/C-programe-practise/Driveless_PNC/Project_3_LQR ROS1/devel/share/carla_msgs/cmake/carla_msgs-msg-extras.cmake
Symlinking /home/zq/C-programe-practise/Driveless_PNC/Project_3_LQR ROS1/devel/share/carla_msgs/cmake/carla_msgsConfig.cmake
