Warning: Cannot symlink from /home/zq/C-programe-practise/Driveless_PNC/Project_1_PID_ROS1/devel/.private/carla_ros_scenario_runner/lib/pkgconfig/carla_ros_scenario_runner.pc to existing file /home/zq/C-programe-practise/Driveless_PNC/Project_1_PID_ROS1/devel/lib/pkgconfig/carla_ros_scenario_runner.pc
Warning: Source hash: af5d52fc8a0d4808dd7397a64efe3a17
Warning: Dest hash: 9a7af82c75399caf4e4a0953fac94b6f
Warning: Cannot symlink from /home/zq/C-programe-practise/Driveless_PNC/Project_1_PID_ROS1/devel/.private/carla_ros_scenario_runner/lib/python3/dist-packages/carla_ros_scenario_runner/__init__.py to existing file /home/zq/C-programe-practise/Driveless_PNC/Project_1_PID_ROS1/devel/lib/python3/dist-packages/carla_ros_scenario_runner/__init__.py
Warning: Source hash: 45b509994feee2e46b191959f889ab96
Warning: Dest hash: 3acd986b96a690baeb7698b9444167a3
Warning: Cannot symlink from /home/zq/C-programe-practise/Driveless_PNC/Project_1_PID_ROS1/devel/.private/carla_ros_scenario_runner/lib/carla_ros_scenario_runner/carla_ros_scenario_runner_node.py to existing file /home/zq/C-programe-practise/Driveless_PNC/Project_1_PID_ROS1/devel/lib/carla_ros_scenario_runner/carla_ros_scenario_runner_node.py
Warning: Source hash: b6bcf8c8c02767befa90335085f5b98b
Warning: Dest hash: d7a903c2de8ad0a8b8ee600ce38eca95
Warning: Cannot symlink from /home/zq/C-programe-practise/Driveless_PNC/Project_1_PID_ROS1/devel/.private/carla_ros_scenario_runner/lib/carla_ros_scenario_runner/ros_vehicle_control.py to existing file /home/zq/C-programe-practise/Driveless_PNC/Project_1_PID_ROS1/devel/lib/carla_ros_scenario_runner/ros_vehicle_control.py
Warning: Source hash: a6837a032dac600be57e8c59eae100f7
Warning: Dest hash: 100dbf5e62d85024d743ff52a8aff157
Warning: Cannot symlink from /home/zq/C-programe-practise/Driveless_PNC/Project_1_PID_ROS1/devel/.private/carla_ros_scenario_runner/lib/carla_ros_scenario_runner/application_runner.py to existing file /home/zq/C-programe-practise/Driveless_PNC/Project_1_PID_ROS1/devel/lib/carla_ros_scenario_runner/application_runner.py
Warning: Source hash: 02c45f34c3ded03d49e0f496389646a3
Warning: Dest hash: d368a7973ecf9fd689504dfa6b186032
Warning: Cannot symlink from /home/zq/C-programe-practise/Driveless_PNC/Project_1_PID_ROS1/devel/.private/carla_ros_scenario_runner/lib/carla_ros_scenario_runner/scenario_runner_runner.py to existing file /home/zq/C-programe-practise/Driveless_PNC/Project_1_PID_ROS1/devel/lib/carla_ros_scenario_runner/scenario_runner_runner.py
Warning: Source hash: 2112956e80d9aca0952b56dd0971f0e1
Warning: Dest hash: c8b162892c4fa02267fcacd4d578d4f2
Warning: Cannot symlink from /home/zq/C-programe-practise/Driveless_PNC/Project_1_PID_ROS1/devel/.private/carla_ros_scenario_runner/share/carla_ros_scenario_runner/cmake/carla_ros_scenario_runnerConfig.cmake to existing file /home/zq/C-programe-practise/Driveless_PNC/Project_1_PID_ROS1/devel/share/carla_ros_scenario_runner/cmake/carla_ros_scenario_runnerConfig.cmake
Warning: Source hash: aa7bc7ac943a515a84b021b51b4c61f0
Warning: Dest hash: 27a0cd53ab3d7edfadc2804be691e7f7
Cleaning: (/home/zq/C-programe-practise/Driveless_PNC/Lecture_Files/Project1 PID ROS1/Project_1_PID_ROS1/devel/.private/carla_ros_scenario_runner/cmake.lock, /home/zq/C-programe-practise/Driveless_PNC/Lecture_Files/Project1 PID ROS1/Project_1_PID_ROS1/devel/./cmake.lock)
Cleaning: (/home/zq/C-programe-practise/Driveless_PNC/Lecture_Files/Project1 PID ROS1/Project_1_PID_ROS1/devel/.private/carla_ros_scenario_runner/lib/pkgconfig/carla_ros_scenario_runner.pc, /home/zq/C-programe-practise/Driveless_PNC/Lecture_Files/Project1 PID ROS1/Project_1_PID_ROS1/devel/lib/pkgconfig/carla_ros_scenario_runner.pc)
Cleaning: (/home/zq/C-programe-practise/Driveless_PNC/Lecture_Files/Project1 PID ROS1/Project_1_PID_ROS1/devel/.private/carla_ros_scenario_runner/lib/python3/dist-packages/carla_ros_scenario_runner/__init__.py, /home/zq/C-programe-practise/Driveless_PNC/Lecture_Files/Project1 PID ROS1/Project_1_PID_ROS1/devel/lib/python3/dist-packages/carla_ros_scenario_runner/__init__.py)
Cleaning: (/home/zq/C-programe-practise/Driveless_PNC/Lecture_Files/Project1 PID ROS1/Project_1_PID_ROS1/devel/.private/carla_ros_scenario_runner/lib/carla_ros_scenario_runner/carla_ros_scenario_runner_node.py, /home/zq/C-programe-practise/Driveless_PNC/Lecture_Files/Project1 PID ROS1/Project_1_PID_ROS1/devel/lib/carla_ros_scenario_runner/carla_ros_scenario_runner_node.py)
Cleaning: (/home/zq/C-programe-practise/Driveless_PNC/Lecture_Files/Project1 PID ROS1/Project_1_PID_ROS1/devel/.private/carla_ros_scenario_runner/lib/carla_ros_scenario_runner/cmake.lock, /home/zq/C-programe-practise/Driveless_PNC/Lecture_Files/Project1 PID ROS1/Project_1_PID_ROS1/devel/lib/carla_ros_scenario_runner/cmake.lock)
Cleaning: (/home/zq/C-programe-practise/Driveless_PNC/Lecture_Files/Project1 PID ROS1/Project_1_PID_ROS1/devel/.private/carla_ros_scenario_runner/lib/carla_ros_scenario_runner/ros_vehicle_control.py, /home/zq/C-programe-practise/Driveless_PNC/Lecture_Files/Project1 PID ROS1/Project_1_PID_ROS1/devel/lib/carla_ros_scenario_runner/ros_vehicle_control.py)
Cleaning: (/home/zq/C-programe-practise/Driveless_PNC/Lecture_Files/Project1 PID ROS1/Project_1_PID_ROS1/devel/.private/carla_ros_scenario_runner/lib/carla_ros_scenario_runner/application_runner.py, /home/zq/C-programe-practise/Driveless_PNC/Lecture_Files/Project1 PID ROS1/Project_1_PID_ROS1/devel/lib/carla_ros_scenario_runner/application_runner.py)
Cleaning: (/home/zq/C-programe-practise/Driveless_PNC/Lecture_Files/Project1 PID ROS1/Project_1_PID_ROS1/devel/.private/carla_ros_scenario_runner/lib/carla_ros_scenario_runner/scenario_runner_runner.py, /home/zq/C-programe-practise/Driveless_PNC/Lecture_Files/Project1 PID ROS1/Project_1_PID_ROS1/devel/lib/carla_ros_scenario_runner/scenario_runner_runner.py)
Cleaning: (/home/zq/C-programe-practise/Driveless_PNC/Lecture_Files/Project1 PID ROS1/Project_1_PID_ROS1/devel/.private/carla_ros_scenario_runner/share/carla_ros_scenario_runner/cmake/carla_ros_scenario_runnerConfig-version.cmake, /home/zq/C-programe-practise/Driveless_PNC/Lecture_Files/Project1 PID ROS1/Project_1_PID_ROS1/devel/share/carla_ros_scenario_runner/cmake/carla_ros_scenario_runnerConfig-version.cmake)
Cleaning: (/home/zq/C-programe-practise/Driveless_PNC/Lecture_Files/Project1 PID ROS1/Project_1_PID_ROS1/devel/.private/carla_ros_scenario_runner/share/carla_ros_scenario_runner/cmake/carla_ros_scenario_runnerConfig.cmake, /home/zq/C-programe-practise/Driveless_PNC/Lecture_Files/Project1 PID ROS1/Project_1_PID_ROS1/devel/share/carla_ros_scenario_runner/cmake/carla_ros_scenario_runnerConfig.cmake)
Unlinking: /home/zq/C-programe-practise/Driveless_PNC/Lecture_Files/Project1 PID ROS1/Project_1_PID_ROS1/devel/lib/pkgconfig/carla_ros_scenario_runner.pc
Unlinking: /home/zq/C-programe-practise/Driveless_PNC/Lecture_Files/Project1 PID ROS1/Project_1_PID_ROS1/devel/lib/python3/dist-packages/carla_ros_scenario_runner/__init__.py
Unlinking: /home/zq/C-programe-practise/Driveless_PNC/Lecture_Files/Project1 PID ROS1/Project_1_PID_ROS1/devel/lib/carla_ros_scenario_runner/carla_ros_scenario_runner_node.py
Unlinking: /home/zq/C-programe-practise/Driveless_PNC/Lecture_Files/Project1 PID ROS1/Project_1_PID_ROS1/devel/lib/carla_ros_scenario_runner/cmake.lock
Unlinking: /home/zq/C-programe-practise/Driveless_PNC/Lecture_Files/Project1 PID ROS1/Project_1_PID_ROS1/devel/lib/carla_ros_scenario_runner/ros_vehicle_control.py
Unlinking: /home/zq/C-programe-practise/Driveless_PNC/Lecture_Files/Project1 PID ROS1/Project_1_PID_ROS1/devel/lib/carla_ros_scenario_runner/application_runner.py
Unlinking: /home/zq/C-programe-practise/Driveless_PNC/Lecture_Files/Project1 PID ROS1/Project_1_PID_ROS1/devel/lib/carla_ros_scenario_runner/scenario_runner_runner.py
Unlinking: /home/zq/C-programe-practise/Driveless_PNC/Lecture_Files/Project1 PID ROS1/Project_1_PID_ROS1/devel/share/carla_ros_scenario_runner/cmake/carla_ros_scenario_runnerConfig-version.cmake
Unlinking: /home/zq/C-programe-practise/Driveless_PNC/Lecture_Files/Project1 PID ROS1/Project_1_PID_ROS1/devel/share/carla_ros_scenario_runner/cmake/carla_ros_scenario_runnerConfig.cmake
