Symlinking /home/zq/C-programe-practise/Driveless_PNC/Project2_Stanley_ROS1/devel/lib/pkgconfig/carla_ackermann_control.pc
Symlinking /home/zq/C-programe-practise/Driveless_PNC/Project2_Stanley_ROS1/devel/lib/python3/dist-packages/carla_ackermann_control/__init__.py
Symlinking /home/zq/C-programe-practise/Driveless_PNC/Project2_Stanley_ROS1/devel/lib/python3/dist-packages/carla_ackermann_control/cfg/__init__.py
Symlinking /home/zq/C-programe-practise/Driveless_PNC/Project2_Stanley_ROS1/devel/lib/python3/dist-packages/carla_ackermann_control/cfg/EgoVehicleControlParameterConfig.py
Symlinking /home/zq/C-programe-practise/Driveless_PNC/Project2_Stanley_ROS1/devel/include/carla_ackermann_control/EgoVehicleControlParameterConfig.h
Symlinking /home/zq/C-programe-practise/Driveless_PNC/Project2_Stanley_ROS1/devel/share/carla_ackermann_control/docs/EgoVehicleControlParameterConfig-usage.dox
Symlinking /home/zq/C-programe-practise/Driveless_PNC/Project2_Stanley_ROS1/devel/share/carla_ackermann_control/docs/EgoVehicleControlParameterConfig.wikidoc
Symlinking /home/zq/C-programe-practise/Driveless_PNC/Project2_Stanley_ROS1/devel/share/carla_ackermann_control/docs/EgoVehicleControlParameterConfig.dox
Symlinking /home/zq/C-programe-practise/Driveless_PNC/Project2_Stanley_ROS1/devel/share/carla_ackermann_control/cmake/carla_ackermann_controlConfig-version.cmake
Symlinking /home/zq/C-programe-practise/Driveless_PNC/Project2_Stanley_ROS1/devel/share/carla_ackermann_control/cmake/carla_ackermann_controlConfig.cmake
Cleaning: (/home/zq/C-programe-practise/Driveless_PNC/Project2 Stanley ROS1/devel/.private/carla_ackermann_control/cmake.lock, /home/zq/C-programe-practise/Driveless_PNC/Project2 Stanley ROS1/devel/./cmake.lock)
Cleaning: (/home/zq/C-programe-practise/Driveless_PNC/Project2 Stanley ROS1/devel/.private/carla_ackermann_control/lib/pkgconfig/carla_ackermann_control.pc, /home/zq/C-programe-practise/Driveless_PNC/Project2 Stanley ROS1/devel/lib/pkgconfig/carla_ackermann_control.pc)
Cleaning: (/home/zq/C-programe-practise/Driveless_PNC/Project2 Stanley ROS1/devel/.private/carla_ackermann_control/lib/python3/dist-packages/carla_ackermann_control/__init__.py, /home/zq/C-programe-practise/Driveless_PNC/Project2 Stanley ROS1/devel/lib/python3/dist-packages/carla_ackermann_control/__init__.py)
Cleaning: (/home/zq/C-programe-practise/Driveless_PNC/Project2 Stanley ROS1/devel/.private/carla_ackermann_control/lib/python3/dist-packages/carla_ackermann_control/cfg/__init__.py, /home/zq/C-programe-practise/Driveless_PNC/Project2 Stanley ROS1/devel/lib/python3/dist-packages/carla_ackermann_control/cfg/__init__.py)
Cleaning: (/home/zq/C-programe-practise/Driveless_PNC/Project2 Stanley ROS1/devel/.private/carla_ackermann_control/lib/python3/dist-packages/carla_ackermann_control/cfg/EgoVehicleControlParameterConfig.py, /home/zq/C-programe-practise/Driveless_PNC/Project2 Stanley ROS1/devel/lib/python3/dist-packages/carla_ackermann_control/cfg/EgoVehicleControlParameterConfig.py)
Cleaning: (/home/zq/C-programe-practise/Driveless_PNC/Project2 Stanley ROS1/devel/.private/carla_ackermann_control/include/carla_ackermann_control/EgoVehicleControlParameterConfig.h, /home/zq/C-programe-practise/Driveless_PNC/Project2 Stanley ROS1/devel/include/carla_ackermann_control/EgoVehicleControlParameterConfig.h)
Cleaning: (/home/zq/C-programe-practise/Driveless_PNC/Project2 Stanley ROS1/devel/.private/carla_ackermann_control/share/carla_ackermann_control/docs/EgoVehicleControlParameterConfig-usage.dox, /home/zq/C-programe-practise/Driveless_PNC/Project2 Stanley ROS1/devel/share/carla_ackermann_control/docs/EgoVehicleControlParameterConfig-usage.dox)
Cleaning: (/home/zq/C-programe-practise/Driveless_PNC/Project2 Stanley ROS1/devel/.private/carla_ackermann_control/share/carla_ackermann_control/docs/EgoVehicleControlParameterConfig.wikidoc, /home/zq/C-programe-practise/Driveless_PNC/Project2 Stanley ROS1/devel/share/carla_ackermann_control/docs/EgoVehicleControlParameterConfig.wikidoc)
Cleaning: (/home/zq/C-programe-practise/Driveless_PNC/Project2 Stanley ROS1/devel/.private/carla_ackermann_control/share/carla_ackermann_control/docs/EgoVehicleControlParameterConfig.dox, /home/zq/C-programe-practise/Driveless_PNC/Project2 Stanley ROS1/devel/share/carla_ackermann_control/docs/EgoVehicleControlParameterConfig.dox)
Cleaning: (/home/zq/C-programe-practise/Driveless_PNC/Project2 Stanley ROS1/devel/.private/carla_ackermann_control/share/carla_ackermann_control/cmake/carla_ackermann_controlConfig-version.cmake, /home/zq/C-programe-practise/Driveless_PNC/Project2 Stanley ROS1/devel/share/carla_ackermann_control/cmake/carla_ackermann_controlConfig-version.cmake)
Cleaning: (/home/zq/C-programe-practise/Driveless_PNC/Project2 Stanley ROS1/devel/.private/carla_ackermann_control/share/carla_ackermann_control/cmake/carla_ackermann_controlConfig.cmake, /home/zq/C-programe-practise/Driveless_PNC/Project2 Stanley ROS1/devel/share/carla_ackermann_control/cmake/carla_ackermann_controlConfig.cmake)
Unlinking: /home/zq/C-programe-practise/Driveless_PNC/Project2 Stanley ROS1/devel/lib/pkgconfig/carla_ackermann_control.pc
Already unlinked: {}
Unlinking: /home/zq/C-programe-practise/Driveless_PNC/Project2 Stanley ROS1/devel/lib/python3/dist-packages/carla_ackermann_control/__init__.py
Already unlinked: {}
Unlinking: /home/zq/C-programe-practise/Driveless_PNC/Project2 Stanley ROS1/devel/lib/python3/dist-packages/carla_ackermann_control/cfg/__init__.py
Already unlinked: {}
Unlinking: /home/zq/C-programe-practise/Driveless_PNC/Project2 Stanley ROS1/devel/lib/python3/dist-packages/carla_ackermann_control/cfg/EgoVehicleControlParameterConfig.py
Already unlinked: {}
Unlinking: /home/zq/C-programe-practise/Driveless_PNC/Project2 Stanley ROS1/devel/include/carla_ackermann_control/EgoVehicleControlParameterConfig.h
Already unlinked: {}
Unlinking: /home/zq/C-programe-practise/Driveless_PNC/Project2 Stanley ROS1/devel/share/carla_ackermann_control/docs/EgoVehicleControlParameterConfig-usage.dox
Already unlinked: {}
Unlinking: /home/zq/C-programe-practise/Driveless_PNC/Project2 Stanley ROS1/devel/share/carla_ackermann_control/docs/EgoVehicleControlParameterConfig.wikidoc
Already unlinked: {}
Unlinking: /home/zq/C-programe-practise/Driveless_PNC/Project2 Stanley ROS1/devel/share/carla_ackermann_control/docs/EgoVehicleControlParameterConfig.dox
Already unlinked: {}
Unlinking: /home/zq/C-programe-practise/Driveless_PNC/Project2 Stanley ROS1/devel/share/carla_ackermann_control/cmake/carla_ackermann_controlConfig-version.cmake
Already unlinked: {}
Unlinking: /home/zq/C-programe-practise/Driveless_PNC/Project2 Stanley ROS1/devel/share/carla_ackermann_control/cmake/carla_ackermann_controlConfig.cmake
Already unlinked: {}
