Symlinking /home/zq/C-programe-practise/Driveless_PNC/Project_2_Stanley_ROS1/devel/lib/pkgconfig/carla_ros_scenario_runner.pc
Symlinking /home/zq/C-programe-practise/Driveless_PNC/Project_2_Stanley_ROS1/devel/lib/python3/dist-packages/carla_ros_scenario_runner/__init__.py
Symlinking /home/zq/C-programe-practise/Driveless_PNC/Project_2_Stanley_ROS1/devel/lib/carla_ros_scenario_runner/carla_ros_scenario_runner_node.py
Symlinking /home/zq/C-programe-practise/Driveless_PNC/Project_2_Stanley_ROS1/devel/lib/carla_ros_scenario_runner/cmake.lock
Symlinking /home/zq/C-programe-practise/Driveless_PNC/Project_2_Stanley_ROS1/devel/lib/carla_ros_scenario_runner/ros_vehicle_control.py
Symlinking /home/zq/C-programe-practise/Driveless_PNC/Project_2_Stanley_ROS1/devel/lib/carla_ros_scenario_runner/application_runner.py
Symlinking /home/zq/C-programe-practise/Driveless_PNC/Project_2_Stanley_ROS1/devel/lib/carla_ros_scenario_runner/scenario_runner_runner.py
Symlinking /home/zq/C-programe-practise/Driveless_PNC/Project_2_Stanley_ROS1/devel/share/carla_ros_scenario_runner/cmake/carla_ros_scenario_runnerConfig-version.cmake
Symlinking /home/zq/C-programe-practise/Driveless_PNC/Project_2_Stanley_ROS1/devel/share/carla_ros_scenario_runner/cmake/carla_ros_scenario_runnerConfig.cmake
Cleaning: (/home/zq/C-programe-practise/Driveless_PNC/Project2_Stanley_ROS1/devel/.private/carla_ros_scenario_runner/cmake.lock, /home/zq/C-programe-practise/Driveless_PNC/Project2_Stanley_ROS1/devel/./cmake.lock)
Cleaning: (/home/zq/C-programe-practise/Driveless_PNC/Project2_Stanley_ROS1/devel/.private/carla_ros_scenario_runner/lib/pkgconfig/carla_ros_scenario_runner.pc, /home/zq/C-programe-practise/Driveless_PNC/Project2_Stanley_ROS1/devel/lib/pkgconfig/carla_ros_scenario_runner.pc)
Cleaning: (/home/zq/C-programe-practise/Driveless_PNC/Project2_Stanley_ROS1/devel/.private/carla_ros_scenario_runner/lib/python3/dist-packages/carla_ros_scenario_runner/__init__.py, /home/zq/C-programe-practise/Driveless_PNC/Project2_Stanley_ROS1/devel/lib/python3/dist-packages/carla_ros_scenario_runner/__init__.py)
Cleaning: (/home/zq/C-programe-practise/Driveless_PNC/Project2_Stanley_ROS1/devel/.private/carla_ros_scenario_runner/lib/carla_ros_scenario_runner/carla_ros_scenario_runner_node.py, /home/zq/C-programe-practise/Driveless_PNC/Project2_Stanley_ROS1/devel/lib/carla_ros_scenario_runner/carla_ros_scenario_runner_node.py)
Cleaning: (/home/zq/C-programe-practise/Driveless_PNC/Project2_Stanley_ROS1/devel/.private/carla_ros_scenario_runner/lib/carla_ros_scenario_runner/cmake.lock, /home/zq/C-programe-practise/Driveless_PNC/Project2_Stanley_ROS1/devel/lib/carla_ros_scenario_runner/cmake.lock)
Cleaning: (/home/zq/C-programe-practise/Driveless_PNC/Project2_Stanley_ROS1/devel/.private/carla_ros_scenario_runner/lib/carla_ros_scenario_runner/ros_vehicle_control.py, /home/zq/C-programe-practise/Driveless_PNC/Project2_Stanley_ROS1/devel/lib/carla_ros_scenario_runner/ros_vehicle_control.py)
Cleaning: (/home/zq/C-programe-practise/Driveless_PNC/Project2_Stanley_ROS1/devel/.private/carla_ros_scenario_runner/lib/carla_ros_scenario_runner/application_runner.py, /home/zq/C-programe-practise/Driveless_PNC/Project2_Stanley_ROS1/devel/lib/carla_ros_scenario_runner/application_runner.py)
Cleaning: (/home/zq/C-programe-practise/Driveless_PNC/Project2_Stanley_ROS1/devel/.private/carla_ros_scenario_runner/lib/carla_ros_scenario_runner/scenario_runner_runner.py, /home/zq/C-programe-practise/Driveless_PNC/Project2_Stanley_ROS1/devel/lib/carla_ros_scenario_runner/scenario_runner_runner.py)
Cleaning: (/home/zq/C-programe-practise/Driveless_PNC/Project2_Stanley_ROS1/devel/.private/carla_ros_scenario_runner/share/carla_ros_scenario_runner/cmake/carla_ros_scenario_runnerConfig-version.cmake, /home/zq/C-programe-practise/Driveless_PNC/Project2_Stanley_ROS1/devel/share/carla_ros_scenario_runner/cmake/carla_ros_scenario_runnerConfig-version.cmake)
Cleaning: (/home/zq/C-programe-practise/Driveless_PNC/Project2_Stanley_ROS1/devel/.private/carla_ros_scenario_runner/share/carla_ros_scenario_runner/cmake/carla_ros_scenario_runnerConfig.cmake, /home/zq/C-programe-practise/Driveless_PNC/Project2_Stanley_ROS1/devel/share/carla_ros_scenario_runner/cmake/carla_ros_scenario_runnerConfig.cmake)
Unlinking: /home/zq/C-programe-practise/Driveless_PNC/Project2_Stanley_ROS1/devel/lib/pkgconfig/carla_ros_scenario_runner.pc
Already unlinked: {}
Unlinking: /home/zq/C-programe-practise/Driveless_PNC/Project2_Stanley_ROS1/devel/lib/python3/dist-packages/carla_ros_scenario_runner/__init__.py
Already unlinked: {}
Unlinking: /home/zq/C-programe-practise/Driveless_PNC/Project2_Stanley_ROS1/devel/lib/carla_ros_scenario_runner/carla_ros_scenario_runner_node.py
Already unlinked: {}
Unlinking: /home/zq/C-programe-practise/Driveless_PNC/Project2_Stanley_ROS1/devel/lib/carla_ros_scenario_runner/cmake.lock
Already unlinked: {}
Unlinking: /home/zq/C-programe-practise/Driveless_PNC/Project2_Stanley_ROS1/devel/lib/carla_ros_scenario_runner/ros_vehicle_control.py
Already unlinked: {}
Unlinking: /home/zq/C-programe-practise/Driveless_PNC/Project2_Stanley_ROS1/devel/lib/carla_ros_scenario_runner/application_runner.py
Already unlinked: {}
Unlinking: /home/zq/C-programe-practise/Driveless_PNC/Project2_Stanley_ROS1/devel/lib/carla_ros_scenario_runner/scenario_runner_runner.py
Already unlinked: {}
Unlinking: /home/zq/C-programe-practise/Driveless_PNC/Project2_Stanley_ROS1/devel/share/carla_ros_scenario_runner/cmake/carla_ros_scenario_runnerConfig-version.cmake
Already unlinked: {}
Unlinking: /home/zq/C-programe-practise/Driveless_PNC/Project2_Stanley_ROS1/devel/share/carla_ros_scenario_runner/cmake/carla_ros_scenario_runnerConfig.cmake
Already unlinked: {}
