Symlinking /home/zq/C-programe-practise/Driveless_PNC/Project_2_Stanley_ROS1/devel/lib/pkgconfig/carla_manual_control.pc
Symlinking /home/zq/C-programe-practise/Driveless_PNC/Project_2_Stanley_ROS1/devel/lib/python3/dist-packages/carla_manual_control/__init__.py
Symlinking /home/zq/C-programe-practise/Driveless_PNC/Project_2_Stanley_ROS1/devel/lib/carla_manual_control/cmake.lock
Symlinking /home/zq/C-programe-practise/Driveless_PNC/Project_2_Stanley_ROS1/devel/lib/carla_manual_control/carla_manual_control.py
Symlinking /home/zq/C-programe-practise/Driveless_PNC/Project_2_Stanley_ROS1/devel/share/carla_manual_control/cmake/carla_manual_controlConfig-version.cmake
Symlinking /home/zq/C-programe-practise/Driveless_PNC/Project_2_Stanley_ROS1/devel/share/carla_manual_control/cmake/carla_manual_controlConfig.cmake
Cleaning: (/home/zq/C-programe-practise/Driveless_PNC/Project2_Stanley_ROS1/devel/.private/carla_manual_control/cmake.lock, /home/zq/C-programe-practise/Driveless_PNC/Project2_Stanley_ROS1/devel/./cmake.lock)
Cleaning: (/home/zq/C-programe-practise/Driveless_PNC/Project2_Stanley_ROS1/devel/.private/carla_manual_control/lib/pkgconfig/carla_manual_control.pc, /home/zq/C-programe-practise/Driveless_PNC/Project2_Stanley_ROS1/devel/lib/pkgconfig/carla_manual_control.pc)
Cleaning: (/home/zq/C-programe-practise/Driveless_PNC/Project2_Stanley_ROS1/devel/.private/carla_manual_control/lib/python3/dist-packages/carla_manual_control/__init__.py, /home/zq/C-programe-practise/Driveless_PNC/Project2_Stanley_ROS1/devel/lib/python3/dist-packages/carla_manual_control/__init__.py)
Cleaning: (/home/zq/C-programe-practise/Driveless_PNC/Project2_Stanley_ROS1/devel/.private/carla_manual_control/lib/carla_manual_control/cmake.lock, /home/zq/C-programe-practise/Driveless_PNC/Project2_Stanley_ROS1/devel/lib/carla_manual_control/cmake.lock)
Cleaning: (/home/zq/C-programe-practise/Driveless_PNC/Project2_Stanley_ROS1/devel/.private/carla_manual_control/lib/carla_manual_control/carla_manual_control.py, /home/zq/C-programe-practise/Driveless_PNC/Project2_Stanley_ROS1/devel/lib/carla_manual_control/carla_manual_control.py)
Cleaning: (/home/zq/C-programe-practise/Driveless_PNC/Project2_Stanley_ROS1/devel/.private/carla_manual_control/share/carla_manual_control/cmake/carla_manual_controlConfig-version.cmake, /home/zq/C-programe-practise/Driveless_PNC/Project2_Stanley_ROS1/devel/share/carla_manual_control/cmake/carla_manual_controlConfig-version.cmake)
Cleaning: (/home/zq/C-programe-practise/Driveless_PNC/Project2_Stanley_ROS1/devel/.private/carla_manual_control/share/carla_manual_control/cmake/carla_manual_controlConfig.cmake, /home/zq/C-programe-practise/Driveless_PNC/Project2_Stanley_ROS1/devel/share/carla_manual_control/cmake/carla_manual_controlConfig.cmake)
Unlinking: /home/zq/C-programe-practise/Driveless_PNC/Project2_Stanley_ROS1/devel/lib/pkgconfig/carla_manual_control.pc
Already unlinked: {}
Unlinking: /home/zq/C-programe-practise/Driveless_PNC/Project2_Stanley_ROS1/devel/lib/python3/dist-packages/carla_manual_control/__init__.py
Already unlinked: {}
Unlinking: /home/zq/C-programe-practise/Driveless_PNC/Project2_Stanley_ROS1/devel/lib/carla_manual_control/cmake.lock
Already unlinked: {}
Unlinking: /home/zq/C-programe-practise/Driveless_PNC/Project2_Stanley_ROS1/devel/lib/carla_manual_control/carla_manual_control.py
Already unlinked: {}
Unlinking: /home/zq/C-programe-practise/Driveless_PNC/Project2_Stanley_ROS1/devel/share/carla_manual_control/cmake/carla_manual_controlConfig-version.cmake
Already unlinked: {}
Unlinking: /home/zq/C-programe-practise/Driveless_PNC/Project2_Stanley_ROS1/devel/share/carla_manual_control/cmake/carla_manual_controlConfig.cmake
Already unlinked: {}
