Symlinking /home/zq/C-programe-practise/Driveless_PNC/Project_3_LQR_ROS1/devel/lib/pkgconfig/carla_ros_scenario_runner_types.pc
Symlinking /home/zq/C-programe-practise/Driveless_PNC/Project_3_LQR_ROS1/devel/lib/python3/dist-packages/carla_ros_scenario_runner_types/__init__.py
Symlinking /home/zq/C-programe-practise/Driveless_PNC/Project_3_LQR_ROS1/devel/lib/python3/dist-packages/carla_ros_scenario_runner_types/srv/__init__.py
Symlinking /home/zq/C-programe-practise/Driveless_PNC/Project_3_LQR_ROS1/devel/lib/python3/dist-packages/carla_ros_scenario_runner_types/srv/_ExecuteScenario.py
Symlinking /home/zq/C-programe-practise/Driveless_PNC/Project_3_LQR_ROS1/devel/lib/python3/dist-packages/carla_ros_scenario_runner_types/msg/__init__.py
Symlinking /home/zq/C-programe-practise/Driveless_PNC/Project_3_LQR_ROS1/devel/lib/python3/dist-packages/carla_ros_scenario_runner_types/msg/_CarlaScenarioList.py
Symlinking /home/zq/C-programe-practise/Driveless_PNC/Project_3_LQR_ROS1/devel/lib/python3/dist-packages/carla_ros_scenario_runner_types/msg/_CarlaScenarioRunnerStatus.py
Symlinking /home/zq/C-programe-practise/Driveless_PNC/Project_3_LQR_ROS1/devel/lib/python3/dist-packages/carla_ros_scenario_runner_types/msg/_CarlaScenario.py
Symlinking /home/zq/C-programe-practise/Driveless_PNC/Project_3_LQR_ROS1/devel/include/carla_ros_scenario_runner_types/CarlaScenarioRunnerStatus.h
Symlinking /home/zq/C-programe-practise/Driveless_PNC/Project_3_LQR_ROS1/devel/include/carla_ros_scenario_runner_types/ExecuteScenarioResponse.h
Symlinking /home/zq/C-programe-practise/Driveless_PNC/Project_3_LQR_ROS1/devel/include/carla_ros_scenario_runner_types/ExecuteScenario.h
Symlinking /home/zq/C-programe-practise/Driveless_PNC/Project_3_LQR_ROS1/devel/include/carla_ros_scenario_runner_types/ExecuteScenarioRequest.h
Symlinking /home/zq/C-programe-practise/Driveless_PNC/Project_3_LQR_ROS1/devel/include/carla_ros_scenario_runner_types/CarlaScenarioList.h
Symlinking /home/zq/C-programe-practise/Driveless_PNC/Project_3_LQR_ROS1/devel/include/carla_ros_scenario_runner_types/CarlaScenario.h
Symlinking /home/zq/C-programe-practise/Driveless_PNC/Project_3_LQR_ROS1/devel/share/carla_ros_scenario_runner_types/cmake/carla_ros_scenario_runner_types-msg-paths.cmake
Symlinking /home/zq/C-programe-practise/Driveless_PNC/Project_3_LQR_ROS1/devel/share/carla_ros_scenario_runner_types/cmake/carla_ros_scenario_runner_typesConfig.cmake
Symlinking /home/zq/C-programe-practise/Driveless_PNC/Project_3_LQR_ROS1/devel/share/carla_ros_scenario_runner_types/cmake/carla_ros_scenario_runner_typesConfig-version.cmake
Symlinking /home/zq/C-programe-practise/Driveless_PNC/Project_3_LQR_ROS1/devel/share/carla_ros_scenario_runner_types/cmake/carla_ros_scenario_runner_types-msg-extras.cmake
Symlinking /home/zq/C-programe-practise/Driveless_PNC/Project_3_LQR_ROS1/devel/share/common-lisp/ros/carla_ros_scenario_runner_types/srv/_package_ExecuteScenario.lisp
Symlinking /home/zq/C-programe-practise/Driveless_PNC/Project_3_LQR_ROS1/devel/share/common-lisp/ros/carla_ros_scenario_runner_types/srv/ExecuteScenario.lisp
Symlinking /home/zq/C-programe-practise/Driveless_PNC/Project_3_LQR_ROS1/devel/share/common-lisp/ros/carla_ros_scenario_runner_types/srv/carla_ros_scenario_runner_types-srv.asd
Symlinking /home/zq/C-programe-practise/Driveless_PNC/Project_3_LQR_ROS1/devel/share/common-lisp/ros/carla_ros_scenario_runner_types/srv/_package.lisp
Symlinking /home/zq/C-programe-practise/Driveless_PNC/Project_3_LQR_ROS1/devel/share/common-lisp/ros/carla_ros_scenario_runner_types/msg/_package_CarlaScenario.lisp
Symlinking /home/zq/C-programe-practise/Driveless_PNC/Project_3_LQR_ROS1/devel/share/common-lisp/ros/carla_ros_scenario_runner_types/msg/_package_CarlaScenarioList.lisp
Symlinking /home/zq/C-programe-practise/Driveless_PNC/Project_3_LQR_ROS1/devel/share/common-lisp/ros/carla_ros_scenario_runner_types/msg/_package_CarlaScenarioRunnerStatus.lisp
Symlinking /home/zq/C-programe-practise/Driveless_PNC/Project_3_LQR_ROS1/devel/share/common-lisp/ros/carla_ros_scenario_runner_types/msg/CarlaScenarioList.lisp
Symlinking /home/zq/C-programe-practise/Driveless_PNC/Project_3_LQR_ROS1/devel/share/common-lisp/ros/carla_ros_scenario_runner_types/msg/CarlaScenarioRunnerStatus.lisp
Symlinking /home/zq/C-programe-practise/Driveless_PNC/Project_3_LQR_ROS1/devel/share/common-lisp/ros/carla_ros_scenario_runner_types/msg/CarlaScenario.lisp
Symlinking /home/zq/C-programe-practise/Driveless_PNC/Project_3_LQR_ROS1/devel/share/common-lisp/ros/carla_ros_scenario_runner_types/msg/carla_ros_scenario_runner_types-msg.asd
Symlinking /home/zq/C-programe-practise/Driveless_PNC/Project_3_LQR_ROS1/devel/share/common-lisp/ros/carla_ros_scenario_runner_types/msg/_package.lisp
Symlinking /home/zq/C-programe-practise/Driveless_PNC/Project_3_LQR_ROS1/devel/share/roseus/ros/carla_ros_scenario_runner_types/manifest.l
Symlinking /home/zq/C-programe-practise/Driveless_PNC/Project_3_LQR_ROS1/devel/share/roseus/ros/carla_ros_scenario_runner_types/srv/ExecuteScenario.l
Symlinking /home/zq/C-programe-practise/Driveless_PNC/Project_3_LQR_ROS1/devel/share/roseus/ros/carla_ros_scenario_runner_types/msg/CarlaScenarioRunnerStatus.l
Symlinking /home/zq/C-programe-practise/Driveless_PNC/Project_3_LQR_ROS1/devel/share/roseus/ros/carla_ros_scenario_runner_types/msg/CarlaScenario.l
Symlinking /home/zq/C-programe-practise/Driveless_PNC/Project_3_LQR_ROS1/devel/share/roseus/ros/carla_ros_scenario_runner_types/msg/CarlaScenarioList.l
Symlinking /home/zq/C-programe-practise/Driveless_PNC/Project_3_LQR_ROS1/devel/share/gennodejs/ros/carla_ros_scenario_runner_types/_index.js
Symlinking /home/zq/C-programe-practise/Driveless_PNC/Project_3_LQR_ROS1/devel/share/gennodejs/ros/carla_ros_scenario_runner_types/srv/ExecuteScenario.js
Symlinking /home/zq/C-programe-practise/Driveless_PNC/Project_3_LQR_ROS1/devel/share/gennodejs/ros/carla_ros_scenario_runner_types/srv/_index.js
Symlinking /home/zq/C-programe-practise/Driveless_PNC/Project_3_LQR_ROS1/devel/share/gennodejs/ros/carla_ros_scenario_runner_types/msg/CarlaScenarioList.js
Symlinking /home/zq/C-programe-practise/Driveless_PNC/Project_3_LQR_ROS1/devel/share/gennodejs/ros/carla_ros_scenario_runner_types/msg/CarlaScenarioRunnerStatus.js
Symlinking /home/zq/C-programe-practise/Driveless_PNC/Project_3_LQR_ROS1/devel/share/gennodejs/ros/carla_ros_scenario_runner_types/msg/CarlaScenario.js
Symlinking /home/zq/C-programe-practise/Driveless_PNC/Project_3_LQR_ROS1/devel/share/gennodejs/ros/carla_ros_scenario_runner_types/msg/_index.js
Cleaning: (/home/zq/C-programe-practise/Driveless_PNC/Project_3_LQR ROS1/devel/.private/carla_ros_scenario_runner_types/cmake.lock, /home/zq/C-programe-practise/Driveless_PNC/Project_3_LQR ROS1/devel/./cmake.lock)
Cleaning: (/home/zq/C-programe-practise/Driveless_PNC/Project_3_LQR ROS1/devel/.private/carla_ros_scenario_runner_types/lib/pkgconfig/carla_ros_scenario_runner_types.pc, /home/zq/C-programe-practise/Driveless_PNC/Project_3_LQR ROS1/devel/lib/pkgconfig/carla_ros_scenario_runner_types.pc)
Cleaning: (/home/zq/C-programe-practise/Driveless_PNC/Project_3_LQR ROS1/devel/.private/carla_ros_scenario_runner_types/lib/python3/dist-packages/carla_ros_scenario_runner_types/__init__.py, /home/zq/C-programe-practise/Driveless_PNC/Project_3_LQR ROS1/devel/lib/python3/dist-packages/carla_ros_scenario_runner_types/__init__.py)
Cleaning: (/home/zq/C-programe-practise/Driveless_PNC/Project_3_LQR ROS1/devel/.private/carla_ros_scenario_runner_types/lib/python3/dist-packages/carla_ros_scenario_runner_types/srv/__init__.py, /home/zq/C-programe-practise/Driveless_PNC/Project_3_LQR ROS1/devel/lib/python3/dist-packages/carla_ros_scenario_runner_types/srv/__init__.py)
Cleaning: (/home/zq/C-programe-practise/Driveless_PNC/Project_3_LQR ROS1/devel/.private/carla_ros_scenario_runner_types/lib/python3/dist-packages/carla_ros_scenario_runner_types/srv/_ExecuteScenario.py, /home/zq/C-programe-practise/Driveless_PNC/Project_3_LQR ROS1/devel/lib/python3/dist-packages/carla_ros_scenario_runner_types/srv/_ExecuteScenario.py)
Cleaning: (/home/zq/C-programe-practise/Driveless_PNC/Project_3_LQR ROS1/devel/.private/carla_ros_scenario_runner_types/lib/python3/dist-packages/carla_ros_scenario_runner_types/msg/__init__.py, /home/zq/C-programe-practise/Driveless_PNC/Project_3_LQR ROS1/devel/lib/python3/dist-packages/carla_ros_scenario_runner_types/msg/__init__.py)
Cleaning: (/home/zq/C-programe-practise/Driveless_PNC/Project_3_LQR ROS1/devel/.private/carla_ros_scenario_runner_types/lib/python3/dist-packages/carla_ros_scenario_runner_types/msg/_CarlaScenarioList.py, /home/zq/C-programe-practise/Driveless_PNC/Project_3_LQR ROS1/devel/lib/python3/dist-packages/carla_ros_scenario_runner_types/msg/_CarlaScenarioList.py)
Cleaning: (/home/zq/C-programe-practise/Driveless_PNC/Project_3_LQR ROS1/devel/.private/carla_ros_scenario_runner_types/lib/python3/dist-packages/carla_ros_scenario_runner_types/msg/_CarlaScenarioRunnerStatus.py, /home/zq/C-programe-practise/Driveless_PNC/Project_3_LQR ROS1/devel/lib/python3/dist-packages/carla_ros_scenario_runner_types/msg/_CarlaScenarioRunnerStatus.py)
Cleaning: (/home/zq/C-programe-practise/Driveless_PNC/Project_3_LQR ROS1/devel/.private/carla_ros_scenario_runner_types/lib/python3/dist-packages/carla_ros_scenario_runner_types/msg/_CarlaScenario.py, /home/zq/C-programe-practise/Driveless_PNC/Project_3_LQR ROS1/devel/lib/python3/dist-packages/carla_ros_scenario_runner_types/msg/_CarlaScenario.py)
Cleaning: (/home/zq/C-programe-practise/Driveless_PNC/Project_3_LQR ROS1/devel/.private/carla_ros_scenario_runner_types/include/carla_ros_scenario_runner_types/CarlaScenarioRunnerStatus.h, /home/zq/C-programe-practise/Driveless_PNC/Project_3_LQR ROS1/devel/include/carla_ros_scenario_runner_types/CarlaScenarioRunnerStatus.h)
Cleaning: (/home/zq/C-programe-practise/Driveless_PNC/Project_3_LQR ROS1/devel/.private/carla_ros_scenario_runner_types/include/carla_ros_scenario_runner_types/ExecuteScenarioResponse.h, /home/zq/C-programe-practise/Driveless_PNC/Project_3_LQR ROS1/devel/include/carla_ros_scenario_runner_types/ExecuteScenarioResponse.h)
Cleaning: (/home/zq/C-programe-practise/Driveless_PNC/Project_3_LQR ROS1/devel/.private/carla_ros_scenario_runner_types/include/carla_ros_scenario_runner_types/ExecuteScenario.h, /home/zq/C-programe-practise/Driveless_PNC/Project_3_LQR ROS1/devel/include/carla_ros_scenario_runner_types/ExecuteScenario.h)
Cleaning: (/home/zq/C-programe-practise/Driveless_PNC/Project_3_LQR ROS1/devel/.private/carla_ros_scenario_runner_types/include/carla_ros_scenario_runner_types/ExecuteScenarioRequest.h, /home/zq/C-programe-practise/Driveless_PNC/Project_3_LQR ROS1/devel/include/carla_ros_scenario_runner_types/ExecuteScenarioRequest.h)
Cleaning: (/home/zq/C-programe-practise/Driveless_PNC/Project_3_LQR ROS1/devel/.private/carla_ros_scenario_runner_types/include/carla_ros_scenario_runner_types/CarlaScenarioList.h, /home/zq/C-programe-practise/Driveless_PNC/Project_3_LQR ROS1/devel/include/carla_ros_scenario_runner_types/CarlaScenarioList.h)
Cleaning: (/home/zq/C-programe-practise/Driveless_PNC/Project_3_LQR ROS1/devel/.private/carla_ros_scenario_runner_types/include/carla_ros_scenario_runner_types/CarlaScenario.h, /home/zq/C-programe-practise/Driveless_PNC/Project_3_LQR ROS1/devel/include/carla_ros_scenario_runner_types/CarlaScenario.h)
Cleaning: (/home/zq/C-programe-practise/Driveless_PNC/Project_3_LQR ROS1/devel/.private/carla_ros_scenario_runner_types/share/carla_ros_scenario_runner_types/cmake/carla_ros_scenario_runner_types-msg-paths.cmake, /home/zq/C-programe-practise/Driveless_PNC/Project_3_LQR ROS1/devel/share/carla_ros_scenario_runner_types/cmake/carla_ros_scenario_runner_types-msg-paths.cmake)
Cleaning: (/home/zq/C-programe-practise/Driveless_PNC/Project_3_LQR ROS1/devel/.private/carla_ros_scenario_runner_types/share/carla_ros_scenario_runner_types/cmake/carla_ros_scenario_runner_typesConfig.cmake, /home/zq/C-programe-practise/Driveless_PNC/Project_3_LQR ROS1/devel/share/carla_ros_scenario_runner_types/cmake/carla_ros_scenario_runner_typesConfig.cmake)
Cleaning: (/home/zq/C-programe-practise/Driveless_PNC/Project_3_LQR ROS1/devel/.private/carla_ros_scenario_runner_types/share/carla_ros_scenario_runner_types/cmake/carla_ros_scenario_runner_typesConfig-version.cmake, /home/zq/C-programe-practise/Driveless_PNC/Project_3_LQR ROS1/devel/share/carla_ros_scenario_runner_types/cmake/carla_ros_scenario_runner_typesConfig-version.cmake)
Cleaning: (/home/zq/C-programe-practise/Driveless_PNC/Project_3_LQR ROS1/devel/.private/carla_ros_scenario_runner_types/share/carla_ros_scenario_runner_types/cmake/carla_ros_scenario_runner_types-msg-extras.cmake, /home/zq/C-programe-practise/Driveless_PNC/Project_3_LQR ROS1/devel/share/carla_ros_scenario_runner_types/cmake/carla_ros_scenario_runner_types-msg-extras.cmake)
Cleaning: (/home/zq/C-programe-practise/Driveless_PNC/Project_3_LQR ROS1/devel/.private/carla_ros_scenario_runner_types/share/common-lisp/ros/carla_ros_scenario_runner_types/srv/_package_ExecuteScenario.lisp, /home/zq/C-programe-practise/Driveless_PNC/Project_3_LQR ROS1/devel/share/common-lisp/ros/carla_ros_scenario_runner_types/srv/_package_ExecuteScenario.lisp)
Cleaning: (/home/zq/C-programe-practise/Driveless_PNC/Project_3_LQR ROS1/devel/.private/carla_ros_scenario_runner_types/share/common-lisp/ros/carla_ros_scenario_runner_types/srv/ExecuteScenario.lisp, /home/zq/C-programe-practise/Driveless_PNC/Project_3_LQR ROS1/devel/share/common-lisp/ros/carla_ros_scenario_runner_types/srv/ExecuteScenario.lisp)
Cleaning: (/home/zq/C-programe-practise/Driveless_PNC/Project_3_LQR ROS1/devel/.private/carla_ros_scenario_runner_types/share/common-lisp/ros/carla_ros_scenario_runner_types/srv/carla_ros_scenario_runner_types-srv.asd, /home/zq/C-programe-practise/Driveless_PNC/Project_3_LQR ROS1/devel/share/common-lisp/ros/carla_ros_scenario_runner_types/srv/carla_ros_scenario_runner_types-srv.asd)
Cleaning: (/home/zq/C-programe-practise/Driveless_PNC/Project_3_LQR ROS1/devel/.private/carla_ros_scenario_runner_types/share/common-lisp/ros/carla_ros_scenario_runner_types/srv/_package.lisp, /home/zq/C-programe-practise/Driveless_PNC/Project_3_LQR ROS1/devel/share/common-lisp/ros/carla_ros_scenario_runner_types/srv/_package.lisp)
Cleaning: (/home/zq/C-programe-practise/Driveless_PNC/Project_3_LQR ROS1/devel/.private/carla_ros_scenario_runner_types/share/common-lisp/ros/carla_ros_scenario_runner_types/msg/_package_CarlaScenario.lisp, /home/zq/C-programe-practise/Driveless_PNC/Project_3_LQR ROS1/devel/share/common-lisp/ros/carla_ros_scenario_runner_types/msg/_package_CarlaScenario.lisp)
Cleaning: (/home/zq/C-programe-practise/Driveless_PNC/Project_3_LQR ROS1/devel/.private/carla_ros_scenario_runner_types/share/common-lisp/ros/carla_ros_scenario_runner_types/msg/_package_CarlaScenarioList.lisp, /home/zq/C-programe-practise/Driveless_PNC/Project_3_LQR ROS1/devel/share/common-lisp/ros/carla_ros_scenario_runner_types/msg/_package_CarlaScenarioList.lisp)
Cleaning: (/home/zq/C-programe-practise/Driveless_PNC/Project_3_LQR ROS1/devel/.private/carla_ros_scenario_runner_types/share/common-lisp/ros/carla_ros_scenario_runner_types/msg/_package_CarlaScenarioRunnerStatus.lisp, /home/zq/C-programe-practise/Driveless_PNC/Project_3_LQR ROS1/devel/share/common-lisp/ros/carla_ros_scenario_runner_types/msg/_package_CarlaScenarioRunnerStatus.lisp)
Cleaning: (/home/zq/C-programe-practise/Driveless_PNC/Project_3_LQR ROS1/devel/.private/carla_ros_scenario_runner_types/share/common-lisp/ros/carla_ros_scenario_runner_types/msg/CarlaScenarioList.lisp, /home/zq/C-programe-practise/Driveless_PNC/Project_3_LQR ROS1/devel/share/common-lisp/ros/carla_ros_scenario_runner_types/msg/CarlaScenarioList.lisp)
Cleaning: (/home/zq/C-programe-practise/Driveless_PNC/Project_3_LQR ROS1/devel/.private/carla_ros_scenario_runner_types/share/common-lisp/ros/carla_ros_scenario_runner_types/msg/CarlaScenarioRunnerStatus.lisp, /home/zq/C-programe-practise/Driveless_PNC/Project_3_LQR ROS1/devel/share/common-lisp/ros/carla_ros_scenario_runner_types/msg/CarlaScenarioRunnerStatus.lisp)
Cleaning: (/home/zq/C-programe-practise/Driveless_PNC/Project_3_LQR ROS1/devel/.private/carla_ros_scenario_runner_types/share/common-lisp/ros/carla_ros_scenario_runner_types/msg/CarlaScenario.lisp, /home/zq/C-programe-practise/Driveless_PNC/Project_3_LQR ROS1/devel/share/common-lisp/ros/carla_ros_scenario_runner_types/msg/CarlaScenario.lisp)
Cleaning: (/home/zq/C-programe-practise/Driveless_PNC/Project_3_LQR ROS1/devel/.private/carla_ros_scenario_runner_types/share/common-lisp/ros/carla_ros_scenario_runner_types/msg/carla_ros_scenario_runner_types-msg.asd, /home/zq/C-programe-practise/Driveless_PNC/Project_3_LQR ROS1/devel/share/common-lisp/ros/carla_ros_scenario_runner_types/msg/carla_ros_scenario_runner_types-msg.asd)
Cleaning: (/home/zq/C-programe-practise/Driveless_PNC/Project_3_LQR ROS1/devel/.private/carla_ros_scenario_runner_types/share/common-lisp/ros/carla_ros_scenario_runner_types/msg/_package.lisp, /home/zq/C-programe-practise/Driveless_PNC/Project_3_LQR ROS1/devel/share/common-lisp/ros/carla_ros_scenario_runner_types/msg/_package.lisp)
Cleaning: (/home/zq/C-programe-practise/Driveless_PNC/Project_3_LQR ROS1/devel/.private/carla_ros_scenario_runner_types/share/roseus/ros/carla_ros_scenario_runner_types/manifest.l, /home/zq/C-programe-practise/Driveless_PNC/Project_3_LQR ROS1/devel/share/roseus/ros/carla_ros_scenario_runner_types/manifest.l)
Cleaning: (/home/zq/C-programe-practise/Driveless_PNC/Project_3_LQR ROS1/devel/.private/carla_ros_scenario_runner_types/share/roseus/ros/carla_ros_scenario_runner_types/srv/ExecuteScenario.l, /home/zq/C-programe-practise/Driveless_PNC/Project_3_LQR ROS1/devel/share/roseus/ros/carla_ros_scenario_runner_types/srv/ExecuteScenario.l)
Cleaning: (/home/zq/C-programe-practise/Driveless_PNC/Project_3_LQR ROS1/devel/.private/carla_ros_scenario_runner_types/share/roseus/ros/carla_ros_scenario_runner_types/msg/CarlaScenarioRunnerStatus.l, /home/zq/C-programe-practise/Driveless_PNC/Project_3_LQR ROS1/devel/share/roseus/ros/carla_ros_scenario_runner_types/msg/CarlaScenarioRunnerStatus.l)
Cleaning: (/home/zq/C-programe-practise/Driveless_PNC/Project_3_LQR ROS1/devel/.private/carla_ros_scenario_runner_types/share/roseus/ros/carla_ros_scenario_runner_types/msg/CarlaScenario.l, /home/zq/C-programe-practise/Driveless_PNC/Project_3_LQR ROS1/devel/share/roseus/ros/carla_ros_scenario_runner_types/msg/CarlaScenario.l)
Cleaning: (/home/zq/C-programe-practise/Driveless_PNC/Project_3_LQR ROS1/devel/.private/carla_ros_scenario_runner_types/share/roseus/ros/carla_ros_scenario_runner_types/msg/CarlaScenarioList.l, /home/zq/C-programe-practise/Driveless_PNC/Project_3_LQR ROS1/devel/share/roseus/ros/carla_ros_scenario_runner_types/msg/CarlaScenarioList.l)
Cleaning: (/home/zq/C-programe-practise/Driveless_PNC/Project_3_LQR ROS1/devel/.private/carla_ros_scenario_runner_types/share/gennodejs/ros/carla_ros_scenario_runner_types/_index.js, /home/zq/C-programe-practise/Driveless_PNC/Project_3_LQR ROS1/devel/share/gennodejs/ros/carla_ros_scenario_runner_types/_index.js)
Cleaning: (/home/zq/C-programe-practise/Driveless_PNC/Project_3_LQR ROS1/devel/.private/carla_ros_scenario_runner_types/share/gennodejs/ros/carla_ros_scenario_runner_types/srv/ExecuteScenario.js, /home/zq/C-programe-practise/Driveless_PNC/Project_3_LQR ROS1/devel/share/gennodejs/ros/carla_ros_scenario_runner_types/srv/ExecuteScenario.js)
Cleaning: (/home/zq/C-programe-practise/Driveless_PNC/Project_3_LQR ROS1/devel/.private/carla_ros_scenario_runner_types/share/gennodejs/ros/carla_ros_scenario_runner_types/srv/_index.js, /home/zq/C-programe-practise/Driveless_PNC/Project_3_LQR ROS1/devel/share/gennodejs/ros/carla_ros_scenario_runner_types/srv/_index.js)
Cleaning: (/home/zq/C-programe-practise/Driveless_PNC/Project_3_LQR ROS1/devel/.private/carla_ros_scenario_runner_types/share/gennodejs/ros/carla_ros_scenario_runner_types/msg/CarlaScenarioList.js, /home/zq/C-programe-practise/Driveless_PNC/Project_3_LQR ROS1/devel/share/gennodejs/ros/carla_ros_scenario_runner_types/msg/CarlaScenarioList.js)
Cleaning: (/home/zq/C-programe-practise/Driveless_PNC/Project_3_LQR ROS1/devel/.private/carla_ros_scenario_runner_types/share/gennodejs/ros/carla_ros_scenario_runner_types/msg/CarlaScenarioRunnerStatus.js, /home/zq/C-programe-practise/Driveless_PNC/Project_3_LQR ROS1/devel/share/gennodejs/ros/carla_ros_scenario_runner_types/msg/CarlaScenarioRunnerStatus.js)
Cleaning: (/home/zq/C-programe-practise/Driveless_PNC/Project_3_LQR ROS1/devel/.private/carla_ros_scenario_runner_types/share/gennodejs/ros/carla_ros_scenario_runner_types/msg/CarlaScenario.js, /home/zq/C-programe-practise/Driveless_PNC/Project_3_LQR ROS1/devel/share/gennodejs/ros/carla_ros_scenario_runner_types/msg/CarlaScenario.js)
Cleaning: (/home/zq/C-programe-practise/Driveless_PNC/Project_3_LQR ROS1/devel/.private/carla_ros_scenario_runner_types/share/gennodejs/ros/carla_ros_scenario_runner_types/msg/_index.js, /home/zq/C-programe-practise/Driveless_PNC/Project_3_LQR ROS1/devel/share/gennodejs/ros/carla_ros_scenario_runner_types/msg/_index.js)
Unlinking: /home/zq/C-programe-practise/Driveless_PNC/Project_3_LQR ROS1/devel/lib/pkgconfig/carla_ros_scenario_runner_types.pc
Already unlinked: {}
Unlinking: /home/zq/C-programe-practise/Driveless_PNC/Project_3_LQR ROS1/devel/lib/python3/dist-packages/carla_ros_scenario_runner_types/__init__.py
Already unlinked: {}
Unlinking: /home/zq/C-programe-practise/Driveless_PNC/Project_3_LQR ROS1/devel/lib/python3/dist-packages/carla_ros_scenario_runner_types/srv/__init__.py
Already unlinked: {}
Unlinking: /home/zq/C-programe-practise/Driveless_PNC/Project_3_LQR ROS1/devel/lib/python3/dist-packages/carla_ros_scenario_runner_types/srv/_ExecuteScenario.py
Already unlinked: {}
Unlinking: /home/zq/C-programe-practise/Driveless_PNC/Project_3_LQR ROS1/devel/lib/python3/dist-packages/carla_ros_scenario_runner_types/msg/__init__.py
Already unlinked: {}
Unlinking: /home/zq/C-programe-practise/Driveless_PNC/Project_3_LQR ROS1/devel/lib/python3/dist-packages/carla_ros_scenario_runner_types/msg/_CarlaScenarioList.py
Already unlinked: {}
Unlinking: /home/zq/C-programe-practise/Driveless_PNC/Project_3_LQR ROS1/devel/lib/python3/dist-packages/carla_ros_scenario_runner_types/msg/_CarlaScenarioRunnerStatus.py
Already unlinked: {}
Unlinking: /home/zq/C-programe-practise/Driveless_PNC/Project_3_LQR ROS1/devel/lib/python3/dist-packages/carla_ros_scenario_runner_types/msg/_CarlaScenario.py
Already unlinked: {}
Unlinking: /home/zq/C-programe-practise/Driveless_PNC/Project_3_LQR ROS1/devel/include/carla_ros_scenario_runner_types/CarlaScenarioRunnerStatus.h
Already unlinked: {}
Unlinking: /home/zq/C-programe-practise/Driveless_PNC/Project_3_LQR ROS1/devel/include/carla_ros_scenario_runner_types/ExecuteScenarioResponse.h
Already unlinked: {}
Unlinking: /home/zq/C-programe-practise/Driveless_PNC/Project_3_LQR ROS1/devel/include/carla_ros_scenario_runner_types/ExecuteScenario.h
Already unlinked: {}
Unlinking: /home/zq/C-programe-practise/Driveless_PNC/Project_3_LQR ROS1/devel/include/carla_ros_scenario_runner_types/ExecuteScenarioRequest.h
Already unlinked: {}
Unlinking: /home/zq/C-programe-practise/Driveless_PNC/Project_3_LQR ROS1/devel/include/carla_ros_scenario_runner_types/CarlaScenarioList.h
Already unlinked: {}
Unlinking: /home/zq/C-programe-practise/Driveless_PNC/Project_3_LQR ROS1/devel/include/carla_ros_scenario_runner_types/CarlaScenario.h
Already unlinked: {}
Unlinking: /home/zq/C-programe-practise/Driveless_PNC/Project_3_LQR ROS1/devel/share/carla_ros_scenario_runner_types/cmake/carla_ros_scenario_runner_types-msg-paths.cmake
Already unlinked: {}
Unlinking: /home/zq/C-programe-practise/Driveless_PNC/Project_3_LQR ROS1/devel/share/carla_ros_scenario_runner_types/cmake/carla_ros_scenario_runner_typesConfig.cmake
Already unlinked: {}
Unlinking: /home/zq/C-programe-practise/Driveless_PNC/Project_3_LQR ROS1/devel/share/carla_ros_scenario_runner_types/cmake/carla_ros_scenario_runner_typesConfig-version.cmake
Already unlinked: {}
Unlinking: /home/zq/C-programe-practise/Driveless_PNC/Project_3_LQR ROS1/devel/share/carla_ros_scenario_runner_types/cmake/carla_ros_scenario_runner_types-msg-extras.cmake
Already unlinked: {}
Unlinking: /home/zq/C-programe-practise/Driveless_PNC/Project_3_LQR ROS1/devel/share/common-lisp/ros/carla_ros_scenario_runner_types/srv/_package_ExecuteScenario.lisp
Already unlinked: {}
Unlinking: /home/zq/C-programe-practise/Driveless_PNC/Project_3_LQR ROS1/devel/share/common-lisp/ros/carla_ros_scenario_runner_types/srv/ExecuteScenario.lisp
Already unlinked: {}
Unlinking: /home/zq/C-programe-practise/Driveless_PNC/Project_3_LQR ROS1/devel/share/common-lisp/ros/carla_ros_scenario_runner_types/srv/carla_ros_scenario_runner_types-srv.asd
Already unlinked: {}
Unlinking: /home/zq/C-programe-practise/Driveless_PNC/Project_3_LQR ROS1/devel/share/common-lisp/ros/carla_ros_scenario_runner_types/srv/_package.lisp
Already unlinked: {}
Unlinking: /home/zq/C-programe-practise/Driveless_PNC/Project_3_LQR ROS1/devel/share/common-lisp/ros/carla_ros_scenario_runner_types/msg/_package_CarlaScenario.lisp
Already unlinked: {}
Unlinking: /home/zq/C-programe-practise/Driveless_PNC/Project_3_LQR ROS1/devel/share/common-lisp/ros/carla_ros_scenario_runner_types/msg/_package_CarlaScenarioList.lisp
Already unlinked: {}
Unlinking: /home/zq/C-programe-practise/Driveless_PNC/Project_3_LQR ROS1/devel/share/common-lisp/ros/carla_ros_scenario_runner_types/msg/_package_CarlaScenarioRunnerStatus.lisp
Already unlinked: {}
Unlinking: /home/zq/C-programe-practise/Driveless_PNC/Project_3_LQR ROS1/devel/share/common-lisp/ros/carla_ros_scenario_runner_types/msg/CarlaScenarioList.lisp
Already unlinked: {}
Unlinking: /home/zq/C-programe-practise/Driveless_PNC/Project_3_LQR ROS1/devel/share/common-lisp/ros/carla_ros_scenario_runner_types/msg/CarlaScenarioRunnerStatus.lisp
Already unlinked: {}
Unlinking: /home/zq/C-programe-practise/Driveless_PNC/Project_3_LQR ROS1/devel/share/common-lisp/ros/carla_ros_scenario_runner_types/msg/CarlaScenario.lisp
Already unlinked: {}
Unlinking: /home/zq/C-programe-practise/Driveless_PNC/Project_3_LQR ROS1/devel/share/common-lisp/ros/carla_ros_scenario_runner_types/msg/carla_ros_scenario_runner_types-msg.asd
Already unlinked: {}
Unlinking: /home/zq/C-programe-practise/Driveless_PNC/Project_3_LQR ROS1/devel/share/common-lisp/ros/carla_ros_scenario_runner_types/msg/_package.lisp
Already unlinked: {}
Unlinking: /home/zq/C-programe-practise/Driveless_PNC/Project_3_LQR ROS1/devel/share/roseus/ros/carla_ros_scenario_runner_types/manifest.l
Already unlinked: {}
Unlinking: /home/zq/C-programe-practise/Driveless_PNC/Project_3_LQR ROS1/devel/share/roseus/ros/carla_ros_scenario_runner_types/srv/ExecuteScenario.l
Already unlinked: {}
Unlinking: /home/zq/C-programe-practise/Driveless_PNC/Project_3_LQR ROS1/devel/share/roseus/ros/carla_ros_scenario_runner_types/msg/CarlaScenarioRunnerStatus.l
Already unlinked: {}
Unlinking: /home/zq/C-programe-practise/Driveless_PNC/Project_3_LQR ROS1/devel/share/roseus/ros/carla_ros_scenario_runner_types/msg/CarlaScenario.l
Already unlinked: {}
Unlinking: /home/zq/C-programe-practise/Driveless_PNC/Project_3_LQR ROS1/devel/share/roseus/ros/carla_ros_scenario_runner_types/msg/CarlaScenarioList.l
Already unlinked: {}
Unlinking: /home/zq/C-programe-practise/Driveless_PNC/Project_3_LQR ROS1/devel/share/gennodejs/ros/carla_ros_scenario_runner_types/_index.js
Already unlinked: {}
Unlinking: /home/zq/C-programe-practise/Driveless_PNC/Project_3_LQR ROS1/devel/share/gennodejs/ros/carla_ros_scenario_runner_types/srv/ExecuteScenario.js
Already unlinked: {}
Unlinking: /home/zq/C-programe-practise/Driveless_PNC/Project_3_LQR ROS1/devel/share/gennodejs/ros/carla_ros_scenario_runner_types/srv/_index.js
Already unlinked: {}
Unlinking: /home/zq/C-programe-practise/Driveless_PNC/Project_3_LQR ROS1/devel/share/gennodejs/ros/carla_ros_scenario_runner_types/msg/CarlaScenarioList.js
Already unlinked: {}
Unlinking: /home/zq/C-programe-practise/Driveless_PNC/Project_3_LQR ROS1/devel/share/gennodejs/ros/carla_ros_scenario_runner_types/msg/CarlaScenarioRunnerStatus.js
Already unlinked: {}
Unlinking: /home/zq/C-programe-practise/Driveless_PNC/Project_3_LQR ROS1/devel/share/gennodejs/ros/carla_ros_scenario_runner_types/msg/CarlaScenario.js
Already unlinked: {}
Unlinking: /home/zq/C-programe-practise/Driveless_PNC/Project_3_LQR ROS1/devel/share/gennodejs/ros/carla_ros_scenario_runner_types/msg/_index.js
Already unlinked: {}
