Linked: (/home/zq/C-programe-practise/Driveless_PNC/Project_3_LQR ROS1/devel/.private/carla_waypoint_types/lib/pkgconfig/carla_waypoint_types.pc, /home/zq/C-programe-practise/Driveless_PNC/Project_3_LQR ROS1/devel/lib/pkgconfig/carla_waypoint_types.pc)
Linked: (/home/zq/C-programe-practise/Driveless_PNC/Project_3_LQR ROS1/devel/.private/carla_waypoint_types/lib/python3/dist-packages/carla_waypoint_types/__init__.py, /home/zq/C-programe-practise/Driveless_PNC/Project_3_LQR ROS1/devel/lib/python3/dist-packages/carla_waypoint_types/__init__.py)
Linked: (/home/zq/C-programe-practise/Driveless_PNC/Project_3_LQR ROS1/devel/.private/carla_waypoint_types/lib/python3/dist-packages/carla_waypoint_types/srv/__init__.py, /home/zq/C-programe-practise/Driveless_PNC/Project_3_LQR ROS1/devel/lib/python3/dist-packages/carla_waypoint_types/srv/__init__.py)
Linked: (/home/zq/C-programe-practise/Driveless_PNC/Project_3_LQR ROS1/devel/.private/carla_waypoint_types/lib/python3/dist-packages/carla_waypoint_types/srv/_GetActorWaypoint.py, /home/zq/C-programe-practise/Driveless_PNC/Project_3_LQR ROS1/devel/lib/python3/dist-packages/carla_waypoint_types/srv/_GetActorWaypoint.py)
Linked: (/home/zq/C-programe-practise/Driveless_PNC/Project_3_LQR ROS1/devel/.private/carla_waypoint_types/lib/python3/dist-packages/carla_waypoint_types/srv/_GetWaypoint.py, /home/zq/C-programe-practise/Driveless_PNC/Project_3_LQR ROS1/devel/lib/python3/dist-packages/carla_waypoint_types/srv/_GetWaypoint.py)
Linked: (/home/zq/C-programe-practise/Driveless_PNC/Project_3_LQR ROS1/devel/.private/carla_waypoint_types/lib/python3/dist-packages/carla_waypoint_types/msg/__init__.py, /home/zq/C-programe-practise/Driveless_PNC/Project_3_LQR ROS1/devel/lib/python3/dist-packages/carla_waypoint_types/msg/__init__.py)
Linked: (/home/zq/C-programe-practise/Driveless_PNC/Project_3_LQR ROS1/devel/.private/carla_waypoint_types/lib/python3/dist-packages/carla_waypoint_types/msg/_CarlaWaypoint.py, /home/zq/C-programe-practise/Driveless_PNC/Project_3_LQR ROS1/devel/lib/python3/dist-packages/carla_waypoint_types/msg/_CarlaWaypoint.py)
Linked: (/home/zq/C-programe-practise/Driveless_PNC/Project_3_LQR ROS1/devel/.private/carla_waypoint_types/include/carla_waypoint_types/GetWaypointResponse.h, /home/zq/C-programe-practise/Driveless_PNC/Project_3_LQR ROS1/devel/include/carla_waypoint_types/GetWaypointResponse.h)
Linked: (/home/zq/C-programe-practise/Driveless_PNC/Project_3_LQR ROS1/devel/.private/carla_waypoint_types/include/carla_waypoint_types/GetWaypointRequest.h, /home/zq/C-programe-practise/Driveless_PNC/Project_3_LQR ROS1/devel/include/carla_waypoint_types/GetWaypointRequest.h)
Linked: (/home/zq/C-programe-practise/Driveless_PNC/Project_3_LQR ROS1/devel/.private/carla_waypoint_types/include/carla_waypoint_types/GetWaypoint.h, /home/zq/C-programe-practise/Driveless_PNC/Project_3_LQR ROS1/devel/include/carla_waypoint_types/GetWaypoint.h)
Linked: (/home/zq/C-programe-practise/Driveless_PNC/Project_3_LQR ROS1/devel/.private/carla_waypoint_types/include/carla_waypoint_types/GetActorWaypointRequest.h, /home/zq/C-programe-practise/Driveless_PNC/Project_3_LQR ROS1/devel/include/carla_waypoint_types/GetActorWaypointRequest.h)
Linked: (/home/zq/C-programe-practise/Driveless_PNC/Project_3_LQR ROS1/devel/.private/carla_waypoint_types/include/carla_waypoint_types/CarlaWaypoint.h, /home/zq/C-programe-practise/Driveless_PNC/Project_3_LQR ROS1/devel/include/carla_waypoint_types/CarlaWaypoint.h)
Linked: (/home/zq/C-programe-practise/Driveless_PNC/Project_3_LQR ROS1/devel/.private/carla_waypoint_types/include/carla_waypoint_types/GetActorWaypointResponse.h, /home/zq/C-programe-practise/Driveless_PNC/Project_3_LQR ROS1/devel/include/carla_waypoint_types/GetActorWaypointResponse.h)
Linked: (/home/zq/C-programe-practise/Driveless_PNC/Project_3_LQR ROS1/devel/.private/carla_waypoint_types/include/carla_waypoint_types/GetActorWaypoint.h, /home/zq/C-programe-practise/Driveless_PNC/Project_3_LQR ROS1/devel/include/carla_waypoint_types/GetActorWaypoint.h)
Linked: (/home/zq/C-programe-practise/Driveless_PNC/Project_3_LQR ROS1/devel/.private/carla_waypoint_types/share/common-lisp/ros/carla_waypoint_types/srv/GetActorWaypoint.lisp, /home/zq/C-programe-practise/Driveless_PNC/Project_3_LQR ROS1/devel/share/common-lisp/ros/carla_waypoint_types/srv/GetActorWaypoint.lisp)
Linked: (/home/zq/C-programe-practise/Driveless_PNC/Project_3_LQR ROS1/devel/.private/carla_waypoint_types/share/common-lisp/ros/carla_waypoint_types/srv/carla_waypoint_types-srv.asd, /home/zq/C-programe-practise/Driveless_PNC/Project_3_LQR ROS1/devel/share/common-lisp/ros/carla_waypoint_types/srv/carla_waypoint_types-srv.asd)
Linked: (/home/zq/C-programe-practise/Driveless_PNC/Project_3_LQR ROS1/devel/.private/carla_waypoint_types/share/common-lisp/ros/carla_waypoint_types/srv/_package_GetWaypoint.lisp, /home/zq/C-programe-practise/Driveless_PNC/Project_3_LQR ROS1/devel/share/common-lisp/ros/carla_waypoint_types/srv/_package_GetWaypoint.lisp)
Linked: (/home/zq/C-programe-practise/Driveless_PNC/Project_3_LQR ROS1/devel/.private/carla_waypoint_types/share/common-lisp/ros/carla_waypoint_types/srv/GetWaypoint.lisp, /home/zq/C-programe-practise/Driveless_PNC/Project_3_LQR ROS1/devel/share/common-lisp/ros/carla_waypoint_types/srv/GetWaypoint.lisp)
Linked: (/home/zq/C-programe-practise/Driveless_PNC/Project_3_LQR ROS1/devel/.private/carla_waypoint_types/share/common-lisp/ros/carla_waypoint_types/srv/_package_GetActorWaypoint.lisp, /home/zq/C-programe-practise/Driveless_PNC/Project_3_LQR ROS1/devel/share/common-lisp/ros/carla_waypoint_types/srv/_package_GetActorWaypoint.lisp)
Linked: (/home/zq/C-programe-practise/Driveless_PNC/Project_3_LQR ROS1/devel/.private/carla_waypoint_types/share/common-lisp/ros/carla_waypoint_types/srv/_package.lisp, /home/zq/C-programe-practise/Driveless_PNC/Project_3_LQR ROS1/devel/share/common-lisp/ros/carla_waypoint_types/srv/_package.lisp)
Linked: (/home/zq/C-programe-practise/Driveless_PNC/Project_3_LQR ROS1/devel/.private/carla_waypoint_types/share/common-lisp/ros/carla_waypoint_types/msg/CarlaWaypoint.lisp, /home/zq/C-programe-practise/Driveless_PNC/Project_3_LQR ROS1/devel/share/common-lisp/ros/carla_waypoint_types/msg/CarlaWaypoint.lisp)
Linked: (/home/zq/C-programe-practise/Driveless_PNC/Project_3_LQR ROS1/devel/.private/carla_waypoint_types/share/common-lisp/ros/carla_waypoint_types/msg/carla_waypoint_types-msg.asd, /home/zq/C-programe-practise/Driveless_PNC/Project_3_LQR ROS1/devel/share/common-lisp/ros/carla_waypoint_types/msg/carla_waypoint_types-msg.asd)
Linked: (/home/zq/C-programe-practise/Driveless_PNC/Project_3_LQR ROS1/devel/.private/carla_waypoint_types/share/common-lisp/ros/carla_waypoint_types/msg/_package.lisp, /home/zq/C-programe-practise/Driveless_PNC/Project_3_LQR ROS1/devel/share/common-lisp/ros/carla_waypoint_types/msg/_package.lisp)
Linked: (/home/zq/C-programe-practise/Driveless_PNC/Project_3_LQR ROS1/devel/.private/carla_waypoint_types/share/common-lisp/ros/carla_waypoint_types/msg/_package_CarlaWaypoint.lisp, /home/zq/C-programe-practise/Driveless_PNC/Project_3_LQR ROS1/devel/share/common-lisp/ros/carla_waypoint_types/msg/_package_CarlaWaypoint.lisp)
Linked: (/home/zq/C-programe-practise/Driveless_PNC/Project_3_LQR ROS1/devel/.private/carla_waypoint_types/share/roseus/ros/carla_waypoint_types/manifest.l, /home/zq/C-programe-practise/Driveless_PNC/Project_3_LQR ROS1/devel/share/roseus/ros/carla_waypoint_types/manifest.l)
Linked: (/home/zq/C-programe-practise/Driveless_PNC/Project_3_LQR ROS1/devel/.private/carla_waypoint_types/share/roseus/ros/carla_waypoint_types/srv/GetWaypoint.l, /home/zq/C-programe-practise/Driveless_PNC/Project_3_LQR ROS1/devel/share/roseus/ros/carla_waypoint_types/srv/GetWaypoint.l)
Linked: (/home/zq/C-programe-practise/Driveless_PNC/Project_3_LQR ROS1/devel/.private/carla_waypoint_types/share/roseus/ros/carla_waypoint_types/srv/GetActorWaypoint.l, /home/zq/C-programe-practise/Driveless_PNC/Project_3_LQR ROS1/devel/share/roseus/ros/carla_waypoint_types/srv/GetActorWaypoint.l)
Linked: (/home/zq/C-programe-practise/Driveless_PNC/Project_3_LQR ROS1/devel/.private/carla_waypoint_types/share/roseus/ros/carla_waypoint_types/msg/CarlaWaypoint.l, /home/zq/C-programe-practise/Driveless_PNC/Project_3_LQR ROS1/devel/share/roseus/ros/carla_waypoint_types/msg/CarlaWaypoint.l)
Linked: (/home/zq/C-programe-practise/Driveless_PNC/Project_3_LQR ROS1/devel/.private/carla_waypoint_types/share/gennodejs/ros/carla_waypoint_types/_index.js, /home/zq/C-programe-practise/Driveless_PNC/Project_3_LQR ROS1/devel/share/gennodejs/ros/carla_waypoint_types/_index.js)
Linked: (/home/zq/C-programe-practise/Driveless_PNC/Project_3_LQR ROS1/devel/.private/carla_waypoint_types/share/gennodejs/ros/carla_waypoint_types/srv/GetWaypoint.js, /home/zq/C-programe-practise/Driveless_PNC/Project_3_LQR ROS1/devel/share/gennodejs/ros/carla_waypoint_types/srv/GetWaypoint.js)
Linked: (/home/zq/C-programe-practise/Driveless_PNC/Project_3_LQR ROS1/devel/.private/carla_waypoint_types/share/gennodejs/ros/carla_waypoint_types/srv/_index.js, /home/zq/C-programe-practise/Driveless_PNC/Project_3_LQR ROS1/devel/share/gennodejs/ros/carla_waypoint_types/srv/_index.js)
Linked: (/home/zq/C-programe-practise/Driveless_PNC/Project_3_LQR ROS1/devel/.private/carla_waypoint_types/share/gennodejs/ros/carla_waypoint_types/srv/GetActorWaypoint.js, /home/zq/C-programe-practise/Driveless_PNC/Project_3_LQR ROS1/devel/share/gennodejs/ros/carla_waypoint_types/srv/GetActorWaypoint.js)
Linked: (/home/zq/C-programe-practise/Driveless_PNC/Project_3_LQR ROS1/devel/.private/carla_waypoint_types/share/gennodejs/ros/carla_waypoint_types/msg/CarlaWaypoint.js, /home/zq/C-programe-practise/Driveless_PNC/Project_3_LQR ROS1/devel/share/gennodejs/ros/carla_waypoint_types/msg/CarlaWaypoint.js)
Linked: (/home/zq/C-programe-practise/Driveless_PNC/Project_3_LQR ROS1/devel/.private/carla_waypoint_types/share/gennodejs/ros/carla_waypoint_types/msg/_index.js, /home/zq/C-programe-practise/Driveless_PNC/Project_3_LQR ROS1/devel/share/gennodejs/ros/carla_waypoint_types/msg/_index.js)
Linked: (/home/zq/C-programe-practise/Driveless_PNC/Project_3_LQR ROS1/devel/.private/carla_waypoint_types/share/carla_waypoint_types/cmake/carla_waypoint_types-msg-extras.cmake, /home/zq/C-programe-practise/Driveless_PNC/Project_3_LQR ROS1/devel/share/carla_waypoint_types/cmake/carla_waypoint_types-msg-extras.cmake)
Linked: (/home/zq/C-programe-practise/Driveless_PNC/Project_3_LQR ROS1/devel/.private/carla_waypoint_types/share/carla_waypoint_types/cmake/carla_waypoint_typesConfig-version.cmake, /home/zq/C-programe-practise/Driveless_PNC/Project_3_LQR ROS1/devel/share/carla_waypoint_types/cmake/carla_waypoint_typesConfig-version.cmake)
Linked: (/home/zq/C-programe-practise/Driveless_PNC/Project_3_LQR ROS1/devel/.private/carla_waypoint_types/share/carla_waypoint_types/cmake/carla_waypoint_typesConfig.cmake, /home/zq/C-programe-practise/Driveless_PNC/Project_3_LQR ROS1/devel/share/carla_waypoint_types/cmake/carla_waypoint_typesConfig.cmake)
Linked: (/home/zq/C-programe-practise/Driveless_PNC/Project_3_LQR ROS1/devel/.private/carla_waypoint_types/share/carla_waypoint_types/cmake/carla_waypoint_types-msg-paths.cmake, /home/zq/C-programe-practise/Driveless_PNC/Project_3_LQR ROS1/devel/share/carla_waypoint_types/cmake/carla_waypoint_types-msg-paths.cmake)
