Warning: Cannot symlink from /home/zq/C-programe-practise/Driveless_PNC/Project_1_PID_ROS1/devel/.private/carla_ackermann_control/lib/pkgconfig/carla_ackermann_control.pc to existing file /home/zq/C-programe-practise/Driveless_PNC/Project_1_PID_ROS1/devel/lib/pkgconfig/carla_ackermann_control.pc
Warning: Source hash: 67cf55ab03a5de16da530114c54476cd
Warning: Dest hash: fbaf3902fe8d0d8d7bcc0a8f49f39e07
Warning: Cannot symlink from /home/zq/C-programe-practise/Driveless_PNC/Project_1_PID_ROS1/devel/.private/carla_ackermann_control/lib/python3/dist-packages/carla_ackermann_control/__init__.py to existing file /home/zq/C-programe-practise/Driveless_PNC/Project_1_PID_ROS1/devel/lib/python3/dist-packages/carla_ackermann_control/__init__.py
Warning: Source hash: 632cea17bea92347c7cd3e28b99fe54c
Warning: Dest hash: db32e1cf08f670d6b8ca75b72d6a321c
Warning: Cannot symlink from /home/zq/C-programe-practise/Driveless_PNC/Project_1_PID_ROS1/devel/.private/carla_ackermann_control/share/carla_ackermann_control/cmake/carla_ackermann_controlConfig.cmake to existing file /home/zq/C-programe-practise/Driveless_PNC/Project_1_PID_ROS1/devel/share/carla_ackermann_control/cmake/carla_ackermann_controlConfig.cmake
Warning: Source hash: 8b8fa11f6cd6662445cd8cc1e2189852
Warning: Dest hash: a91403601bfdcf1ac4778816f993c462
Cleaning: (/home/zq/C-programe-practise/Driveless_PNC/Lecture_Files/Project1 PID ROS1/Project_1_PID_ROS1/devel/.private/carla_ackermann_control/cmake.lock, /home/zq/C-programe-practise/Driveless_PNC/Lecture_Files/Project1 PID ROS1/Project_1_PID_ROS1/devel/./cmake.lock)
Cleaning: (/home/zq/C-programe-practise/Driveless_PNC/Lecture_Files/Project1 PID ROS1/Project_1_PID_ROS1/devel/.private/carla_ackermann_control/lib/pkgconfig/carla_ackermann_control.pc, /home/zq/C-programe-practise/Driveless_PNC/Lecture_Files/Project1 PID ROS1/Project_1_PID_ROS1/devel/lib/pkgconfig/carla_ackermann_control.pc)
Cleaning: (/home/zq/C-programe-practise/Driveless_PNC/Lecture_Files/Project1 PID ROS1/Project_1_PID_ROS1/devel/.private/carla_ackermann_control/lib/python3/dist-packages/carla_ackermann_control/__init__.py, /home/zq/C-programe-practise/Driveless_PNC/Lecture_Files/Project1 PID ROS1/Project_1_PID_ROS1/devel/lib/python3/dist-packages/carla_ackermann_control/__init__.py)
Cleaning: (/home/zq/C-programe-practise/Driveless_PNC/Lecture_Files/Project1 PID ROS1/Project_1_PID_ROS1/devel/.private/carla_ackermann_control/lib/python3/dist-packages/carla_ackermann_control/cfg/__init__.py, /home/zq/C-programe-practise/Driveless_PNC/Lecture_Files/Project1 PID ROS1/Project_1_PID_ROS1/devel/lib/python3/dist-packages/carla_ackermann_control/cfg/__init__.py)
Cleaning: (/home/zq/C-programe-practise/Driveless_PNC/Lecture_Files/Project1 PID ROS1/Project_1_PID_ROS1/devel/.private/carla_ackermann_control/lib/python3/dist-packages/carla_ackermann_control/cfg/EgoVehicleControlParameterConfig.py, /home/zq/C-programe-practise/Driveless_PNC/Lecture_Files/Project1 PID ROS1/Project_1_PID_ROS1/devel/lib/python3/dist-packages/carla_ackermann_control/cfg/EgoVehicleControlParameterConfig.py)
Cleaning: (/home/zq/C-programe-practise/Driveless_PNC/Lecture_Files/Project1 PID ROS1/Project_1_PID_ROS1/devel/.private/carla_ackermann_control/include/carla_ackermann_control/EgoVehicleControlParameterConfig.h, /home/zq/C-programe-practise/Driveless_PNC/Lecture_Files/Project1 PID ROS1/Project_1_PID_ROS1/devel/include/carla_ackermann_control/EgoVehicleControlParameterConfig.h)
Cleaning: (/home/zq/C-programe-practise/Driveless_PNC/Lecture_Files/Project1 PID ROS1/Project_1_PID_ROS1/devel/.private/carla_ackermann_control/share/carla_ackermann_control/docs/EgoVehicleControlParameterConfig-usage.dox, /home/zq/C-programe-practise/Driveless_PNC/Lecture_Files/Project1 PID ROS1/Project_1_PID_ROS1/devel/share/carla_ackermann_control/docs/EgoVehicleControlParameterConfig-usage.dox)
Cleaning: (/home/zq/C-programe-practise/Driveless_PNC/Lecture_Files/Project1 PID ROS1/Project_1_PID_ROS1/devel/.private/carla_ackermann_control/share/carla_ackermann_control/docs/EgoVehicleControlParameterConfig.wikidoc, /home/zq/C-programe-practise/Driveless_PNC/Lecture_Files/Project1 PID ROS1/Project_1_PID_ROS1/devel/share/carla_ackermann_control/docs/EgoVehicleControlParameterConfig.wikidoc)
Cleaning: (/home/zq/C-programe-practise/Driveless_PNC/Lecture_Files/Project1 PID ROS1/Project_1_PID_ROS1/devel/.private/carla_ackermann_control/share/carla_ackermann_control/docs/EgoVehicleControlParameterConfig.dox, /home/zq/C-programe-practise/Driveless_PNC/Lecture_Files/Project1 PID ROS1/Project_1_PID_ROS1/devel/share/carla_ackermann_control/docs/EgoVehicleControlParameterConfig.dox)
Cleaning: (/home/zq/C-programe-practise/Driveless_PNC/Lecture_Files/Project1 PID ROS1/Project_1_PID_ROS1/devel/.private/carla_ackermann_control/share/carla_ackermann_control/cmake/carla_ackermann_controlConfig-version.cmake, /home/zq/C-programe-practise/Driveless_PNC/Lecture_Files/Project1 PID ROS1/Project_1_PID_ROS1/devel/share/carla_ackermann_control/cmake/carla_ackermann_controlConfig-version.cmake)
Cleaning: (/home/zq/C-programe-practise/Driveless_PNC/Lecture_Files/Project1 PID ROS1/Project_1_PID_ROS1/devel/.private/carla_ackermann_control/share/carla_ackermann_control/cmake/carla_ackermann_controlConfig.cmake, /home/zq/C-programe-practise/Driveless_PNC/Lecture_Files/Project1 PID ROS1/Project_1_PID_ROS1/devel/share/carla_ackermann_control/cmake/carla_ackermann_controlConfig.cmake)
Unlinking: /home/zq/C-programe-practise/Driveless_PNC/Lecture_Files/Project1 PID ROS1/Project_1_PID_ROS1/devel/lib/pkgconfig/carla_ackermann_control.pc
Unlinking: /home/zq/C-programe-practise/Driveless_PNC/Lecture_Files/Project1 PID ROS1/Project_1_PID_ROS1/devel/lib/python3/dist-packages/carla_ackermann_control/__init__.py
Unlinking: /home/zq/C-programe-practise/Driveless_PNC/Lecture_Files/Project1 PID ROS1/Project_1_PID_ROS1/devel/lib/python3/dist-packages/carla_ackermann_control/cfg/__init__.py
Unlinking: /home/zq/C-programe-practise/Driveless_PNC/Lecture_Files/Project1 PID ROS1/Project_1_PID_ROS1/devel/lib/python3/dist-packages/carla_ackermann_control/cfg/EgoVehicleControlParameterConfig.py
Unlinking: /home/zq/C-programe-practise/Driveless_PNC/Lecture_Files/Project1 PID ROS1/Project_1_PID_ROS1/devel/include/carla_ackermann_control/EgoVehicleControlParameterConfig.h
Unlinking: /home/zq/C-programe-practise/Driveless_PNC/Lecture_Files/Project1 PID ROS1/Project_1_PID_ROS1/devel/share/carla_ackermann_control/docs/EgoVehicleControlParameterConfig-usage.dox
Unlinking: /home/zq/C-programe-practise/Driveless_PNC/Lecture_Files/Project1 PID ROS1/Project_1_PID_ROS1/devel/share/carla_ackermann_control/docs/EgoVehicleControlParameterConfig.wikidoc
Unlinking: /home/zq/C-programe-practise/Driveless_PNC/Lecture_Files/Project1 PID ROS1/Project_1_PID_ROS1/devel/share/carla_ackermann_control/docs/EgoVehicleControlParameterConfig.dox
Unlinking: /home/zq/C-programe-practise/Driveless_PNC/Lecture_Files/Project1 PID ROS1/Project_1_PID_ROS1/devel/share/carla_ackermann_control/cmake/carla_ackermann_controlConfig-version.cmake
Unlinking: /home/zq/C-programe-practise/Driveless_PNC/Lecture_Files/Project1 PID ROS1/Project_1_PID_ROS1/devel/share/carla_ackermann_control/cmake/carla_ackermann_controlConfig.cmake
